<?xml version="1.0" encoding="UTF-8"?>
<testsuite xmlns:xsi="http://www.w3.org/2001/XMLSchema-instance" xsi:noNamespaceSchemaLocation="https://maven.apache.org/surefire/maven-failsafe-plugin/xsd/failsafe-test-report-3.0.xsd" version="3.0" name="starter.CucumberTestSuite" time="21.595" tests="24" errors="0" skipped="0" failures="5">
  <properties>
    <property name="java.specification.version" value="18"/>
    <property name="sun.cpu.isalist" value="amd64"/>
    <property name="sun.jnu.encoding" value="Cp1252"/>
    <property name="java.class.path" value="C:\Users\Dimas Rizqi Suryana\Mini_Project2\target\test-classes;C:\Users\Dimas Rizqi Suryana\.m2\repository\net\serenity-bdd\serenity-rest-assured\3.6.22\serenity-rest-assured-3.6.22.jar;C:\Users\Dimas Rizqi Suryana\.m2\repository\org\apache\httpcomponents\httpclient\4.5.13\httpclient-4.5.13.jar;C:\Users\Dimas Rizqi Suryana\.m2\repository\org\apache\httpcomponents\httpcore\4.4.13\httpcore-4.4.13.jar;C:\Users\Dimas Rizqi Suryana\.m2\repository\commons-logging\commons-logging\1.2\commons-logging-1.2.jar;C:\Users\Dimas Rizqi Suryana\.m2\repository\io\rest-assured\rest-assured\5.3.0\rest-assured-5.3.0.jar;C:\Users\Dimas Rizqi Suryana\.m2\repository\org\apache\httpcomponents\httpmime\4.5.13\httpmime-4.5.13.jar;C:\Users\Dimas Rizqi Suryana\.m2\repository\org\ccil\cowan\tagsoup\tagsoup\1.2.1\tagsoup-1.2.1.jar;C:\Users\Dimas Rizqi Suryana\.m2\repository\io\rest-assured\json-path\5.3.0\json-path-5.3.0.jar;C:\Users\Dimas Rizqi Suryana\.m2\repository\io\rest-assured\rest-assured-common\5.3.0\rest-assured-common-5.3.0.jar;C:\Users\Dimas Rizqi Suryana\.m2\repository\io\rest-assured\xml-path\5.3.0\xml-path-5.3.0.jar;C:\Users\Dimas Rizqi Suryana\.m2\repository\org\apache\groovy\groovy-json\4.0.10\groovy-json-4.0.10.jar;C:\Users\Dimas Rizqi Suryana\.m2\repository\org\apache\groovy\groovy-xml\4.0.10\groovy-xml-4.0.10.jar;C:\Users\Dimas Rizqi Suryana\.m2\repository\org\apache\groovy\groovy\4.0.10\groovy-4.0.10.jar;C:\Users\Dimas Rizqi Suryana\.m2\repository\org\opentest4j\opentest4j\1.2.0\opentest4j-1.2.0.jar;C:\Users\Dimas Rizqi Suryana\.m2\repository\net\serenity-bdd\serenity-core\3.6.21\serenity-core-3.6.21.jar;C:\Users\Dimas Rizqi Suryana\.m2\repository\net\serenity-bdd\serenity-model\3.6.21\serenity-model-3.6.21.jar;C:\Users\Dimas Rizqi Suryana\.m2\repository\org\apache\commons\commons-text\1.10.0\commons-text-1.10.0.jar;C:\Users\Dimas Rizqi Suryana\.m2\repository\commons-net\commons-net\3.9.0\commons-net-3.9.0.jar;C:\Users\Dimas Rizqi Suryana\.m2\repository\com\google\guava\guava\31.1-jre\guava-31.1-jre.jar;C:\Users\Dimas Rizqi Suryana\.m2\repository\com\google\guava\failureaccess\1.0.1\failureaccess-1.0.1.jar;C:\Users\Dimas Rizqi Suryana\.m2\repository\com\google\guava\listenablefuture\9999.0-empty-to-avoid-conflict-with-guava\listenablefuture-9999.0-empty-to-avoid-conflict-with-guava.jar;C:\Users\Dimas Rizqi Suryana\.m2\repository\com\google\code\findbugs\jsr305\3.0.2\jsr305-3.0.2.jar;C:\Users\Dimas Rizqi Suryana\.m2\repository\org\checkerframework\checker-qual\3.12.0\checker-qual-3.12.0.jar;C:\Users\Dimas Rizqi Suryana\.m2\repository\com\google\errorprone\error_prone_annotations\2.11.0\error_prone_annotations-2.11.0.jar;C:\Users\Dimas Rizqi Suryana\.m2\repository\com\google\j2objc\j2objc-annotations\1.3\j2objc-annotations-1.3.jar;C:\Users\Dimas Rizqi Suryana\.m2\repository\com\google\inject\guice\5.1.0\guice-5.1.0.jar;C:\Users\Dimas Rizqi Suryana\.m2\repository\javax\inject\javax.inject\1\javax.inject-1.jar;C:\Users\Dimas Rizqi Suryana\.m2\repository\aopalliance\aopalliance\1.0\aopalliance-1.0.jar;C:\Users\Dimas Rizqi Suryana\.m2\repository\org\jsoup\jsoup\1.14.3\jsoup-1.14.3.jar;C:\Users\Dimas Rizqi Suryana\.m2\repository\com\thoughtworks\xstream\xstream\1.4.20\xstream-1.4.20.jar;C:\Users\Dimas Rizqi Suryana\.m2\repository\io\github\x-stream\mxparser\1.2.2\mxparser-1.2.2.jar;C:\Users\Dimas Rizqi Suryana\.m2\repository\xmlpull\xmlpull\1.1.3.1\xmlpull-1.1.3.1.jar;C:\Users\Dimas Rizqi Suryana\.m2\repository\com\typesafe\config\1.4.2\config-1.4.2.jar;C:\Users\Dimas Rizqi Suryana\.m2\repository\org\imgscalr\imgscalr-lib\4.2\imgscalr-lib-4.2.jar;C:\Users\Dimas Rizqi Suryana\.m2\repository\org\awaitility\awaitility\4.2.0\awaitility-4.2.0.jar;C:\Users\Dimas Rizqi Suryana\.m2\repository\org\freemarker\freemarker\2.3.31\freemarker-2.3.31.jar;C:\Users\Dimas Rizqi Suryana\.m2\repository\io\github\classgraph\classgraph\4.8.138\classgraph-4.8.138.jar;C:\Users\Dimas Rizqi Suryana\.m2\repository\net\sourceforge\jexcelapi\jxl\2.6.12\jxl-2.6.12.jar;C:\Users\Dimas Rizqi Suryana\.m2\repository\net\bytebuddy\byte-buddy-agent\1.14.2\byte-buddy-agent-1.14.2.jar;C:\Users\Dimas Rizqi Suryana\.m2\repository\org\objenesis\objenesis\3.3\objenesis-3.3.jar;C:\Users\Dimas Rizqi Suryana\.m2\repository\net\serenity-bdd\serenity-reports\3.6.21\serenity-reports-3.6.21.jar;C:\Users\Dimas Rizqi Suryana\.m2\repository\net\serenity-bdd\serenity-stats\3.6.21\serenity-stats-3.6.21.jar;C:\Users\Dimas Rizqi Suryana\.m2\repository\net\serenity-bdd\serenity-reports-configuration\3.6.21\serenity-reports-configuration-3.6.21.jar;C:\Users\Dimas Rizqi Suryana\.m2\repository\com\vladsch\flexmark\flexmark-all\0.62.2\flexmark-all-0.62.2.jar;C:\Users\Dimas Rizqi Suryana\.m2\repository\com\vladsch\flexmark\flexmark\0.62.2\flexmark-0.62.2.jar;C:\Users\Dimas Rizqi Suryana\.m2\repository\com\vladsch\flexmark\flexmark-ext-abbreviation\0.62.2\flexmark-ext-abbreviation-0.62.2.jar;C:\Users\Dimas Rizqi Suryana\.m2\repository\com\vladsch\flexmark\flexmark-util\0.62.2\flexmark-util-0.62.2.jar;C:\Users\Dimas Rizqi Suryana\.m2\repository\com\vladsch\flexmark\flexmark-ext-admonition\0.62.2\flexmark-ext-admonition-0.62.2.jar;C:\Users\Dimas Rizqi Suryana\.m2\repository\com\vladsch\flexmark\flexmark-ext-anchorlink\0.62.2\flexmark-ext-anchorlink-0.62.2.jar;C:\Users\Dimas Rizqi Suryana\.m2\repository\com\vladsch\flexmark\flexmark-ext-aside\0.62.2\flexmark-ext-aside-0.62.2.jar;C:\Users\Dimas Rizqi Suryana\.m2\repository\com\vladsch\flexmark\flexmark-ext-attributes\0.62.2\flexmark-ext-attributes-0.62.2.jar;C:\Users\Dimas Rizqi Suryana\.m2\repository\com\vladsch\flexmark\flexmark-ext-autolink\0.62.2\flexmark-ext-autolink-0.62.2.jar;C:\Users\Dimas Rizqi Suryana\.m2\repository\org\nibor\autolink\autolink\0.6.0\autolink-0.6.0.jar;C:\Users\Dimas Rizqi Suryana\.m2\repository\com\vladsch\flexmark\flexmark-ext-definition\0.62.2\flexmark-ext-definition-0.62.2.jar;C:\Users\Dimas Rizqi Suryana\.m2\repository\com\vladsch\flexmark\flexmark-ext-emoji\0.62.2\flexmark-ext-emoji-0.62.2.jar;C:\Users\Dimas Rizqi Suryana\.m2\repository\com\vladsch\flexmark\flexmark-ext-enumerated-reference\0.62.2\flexmark-ext-enumerated-reference-0.62.2.jar;C:\Users\Dimas Rizqi Suryana\.m2\repository\com\vladsch\flexmark\flexmark-ext-escaped-character\0.62.2\flexmark-ext-escaped-character-0.62.2.jar;C:\Users\Dimas Rizqi Suryana\.m2\repository\com\vladsch\flexmark\flexmark-ext-footnotes\0.62.2\flexmark-ext-footnotes-0.62.2.jar;C:\Users\Dimas Rizqi Suryana\.m2\repository\com\vladsch\flexmark\flexmark-ext-gfm-issues\0.62.2\flexmark-ext-gfm-issues-0.62.2.jar;C:\Users\Dimas Rizqi Suryana\.m2\repository\com\vladsch\flexmark\flexmark-ext-gfm-strikethrough\0.62.2\flexmark-ext-gfm-strikethrough-0.62.2.jar;C:\Users\Dimas Rizqi Suryana\.m2\repository\com\vladsch\flexmark\flexmark-ext-gfm-tasklist\0.62.2\flexmark-ext-gfm-tasklist-0.62.2.jar;C:\Users\Dimas Rizqi Suryana\.m2\repository\com\vladsch\flexmark\flexmark-ext-gfm-users\0.62.2\flexmark-ext-gfm-users-0.62.2.jar;C:\Users\Dimas Rizqi Suryana\.m2\repository\com\vladsch\flexmark\flexmark-ext-gitlab\0.62.2\flexmark-ext-gitlab-0.62.2.jar;C:\Users\Dimas Rizqi Suryana\.m2\repository\com\vladsch\flexmark\flexmark-ext-jekyll-front-matter\0.62.2\flexmark-ext-jekyll-front-matter-0.62.2.jar;C:\Users\Dimas Rizqi Suryana\.m2\repository\com\vladsch\flexmark\flexmark-ext-jekyll-tag\0.62.2\flexmark-ext-jekyll-tag-0.62.2.jar;C:\Users\Dimas Rizqi Suryana\.m2\repository\com\vladsch\flexmark\flexmark-ext-media-tags\0.62.2\flexmark-ext-media-tags-0.62.2.jar;C:\Users\Dimas Rizqi Suryana\.m2\repository\com\vladsch\flexmark\flexmark-ext-macros\0.62.2\flexmark-ext-macros-0.62.2.jar;C:\Users\Dimas Rizqi Suryana\.m2\repository\com\vladsch\flexmark\flexmark-ext-ins\0.62.2\flexmark-ext-ins-0.62.2.jar;C:\Users\Dimas Rizqi Suryana\.m2\repository\com\vladsch\flexmark\flexmark-ext-xwiki-macros\0.62.2\flexmark-ext-xwiki-macros-0.62.2.jar;C:\Users\Dimas Rizqi Suryana\.m2\repository\com\vladsch\flexmark\flexmark-ext-superscript\0.62.2\flexmark-ext-superscript-0.62.2.jar;C:\Users\Dimas Rizqi Suryana\.m2\repository\com\vladsch\flexmark\flexmark-ext-tables\0.62.2\flexmark-ext-tables-0.62.2.jar;C:\Users\Dimas Rizqi Suryana\.m2\repository\com\vladsch\flexmark\flexmark-ext-toc\0.62.2\flexmark-ext-toc-0.62.2.jar;C:\Users\Dimas Rizqi Suryana\.m2\repository\com\vladsch\flexmark\flexmark-ext-typographic\0.62.2\flexmark-ext-typographic-0.62.2.jar;C:\Users\Dimas Rizqi Suryana\.m2\repository\com\vladsch\flexmark\flexmark-ext-wikilink\0.62.2\flexmark-ext-wikilink-0.62.2.jar;C:\Users\Dimas Rizqi Suryana\.m2\repository\com\vladsch\flexmark\flexmark-ext-yaml-front-matter\0.62.2\flexmark-ext-yaml-front-matter-0.62.2.jar;C:\Users\Dimas Rizqi Suryana\.m2\repository\com\vladsch\flexmark\flexmark-ext-youtube-embedded\0.62.2\flexmark-ext-youtube-embedded-0.62.2.jar;C:\Users\Dimas Rizqi Suryana\.m2\repository\com\vladsch\flexmark\flexmark-html2md-converter\0.62.2\flexmark-html2md-converter-0.62.2.jar;C:\Users\Dimas Rizqi Suryana\.m2\repository\com\vladsch\flexmark\flexmark-jira-converter\0.62.2\flexmark-jira-converter-0.62.2.jar;C:\Users\Dimas Rizqi Suryana\.m2\repository\com\vladsch\flexmark\flexmark-pdf-converter\0.62.2\flexmark-pdf-converter-0.62.2.jar;C:\Users\Dimas Rizqi Suryana\.m2\repository\com\openhtmltopdf\openhtmltopdf-core\1.0.0\openhtmltopdf-core-1.0.0.jar;C:\Users\Dimas Rizqi Suryana\.m2\repository\com\openhtmltopdf\openhtmltopdf-pdfbox\1.0.0\openhtmltopdf-pdfbox-1.0.0.jar;C:\Users\Dimas Rizqi Suryana\.m2\repository\org\apache\pdfbox\pdfbox\2.0.16\pdfbox-2.0.16.jar;C:\Users\Dimas Rizqi Suryana\.m2\repository\org\apache\pdfbox\fontbox\2.0.16\fontbox-2.0.16.jar;C:\Users\Dimas Rizqi Suryana\.m2\repository\org\apache\pdfbox\xmpbox\2.0.16\xmpbox-2.0.16.jar;C:\Users\Dimas Rizqi Suryana\.m2\repository\de\rototor\pdfbox\graphics2d\0.24\graphics2d-0.24.jar;C:\Users\Dimas Rizqi Suryana\.m2\repository\com\openhtmltopdf\openhtmltopdf-rtl-support\1.0.0\openhtmltopdf-rtl-support-1.0.0.jar;C:\Users\Dimas Rizqi Suryana\.m2\repository\com\openhtmltopdf\openhtmltopdf-jsoup-dom-converter\1.0.0\openhtmltopdf-jsoup-dom-converter-1.0.0.jar;C:\Users\Dimas Rizqi Suryana\.m2\repository\com\vladsch\flexmark\flexmark-profile-pegdown\0.62.2\flexmark-profile-pegdown-0.62.2.jar;C:\Users\Dimas Rizqi Suryana\.m2\repository\com\vladsch\flexmark\flexmark-util-ast\0.62.2\flexmark-util-ast-0.62.2.jar;C:\Users\Dimas Rizqi Suryana\.m2\repository\com\vladsch\flexmark\flexmark-util-builder\0.62.2\flexmark-util-builder-0.62.2.jar;C:\Users\Dimas Rizqi Suryana\.m2\repository\com\vladsch\flexmark\flexmark-util-collection\0.62.2\flexmark-util-collection-0.62.2.jar;C:\Users\Dimas Rizqi Suryana\.m2\repository\com\vladsch\flexmark\flexmark-util-data\0.62.2\flexmark-util-data-0.62.2.jar;C:\Users\Dimas Rizqi Suryana\.m2\repository\com\vladsch\flexmark\flexmark-util-dependency\0.62.2\flexmark-util-dependency-0.62.2.jar;C:\Users\Dimas Rizqi Suryana\.m2\repository\com\vladsch\flexmark\flexmark-util-format\0.62.2\flexmark-util-format-0.62.2.jar;C:\Users\Dimas Rizqi Suryana\.m2\repository\com\vladsch\flexmark\flexmark-util-html\0.62.2\flexmark-util-html-0.62.2.jar;C:\Users\Dimas Rizqi Suryana\.m2\repository\com\vladsch\flexmark\flexmark-util-misc\0.62.2\flexmark-util-misc-0.62.2.jar;C:\Users\Dimas Rizqi Suryana\.m2\repository\com\vladsch\flexmark\flexmark-util-options\0.62.2\flexmark-util-options-0.62.2.jar;C:\Users\Dimas Rizqi Suryana\.m2\repository\com\vladsch\flexmark\flexmark-util-sequence\0.62.2\flexmark-util-sequence-0.62.2.jar;C:\Users\Dimas Rizqi Suryana\.m2\repository\com\vladsch\flexmark\flexmark-util-visitor\0.62.2\flexmark-util-visitor-0.62.2.jar;C:\Users\Dimas Rizqi Suryana\.m2\repository\com\vladsch\flexmark\flexmark-youtrack-converter\0.62.2\flexmark-youtrack-converter-0.62.2.jar;C:\Users\Dimas Rizqi Suryana\.m2\repository\com\ibm\icu\icu4j\72.1\icu4j-72.1.jar;C:\Users\Dimas Rizqi Suryana\.m2\repository\es\nitaur\markdown\txtmark\0.16\txtmark-0.16.jar;C:\Users\Dimas Rizqi Suryana\.m2\repository\net\serenity-bdd\serenity-report-resources\3.6.21\serenity-report-resources-3.6.21.jar;C:\Users\Dimas Rizqi Suryana\.m2\repository\com\google\code\gson\gson\2.10.1\gson-2.10.1.jar;C:\Users\Dimas Rizqi Suryana\.m2\repository\com\fasterxml\jackson\core\jackson-core\2.15.0-rc1\jackson-core-2.15.0-rc1.jar;C:\Users\Dimas Rizqi Suryana\.m2\repository\com\fasterxml\jackson\core\jackson-databind\2.15.0-rc1\jackson-databind-2.15.0-rc1.jar;C:\Users\Dimas Rizqi Suryana\.m2\repository\com\fasterxml\jackson\core\jackson-annotations\2.15.0-rc1\jackson-annotations-2.15.0-rc1.jar;C:\Users\Dimas Rizqi Suryana\.m2\repository\commons-codec\commons-codec\1.15\commons-codec-1.15.jar;C:\Users\Dimas Rizqi Suryana\.m2\repository\commons-io\commons-io\2.11.0\commons-io-2.11.0.jar;C:\Users\Dimas Rizqi Suryana\.m2\repository\org\seleniumhq\selenium\selenium-java\4.8.1\selenium-java-4.8.1.jar;C:\Users\Dimas Rizqi Suryana\.m2\repository\org\seleniumhq\selenium\selenium-devtools-v108\4.8.1\selenium-devtools-v108-4.8.1.jar;C:\Users\Dimas Rizqi Suryana\.m2\repository\org\seleniumhq\selenium\selenium-devtools-v109\4.8.1\selenium-devtools-v109-4.8.1.jar;C:\Users\Dimas Rizqi Suryana\.m2\repository\org\seleniumhq\selenium\selenium-devtools-v110\4.8.1\selenium-devtools-v110-4.8.1.jar;C:\Users\Dimas Rizqi Suryana\.m2\repository\org\seleniumhq\selenium\selenium-devtools-v85\4.8.1\selenium-devtools-v85-4.8.1.jar;C:\Users\Dimas Rizqi Suryana\.m2\repository\org\seleniumhq\selenium\selenium-remote-driver\4.8.1\selenium-remote-driver-4.8.1.jar;C:\Users\Dimas Rizqi Suryana\.m2\repository\com\beust\jcommander\1.82\jcommander-1.82.jar;C:\Users\Dimas Rizqi Suryana\.m2\repository\io\netty\netty-buffer\4.1.87.Final\netty-buffer-4.1.87.Final.jar;C:\Users\Dimas Rizqi Suryana\.m2\repository\io\netty\netty-codec-http\4.1.87.Final\netty-codec-http-4.1.87.Final.jar;C:\Users\Dimas Rizqi Suryana\.m2\repository\io\netty\netty-codec\4.1.87.Final\netty-codec-4.1.87.Final.jar;C:\Users\Dimas Rizqi Suryana\.m2\repository\io\netty\netty-handler\4.1.87.Final\netty-handler-4.1.87.Final.jar;C:\Users\Dimas Rizqi Suryana\.m2\repository\io\netty\netty-common\4.1.87.Final\netty-common-4.1.87.Final.jar;C:\Users\Dimas Rizqi Suryana\.m2\repository\io\netty\netty-transport-classes-epoll\4.1.87.Final\netty-transport-classes-epoll-4.1.87.Final.jar;C:\Users\Dimas Rizqi Suryana\.m2\repository\io\netty\netty-transport-classes-kqueue\4.1.87.Final\netty-transport-classes-kqueue-4.1.87.Final.jar;C:\Users\Dimas Rizqi Suryana\.m2\repository\io\netty\netty-transport-native-epoll\4.1.87.Final\netty-transport-native-epoll-4.1.87.Final.jar;C:\Users\Dimas Rizqi Suryana\.m2\repository\io\netty\netty-transport-native-kqueue\4.1.87.Final\netty-transport-native-kqueue-4.1.87.Final.jar;C:\Users\Dimas Rizqi Suryana\.m2\repository\io\netty\netty-transport-native-unix-common\4.1.87.Final\netty-transport-native-unix-common-4.1.87.Final.jar;C:\Users\Dimas Rizqi Suryana\.m2\repository\io\netty\netty-transport\4.1.87.Final\netty-transport-4.1.87.Final.jar;C:\Users\Dimas Rizqi Suryana\.m2\repository\io\netty\netty-resolver\4.1.87.Final\netty-resolver-4.1.87.Final.jar;C:\Users\Dimas Rizqi Suryana\.m2\repository\io\opentelemetry\opentelemetry-api\1.22.0\opentelemetry-api-1.22.0.jar;C:\Users\Dimas Rizqi Suryana\.m2\repository\io\opentelemetry\opentelemetry-context\1.22.0\opentelemetry-context-1.22.0.jar;C:\Users\Dimas Rizqi Suryana\.m2\repository\io\opentelemetry\opentelemetry-exporter-logging\1.22.0\opentelemetry-exporter-logging-1.22.0.jar;C:\Users\Dimas Rizqi Suryana\.m2\repository\io\opentelemetry\opentelemetry-sdk-metrics\1.22.0\opentelemetry-sdk-metrics-1.22.0.jar;C:\Users\Dimas Rizqi Suryana\.m2\repository\io\opentelemetry\opentelemetry-sdk-logs\1.22.0-alpha\opentelemetry-sdk-logs-1.22.0-alpha.jar;C:\Users\Dimas Rizqi Suryana\.m2\repository\io\opentelemetry\opentelemetry-api-logs\1.22.0-alpha\opentelemetry-api-logs-1.22.0-alpha.jar;C:\Users\Dimas Rizqi Suryana\.m2\repository\io\opentelemetry\opentelemetry-sdk-common\1.22.0\opentelemetry-sdk-common-1.22.0.jar;C:\Users\Dimas Rizqi Suryana\.m2\repository\io\opentelemetry\opentelemetry-sdk-extension-autoconfigure-spi\1.22.0\opentelemetry-sdk-extension-autoconfigure-spi-1.22.0.jar;C:\Users\Dimas Rizqi Suryana\.m2\repository\io\opentelemetry\opentelemetry-sdk-extension-autoconfigure\1.22.0-alpha\opentelemetry-sdk-extension-autoconfigure-1.22.0-alpha.jar;C:\Users\Dimas Rizqi Suryana\.m2\repository\io\opentelemetry\opentelemetry-sdk-trace\1.22.0\opentelemetry-sdk-trace-1.22.0.jar;C:\Users\Dimas Rizqi Suryana\.m2\repository\io\opentelemetry\opentelemetry-sdk\1.22.0\opentelemetry-sdk-1.22.0.jar;C:\Users\Dimas Rizqi Suryana\.m2\repository\io\opentelemetry\opentelemetry-semconv\1.22.0-alpha\opentelemetry-semconv-1.22.0-alpha.jar;C:\Users\Dimas Rizqi Suryana\.m2\repository\io\ous\jtoml\2.0.0\jtoml-2.0.0.jar;C:\Users\Dimas Rizqi Suryana\.m2\repository\org\apache\commons\commons-exec\1.3\commons-exec-1.3.jar;C:\Users\Dimas Rizqi Suryana\.m2\repository\org\asynchttpclient\async-http-client\2.12.3\async-http-client-2.12.3.jar;C:\Users\Dimas Rizqi Suryana\.m2\repository\org\asynchttpclient\async-http-client-netty-utils\2.12.3\async-http-client-netty-utils-2.12.3.jar;C:\Users\Dimas Rizqi Suryana\.m2\repository\io\netty\netty-codec-socks\4.1.60.Final\netty-codec-socks-4.1.60.Final.jar;C:\Users\Dimas Rizqi Suryana\.m2\repository\io\netty\netty-handler-proxy\4.1.60.Final\netty-handler-proxy-4.1.60.Final.jar;C:\Users\Dimas Rizqi Suryana\.m2\repository\io\netty\netty-transport-native-epoll\4.1.60.Final\netty-transport-native-epoll-4.1.60.Final-linux-x86_64.jar;C:\Users\Dimas Rizqi Suryana\.m2\repository\io\netty\netty-transport-native-kqueue\4.1.60.Final\netty-transport-native-kqueue-4.1.60.Final-osx-x86_64.jar;C:\Users\Dimas Rizqi Suryana\.m2\repository\org\reactivestreams\reactive-streams\1.0.3\reactive-streams-1.0.3.jar;C:\Users\Dimas Rizqi Suryana\.m2\repository\com\typesafe\netty\netty-reactive-streams\2.0.4\netty-reactive-streams-2.0.4.jar;C:\Users\Dimas Rizqi Suryana\.m2\repository\org\seleniumhq\selenium\selenium-manager\4.8.1\selenium-manager-4.8.1.jar;C:\Users\Dimas Rizqi Suryana\.m2\repository\org\seleniumhq\selenium\selenium-safari-driver\4.8.1\selenium-safari-driver-4.8.1.jar;C:\Users\Dimas Rizqi Suryana\.m2\repository\org\seleniumhq\selenium\selenium-api\4.8.1\selenium-api-4.8.1.jar;C:\Users\Dimas Rizqi Suryana\.m2\repository\org\seleniumhq\selenium\selenium-support\4.8.1\selenium-support-4.8.1.jar;C:\Users\Dimas Rizqi Suryana\.m2\repository\com\google\auto\service\auto-service-annotations\1.0.1\auto-service-annotations-1.0.1.jar;C:\Users\Dimas Rizqi Suryana\.m2\repository\com\google\auto\service\auto-service\1.0.1\auto-service-1.0.1.jar;C:\Users\Dimas Rizqi Suryana\.m2\repository\com\google\auto\auto-common\1.2\auto-common-1.2.jar;C:\Users\Dimas Rizqi Suryana\.m2\repository\org\seleniumhq\selenium\selenium-json\4.8.1\selenium-json-4.8.1.jar;C:\Users\Dimas Rizqi Suryana\.m2\repository\org\seleniumhq\selenium\selenium-chrome-driver\4.8.1\selenium-chrome-driver-4.8.1.jar;C:\Users\Dimas Rizqi Suryana\.m2\repository\org\seleniumhq\selenium\selenium-chromium-driver\4.8.1\selenium-chromium-driver-4.8.1.jar;C:\Users\Dimas Rizqi Suryana\.m2\repository\org\seleniumhq\selenium\selenium-firefox-driver\4.8.1\selenium-firefox-driver-4.8.1.jar;C:\Users\Dimas Rizqi Suryana\.m2\repository\org\seleniumhq\selenium\selenium-http\4.8.1\selenium-http-4.8.1.jar;C:\Users\Dimas Rizqi Suryana\.m2\repository\dev\failsafe\failsafe\3.3.0\failsafe-3.3.0.jar;C:\Users\Dimas Rizqi Suryana\.m2\repository\org\seleniumhq\selenium\selenium-edge-driver\4.8.1\selenium-edge-driver-4.8.1.jar;C:\Users\Dimas Rizqi Suryana\.m2\repository\org\seleniumhq\selenium\selenium-ie-driver\4.8.1\selenium-ie-driver-4.8.1.jar;C:\Users\Dimas Rizqi Suryana\.m2\repository\org\projectlombok\lombok\1.18.20\lombok-1.18.20.jar;C:\Users\Dimas Rizqi Suryana\.m2\repository\io\appium\java-client\8.3.0\java-client-8.3.0.jar;C:\Users\Dimas Rizqi Suryana\.m2\repository\commons-validator\commons-validator\1.7\commons-validator-1.7.jar;C:\Users\Dimas Rizqi Suryana\.m2\repository\commons-digester\commons-digester\2.1\commons-digester-2.1.jar;C:\Users\Dimas Rizqi Suryana\.m2\repository\net\sf\opencsv\opencsv\2.0\opencsv-2.0.jar;C:\Users\Dimas Rizqi Suryana\.m2\repository\commons-beanutils\commons-beanutils\1.9.4\commons-beanutils-1.9.4.jar;C:\Users\Dimas Rizqi Suryana\.m2\repository\org\apache\commons\commons-lang3\3.12.0\commons-lang3-3.12.0.jar;C:\Users\Dimas Rizqi Suryana\.m2\repository\commons-collections\commons-collections\3.2.2\commons-collections-3.2.2.jar;C:\Users\Dimas Rizqi Suryana\.m2\repository\org\fluentlenium\fluentlenium-core\0.10.2\fluentlenium-core-0.10.2.jar;C:\Users\Dimas Rizqi Suryana\.m2\repository\io\github\bonigarcia\webdrivermanager\5.3.0\webdrivermanager-5.3.0.jar;C:\Users\Dimas Rizqi Suryana\.m2\repository\com\github\docker-java\docker-java\3.2.13\docker-java-3.2.13.jar;C:\Users\Dimas Rizqi Suryana\.m2\repository\com\github\docker-java\docker-java-core\3.2.13\docker-java-core-3.2.13.jar;C:\Users\Dimas Rizqi Suryana\.m2\repository\com\github\docker-java\docker-java-api\3.2.13\docker-java-api-3.2.13.jar;C:\Users\Dimas Rizqi Suryana\.m2\repository\org\apache\commons\commons-compress\1.21\commons-compress-1.21.jar;C:\Users\Dimas Rizqi Suryana\.m2\repository\org\bouncycastle\bcpkix-jdk15on\1.64\bcpkix-jdk15on-1.64.jar;C:\Users\Dimas Rizqi Suryana\.m2\repository\org\bouncycastle\bcprov-jdk15on\1.64\bcprov-jdk15on-1.64.jar;C:\Users\Dimas Rizqi Suryana\.m2\repository\org\slf4j\jcl-over-slf4j\1.7.30\jcl-over-slf4j-1.7.30.jar;C:\Users\Dimas Rizqi Suryana\.m2\repository\com\github\docker-java\docker-java-transport-httpclient5\3.2.13\docker-java-transport-httpclient5-3.2.13.jar;C:\Users\Dimas Rizqi Suryana\.m2\repository\com\github\docker-java\docker-java-transport\3.2.13\docker-java-transport-3.2.13.jar;C:\Users\Dimas Rizqi Suryana\.m2\repository\net\java\dev\jna\jna\5.8.0\jna-5.8.0.jar;C:\Users\Dimas Rizqi Suryana\.m2\repository\org\brotli\dec\0.1.2\dec-0.1.2.jar;C:\Users\Dimas Rizqi Suryana\.m2\repository\org\apache\httpcomponents\client5\httpclient5\5.1.3\httpclient5-5.1.3.jar;C:\Users\Dimas Rizqi Suryana\.m2\repository\org\apache\httpcomponents\core5\httpcore5\5.1.3\httpcore5-5.1.3.jar;C:\Users\Dimas Rizqi Suryana\.m2\repository\org\apache\httpcomponents\core5\httpcore5-h2\5.1.3\httpcore5-h2-5.1.3.jar;C:\Users\Dimas Rizqi Suryana\.m2\repository\com\jhlabs\filters\2.0.235\filters-2.0.235.jar;C:\Users\Dimas Rizqi Suryana\.m2\repository\com\paulhammant\ngwebdriver\1.1.6\ngwebdriver-1.1.6.jar;C:\Users\Dimas Rizqi Suryana\.m2\repository\joda-time\joda-time\2.12.2\joda-time-2.12.2.jar;C:\Users\Dimas Rizqi Suryana\.m2\repository\org\hamcrest\hamcrest\2.2\hamcrest-2.2.jar;C:\Users\Dimas Rizqi Suryana\.m2\repository\com\google\jimfs\jimfs\1.2\jimfs-1.2.jar;C:\Users\Dimas Rizqi Suryana\.m2\repository\org\mockito\mockito-core\3.3.3\mockito-core-3.3.3.jar;C:\Users\Dimas Rizqi Suryana\.m2\repository\javax\xml\bind\jaxb-api\2.3.1\jaxb-api-2.3.1.jar;C:\Users\Dimas Rizqi Suryana\.m2\repository\javax\activation\javax.activation-api\1.2.0\javax.activation-api-1.2.0.jar;C:\Users\Dimas Rizqi Suryana\.m2\repository\com\sun\xml\bind\jaxb-core\2.3.0.1\jaxb-core-2.3.0.1.jar;C:\Users\Dimas Rizqi Suryana\.m2\repository\com\sun\xml\bind\jaxb-impl\2.3.3\jaxb-impl-2.3.3.jar;C:\Users\Dimas Rizqi Suryana\.m2\repository\jakarta\xml\bind\jakarta.xml.bind-api\2.3.3\jakarta.xml.bind-api-2.3.3.jar;C:\Users\Dimas Rizqi Suryana\.m2\repository\com\sun\activation\jakarta.activation\1.2.2\jakarta.activation-1.2.2.jar;C:\Users\Dimas Rizqi Suryana\.m2\repository\javax\activation\activation\1.1.1\activation-1.1.1.jar;C:\Users\Dimas Rizqi Suryana\.m2\repository\net\serenity-bdd\serenity-cucumber\3.6.21\serenity-cucumber-3.6.21.jar;C:\Users\Dimas Rizqi Suryana\.m2\repository\io\cucumber\cucumber-core\7.11.0\cucumber-core-7.11.0.jar;C:\Users\Dimas Rizqi Suryana\.m2\repository\io\cucumber\cucumber-gherkin\7.11.0\cucumber-gherkin-7.11.0.jar;C:\Users\Dimas Rizqi Suryana\.m2\repository\io\cucumber\cucumber-gherkin-messages\7.11.0\cucumber-gherkin-messages-7.11.0.jar;C:\Users\Dimas Rizqi Suryana\.m2\repository\io\cucumber\gherkin\26.0.3\gherkin-26.0.3.jar;C:\Users\Dimas Rizqi Suryana\.m2\repository\io\cucumber\messages\21.0.1\messages-21.0.1.jar;C:\Users\Dimas Rizqi Suryana\.m2\repository\io\cucumber\tag-expressions\5.0.1\tag-expressions-5.0.1.jar;C:\Users\Dimas Rizqi Suryana\.m2\repository\io\cucumber\cucumber-expressions\16.1.1\cucumber-expressions-16.1.1.jar;C:\Users\Dimas Rizqi Suryana\.m2\repository\io\cucumber\datatable\7.11.0\datatable-7.11.0.jar;C:\Users\Dimas Rizqi Suryana\.m2\repository\io\cucumber\cucumber-plugin\7.11.0\cucumber-plugin-7.11.0.jar;C:\Users\Dimas Rizqi Suryana\.m2\repository\io\cucumber\docstring\7.11.0\docstring-7.11.0.jar;C:\Users\Dimas Rizqi Suryana\.m2\repository\io\cucumber\html-formatter\20.2.1\html-formatter-20.2.1.jar;C:\Users\Dimas Rizqi Suryana\.m2\repository\io\cucumber\junit-xml-formatter\0.1.0\junit-xml-formatter-0.1.0.jar;C:\Users\Dimas Rizqi Suryana\.m2\repository\io\cucumber\ci-environment\9.1.0\ci-environment-9.1.0.jar;C:\Users\Dimas Rizqi Suryana\.m2\repository\io\cucumber\cucumber-java\7.11.0\cucumber-java-7.11.0.jar;C:\Users\Dimas Rizqi Suryana\.m2\repository\io\cucumber\cucumber-junit\7.11.0\cucumber-junit-7.11.0.jar;C:\Users\Dimas Rizqi Suryana\.m2\repository\org\apache\commons\commons-csv\1.5\commons-csv-1.5.jar;C:\Users\Dimas Rizqi Suryana\.m2\repository\net\serenity-bdd\serenity-screenplay\3.6.21\serenity-screenplay-3.6.21.jar;C:\Users\Dimas Rizqi Suryana\.m2\repository\net\serenity-bdd\serenity-screenplay-webdriver\3.6.21\serenity-screenplay-webdriver-3.6.21.jar;C:\Users\Dimas Rizqi Suryana\.m2\repository\net\serenity-bdd\serenity-ensure\3.6.21\serenity-ensure-3.6.21.jar;C:\Users\Dimas Rizqi Suryana\.m2\repository\net\serenity-bdd\serenity-junit\3.6.21\serenity-junit-3.6.21.jar;C:\Users\Dimas Rizqi Suryana\.m2\repository\org\jetbrains\kotlin\kotlin-stdlib\1.8.10\kotlin-stdlib-1.8.10.jar;C:\Users\Dimas Rizqi Suryana\.m2\repository\org\jetbrains\kotlin\kotlin-stdlib-common\1.8.10\kotlin-stdlib-common-1.8.10.jar;C:\Users\Dimas Rizqi Suryana\.m2\repository\org\jetbrains\annotations\13.0\annotations-13.0.jar;C:\Users\Dimas Rizqi Suryana\.m2\repository\org\junit\platform\junit-platform-launcher\1.8.2\junit-platform-launcher-1.8.2.jar;C:\Users\Dimas Rizqi Suryana\.m2\repository\org\junit\platform\junit-platform-engine\1.8.2\junit-platform-engine-1.8.2.jar;C:\Users\Dimas Rizqi Suryana\.m2\repository\org\junit\platform\junit-platform-commons\1.8.2\junit-platform-commons-1.8.2.jar;C:\Users\Dimas Rizqi Suryana\.m2\repository\org\apiguardian\apiguardian-api\1.1.2\apiguardian-api-1.1.2.jar;C:\Users\Dimas Rizqi Suryana\.m2\repository\org\junit\jupiter\junit-jupiter-engine\5.8.2\junit-jupiter-engine-5.8.2.jar;C:\Users\Dimas Rizqi Suryana\.m2\repository\org\junit\jupiter\junit-jupiter-api\5.8.2\junit-jupiter-api-5.8.2.jar;C:\Users\Dimas Rizqi Suryana\.m2\repository\org\junit\vintage\junit-vintage-engine\5.8.2\junit-vintage-engine-5.8.2.jar;C:\Users\Dimas Rizqi Suryana\.m2\repository\junit\junit\4.13.2\junit-4.13.2.jar;C:\Users\Dimas Rizqi Suryana\.m2\repository\org\hamcrest\hamcrest-core\1.3\hamcrest-core-1.3.jar;C:\Users\Dimas Rizqi Suryana\.m2\repository\ch\qos\logback\logback-classic\1.2.10\logback-classic-1.2.10.jar;C:\Users\Dimas Rizqi Suryana\.m2\repository\ch\qos\logback\logback-core\1.2.10\logback-core-1.2.10.jar;C:\Users\Dimas Rizqi Suryana\.m2\repository\org\slf4j\slf4j-api\1.7.32\slf4j-api-1.7.32.jar;C:\Users\Dimas Rizqi Suryana\.m2\repository\org\assertj\assertj-core\3.23.1\assertj-core-3.23.1.jar;C:\Users\Dimas Rizqi Suryana\.m2\repository\net\bytebuddy\byte-buddy\1.12.10\byte-buddy-1.12.10.jar;C:\Users\Dimas Rizqi Suryana\.m2\repository\com\googlecode\json-simple\json-simple\1.1.1\json-simple-1.1.1.jar;"/>
    <property name="java.vm.vendor" value="Oracle Corporation"/>
    <property name="sun.arch.data.model" value="64"/>
    <property name="user.variant" value=""/>
    <property name="java.vendor.url" value="https://java.oracle.com/"/>
    <property name="user.timezone" value="Asia/Jakarta"/>
    <property name="os.name" value="Windows 11"/>
    <property name="java.vm.specification.version" value="18"/>
    <property name="sun.java.launcher" value="SUN_STANDARD"/>
    <property name="user.country" value="ID"/>
    <property name="sun.boot.library.path" value="C:\Program Files\Java\jdk-18.0.2.1\bin"/>
    <property name="sun.java.command" value="org.apache.maven.surefire.booter.ForkedBooter C:\Users\Dimas Rizqi Suryana\AppData\Local\Temp\surefire8296734278222370930 2023-05-31T10-14-42_438-jvmRun1 surefire10232229888566894816tmp surefire_01772004535545366084tmp"/>
    <property name="jdk.debug" value="release"/>
    <property name="surefire.test.class.path" value="C:\Users\Dimas Rizqi Suryana\Mini_Project2\target\test-classes;C:\Users\Dimas Rizqi Suryana\.m2\repository\net\serenity-bdd\serenity-rest-assured\3.6.22\serenity-rest-assured-3.6.22.jar;C:\Users\Dimas Rizqi Suryana\.m2\repository\org\apache\httpcomponents\httpclient\4.5.13\httpclient-4.5.13.jar;C:\Users\Dimas Rizqi Suryana\.m2\repository\org\apache\httpcomponents\httpcore\4.4.13\httpcore-4.4.13.jar;C:\Users\Dimas Rizqi Suryana\.m2\repository\commons-logging\commons-logging\1.2\commons-logging-1.2.jar;C:\Users\Dimas Rizqi Suryana\.m2\repository\io\rest-assured\rest-assured\5.3.0\rest-assured-5.3.0.jar;C:\Users\Dimas Rizqi Suryana\.m2\repository\org\apache\httpcomponents\httpmime\4.5.13\httpmime-4.5.13.jar;C:\Users\Dimas Rizqi Suryana\.m2\repository\org\ccil\cowan\tagsoup\tagsoup\1.2.1\tagsoup-1.2.1.jar;C:\Users\Dimas Rizqi Suryana\.m2\repository\io\rest-assured\json-path\5.3.0\json-path-5.3.0.jar;C:\Users\Dimas Rizqi Suryana\.m2\repository\io\rest-assured\rest-assured-common\5.3.0\rest-assured-common-5.3.0.jar;C:\Users\Dimas Rizqi Suryana\.m2\repository\io\rest-assured\xml-path\5.3.0\xml-path-5.3.0.jar;C:\Users\Dimas Rizqi Suryana\.m2\repository\org\apache\groovy\groovy-json\4.0.10\groovy-json-4.0.10.jar;C:\Users\Dimas Rizqi Suryana\.m2\repository\org\apache\groovy\groovy-xml\4.0.10\groovy-xml-4.0.10.jar;C:\Users\Dimas Rizqi Suryana\.m2\repository\org\apache\groovy\groovy\4.0.10\groovy-4.0.10.jar;C:\Users\Dimas Rizqi Suryana\.m2\repository\org\opentest4j\opentest4j\1.2.0\opentest4j-1.2.0.jar;C:\Users\Dimas Rizqi Suryana\.m2\repository\net\serenity-bdd\serenity-core\3.6.21\serenity-core-3.6.21.jar;C:\Users\Dimas Rizqi Suryana\.m2\repository\net\serenity-bdd\serenity-model\3.6.21\serenity-model-3.6.21.jar;C:\Users\Dimas Rizqi Suryana\.m2\repository\org\apache\commons\commons-text\1.10.0\commons-text-1.10.0.jar;C:\Users\Dimas Rizqi Suryana\.m2\repository\commons-net\commons-net\3.9.0\commons-net-3.9.0.jar;C:\Users\Dimas Rizqi Suryana\.m2\repository\com\google\guava\guava\31.1-jre\guava-31.1-jre.jar;C:\Users\Dimas Rizqi Suryana\.m2\repository\com\google\guava\failureaccess\1.0.1\failureaccess-1.0.1.jar;C:\Users\Dimas Rizqi Suryana\.m2\repository\com\google\guava\listenablefuture\9999.0-empty-to-avoid-conflict-with-guava\listenablefuture-9999.0-empty-to-avoid-conflict-with-guava.jar;C:\Users\Dimas Rizqi Suryana\.m2\repository\com\google\code\findbugs\jsr305\3.0.2\jsr305-3.0.2.jar;C:\Users\Dimas Rizqi Suryana\.m2\repository\org\checkerframework\checker-qual\3.12.0\checker-qual-3.12.0.jar;C:\Users\Dimas Rizqi Suryana\.m2\repository\com\google\errorprone\error_prone_annotations\2.11.0\error_prone_annotations-2.11.0.jar;C:\Users\Dimas Rizqi Suryana\.m2\repository\com\google\j2objc\j2objc-annotations\1.3\j2objc-annotations-1.3.jar;C:\Users\Dimas Rizqi Suryana\.m2\repository\com\google\inject\guice\5.1.0\guice-5.1.0.jar;C:\Users\Dimas Rizqi Suryana\.m2\repository\javax\inject\javax.inject\1\javax.inject-1.jar;C:\Users\Dimas Rizqi Suryana\.m2\repository\aopalliance\aopalliance\1.0\aopalliance-1.0.jar;C:\Users\Dimas Rizqi Suryana\.m2\repository\org\jsoup\jsoup\1.14.3\jsoup-1.14.3.jar;C:\Users\Dimas Rizqi Suryana\.m2\repository\com\thoughtworks\xstream\xstream\1.4.20\xstream-1.4.20.jar;C:\Users\Dimas Rizqi Suryana\.m2\repository\io\github\x-stream\mxparser\1.2.2\mxparser-1.2.2.jar;C:\Users\Dimas Rizqi Suryana\.m2\repository\xmlpull\xmlpull\1.1.3.1\xmlpull-1.1.3.1.jar;C:\Users\Dimas Rizqi Suryana\.m2\repository\com\typesafe\config\1.4.2\config-1.4.2.jar;C:\Users\Dimas Rizqi Suryana\.m2\repository\org\imgscalr\imgscalr-lib\4.2\imgscalr-lib-4.2.jar;C:\Users\Dimas Rizqi Suryana\.m2\repository\org\awaitility\awaitility\4.2.0\awaitility-4.2.0.jar;C:\Users\Dimas Rizqi Suryana\.m2\repository\org\freemarker\freemarker\2.3.31\freemarker-2.3.31.jar;C:\Users\Dimas Rizqi Suryana\.m2\repository\io\github\classgraph\classgraph\4.8.138\classgraph-4.8.138.jar;C:\Users\Dimas Rizqi Suryana\.m2\repository\net\sourceforge\jexcelapi\jxl\2.6.12\jxl-2.6.12.jar;C:\Users\Dimas Rizqi Suryana\.m2\repository\net\bytebuddy\byte-buddy-agent\1.14.2\byte-buddy-agent-1.14.2.jar;C:\Users\Dimas Rizqi Suryana\.m2\repository\org\objenesis\objenesis\3.3\objenesis-3.3.jar;C:\Users\Dimas Rizqi Suryana\.m2\repository\net\serenity-bdd\serenity-reports\3.6.21\serenity-reports-3.6.21.jar;C:\Users\Dimas Rizqi Suryana\.m2\repository\net\serenity-bdd\serenity-stats\3.6.21\serenity-stats-3.6.21.jar;C:\Users\Dimas Rizqi Suryana\.m2\repository\net\serenity-bdd\serenity-reports-configuration\3.6.21\serenity-reports-configuration-3.6.21.jar;C:\Users\Dimas Rizqi Suryana\.m2\repository\com\vladsch\flexmark\flexmark-all\0.62.2\flexmark-all-0.62.2.jar;C:\Users\Dimas Rizqi Suryana\.m2\repository\com\vladsch\flexmark\flexmark\0.62.2\flexmark-0.62.2.jar;C:\Users\Dimas Rizqi Suryana\.m2\repository\com\vladsch\flexmark\flexmark-ext-abbreviation\0.62.2\flexmark-ext-abbreviation-0.62.2.jar;C:\Users\Dimas Rizqi Suryana\.m2\repository\com\vladsch\flexmark\flexmark-util\0.62.2\flexmark-util-0.62.2.jar;C:\Users\Dimas Rizqi Suryana\.m2\repository\com\vladsch\flexmark\flexmark-ext-admonition\0.62.2\flexmark-ext-admonition-0.62.2.jar;C:\Users\Dimas Rizqi Suryana\.m2\repository\com\vladsch\flexmark\flexmark-ext-anchorlink\0.62.2\flexmark-ext-anchorlink-0.62.2.jar;C:\Users\Dimas Rizqi Suryana\.m2\repository\com\vladsch\flexmark\flexmark-ext-aside\0.62.2\flexmark-ext-aside-0.62.2.jar;C:\Users\Dimas Rizqi Suryana\.m2\repository\com\vladsch\flexmark\flexmark-ext-attributes\0.62.2\flexmark-ext-attributes-0.62.2.jar;C:\Users\Dimas Rizqi Suryana\.m2\repository\com\vladsch\flexmark\flexmark-ext-autolink\0.62.2\flexmark-ext-autolink-0.62.2.jar;C:\Users\Dimas Rizqi Suryana\.m2\repository\org\nibor\autolink\autolink\0.6.0\autolink-0.6.0.jar;C:\Users\Dimas Rizqi Suryana\.m2\repository\com\vladsch\flexmark\flexmark-ext-definition\0.62.2\flexmark-ext-definition-0.62.2.jar;C:\Users\Dimas Rizqi Suryana\.m2\repository\com\vladsch\flexmark\flexmark-ext-emoji\0.62.2\flexmark-ext-emoji-0.62.2.jar;C:\Users\Dimas Rizqi Suryana\.m2\repository\com\vladsch\flexmark\flexmark-ext-enumerated-reference\0.62.2\flexmark-ext-enumerated-reference-0.62.2.jar;C:\Users\Dimas Rizqi Suryana\.m2\repository\com\vladsch\flexmark\flexmark-ext-escaped-character\0.62.2\flexmark-ext-escaped-character-0.62.2.jar;C:\Users\Dimas Rizqi Suryana\.m2\repository\com\vladsch\flexmark\flexmark-ext-footnotes\0.62.2\flexmark-ext-footnotes-0.62.2.jar;C:\Users\Dimas Rizqi Suryana\.m2\repository\com\vladsch\flexmark\flexmark-ext-gfm-issues\0.62.2\flexmark-ext-gfm-issues-0.62.2.jar;C:\Users\Dimas Rizqi Suryana\.m2\repository\com\vladsch\flexmark\flexmark-ext-gfm-strikethrough\0.62.2\flexmark-ext-gfm-strikethrough-0.62.2.jar;C:\Users\Dimas Rizqi Suryana\.m2\repository\com\vladsch\flexmark\flexmark-ext-gfm-tasklist\0.62.2\flexmark-ext-gfm-tasklist-0.62.2.jar;C:\Users\Dimas Rizqi Suryana\.m2\repository\com\vladsch\flexmark\flexmark-ext-gfm-users\0.62.2\flexmark-ext-gfm-users-0.62.2.jar;C:\Users\Dimas Rizqi Suryana\.m2\repository\com\vladsch\flexmark\flexmark-ext-gitlab\0.62.2\flexmark-ext-gitlab-0.62.2.jar;C:\Users\Dimas Rizqi Suryana\.m2\repository\com\vladsch\flexmark\flexmark-ext-jekyll-front-matter\0.62.2\flexmark-ext-jekyll-front-matter-0.62.2.jar;C:\Users\Dimas Rizqi Suryana\.m2\repository\com\vladsch\flexmark\flexmark-ext-jekyll-tag\0.62.2\flexmark-ext-jekyll-tag-0.62.2.jar;C:\Users\Dimas Rizqi Suryana\.m2\repository\com\vladsch\flexmark\flexmark-ext-media-tags\0.62.2\flexmark-ext-media-tags-0.62.2.jar;C:\Users\Dimas Rizqi Suryana\.m2\repository\com\vladsch\flexmark\flexmark-ext-macros\0.62.2\flexmark-ext-macros-0.62.2.jar;C:\Users\Dimas Rizqi Suryana\.m2\repository\com\vladsch\flexmark\flexmark-ext-ins\0.62.2\flexmark-ext-ins-0.62.2.jar;C:\Users\Dimas Rizqi Suryana\.m2\repository\com\vladsch\flexmark\flexmark-ext-xwiki-macros\0.62.2\flexmark-ext-xwiki-macros-0.62.2.jar;C:\Users\Dimas Rizqi Suryana\.m2\repository\com\vladsch\flexmark\flexmark-ext-superscript\0.62.2\flexmark-ext-superscript-0.62.2.jar;C:\Users\Dimas Rizqi Suryana\.m2\repository\com\vladsch\flexmark\flexmark-ext-tables\0.62.2\flexmark-ext-tables-0.62.2.jar;C:\Users\Dimas Rizqi Suryana\.m2\repository\com\vladsch\flexmark\flexmark-ext-toc\0.62.2\flexmark-ext-toc-0.62.2.jar;C:\Users\Dimas Rizqi Suryana\.m2\repository\com\vladsch\flexmark\flexmark-ext-typographic\0.62.2\flexmark-ext-typographic-0.62.2.jar;C:\Users\Dimas Rizqi Suryana\.m2\repository\com\vladsch\flexmark\flexmark-ext-wikilink\0.62.2\flexmark-ext-wikilink-0.62.2.jar;C:\Users\Dimas Rizqi Suryana\.m2\repository\com\vladsch\flexmark\flexmark-ext-yaml-front-matter\0.62.2\flexmark-ext-yaml-front-matter-0.62.2.jar;C:\Users\Dimas Rizqi Suryana\.m2\repository\com\vladsch\flexmark\flexmark-ext-youtube-embedded\0.62.2\flexmark-ext-youtube-embedded-0.62.2.jar;C:\Users\Dimas Rizqi Suryana\.m2\repository\com\vladsch\flexmark\flexmark-html2md-converter\0.62.2\flexmark-html2md-converter-0.62.2.jar;C:\Users\Dimas Rizqi Suryana\.m2\repository\com\vladsch\flexmark\flexmark-jira-converter\0.62.2\flexmark-jira-converter-0.62.2.jar;C:\Users\Dimas Rizqi Suryana\.m2\repository\com\vladsch\flexmark\flexmark-pdf-converter\0.62.2\flexmark-pdf-converter-0.62.2.jar;C:\Users\Dimas Rizqi Suryana\.m2\repository\com\openhtmltopdf\openhtmltopdf-core\1.0.0\openhtmltopdf-core-1.0.0.jar;C:\Users\Dimas Rizqi Suryana\.m2\repository\com\openhtmltopdf\openhtmltopdf-pdfbox\1.0.0\openhtmltopdf-pdfbox-1.0.0.jar;C:\Users\Dimas Rizqi Suryana\.m2\repository\org\apache\pdfbox\pdfbox\2.0.16\pdfbox-2.0.16.jar;C:\Users\Dimas Rizqi Suryana\.m2\repository\org\apache\pdfbox\fontbox\2.0.16\fontbox-2.0.16.jar;C:\Users\Dimas Rizqi Suryana\.m2\repository\org\apache\pdfbox\xmpbox\2.0.16\xmpbox-2.0.16.jar;C:\Users\Dimas Rizqi Suryana\.m2\repository\de\rototor\pdfbox\graphics2d\0.24\graphics2d-0.24.jar;C:\Users\Dimas Rizqi Suryana\.m2\repository\com\openhtmltopdf\openhtmltopdf-rtl-support\1.0.0\openhtmltopdf-rtl-support-1.0.0.jar;C:\Users\Dimas Rizqi Suryana\.m2\repository\com\openhtmltopdf\openhtmltopdf-jsoup-dom-converter\1.0.0\openhtmltopdf-jsoup-dom-converter-1.0.0.jar;C:\Users\Dimas Rizqi Suryana\.m2\repository\com\vladsch\flexmark\flexmark-profile-pegdown\0.62.2\flexmark-profile-pegdown-0.62.2.jar;C:\Users\Dimas Rizqi Suryana\.m2\repository\com\vladsch\flexmark\flexmark-util-ast\0.62.2\flexmark-util-ast-0.62.2.jar;C:\Users\Dimas Rizqi Suryana\.m2\repository\com\vladsch\flexmark\flexmark-util-builder\0.62.2\flexmark-util-builder-0.62.2.jar;C:\Users\Dimas Rizqi Suryana\.m2\repository\com\vladsch\flexmark\flexmark-util-collection\0.62.2\flexmark-util-collection-0.62.2.jar;C:\Users\Dimas Rizqi Suryana\.m2\repository\com\vladsch\flexmark\flexmark-util-data\0.62.2\flexmark-util-data-0.62.2.jar;C:\Users\Dimas Rizqi Suryana\.m2\repository\com\vladsch\flexmark\flexmark-util-dependency\0.62.2\flexmark-util-dependency-0.62.2.jar;C:\Users\Dimas Rizqi Suryana\.m2\repository\com\vladsch\flexmark\flexmark-util-format\0.62.2\flexmark-util-format-0.62.2.jar;C:\Users\Dimas Rizqi Suryana\.m2\repository\com\vladsch\flexmark\flexmark-util-html\0.62.2\flexmark-util-html-0.62.2.jar;C:\Users\Dimas Rizqi Suryana\.m2\repository\com\vladsch\flexmark\flexmark-util-misc\0.62.2\flexmark-util-misc-0.62.2.jar;C:\Users\Dimas Rizqi Suryana\.m2\repository\com\vladsch\flexmark\flexmark-util-options\0.62.2\flexmark-util-options-0.62.2.jar;C:\Users\Dimas Rizqi Suryana\.m2\repository\com\vladsch\flexmark\flexmark-util-sequence\0.62.2\flexmark-util-sequence-0.62.2.jar;C:\Users\Dimas Rizqi Suryana\.m2\repository\com\vladsch\flexmark\flexmark-util-visitor\0.62.2\flexmark-util-visitor-0.62.2.jar;C:\Users\Dimas Rizqi Suryana\.m2\repository\com\vladsch\flexmark\flexmark-youtrack-converter\0.62.2\flexmark-youtrack-converter-0.62.2.jar;C:\Users\Dimas Rizqi Suryana\.m2\repository\com\ibm\icu\icu4j\72.1\icu4j-72.1.jar;C:\Users\Dimas Rizqi Suryana\.m2\repository\es\nitaur\markdown\txtmark\0.16\txtmark-0.16.jar;C:\Users\Dimas Rizqi Suryana\.m2\repository\net\serenity-bdd\serenity-report-resources\3.6.21\serenity-report-resources-3.6.21.jar;C:\Users\Dimas Rizqi Suryana\.m2\repository\com\google\code\gson\gson\2.10.1\gson-2.10.1.jar;C:\Users\Dimas Rizqi Suryana\.m2\repository\com\fasterxml\jackson\core\jackson-core\2.15.0-rc1\jackson-core-2.15.0-rc1.jar;C:\Users\Dimas Rizqi Suryana\.m2\repository\com\fasterxml\jackson\core\jackson-databind\2.15.0-rc1\jackson-databind-2.15.0-rc1.jar;C:\Users\Dimas Rizqi Suryana\.m2\repository\com\fasterxml\jackson\core\jackson-annotations\2.15.0-rc1\jackson-annotations-2.15.0-rc1.jar;C:\Users\Dimas Rizqi Suryana\.m2\repository\commons-codec\commons-codec\1.15\commons-codec-1.15.jar;C:\Users\Dimas Rizqi Suryana\.m2\repository\commons-io\commons-io\2.11.0\commons-io-2.11.0.jar;C:\Users\Dimas Rizqi Suryana\.m2\repository\org\seleniumhq\selenium\selenium-java\4.8.1\selenium-java-4.8.1.jar;C:\Users\Dimas Rizqi Suryana\.m2\repository\org\seleniumhq\selenium\selenium-devtools-v108\4.8.1\selenium-devtools-v108-4.8.1.jar;C:\Users\Dimas Rizqi Suryana\.m2\repository\org\seleniumhq\selenium\selenium-devtools-v109\4.8.1\selenium-devtools-v109-4.8.1.jar;C:\Users\Dimas Rizqi Suryana\.m2\repository\org\seleniumhq\selenium\selenium-devtools-v110\4.8.1\selenium-devtools-v110-4.8.1.jar;C:\Users\Dimas Rizqi Suryana\.m2\repository\org\seleniumhq\selenium\selenium-devtools-v85\4.8.1\selenium-devtools-v85-4.8.1.jar;C:\Users\Dimas Rizqi Suryana\.m2\repository\org\seleniumhq\selenium\selenium-remote-driver\4.8.1\selenium-remote-driver-4.8.1.jar;C:\Users\Dimas Rizqi Suryana\.m2\repository\com\beust\jcommander\1.82\jcommander-1.82.jar;C:\Users\Dimas Rizqi Suryana\.m2\repository\io\netty\netty-buffer\4.1.87.Final\netty-buffer-4.1.87.Final.jar;C:\Users\Dimas Rizqi Suryana\.m2\repository\io\netty\netty-codec-http\4.1.87.Final\netty-codec-http-4.1.87.Final.jar;C:\Users\Dimas Rizqi Suryana\.m2\repository\io\netty\netty-codec\4.1.87.Final\netty-codec-4.1.87.Final.jar;C:\Users\Dimas Rizqi Suryana\.m2\repository\io\netty\netty-handler\4.1.87.Final\netty-handler-4.1.87.Final.jar;C:\Users\Dimas Rizqi Suryana\.m2\repository\io\netty\netty-common\4.1.87.Final\netty-common-4.1.87.Final.jar;C:\Users\Dimas Rizqi Suryana\.m2\repository\io\netty\netty-transport-classes-epoll\4.1.87.Final\netty-transport-classes-epoll-4.1.87.Final.jar;C:\Users\Dimas Rizqi Suryana\.m2\repository\io\netty\netty-transport-classes-kqueue\4.1.87.Final\netty-transport-classes-kqueue-4.1.87.Final.jar;C:\Users\Dimas Rizqi Suryana\.m2\repository\io\netty\netty-transport-native-epoll\4.1.87.Final\netty-transport-native-epoll-4.1.87.Final.jar;C:\Users\Dimas Rizqi Suryana\.m2\repository\io\netty\netty-transport-native-kqueue\4.1.87.Final\netty-transport-native-kqueue-4.1.87.Final.jar;C:\Users\Dimas Rizqi Suryana\.m2\repository\io\netty\netty-transport-native-unix-common\4.1.87.Final\netty-transport-native-unix-common-4.1.87.Final.jar;C:\Users\Dimas Rizqi Suryana\.m2\repository\io\netty\netty-transport\4.1.87.Final\netty-transport-4.1.87.Final.jar;C:\Users\Dimas Rizqi Suryana\.m2\repository\io\netty\netty-resolver\4.1.87.Final\netty-resolver-4.1.87.Final.jar;C:\Users\Dimas Rizqi Suryana\.m2\repository\io\opentelemetry\opentelemetry-api\1.22.0\opentelemetry-api-1.22.0.jar;C:\Users\Dimas Rizqi Suryana\.m2\repository\io\opentelemetry\opentelemetry-context\1.22.0\opentelemetry-context-1.22.0.jar;C:\Users\Dimas Rizqi Suryana\.m2\repository\io\opentelemetry\opentelemetry-exporter-logging\1.22.0\opentelemetry-exporter-logging-1.22.0.jar;C:\Users\Dimas Rizqi Suryana\.m2\repository\io\opentelemetry\opentelemetry-sdk-metrics\1.22.0\opentelemetry-sdk-metrics-1.22.0.jar;C:\Users\Dimas Rizqi Suryana\.m2\repository\io\opentelemetry\opentelemetry-sdk-logs\1.22.0-alpha\opentelemetry-sdk-logs-1.22.0-alpha.jar;C:\Users\Dimas Rizqi Suryana\.m2\repository\io\opentelemetry\opentelemetry-api-logs\1.22.0-alpha\opentelemetry-api-logs-1.22.0-alpha.jar;C:\Users\Dimas Rizqi Suryana\.m2\repository\io\opentelemetry\opentelemetry-sdk-common\1.22.0\opentelemetry-sdk-common-1.22.0.jar;C:\Users\Dimas Rizqi Suryana\.m2\repository\io\opentelemetry\opentelemetry-sdk-extension-autoconfigure-spi\1.22.0\opentelemetry-sdk-extension-autoconfigure-spi-1.22.0.jar;C:\Users\Dimas Rizqi Suryana\.m2\repository\io\opentelemetry\opentelemetry-sdk-extension-autoconfigure\1.22.0-alpha\opentelemetry-sdk-extension-autoconfigure-1.22.0-alpha.jar;C:\Users\Dimas Rizqi Suryana\.m2\repository\io\opentelemetry\opentelemetry-sdk-trace\1.22.0\opentelemetry-sdk-trace-1.22.0.jar;C:\Users\Dimas Rizqi Suryana\.m2\repository\io\opentelemetry\opentelemetry-sdk\1.22.0\opentelemetry-sdk-1.22.0.jar;C:\Users\Dimas Rizqi Suryana\.m2\repository\io\opentelemetry\opentelemetry-semconv\1.22.0-alpha\opentelemetry-semconv-1.22.0-alpha.jar;C:\Users\Dimas Rizqi Suryana\.m2\repository\io\ous\jtoml\2.0.0\jtoml-2.0.0.jar;C:\Users\Dimas Rizqi Suryana\.m2\repository\org\apache\commons\commons-exec\1.3\commons-exec-1.3.jar;C:\Users\Dimas Rizqi Suryana\.m2\repository\org\asynchttpclient\async-http-client\2.12.3\async-http-client-2.12.3.jar;C:\Users\Dimas Rizqi Suryana\.m2\repository\org\asynchttpclient\async-http-client-netty-utils\2.12.3\async-http-client-netty-utils-2.12.3.jar;C:\Users\Dimas Rizqi Suryana\.m2\repository\io\netty\netty-codec-socks\4.1.60.Final\netty-codec-socks-4.1.60.Final.jar;C:\Users\Dimas Rizqi Suryana\.m2\repository\io\netty\netty-handler-proxy\4.1.60.Final\netty-handler-proxy-4.1.60.Final.jar;C:\Users\Dimas Rizqi Suryana\.m2\repository\io\netty\netty-transport-native-epoll\4.1.60.Final\netty-transport-native-epoll-4.1.60.Final-linux-x86_64.jar;C:\Users\Dimas Rizqi Suryana\.m2\repository\io\netty\netty-transport-native-kqueue\4.1.60.Final\netty-transport-native-kqueue-4.1.60.Final-osx-x86_64.jar;C:\Users\Dimas Rizqi Suryana\.m2\repository\org\reactivestreams\reactive-streams\1.0.3\reactive-streams-1.0.3.jar;C:\Users\Dimas Rizqi Suryana\.m2\repository\com\typesafe\netty\netty-reactive-streams\2.0.4\netty-reactive-streams-2.0.4.jar;C:\Users\Dimas Rizqi Suryana\.m2\repository\org\seleniumhq\selenium\selenium-manager\4.8.1\selenium-manager-4.8.1.jar;C:\Users\Dimas Rizqi Suryana\.m2\repository\org\seleniumhq\selenium\selenium-safari-driver\4.8.1\selenium-safari-driver-4.8.1.jar;C:\Users\Dimas Rizqi Suryana\.m2\repository\org\seleniumhq\selenium\selenium-api\4.8.1\selenium-api-4.8.1.jar;C:\Users\Dimas Rizqi Suryana\.m2\repository\org\seleniumhq\selenium\selenium-support\4.8.1\selenium-support-4.8.1.jar;C:\Users\Dimas Rizqi Suryana\.m2\repository\com\google\auto\service\auto-service-annotations\1.0.1\auto-service-annotations-1.0.1.jar;C:\Users\Dimas Rizqi Suryana\.m2\repository\com\google\auto\service\auto-service\1.0.1\auto-service-1.0.1.jar;C:\Users\Dimas Rizqi Suryana\.m2\repository\com\google\auto\auto-common\1.2\auto-common-1.2.jar;C:\Users\Dimas Rizqi Suryana\.m2\repository\org\seleniumhq\selenium\selenium-json\4.8.1\selenium-json-4.8.1.jar;C:\Users\Dimas Rizqi Suryana\.m2\repository\org\seleniumhq\selenium\selenium-chrome-driver\4.8.1\selenium-chrome-driver-4.8.1.jar;C:\Users\Dimas Rizqi Suryana\.m2\repository\org\seleniumhq\selenium\selenium-chromium-driver\4.8.1\selenium-chromium-driver-4.8.1.jar;C:\Users\Dimas Rizqi Suryana\.m2\repository\org\seleniumhq\selenium\selenium-firefox-driver\4.8.1\selenium-firefox-driver-4.8.1.jar;C:\Users\Dimas Rizqi Suryana\.m2\repository\org\seleniumhq\selenium\selenium-http\4.8.1\selenium-http-4.8.1.jar;C:\Users\Dimas Rizqi Suryana\.m2\repository\dev\failsafe\failsafe\3.3.0\failsafe-3.3.0.jar;C:\Users\Dimas Rizqi Suryana\.m2\repository\org\seleniumhq\selenium\selenium-edge-driver\4.8.1\selenium-edge-driver-4.8.1.jar;C:\Users\Dimas Rizqi Suryana\.m2\repository\org\seleniumhq\selenium\selenium-ie-driver\4.8.1\selenium-ie-driver-4.8.1.jar;C:\Users\Dimas Rizqi Suryana\.m2\repository\org\projectlombok\lombok\1.18.20\lombok-1.18.20.jar;C:\Users\Dimas Rizqi Suryana\.m2\repository\io\appium\java-client\8.3.0\java-client-8.3.0.jar;C:\Users\Dimas Rizqi Suryana\.m2\repository\commons-validator\commons-validator\1.7\commons-validator-1.7.jar;C:\Users\Dimas Rizqi Suryana\.m2\repository\commons-digester\commons-digester\2.1\commons-digester-2.1.jar;C:\Users\Dimas Rizqi Suryana\.m2\repository\net\sf\opencsv\opencsv\2.0\opencsv-2.0.jar;C:\Users\Dimas Rizqi Suryana\.m2\repository\commons-beanutils\commons-beanutils\1.9.4\commons-beanutils-1.9.4.jar;C:\Users\Dimas Rizqi Suryana\.m2\repository\org\apache\commons\commons-lang3\3.12.0\commons-lang3-3.12.0.jar;C:\Users\Dimas Rizqi Suryana\.m2\repository\commons-collections\commons-collections\3.2.2\commons-collections-3.2.2.jar;C:\Users\Dimas Rizqi Suryana\.m2\repository\org\fluentlenium\fluentlenium-core\0.10.2\fluentlenium-core-0.10.2.jar;C:\Users\Dimas Rizqi Suryana\.m2\repository\io\github\bonigarcia\webdrivermanager\5.3.0\webdrivermanager-5.3.0.jar;C:\Users\Dimas Rizqi Suryana\.m2\repository\com\github\docker-java\docker-java\3.2.13\docker-java-3.2.13.jar;C:\Users\Dimas Rizqi Suryana\.m2\repository\com\github\docker-java\docker-java-core\3.2.13\docker-java-core-3.2.13.jar;C:\Users\Dimas Rizqi Suryana\.m2\repository\com\github\docker-java\docker-java-api\3.2.13\docker-java-api-3.2.13.jar;C:\Users\Dimas Rizqi Suryana\.m2\repository\org\apache\commons\commons-compress\1.21\commons-compress-1.21.jar;C:\Users\Dimas Rizqi Suryana\.m2\repository\org\bouncycastle\bcpkix-jdk15on\1.64\bcpkix-jdk15on-1.64.jar;C:\Users\Dimas Rizqi Suryana\.m2\repository\org\bouncycastle\bcprov-jdk15on\1.64\bcprov-jdk15on-1.64.jar;C:\Users\Dimas Rizqi Suryana\.m2\repository\org\slf4j\jcl-over-slf4j\1.7.30\jcl-over-slf4j-1.7.30.jar;C:\Users\Dimas Rizqi Suryana\.m2\repository\com\github\docker-java\docker-java-transport-httpclient5\3.2.13\docker-java-transport-httpclient5-3.2.13.jar;C:\Users\Dimas Rizqi Suryana\.m2\repository\com\github\docker-java\docker-java-transport\3.2.13\docker-java-transport-3.2.13.jar;C:\Users\Dimas Rizqi Suryana\.m2\repository\net\java\dev\jna\jna\5.8.0\jna-5.8.0.jar;C:\Users\Dimas Rizqi Suryana\.m2\repository\org\brotli\dec\0.1.2\dec-0.1.2.jar;C:\Users\Dimas Rizqi Suryana\.m2\repository\org\apache\httpcomponents\client5\httpclient5\5.1.3\httpclient5-5.1.3.jar;C:\Users\Dimas Rizqi Suryana\.m2\repository\org\apache\httpcomponents\core5\httpcore5\5.1.3\httpcore5-5.1.3.jar;C:\Users\Dimas Rizqi Suryana\.m2\repository\org\apache\httpcomponents\core5\httpcore5-h2\5.1.3\httpcore5-h2-5.1.3.jar;C:\Users\Dimas Rizqi Suryana\.m2\repository\com\jhlabs\filters\2.0.235\filters-2.0.235.jar;C:\Users\Dimas Rizqi Suryana\.m2\repository\com\paulhammant\ngwebdriver\1.1.6\ngwebdriver-1.1.6.jar;C:\Users\Dimas Rizqi Suryana\.m2\repository\joda-time\joda-time\2.12.2\joda-time-2.12.2.jar;C:\Users\Dimas Rizqi Suryana\.m2\repository\org\hamcrest\hamcrest\2.2\hamcrest-2.2.jar;C:\Users\Dimas Rizqi Suryana\.m2\repository\com\google\jimfs\jimfs\1.2\jimfs-1.2.jar;C:\Users\Dimas Rizqi Suryana\.m2\repository\org\mockito\mockito-core\3.3.3\mockito-core-3.3.3.jar;C:\Users\Dimas Rizqi Suryana\.m2\repository\javax\xml\bind\jaxb-api\2.3.1\jaxb-api-2.3.1.jar;C:\Users\Dimas Rizqi Suryana\.m2\repository\javax\activation\javax.activation-api\1.2.0\javax.activation-api-1.2.0.jar;C:\Users\Dimas Rizqi Suryana\.m2\repository\com\sun\xml\bind\jaxb-core\2.3.0.1\jaxb-core-2.3.0.1.jar;C:\Users\Dimas Rizqi Suryana\.m2\repository\com\sun\xml\bind\jaxb-impl\2.3.3\jaxb-impl-2.3.3.jar;C:\Users\Dimas Rizqi Suryana\.m2\repository\jakarta\xml\bind\jakarta.xml.bind-api\2.3.3\jakarta.xml.bind-api-2.3.3.jar;C:\Users\Dimas Rizqi Suryana\.m2\repository\com\sun\activation\jakarta.activation\1.2.2\jakarta.activation-1.2.2.jar;C:\Users\Dimas Rizqi Suryana\.m2\repository\javax\activation\activation\1.1.1\activation-1.1.1.jar;C:\Users\Dimas Rizqi Suryana\.m2\repository\net\serenity-bdd\serenity-cucumber\3.6.21\serenity-cucumber-3.6.21.jar;C:\Users\Dimas Rizqi Suryana\.m2\repository\io\cucumber\cucumber-core\7.11.0\cucumber-core-7.11.0.jar;C:\Users\Dimas Rizqi Suryana\.m2\repository\io\cucumber\cucumber-gherkin\7.11.0\cucumber-gherkin-7.11.0.jar;C:\Users\Dimas Rizqi Suryana\.m2\repository\io\cucumber\cucumber-gherkin-messages\7.11.0\cucumber-gherkin-messages-7.11.0.jar;C:\Users\Dimas Rizqi Suryana\.m2\repository\io\cucumber\gherkin\26.0.3\gherkin-26.0.3.jar;C:\Users\Dimas Rizqi Suryana\.m2\repository\io\cucumber\messages\21.0.1\messages-21.0.1.jar;C:\Users\Dimas Rizqi Suryana\.m2\repository\io\cucumber\tag-expressions\5.0.1\tag-expressions-5.0.1.jar;C:\Users\Dimas Rizqi Suryana\.m2\repository\io\cucumber\cucumber-expressions\16.1.1\cucumber-expressions-16.1.1.jar;C:\Users\Dimas Rizqi Suryana\.m2\repository\io\cucumber\datatable\7.11.0\datatable-7.11.0.jar;C:\Users\Dimas Rizqi Suryana\.m2\repository\io\cucumber\cucumber-plugin\7.11.0\cucumber-plugin-7.11.0.jar;C:\Users\Dimas Rizqi Suryana\.m2\repository\io\cucumber\docstring\7.11.0\docstring-7.11.0.jar;C:\Users\Dimas Rizqi Suryana\.m2\repository\io\cucumber\html-formatter\20.2.1\html-formatter-20.2.1.jar;C:\Users\Dimas Rizqi Suryana\.m2\repository\io\cucumber\junit-xml-formatter\0.1.0\junit-xml-formatter-0.1.0.jar;C:\Users\Dimas Rizqi Suryana\.m2\repository\io\cucumber\ci-environment\9.1.0\ci-environment-9.1.0.jar;C:\Users\Dimas Rizqi Suryana\.m2\repository\io\cucumber\cucumber-java\7.11.0\cucumber-java-7.11.0.jar;C:\Users\Dimas Rizqi Suryana\.m2\repository\io\cucumber\cucumber-junit\7.11.0\cucumber-junit-7.11.0.jar;C:\Users\Dimas Rizqi Suryana\.m2\repository\org\apache\commons\commons-csv\1.5\commons-csv-1.5.jar;C:\Users\Dimas Rizqi Suryana\.m2\repository\net\serenity-bdd\serenity-screenplay\3.6.21\serenity-screenplay-3.6.21.jar;C:\Users\Dimas Rizqi Suryana\.m2\repository\net\serenity-bdd\serenity-screenplay-webdriver\3.6.21\serenity-screenplay-webdriver-3.6.21.jar;C:\Users\Dimas Rizqi Suryana\.m2\repository\net\serenity-bdd\serenity-ensure\3.6.21\serenity-ensure-3.6.21.jar;C:\Users\Dimas Rizqi Suryana\.m2\repository\net\serenity-bdd\serenity-junit\3.6.21\serenity-junit-3.6.21.jar;C:\Users\Dimas Rizqi Suryana\.m2\repository\org\jetbrains\kotlin\kotlin-stdlib\1.8.10\kotlin-stdlib-1.8.10.jar;C:\Users\Dimas Rizqi Suryana\.m2\repository\org\jetbrains\kotlin\kotlin-stdlib-common\1.8.10\kotlin-stdlib-common-1.8.10.jar;C:\Users\Dimas Rizqi Suryana\.m2\repository\org\jetbrains\annotations\13.0\annotations-13.0.jar;C:\Users\Dimas Rizqi Suryana\.m2\repository\org\junit\platform\junit-platform-launcher\1.8.2\junit-platform-launcher-1.8.2.jar;C:\Users\Dimas Rizqi Suryana\.m2\repository\org\junit\platform\junit-platform-engine\1.8.2\junit-platform-engine-1.8.2.jar;C:\Users\Dimas Rizqi Suryana\.m2\repository\org\junit\platform\junit-platform-commons\1.8.2\junit-platform-commons-1.8.2.jar;C:\Users\Dimas Rizqi Suryana\.m2\repository\org\apiguardian\apiguardian-api\1.1.2\apiguardian-api-1.1.2.jar;C:\Users\Dimas Rizqi Suryana\.m2\repository\org\junit\jupiter\junit-jupiter-engine\5.8.2\junit-jupiter-engine-5.8.2.jar;C:\Users\Dimas Rizqi Suryana\.m2\repository\org\junit\jupiter\junit-jupiter-api\5.8.2\junit-jupiter-api-5.8.2.jar;C:\Users\Dimas Rizqi Suryana\.m2\repository\org\junit\vintage\junit-vintage-engine\5.8.2\junit-vintage-engine-5.8.2.jar;C:\Users\Dimas Rizqi Suryana\.m2\repository\junit\junit\4.13.2\junit-4.13.2.jar;C:\Users\Dimas Rizqi Suryana\.m2\repository\org\hamcrest\hamcrest-core\1.3\hamcrest-core-1.3.jar;C:\Users\Dimas Rizqi Suryana\.m2\repository\ch\qos\logback\logback-classic\1.2.10\logback-classic-1.2.10.jar;C:\Users\Dimas Rizqi Suryana\.m2\repository\ch\qos\logback\logback-core\1.2.10\logback-core-1.2.10.jar;C:\Users\Dimas Rizqi Suryana\.m2\repository\org\slf4j\slf4j-api\1.7.32\slf4j-api-1.7.32.jar;C:\Users\Dimas Rizqi Suryana\.m2\repository\org\assertj\assertj-core\3.23.1\assertj-core-3.23.1.jar;C:\Users\Dimas Rizqi Suryana\.m2\repository\net\bytebuddy\byte-buddy\1.12.10\byte-buddy-1.12.10.jar;C:\Users\Dimas Rizqi Suryana\.m2\repository\com\googlecode\json-simple\json-simple\1.1.1\json-simple-1.1.1.jar;"/>
    <property name="sun.cpu.endian" value="little"/>
    <property name="user.home" value="C:\Users\Dimas Rizqi Suryana"/>
    <property name="user.language" value="en"/>
    <property name="java.specification.vendor" value="Oracle Corporation"/>
    <property name="jdk.module.path" value="C:\Users\Dimas Rizqi Suryana\Mini_Project2\target\minpro-1.0-SNAPSHOT.jar"/>
    <property name="java.version.date" value="2022-08-18"/>
    <property name="java.home" value="C:\Program Files\Java\jdk-18.0.2.1"/>
    <property name="file.separator" value="\"/>
    <property name="basedir" value="C:\Users\Dimas Rizqi Suryana\Mini_Project2"/>
    <property name="java.vm.compressedOopsMode" value="32-bit"/>
    <property name="line.separator" value="&#10;"/>
    <property name="java.vm.specification.vendor" value="Oracle Corporation"/>
    <property name="java.specification.name" value="Java Platform API Specification"/>
    <property name="surefire.real.class.path" value="C:\Users\Dimas Rizqi Suryana\.m2\repository\org\apache\maven\surefire\surefire-booter\3.0.0-M5\surefire-booter-3.0.0-M5.jar;C:\Users\Dimas Rizqi Suryana\.m2\repository\org\apache\maven\surefire\surefire-api\3.0.0-M5\surefire-api-3.0.0-M5.jar;C:\Users\Dimas Rizqi Suryana\.m2\repository\org\apache\maven\surefire\surefire-logger-api\3.0.0-M5\surefire-logger-api-3.0.0-M5.jar;C:\Users\Dimas Rizqi Suryana\.m2\repository\org\apache\maven\surefire\surefire-shared-utils\3.0.0-M4\surefire-shared-utils-3.0.0-M4.jar;C:\Users\Dimas Rizqi Suryana\.m2\repository\org\apache\maven\surefire\surefire-extensions-spi\3.0.0-M5\surefire-extensions-spi-3.0.0-M5.jar;C:\Users\Dimas Rizqi Suryana\Mini_Project2\target\test-classes;C:\Users\Dimas Rizqi Suryana\.m2\repository\net\serenity-bdd\serenity-rest-assured\3.6.22\serenity-rest-assured-3.6.22.jar;C:\Users\Dimas Rizqi Suryana\.m2\repository\org\apache\httpcomponents\httpclient\4.5.13\httpclient-4.5.13.jar;C:\Users\Dimas Rizqi Suryana\.m2\repository\org\apache\httpcomponents\httpcore\4.4.13\httpcore-4.4.13.jar;C:\Users\Dimas Rizqi Suryana\.m2\repository\commons-logging\commons-logging\1.2\commons-logging-1.2.jar;C:\Users\Dimas Rizqi Suryana\.m2\repository\io\rest-assured\rest-assured\5.3.0\rest-assured-5.3.0.jar;C:\Users\Dimas Rizqi Suryana\.m2\repository\org\apache\httpcomponents\httpmime\4.5.13\httpmime-4.5.13.jar;C:\Users\Dimas Rizqi Suryana\.m2\repository\org\ccil\cowan\tagsoup\tagsoup\1.2.1\tagsoup-1.2.1.jar;C:\Users\Dimas Rizqi Suryana\.m2\repository\io\rest-assured\json-path\5.3.0\json-path-5.3.0.jar;C:\Users\Dimas Rizqi Suryana\.m2\repository\io\rest-assured\rest-assured-common\5.3.0\rest-assured-common-5.3.0.jar;C:\Users\Dimas Rizqi Suryana\.m2\repository\io\rest-assured\xml-path\5.3.0\xml-path-5.3.0.jar;C:\Users\Dimas Rizqi Suryana\.m2\repository\org\apache\groovy\groovy-json\4.0.10\groovy-json-4.0.10.jar;C:\Users\Dimas Rizqi Suryana\.m2\repository\org\apache\groovy\groovy-xml\4.0.10\groovy-xml-4.0.10.jar;C:\Users\Dimas Rizqi Suryana\.m2\repository\org\apache\groovy\groovy\4.0.10\groovy-4.0.10.jar;C:\Users\Dimas Rizqi Suryana\.m2\repository\org\opentest4j\opentest4j\1.2.0\opentest4j-1.2.0.jar;C:\Users\Dimas Rizqi Suryana\.m2\repository\net\serenity-bdd\serenity-core\3.6.21\serenity-core-3.6.21.jar;C:\Users\Dimas Rizqi Suryana\.m2\repository\net\serenity-bdd\serenity-model\3.6.21\serenity-model-3.6.21.jar;C:\Users\Dimas Rizqi Suryana\.m2\repository\org\apache\commons\commons-text\1.10.0\commons-text-1.10.0.jar;C:\Users\Dimas Rizqi Suryana\.m2\repository\commons-net\commons-net\3.9.0\commons-net-3.9.0.jar;C:\Users\Dimas Rizqi Suryana\.m2\repository\com\google\guava\guava\31.1-jre\guava-31.1-jre.jar;C:\Users\Dimas Rizqi Suryana\.m2\repository\com\google\guava\failureaccess\1.0.1\failureaccess-1.0.1.jar;C:\Users\Dimas Rizqi Suryana\.m2\repository\com\google\guava\listenablefuture\9999.0-empty-to-avoid-conflict-with-guava\listenablefuture-9999.0-empty-to-avoid-conflict-with-guava.jar;C:\Users\Dimas Rizqi Suryana\.m2\repository\com\google\code\findbugs\jsr305\3.0.2\jsr305-3.0.2.jar;C:\Users\Dimas Rizqi Suryana\.m2\repository\org\checkerframework\checker-qual\3.12.0\checker-qual-3.12.0.jar;C:\Users\Dimas Rizqi Suryana\.m2\repository\com\google\errorprone\error_prone_annotations\2.11.0\error_prone_annotations-2.11.0.jar;C:\Users\Dimas Rizqi Suryana\.m2\repository\com\google\j2objc\j2objc-annotations\1.3\j2objc-annotations-1.3.jar;C:\Users\Dimas Rizqi Suryana\.m2\repository\com\google\inject\guice\5.1.0\guice-5.1.0.jar;C:\Users\Dimas Rizqi Suryana\.m2\repository\javax\inject\javax.inject\1\javax.inject-1.jar;C:\Users\Dimas Rizqi Suryana\.m2\repository\aopalliance\aopalliance\1.0\aopalliance-1.0.jar;C:\Users\Dimas Rizqi Suryana\.m2\repository\org\jsoup\jsoup\1.14.3\jsoup-1.14.3.jar;C:\Users\Dimas Rizqi Suryana\.m2\repository\com\thoughtworks\xstream\xstream\1.4.20\xstream-1.4.20.jar;C:\Users\Dimas Rizqi Suryana\.m2\repository\io\github\x-stream\mxparser\1.2.2\mxparser-1.2.2.jar;C:\Users\Dimas Rizqi Suryana\.m2\repository\xmlpull\xmlpull\1.1.3.1\xmlpull-1.1.3.1.jar;C:\Users\Dimas Rizqi Suryana\.m2\repository\com\typesafe\config\1.4.2\config-1.4.2.jar;C:\Users\Dimas Rizqi Suryana\.m2\repository\org\imgscalr\imgscalr-lib\4.2\imgscalr-lib-4.2.jar;C:\Users\Dimas Rizqi Suryana\.m2\repository\org\awaitility\awaitility\4.2.0\awaitility-4.2.0.jar;C:\Users\Dimas Rizqi Suryana\.m2\repository\org\freemarker\freemarker\2.3.31\freemarker-2.3.31.jar;C:\Users\Dimas Rizqi Suryana\.m2\repository\io\github\classgraph\classgraph\4.8.138\classgraph-4.8.138.jar;C:\Users\Dimas Rizqi Suryana\.m2\repository\net\sourceforge\jexcelapi\jxl\2.6.12\jxl-2.6.12.jar;C:\Users\Dimas Rizqi Suryana\.m2\repository\net\bytebuddy\byte-buddy-agent\1.14.2\byte-buddy-agent-1.14.2.jar;C:\Users\Dimas Rizqi Suryana\.m2\repository\org\objenesis\objenesis\3.3\objenesis-3.3.jar;C:\Users\Dimas Rizqi Suryana\.m2\repository\net\serenity-bdd\serenity-reports\3.6.21\serenity-reports-3.6.21.jar;C:\Users\Dimas Rizqi Suryana\.m2\repository\net\serenity-bdd\serenity-stats\3.6.21\serenity-stats-3.6.21.jar;C:\Users\Dimas Rizqi Suryana\.m2\repository\net\serenity-bdd\serenity-reports-configuration\3.6.21\serenity-reports-configuration-3.6.21.jar;C:\Users\Dimas Rizqi Suryana\.m2\repository\com\vladsch\flexmark\flexmark-all\0.62.2\flexmark-all-0.62.2.jar;C:\Users\Dimas Rizqi Suryana\.m2\repository\com\vladsch\flexmark\flexmark\0.62.2\flexmark-0.62.2.jar;C:\Users\Dimas Rizqi Suryana\.m2\repository\com\vladsch\flexmark\flexmark-ext-abbreviation\0.62.2\flexmark-ext-abbreviation-0.62.2.jar;C:\Users\Dimas Rizqi Suryana\.m2\repository\com\vladsch\flexmark\flexmark-util\0.62.2\flexmark-util-0.62.2.jar;C:\Users\Dimas Rizqi Suryana\.m2\repository\com\vladsch\flexmark\flexmark-ext-admonition\0.62.2\flexmark-ext-admonition-0.62.2.jar;C:\Users\Dimas Rizqi Suryana\.m2\repository\com\vladsch\flexmark\flexmark-ext-anchorlink\0.62.2\flexmark-ext-anchorlink-0.62.2.jar;C:\Users\Dimas Rizqi Suryana\.m2\repository\com\vladsch\flexmark\flexmark-ext-aside\0.62.2\flexmark-ext-aside-0.62.2.jar;C:\Users\Dimas Rizqi Suryana\.m2\repository\com\vladsch\flexmark\flexmark-ext-attributes\0.62.2\flexmark-ext-attributes-0.62.2.jar;C:\Users\Dimas Rizqi Suryana\.m2\repository\com\vladsch\flexmark\flexmark-ext-autolink\0.62.2\flexmark-ext-autolink-0.62.2.jar;C:\Users\Dimas Rizqi Suryana\.m2\repository\org\nibor\autolink\autolink\0.6.0\autolink-0.6.0.jar;C:\Users\Dimas Rizqi Suryana\.m2\repository\com\vladsch\flexmark\flexmark-ext-definition\0.62.2\flexmark-ext-definition-0.62.2.jar;C:\Users\Dimas Rizqi Suryana\.m2\repository\com\vladsch\flexmark\flexmark-ext-emoji\0.62.2\flexmark-ext-emoji-0.62.2.jar;C:\Users\Dimas Rizqi Suryana\.m2\repository\com\vladsch\flexmark\flexmark-ext-enumerated-reference\0.62.2\flexmark-ext-enumerated-reference-0.62.2.jar;C:\Users\Dimas Rizqi Suryana\.m2\repository\com\vladsch\flexmark\flexmark-ext-escaped-character\0.62.2\flexmark-ext-escaped-character-0.62.2.jar;C:\Users\Dimas Rizqi Suryana\.m2\repository\com\vladsch\flexmark\flexmark-ext-footnotes\0.62.2\flexmark-ext-footnotes-0.62.2.jar;C:\Users\Dimas Rizqi Suryana\.m2\repository\com\vladsch\flexmark\flexmark-ext-gfm-issues\0.62.2\flexmark-ext-gfm-issues-0.62.2.jar;C:\Users\Dimas Rizqi Suryana\.m2\repository\com\vladsch\flexmark\flexmark-ext-gfm-strikethrough\0.62.2\flexmark-ext-gfm-strikethrough-0.62.2.jar;C:\Users\Dimas Rizqi Suryana\.m2\repository\com\vladsch\flexmark\flexmark-ext-gfm-tasklist\0.62.2\flexmark-ext-gfm-tasklist-0.62.2.jar;C:\Users\Dimas Rizqi Suryana\.m2\repository\com\vladsch\flexmark\flexmark-ext-gfm-users\0.62.2\flexmark-ext-gfm-users-0.62.2.jar;C:\Users\Dimas Rizqi Suryana\.m2\repository\com\vladsch\flexmark\flexmark-ext-gitlab\0.62.2\flexmark-ext-gitlab-0.62.2.jar;C:\Users\Dimas Rizqi Suryana\.m2\repository\com\vladsch\flexmark\flexmark-ext-jekyll-front-matter\0.62.2\flexmark-ext-jekyll-front-matter-0.62.2.jar;C:\Users\Dimas Rizqi Suryana\.m2\repository\com\vladsch\flexmark\flexmark-ext-jekyll-tag\0.62.2\flexmark-ext-jekyll-tag-0.62.2.jar;C:\Users\Dimas Rizqi Suryana\.m2\repository\com\vladsch\flexmark\flexmark-ext-media-tags\0.62.2\flexmark-ext-media-tags-0.62.2.jar;C:\Users\Dimas Rizqi Suryana\.m2\repository\com\vladsch\flexmark\flexmark-ext-macros\0.62.2\flexmark-ext-macros-0.62.2.jar;C:\Users\Dimas Rizqi Suryana\.m2\repository\com\vladsch\flexmark\flexmark-ext-ins\0.62.2\flexmark-ext-ins-0.62.2.jar;C:\Users\Dimas Rizqi Suryana\.m2\repository\com\vladsch\flexmark\flexmark-ext-xwiki-macros\0.62.2\flexmark-ext-xwiki-macros-0.62.2.jar;C:\Users\Dimas Rizqi Suryana\.m2\repository\com\vladsch\flexmark\flexmark-ext-superscript\0.62.2\flexmark-ext-superscript-0.62.2.jar;C:\Users\Dimas Rizqi Suryana\.m2\repository\com\vladsch\flexmark\flexmark-ext-tables\0.62.2\flexmark-ext-tables-0.62.2.jar;C:\Users\Dimas Rizqi Suryana\.m2\repository\com\vladsch\flexmark\flexmark-ext-toc\0.62.2\flexmark-ext-toc-0.62.2.jar;C:\Users\Dimas Rizqi Suryana\.m2\repository\com\vladsch\flexmark\flexmark-ext-typographic\0.62.2\flexmark-ext-typographic-0.62.2.jar;C:\Users\Dimas Rizqi Suryana\.m2\repository\com\vladsch\flexmark\flexmark-ext-wikilink\0.62.2\flexmark-ext-wikilink-0.62.2.jar;C:\Users\Dimas Rizqi Suryana\.m2\repository\com\vladsch\flexmark\flexmark-ext-yaml-front-matter\0.62.2\flexmark-ext-yaml-front-matter-0.62.2.jar;C:\Users\Dimas Rizqi Suryana\.m2\repository\com\vladsch\flexmark\flexmark-ext-youtube-embedded\0.62.2\flexmark-ext-youtube-embedded-0.62.2.jar;C:\Users\Dimas Rizqi Suryana\.m2\repository\com\vladsch\flexmark\flexmark-html2md-converter\0.62.2\flexmark-html2md-converter-0.62.2.jar;C:\Users\Dimas Rizqi Suryana\.m2\repository\com\vladsch\flexmark\flexmark-jira-converter\0.62.2\flexmark-jira-converter-0.62.2.jar;C:\Users\Dimas Rizqi Suryana\.m2\repository\com\vladsch\flexmark\flexmark-pdf-converter\0.62.2\flexmark-pdf-converter-0.62.2.jar;C:\Users\Dimas Rizqi Suryana\.m2\repository\com\openhtmltopdf\openhtmltopdf-core\1.0.0\openhtmltopdf-core-1.0.0.jar;C:\Users\Dimas Rizqi Suryana\.m2\repository\com\openhtmltopdf\openhtmltopdf-pdfbox\1.0.0\openhtmltopdf-pdfbox-1.0.0.jar;C:\Users\Dimas Rizqi Suryana\.m2\repository\org\apache\pdfbox\pdfbox\2.0.16\pdfbox-2.0.16.jar;C:\Users\Dimas Rizqi Suryana\.m2\repository\org\apache\pdfbox\fontbox\2.0.16\fontbox-2.0.16.jar;C:\Users\Dimas Rizqi Suryana\.m2\repository\org\apache\pdfbox\xmpbox\2.0.16\xmpbox-2.0.16.jar;C:\Users\Dimas Rizqi Suryana\.m2\repository\de\rototor\pdfbox\graphics2d\0.24\graphics2d-0.24.jar;C:\Users\Dimas Rizqi Suryana\.m2\repository\com\openhtmltopdf\openhtmltopdf-rtl-support\1.0.0\openhtmltopdf-rtl-support-1.0.0.jar;C:\Users\Dimas Rizqi Suryana\.m2\repository\com\openhtmltopdf\openhtmltopdf-jsoup-dom-converter\1.0.0\openhtmltopdf-jsoup-dom-converter-1.0.0.jar;C:\Users\Dimas Rizqi Suryana\.m2\repository\com\vladsch\flexmark\flexmark-profile-pegdown\0.62.2\flexmark-profile-pegdown-0.62.2.jar;C:\Users\Dimas Rizqi Suryana\.m2\repository\com\vladsch\flexmark\flexmark-util-ast\0.62.2\flexmark-util-ast-0.62.2.jar;C:\Users\Dimas Rizqi Suryana\.m2\repository\com\vladsch\flexmark\flexmark-util-builder\0.62.2\flexmark-util-builder-0.62.2.jar;C:\Users\Dimas Rizqi Suryana\.m2\repository\com\vladsch\flexmark\flexmark-util-collection\0.62.2\flexmark-util-collection-0.62.2.jar;C:\Users\Dimas Rizqi Suryana\.m2\repository\com\vladsch\flexmark\flexmark-util-data\0.62.2\flexmark-util-data-0.62.2.jar;C:\Users\Dimas Rizqi Suryana\.m2\repository\com\vladsch\flexmark\flexmark-util-dependency\0.62.2\flexmark-util-dependency-0.62.2.jar;C:\Users\Dimas Rizqi Suryana\.m2\repository\com\vladsch\flexmark\flexmark-util-format\0.62.2\flexmark-util-format-0.62.2.jar;C:\Users\Dimas Rizqi Suryana\.m2\repository\com\vladsch\flexmark\flexmark-util-html\0.62.2\flexmark-util-html-0.62.2.jar;C:\Users\Dimas Rizqi Suryana\.m2\repository\com\vladsch\flexmark\flexmark-util-misc\0.62.2\flexmark-util-misc-0.62.2.jar;C:\Users\Dimas Rizqi Suryana\.m2\repository\com\vladsch\flexmark\flexmark-util-options\0.62.2\flexmark-util-options-0.62.2.jar;C:\Users\Dimas Rizqi Suryana\.m2\repository\com\vladsch\flexmark\flexmark-util-sequence\0.62.2\flexmark-util-sequence-0.62.2.jar;C:\Users\Dimas Rizqi Suryana\.m2\repository\com\vladsch\flexmark\flexmark-util-visitor\0.62.2\flexmark-util-visitor-0.62.2.jar;C:\Users\Dimas Rizqi Suryana\.m2\repository\com\vladsch\flexmark\flexmark-youtrack-converter\0.62.2\flexmark-youtrack-converter-0.62.2.jar;C:\Users\Dimas Rizqi Suryana\.m2\repository\com\ibm\icu\icu4j\72.1\icu4j-72.1.jar;C:\Users\Dimas Rizqi Suryana\.m2\repository\es\nitaur\markdown\txtmark\0.16\txtmark-0.16.jar;C:\Users\Dimas Rizqi Suryana\.m2\repository\net\serenity-bdd\serenity-report-resources\3.6.21\serenity-report-resources-3.6.21.jar;C:\Users\Dimas Rizqi Suryana\.m2\repository\com\google\code\gson\gson\2.10.1\gson-2.10.1.jar;C:\Users\Dimas Rizqi Suryana\.m2\repository\com\fasterxml\jackson\core\jackson-core\2.15.0-rc1\jackson-core-2.15.0-rc1.jar;C:\Users\Dimas Rizqi Suryana\.m2\repository\com\fasterxml\jackson\core\jackson-databind\2.15.0-rc1\jackson-databind-2.15.0-rc1.jar;C:\Users\Dimas Rizqi Suryana\.m2\repository\com\fasterxml\jackson\core\jackson-annotations\2.15.0-rc1\jackson-annotations-2.15.0-rc1.jar;C:\Users\Dimas Rizqi Suryana\.m2\repository\commons-codec\commons-codec\1.15\commons-codec-1.15.jar;C:\Users\Dimas Rizqi Suryana\.m2\repository\commons-io\commons-io\2.11.0\commons-io-2.11.0.jar;C:\Users\Dimas Rizqi Suryana\.m2\repository\org\seleniumhq\selenium\selenium-java\4.8.1\selenium-java-4.8.1.jar;C:\Users\Dimas Rizqi Suryana\.m2\repository\org\seleniumhq\selenium\selenium-devtools-v108\4.8.1\selenium-devtools-v108-4.8.1.jar;C:\Users\Dimas Rizqi Suryana\.m2\repository\org\seleniumhq\selenium\selenium-devtools-v109\4.8.1\selenium-devtools-v109-4.8.1.jar;C:\Users\Dimas Rizqi Suryana\.m2\repository\org\seleniumhq\selenium\selenium-devtools-v110\4.8.1\selenium-devtools-v110-4.8.1.jar;C:\Users\Dimas Rizqi Suryana\.m2\repository\org\seleniumhq\selenium\selenium-devtools-v85\4.8.1\selenium-devtools-v85-4.8.1.jar;C:\Users\Dimas Rizqi Suryana\.m2\repository\org\seleniumhq\selenium\selenium-remote-driver\4.8.1\selenium-remote-driver-4.8.1.jar;C:\Users\Dimas Rizqi Suryana\.m2\repository\com\beust\jcommander\1.82\jcommander-1.82.jar;C:\Users\Dimas Rizqi Suryana\.m2\repository\io\netty\netty-buffer\4.1.87.Final\netty-buffer-4.1.87.Final.jar;C:\Users\Dimas Rizqi Suryana\.m2\repository\io\netty\netty-codec-http\4.1.87.Final\netty-codec-http-4.1.87.Final.jar;C:\Users\Dimas Rizqi Suryana\.m2\repository\io\netty\netty-codec\4.1.87.Final\netty-codec-4.1.87.Final.jar;C:\Users\Dimas Rizqi Suryana\.m2\repository\io\netty\netty-handler\4.1.87.Final\netty-handler-4.1.87.Final.jar;C:\Users\Dimas Rizqi Suryana\.m2\repository\io\netty\netty-common\4.1.87.Final\netty-common-4.1.87.Final.jar;C:\Users\Dimas Rizqi Suryana\.m2\repository\io\netty\netty-transport-classes-epoll\4.1.87.Final\netty-transport-classes-epoll-4.1.87.Final.jar;C:\Users\Dimas Rizqi Suryana\.m2\repository\io\netty\netty-transport-classes-kqueue\4.1.87.Final\netty-transport-classes-kqueue-4.1.87.Final.jar;C:\Users\Dimas Rizqi Suryana\.m2\repository\io\netty\netty-transport-native-epoll\4.1.87.Final\netty-transport-native-epoll-4.1.87.Final.jar;C:\Users\Dimas Rizqi Suryana\.m2\repository\io\netty\netty-transport-native-kqueue\4.1.87.Final\netty-transport-native-kqueue-4.1.87.Final.jar;C:\Users\Dimas Rizqi Suryana\.m2\repository\io\netty\netty-transport-native-unix-common\4.1.87.Final\netty-transport-native-unix-common-4.1.87.Final.jar;C:\Users\Dimas Rizqi Suryana\.m2\repository\io\netty\netty-transport\4.1.87.Final\netty-transport-4.1.87.Final.jar;C:\Users\Dimas Rizqi Suryana\.m2\repository\io\netty\netty-resolver\4.1.87.Final\netty-resolver-4.1.87.Final.jar;C:\Users\Dimas Rizqi Suryana\.m2\repository\io\opentelemetry\opentelemetry-api\1.22.0\opentelemetry-api-1.22.0.jar;C:\Users\Dimas Rizqi Suryana\.m2\repository\io\opentelemetry\opentelemetry-context\1.22.0\opentelemetry-context-1.22.0.jar;C:\Users\Dimas Rizqi Suryana\.m2\repository\io\opentelemetry\opentelemetry-exporter-logging\1.22.0\opentelemetry-exporter-logging-1.22.0.jar;C:\Users\Dimas Rizqi Suryana\.m2\repository\io\opentelemetry\opentelemetry-sdk-metrics\1.22.0\opentelemetry-sdk-metrics-1.22.0.jar;C:\Users\Dimas Rizqi Suryana\.m2\repository\io\opentelemetry\opentelemetry-sdk-logs\1.22.0-alpha\opentelemetry-sdk-logs-1.22.0-alpha.jar;C:\Users\Dimas Rizqi Suryana\.m2\repository\io\opentelemetry\opentelemetry-api-logs\1.22.0-alpha\opentelemetry-api-logs-1.22.0-alpha.jar;C:\Users\Dimas Rizqi Suryana\.m2\repository\io\opentelemetry\opentelemetry-sdk-common\1.22.0\opentelemetry-sdk-common-1.22.0.jar;C:\Users\Dimas Rizqi Suryana\.m2\repository\io\opentelemetry\opentelemetry-sdk-extension-autoconfigure-spi\1.22.0\opentelemetry-sdk-extension-autoconfigure-spi-1.22.0.jar;C:\Users\Dimas Rizqi Suryana\.m2\repository\io\opentelemetry\opentelemetry-sdk-extension-autoconfigure\1.22.0-alpha\opentelemetry-sdk-extension-autoconfigure-1.22.0-alpha.jar;C:\Users\Dimas Rizqi Suryana\.m2\repository\io\opentelemetry\opentelemetry-sdk-trace\1.22.0\opentelemetry-sdk-trace-1.22.0.jar;C:\Users\Dimas Rizqi Suryana\.m2\repository\io\opentelemetry\opentelemetry-sdk\1.22.0\opentelemetry-sdk-1.22.0.jar;C:\Users\Dimas Rizqi Suryana\.m2\repository\io\opentelemetry\opentelemetry-semconv\1.22.0-alpha\opentelemetry-semconv-1.22.0-alpha.jar;C:\Users\Dimas Rizqi Suryana\.m2\repository\io\ous\jtoml\2.0.0\jtoml-2.0.0.jar;C:\Users\Dimas Rizqi Suryana\.m2\repository\org\apache\commons\commons-exec\1.3\commons-exec-1.3.jar;C:\Users\Dimas Rizqi Suryana\.m2\repository\org\asynchttpclient\async-http-client\2.12.3\async-http-client-2.12.3.jar;C:\Users\Dimas Rizqi Suryana\.m2\repository\org\asynchttpclient\async-http-client-netty-utils\2.12.3\async-http-client-netty-utils-2.12.3.jar;C:\Users\Dimas Rizqi Suryana\.m2\repository\io\netty\netty-codec-socks\4.1.60.Final\netty-codec-socks-4.1.60.Final.jar;C:\Users\Dimas Rizqi Suryana\.m2\repository\io\netty\netty-handler-proxy\4.1.60.Final\netty-handler-proxy-4.1.60.Final.jar;C:\Users\Dimas Rizqi Suryana\.m2\repository\io\netty\netty-transport-native-epoll\4.1.60.Final\netty-transport-native-epoll-4.1.60.Final-linux-x86_64.jar;C:\Users\Dimas Rizqi Suryana\.m2\repository\io\netty\netty-transport-native-kqueue\4.1.60.Final\netty-transport-native-kqueue-4.1.60.Final-osx-x86_64.jar;C:\Users\Dimas Rizqi Suryana\.m2\repository\org\reactivestreams\reactive-streams\1.0.3\reactive-streams-1.0.3.jar;C:\Users\Dimas Rizqi Suryana\.m2\repository\com\typesafe\netty\netty-reactive-streams\2.0.4\netty-reactive-streams-2.0.4.jar;C:\Users\Dimas Rizqi Suryana\.m2\repository\org\seleniumhq\selenium\selenium-manager\4.8.1\selenium-manager-4.8.1.jar;C:\Users\Dimas Rizqi Suryana\.m2\repository\org\seleniumhq\selenium\selenium-safari-driver\4.8.1\selenium-safari-driver-4.8.1.jar;C:\Users\Dimas Rizqi Suryana\.m2\repository\org\seleniumhq\selenium\selenium-api\4.8.1\selenium-api-4.8.1.jar;C:\Users\Dimas Rizqi Suryana\.m2\repository\org\seleniumhq\selenium\selenium-support\4.8.1\selenium-support-4.8.1.jar;C:\Users\Dimas Rizqi Suryana\.m2\repository\com\google\auto\service\auto-service-annotations\1.0.1\auto-service-annotations-1.0.1.jar;C:\Users\Dimas Rizqi Suryana\.m2\repository\com\google\auto\service\auto-service\1.0.1\auto-service-1.0.1.jar;C:\Users\Dimas Rizqi Suryana\.m2\repository\com\google\auto\auto-common\1.2\auto-common-1.2.jar;C:\Users\Dimas Rizqi Suryana\.m2\repository\org\seleniumhq\selenium\selenium-json\4.8.1\selenium-json-4.8.1.jar;C:\Users\Dimas Rizqi Suryana\.m2\repository\org\seleniumhq\selenium\selenium-chrome-driver\4.8.1\selenium-chrome-driver-4.8.1.jar;C:\Users\Dimas Rizqi Suryana\.m2\repository\org\seleniumhq\selenium\selenium-chromium-driver\4.8.1\selenium-chromium-driver-4.8.1.jar;C:\Users\Dimas Rizqi Suryana\.m2\repository\org\seleniumhq\selenium\selenium-firefox-driver\4.8.1\selenium-firefox-driver-4.8.1.jar;C:\Users\Dimas Rizqi Suryana\.m2\repository\org\seleniumhq\selenium\selenium-http\4.8.1\selenium-http-4.8.1.jar;C:\Users\Dimas Rizqi Suryana\.m2\repository\dev\failsafe\failsafe\3.3.0\failsafe-3.3.0.jar;C:\Users\Dimas Rizqi Suryana\.m2\repository\org\seleniumhq\selenium\selenium-edge-driver\4.8.1\selenium-edge-driver-4.8.1.jar;C:\Users\Dimas Rizqi Suryana\.m2\repository\org\seleniumhq\selenium\selenium-ie-driver\4.8.1\selenium-ie-driver-4.8.1.jar;C:\Users\Dimas Rizqi Suryana\.m2\repository\org\projectlombok\lombok\1.18.20\lombok-1.18.20.jar;C:\Users\Dimas Rizqi Suryana\.m2\repository\io\appium\java-client\8.3.0\java-client-8.3.0.jar;C:\Users\Dimas Rizqi Suryana\.m2\repository\commons-validator\commons-validator\1.7\commons-validator-1.7.jar;C:\Users\Dimas Rizqi Suryana\.m2\repository\commons-digester\commons-digester\2.1\commons-digester-2.1.jar;C:\Users\Dimas Rizqi Suryana\.m2\repository\net\sf\opencsv\opencsv\2.0\opencsv-2.0.jar;C:\Users\Dimas Rizqi Suryana\.m2\repository\commons-beanutils\commons-beanutils\1.9.4\commons-beanutils-1.9.4.jar;C:\Users\Dimas Rizqi Suryana\.m2\repository\org\apache\commons\commons-lang3\3.12.0\commons-lang3-3.12.0.jar;C:\Users\Dimas Rizqi Suryana\.m2\repository\commons-collections\commons-collections\3.2.2\commons-collections-3.2.2.jar;C:\Users\Dimas Rizqi Suryana\.m2\repository\org\fluentlenium\fluentlenium-core\0.10.2\fluentlenium-core-0.10.2.jar;C:\Users\Dimas Rizqi Suryana\.m2\repository\io\github\bonigarcia\webdrivermanager\5.3.0\webdrivermanager-5.3.0.jar;C:\Users\Dimas Rizqi Suryana\.m2\repository\com\github\docker-java\docker-java\3.2.13\docker-java-3.2.13.jar;C:\Users\Dimas Rizqi Suryana\.m2\repository\com\github\docker-java\docker-java-core\3.2.13\docker-java-core-3.2.13.jar;C:\Users\Dimas Rizqi Suryana\.m2\repository\com\github\docker-java\docker-java-api\3.2.13\docker-java-api-3.2.13.jar;C:\Users\Dimas Rizqi Suryana\.m2\repository\org\apache\commons\commons-compress\1.21\commons-compress-1.21.jar;C:\Users\Dimas Rizqi Suryana\.m2\repository\org\bouncycastle\bcpkix-jdk15on\1.64\bcpkix-jdk15on-1.64.jar;C:\Users\Dimas Rizqi Suryana\.m2\repository\org\bouncycastle\bcprov-jdk15on\1.64\bcprov-jdk15on-1.64.jar;C:\Users\Dimas Rizqi Suryana\.m2\repository\org\slf4j\jcl-over-slf4j\1.7.30\jcl-over-slf4j-1.7.30.jar;C:\Users\Dimas Rizqi Suryana\.m2\repository\com\github\docker-java\docker-java-transport-httpclient5\3.2.13\docker-java-transport-httpclient5-3.2.13.jar;C:\Users\Dimas Rizqi Suryana\.m2\repository\com\github\docker-java\docker-java-transport\3.2.13\docker-java-transport-3.2.13.jar;C:\Users\Dimas Rizqi Suryana\.m2\repository\net\java\dev\jna\jna\5.8.0\jna-5.8.0.jar;C:\Users\Dimas Rizqi Suryana\.m2\repository\org\brotli\dec\0.1.2\dec-0.1.2.jar;C:\Users\Dimas Rizqi Suryana\.m2\repository\org\apache\httpcomponents\client5\httpclient5\5.1.3\httpclient5-5.1.3.jar;C:\Users\Dimas Rizqi Suryana\.m2\repository\org\apache\httpcomponents\core5\httpcore5\5.1.3\httpcore5-5.1.3.jar;C:\Users\Dimas Rizqi Suryana\.m2\repository\org\apache\httpcomponents\core5\httpcore5-h2\5.1.3\httpcore5-h2-5.1.3.jar;C:\Users\Dimas Rizqi Suryana\.m2\repository\com\jhlabs\filters\2.0.235\filters-2.0.235.jar;C:\Users\Dimas Rizqi Suryana\.m2\repository\com\paulhammant\ngwebdriver\1.1.6\ngwebdriver-1.1.6.jar;C:\Users\Dimas Rizqi Suryana\.m2\repository\joda-time\joda-time\2.12.2\joda-time-2.12.2.jar;C:\Users\Dimas Rizqi Suryana\.m2\repository\org\hamcrest\hamcrest\2.2\hamcrest-2.2.jar;C:\Users\Dimas Rizqi Suryana\.m2\repository\com\google\jimfs\jimfs\1.2\jimfs-1.2.jar;C:\Users\Dimas Rizqi Suryana\.m2\repository\org\mockito\mockito-core\3.3.3\mockito-core-3.3.3.jar;C:\Users\Dimas Rizqi Suryana\.m2\repository\javax\xml\bind\jaxb-api\2.3.1\jaxb-api-2.3.1.jar;C:\Users\Dimas Rizqi Suryana\.m2\repository\javax\activation\javax.activation-api\1.2.0\javax.activation-api-1.2.0.jar;C:\Users\Dimas Rizqi Suryana\.m2\repository\com\sun\xml\bind\jaxb-core\2.3.0.1\jaxb-core-2.3.0.1.jar;C:\Users\Dimas Rizqi Suryana\.m2\repository\com\sun\xml\bind\jaxb-impl\2.3.3\jaxb-impl-2.3.3.jar;C:\Users\Dimas Rizqi Suryana\.m2\repository\jakarta\xml\bind\jakarta.xml.bind-api\2.3.3\jakarta.xml.bind-api-2.3.3.jar;C:\Users\Dimas Rizqi Suryana\.m2\repository\com\sun\activation\jakarta.activation\1.2.2\jakarta.activation-1.2.2.jar;C:\Users\Dimas Rizqi Suryana\.m2\repository\javax\activation\activation\1.1.1\activation-1.1.1.jar;C:\Users\Dimas Rizqi Suryana\.m2\repository\net\serenity-bdd\serenity-cucumber\3.6.21\serenity-cucumber-3.6.21.jar;C:\Users\Dimas Rizqi Suryana\.m2\repository\io\cucumber\cucumber-core\7.11.0\cucumber-core-7.11.0.jar;C:\Users\Dimas Rizqi Suryana\.m2\repository\io\cucumber\cucumber-gherkin\7.11.0\cucumber-gherkin-7.11.0.jar;C:\Users\Dimas Rizqi Suryana\.m2\repository\io\cucumber\cucumber-gherkin-messages\7.11.0\cucumber-gherkin-messages-7.11.0.jar;C:\Users\Dimas Rizqi Suryana\.m2\repository\io\cucumber\gherkin\26.0.3\gherkin-26.0.3.jar;C:\Users\Dimas Rizqi Suryana\.m2\repository\io\cucumber\messages\21.0.1\messages-21.0.1.jar;C:\Users\Dimas Rizqi Suryana\.m2\repository\io\cucumber\tag-expressions\5.0.1\tag-expressions-5.0.1.jar;C:\Users\Dimas Rizqi Suryana\.m2\repository\io\cucumber\cucumber-expressions\16.1.1\cucumber-expressions-16.1.1.jar;C:\Users\Dimas Rizqi Suryana\.m2\repository\io\cucumber\datatable\7.11.0\datatable-7.11.0.jar;C:\Users\Dimas Rizqi Suryana\.m2\repository\io\cucumber\cucumber-plugin\7.11.0\cucumber-plugin-7.11.0.jar;C:\Users\Dimas Rizqi Suryana\.m2\repository\io\cucumber\docstring\7.11.0\docstring-7.11.0.jar;C:\Users\Dimas Rizqi Suryana\.m2\repository\io\cucumber\html-formatter\20.2.1\html-formatter-20.2.1.jar;C:\Users\Dimas Rizqi Suryana\.m2\repository\io\cucumber\junit-xml-formatter\0.1.0\junit-xml-formatter-0.1.0.jar;C:\Users\Dimas Rizqi Suryana\.m2\repository\io\cucumber\ci-environment\9.1.0\ci-environment-9.1.0.jar;C:\Users\Dimas Rizqi Suryana\.m2\repository\io\cucumber\cucumber-java\7.11.0\cucumber-java-7.11.0.jar;C:\Users\Dimas Rizqi Suryana\.m2\repository\io\cucumber\cucumber-junit\7.11.0\cucumber-junit-7.11.0.jar;C:\Users\Dimas Rizqi Suryana\.m2\repository\org\apache\commons\commons-csv\1.5\commons-csv-1.5.jar;C:\Users\Dimas Rizqi Suryana\.m2\repository\net\serenity-bdd\serenity-screenplay\3.6.21\serenity-screenplay-3.6.21.jar;C:\Users\Dimas Rizqi Suryana\.m2\repository\net\serenity-bdd\serenity-screenplay-webdriver\3.6.21\serenity-screenplay-webdriver-3.6.21.jar;C:\Users\Dimas Rizqi Suryana\.m2\repository\net\serenity-bdd\serenity-ensure\3.6.21\serenity-ensure-3.6.21.jar;C:\Users\Dimas Rizqi Suryana\.m2\repository\net\serenity-bdd\serenity-junit\3.6.21\serenity-junit-3.6.21.jar;C:\Users\Dimas Rizqi Suryana\.m2\repository\org\jetbrains\kotlin\kotlin-stdlib\1.8.10\kotlin-stdlib-1.8.10.jar;C:\Users\Dimas Rizqi Suryana\.m2\repository\org\jetbrains\kotlin\kotlin-stdlib-common\1.8.10\kotlin-stdlib-common-1.8.10.jar;C:\Users\Dimas Rizqi Suryana\.m2\repository\org\jetbrains\annotations\13.0\annotations-13.0.jar;C:\Users\Dimas Rizqi Suryana\.m2\repository\org\junit\platform\junit-platform-launcher\1.8.2\junit-platform-launcher-1.8.2.jar;C:\Users\Dimas Rizqi Suryana\.m2\repository\org\junit\platform\junit-platform-engine\1.8.2\junit-platform-engine-1.8.2.jar;C:\Users\Dimas Rizqi Suryana\.m2\repository\org\junit\platform\junit-platform-commons\1.8.2\junit-platform-commons-1.8.2.jar;C:\Users\Dimas Rizqi Suryana\.m2\repository\org\apiguardian\apiguardian-api\1.1.2\apiguardian-api-1.1.2.jar;C:\Users\Dimas Rizqi Suryana\.m2\repository\org\junit\jupiter\junit-jupiter-engine\5.8.2\junit-jupiter-engine-5.8.2.jar;C:\Users\Dimas Rizqi Suryana\.m2\repository\org\junit\jupiter\junit-jupiter-api\5.8.2\junit-jupiter-api-5.8.2.jar;C:\Users\Dimas Rizqi Suryana\.m2\repository\org\junit\vintage\junit-vintage-engine\5.8.2\junit-vintage-engine-5.8.2.jar;C:\Users\Dimas Rizqi Suryana\.m2\repository\junit\junit\4.13.2\junit-4.13.2.jar;C:\Users\Dimas Rizqi Suryana\.m2\repository\org\hamcrest\hamcrest-core\1.3\hamcrest-core-1.3.jar;C:\Users\Dimas Rizqi Suryana\.m2\repository\ch\qos\logback\logback-classic\1.2.10\logback-classic-1.2.10.jar;C:\Users\Dimas Rizqi Suryana\.m2\repository\ch\qos\logback\logback-core\1.2.10\logback-core-1.2.10.jar;C:\Users\Dimas Rizqi Suryana\.m2\repository\org\slf4j\slf4j-api\1.7.32\slf4j-api-1.7.32.jar;C:\Users\Dimas Rizqi Suryana\.m2\repository\org\assertj\assertj-core\3.23.1\assertj-core-3.23.1.jar;C:\Users\Dimas Rizqi Suryana\.m2\repository\net\bytebuddy\byte-buddy\1.12.10\byte-buddy-1.12.10.jar;C:\Users\Dimas Rizqi Suryana\.m2\repository\com\googlecode\json-simple\json-simple\1.1.1\json-simple-1.1.1.jar;C:\Users\Dimas Rizqi Suryana\.m2\repository\org\apache\maven\surefire\surefire-junit-platform\3.0.0-M5\surefire-junit-platform-3.0.0-M5.jar;C:\Users\Dimas Rizqi Suryana\.m2\repository\org\apache\maven\surefire\common-java5\3.0.0-M5\common-java5-3.0.0-M5.jar"/>
    <property name="user.script" value=""/>
    <property name="sun.management.compiler" value="HotSpot 64-Bit Tiered Compilers"/>
    <property name="java.runtime.version" value="18.0.2.1+1-1"/>
    <property name="user.name" value="Dimas Rizqi Suryana"/>
    <property name="path.separator" value=";"/>
    <property name="os.version" value="10.0"/>
    <property name="java.runtime.name" value="Java(TM) SE Runtime Environment"/>
    <property name="file.encoding" value="UTF-8"/>
    <property name="webdriver.base.url" value=""/>
    <property name="java.vm.name" value="Java HotSpot(TM) 64-Bit Server VM"/>
    <property name="localRepository" value="C:\Users\Dimas Rizqi Suryana\.m2\repository"/>
    <property name="java.vendor.url.bug" value="https://bugreport.java.com/bugreport/"/>
    <property name="java.io.tmpdir" value="C:\Users\DIMASR~1\AppData\Local\Temp\"/>
    <property name="java.version" value="18.0.2.1"/>
    <property name="user.dir" value="C:\Users\Dimas Rizqi Suryana\Mini_Project2"/>
    <property name="os.arch" value="amd64"/>
    <property name="java.vm.specification.name" value="Java Virtual Machine Specification"/>
    <property name="sun.os.patch.level" value=""/>
    <property name="native.encoding" value="Cp1252"/>
    <property name="java.library.path" value="C:\Program Files\Java\jdk-18.0.2.1\bin;C:\WINDOWS\Sun\Java\bin;C:\WINDOWS\system32;C:\WINDOWS;C:\Program Files\Common Files\Oracle\Java\javapath;C:\Program Files\Eclipse Adoptium\jdk-11.0.17.8-hotspot\bin;C:\Windows\system32;C:\Windows;C:\Windows\System32\Wbem;C:\Windows\System32\WindowsPowerShell\v1.0\;C:\Windows\System32\OpenSSH\;C:\Program Files (x86)\NVIDIA Corporation\PhysX\Common;C:\Program Files\NVIDIA Corporation\NVIDIA NvDLISR;C:\Program Files\IBM\SPSS\Statistics\25\JRE\bin;C:\Program Files (x86)\IBM\SPSS\Statistics\22\JRE\bin;C:\WINDOWS\system32;C:\WINDOWS;C:\WINDOWS\System32\Wbem;C:\WINDOWS\System32\WindowsPowerShell\v1.0\;C:\WINDOWS\System32\OpenSSH\;C:\Program Files\Java\jdk-18.0.2.1\bin;C:\Users\Dimas Rizqi Suryana\Downloads\apache-maven-3.9.1-bin\apache-maven-3.9.1\bin;C:\Program Files\nodejs\;C:\Users\Dimas Rizqi Suryana\AppData\Local\Android\Sdk\tools\bin;C:\Users\Dimas Rizqi Suryana\AppData\Local\Android\Sdk\tools;C:\Users\Dimas Rizqi Suryana\AppData\Local\Android\Sdk\platform-tools;C:\Users\Dimas Rizqi Suryana\AppData\Local\Microsoft\WindowsApps;C:\Users\Dimas Rizqi Suryana\AppData\Local\Programs\Microsoft VS Code\bin;C:\Users\Dimas Rizqi Suryana\AppData\Local\GitHubDesktop\bin;C:\Users\Dimas Rizqi Suryana\AppData\Local\Microsoft\WindowsApps;;C:\Program Files\JetBrains\IntelliJ IDEA Community Edition 2022.3.2\bin;;C:\Users\Dimas Rizqi Suryana\AppData\Roaming\npm;."/>
    <property name="java.vm.info" value="mixed mode"/>
    <property name="java.vendor" value="Oracle Corporation"/>
    <property name="java.vm.version" value="18.0.2.1+1-1"/>
    <property name="sun.io.unicode.encoding" value="UnicodeLittle"/>
    <property name="java.class.version" value="62.0"/>
  </properties>
  <testcase name="POST - As an admin I have be able to create new category posts" classname="Posts #1" time="8.848">
    <failure type="java.lang.AssertionError"><![CDATA[java.lang.AssertionError: 
1 expectation failed.
JSON path data.id doesn't match.
Expected: <13946>
  Actual: null

]]></failure>
    <system-out><![CDATA[10:14:47.755 [main] DEBUG net.thucydides.core.guice.Injectors - Created injector for module net.thucydides.core.guice.ThucydidesModule
10:14:48.326 [main] DEBUG io.cucumber.core.plugin.SerenityReporter - Running feature from file:///C:/Users/Dimas%20Rizqi%20Suryana/Mini_Project2/src/test/resources/features/User_Category.feature
10:14:48.582 [main] DEBUG net.thucydides.core.guice.Injectors - Created injector for module net.thucydides.core.guice.webdriver.WebDriverModule
10:14:48.615 [main] INFO  - 

-------------------------------------------------------------------------------------
     _______. _______ .______       _______ .__   __.  __  .___________.____    ____ 
    /       ||   ____||   _  \     |   ____||  \ |  | |  | |           |\   \  /   / 
   |   (----`|  |__   |  |_)  |    |  |__   |   \|  | |  | `---|  |----` \   \/   /  
    \   \    |   __|  |      /     |   __|  |  . `  | |  |     |  |       \_    _/   
.----)   |   |  |____ |  |\  \----.|  |____ |  |\   | |  |     |  |         |  |     
|_______/    |_______|| _| `._____||_______||__| \__| |__|     |__|         |__|    
                                                                                     
 News and tutorials at http://www.serenity-bdd.info                                  
 Documentation at https://wakaleo.gitbooks.io/the-serenity-book/content/             
 Join the Serenity Community on Gitter: https://gitter.im/serenity-bdd/serenity-core 
 Serenity BDD Support and Training at http://serenity-bdd.info/#/trainingandsupport  
-------------------------------------------------------------------------------------

10:14:48.618 [main] DEBUG net.thucydides.core.steps.StepEventBus - Test suite started for story net.thucydides.core.model.Story@1a702287
10:14:48.622 [main] INFO  - Test Suite Started: Posts
10:14:48.659 [main] DEBUG io.cucumber.core.plugin.SerenityReporter - Running feature from file:///C:/Users/Dimas%20Rizqi%20Suryana/Mini_Project2/src/test/resources/features/User_RatingandComment.feature
10:14:48.667 [main] DEBUG net.thucydides.core.steps.StepEventBus - Test suite started for story net.thucydides.core.model.Story@426c086e
10:14:48.667 [main] INFO  - Test Suite Started: Posts
10:14:48.668 [main] DEBUG io.cucumber.core.plugin.SerenityReporter - Running feature from file:///C:/Users/Dimas%20Rizqi%20Suryana/Mini_Project2/src/test/resources/features/User_Register.feature
10:14:48.671 [main] DEBUG net.thucydides.core.steps.StepEventBus - Test suite started for story net.thucydides.core.model.Story@ca641f2c
10:14:48.672 [main] INFO  - Test Suite Started: Posts
10:14:48.672 [main] DEBUG io.cucumber.core.plugin.SerenityReporter - Running feature from file:///C:/Users/Dimas%20Rizqi%20Suryana/Mini_Project2/src/test/resources/features/User_product.feature
10:14:48.681 [main] DEBUG net.thucydides.core.steps.StepEventBus - Test suite started for story net.thucydides.core.model.Story@b5097730
10:14:48.682 [main] INFO  - Test Suite Started: Posts
10:14:48.683 [main] DEBUG io.cucumber.core.plugin.SerenityReporter - Running feature from file:///C:/Users/Dimas%20Rizqi%20Suryana/Mini_Project2/src/test/resources/features/User_Category.feature
10:14:48.687 [main] DEBUG net.thucydides.core.steps.StepEventBus - Test suite started for story net.thucydides.core.model.Story@1a702287
10:14:48.688 [main] INFO  - Test Suite Started: Posts

Scenario: POST - As an admin I have be able to create new category posts &amp#27;[90m# src/test/resources/features/User_Category.feature:7&amp#27;[0m
10:14:48.805 [main] DEBUG io.cucumber.core.plugin.SerenityReporter - Running feature from file:///C:/Users/Dimas%20Rizqi%20Suryana/Mini_Project2/src/test/resources/features/User_Category.feature
10:14:49.608 [main] INFO  - 
  _____   ___   ___   _____     ___   _____     _     ___   _____   ___   ___  
 |_   _| | __| / __| |_   _|   / __| |_   _|   /_\   | _ \ |_   _| | __| |   \ 
   | |   | _|  \__ \   | |     \__ \   | |    / _ \  |   /   | |   | _|  | |) |
   |_|   |___| |___/   |_|     |___/   |_|   /_/ \_\ |_|_\   |_|   |___| |___/ 

POST - As an admin I have be able to create new category posts(posts;post---as-an-admin-i-have-be-able-to-create-new-category-posts)
--------------------------------------------------------------------------------
10:14:50.371 [main] DEBUG net.thucydides.core.requirements.model.cucumber.CucumberParser - Loading feature C:\Users\Dimas Rizqi Suryana\Mini_Project2\src\test\resources\features\User_Category.feature
10:14:50.402 [main] DEBUG net.thucydides.core.requirements.model.cucumber.CucumberParser - Loading feature C:\Users\Dimas Rizqi Suryana\Mini_Project2\src\test\resources\features\User_product.feature
10:14:50.413 [main] DEBUG net.thucydides.core.requirements.model.cucumber.CucumberParser - Loading feature C:\Users\Dimas Rizqi Suryana\Mini_Project2\src\test\resources\features\User_RatingandComment.feature
10:14:50.427 [main] DEBUG net.thucydides.core.requirements.model.cucumber.CucumberParser - Loading feature C:\Users\Dimas Rizqi Suryana\Mini_Project2\src\test\resources\features\User_Register.feature
10:14:51.398 [main] DEBUG net.thucydides.core.steps.StepInterceptor - STARTING STEP: User_Category_steps.setPostCategoryApiEndpoints - I set POST category api endpoints
10:14:51.409 [main] DEBUG net.thucydides.core.steps.StepInterceptor - STEP DONE: I set POST category api endpoints
  &amp#27;[32mGiven &amp#27;[0m&amp#27;[32mI set POST category api endpoints&amp#27;[0m                                &amp#27;[90m# starter.stepdefinition.User_Category_steps.setPostCategoryApiEndpoints()&amp#27;[0m
10:14:51.442 [main] DEBUG net.thucydides.core.steps.StepInterceptor - STARTING STEP: User_Category_steps.sendPostCategoryHttpRequest - I send POST category HTTP request
10:14:53.204 [main] DEBUG net.thucydides.core.steps.StepInterceptor - STARTING STEP: POST_Category.sendPostCategoryHttpRequest - I set POST category api endpoints
10:14:53.204 [main] DEBUG net.thucydides.core.steps.StepInterceptor - STEP DONE: I set POST category api endpoints
10:14:53.836 [main] DEBUG org.apache.http.impl.conn.BasicClientConnectionManager - Get connection for route {s}->https://altashop-api.fly.dev:443
10:14:54.488 [main] DEBUG org.apache.http.impl.conn.DefaultClientConnectionOperator - Connecting to altashop-api.fly.dev:443
10:14:56.778 [main] DEBUG org.apache.http.client.protocol.RequestAddCookies - CookieSpec selected: ignoreCookies
10:14:56.779 [main] DEBUG org.apache.http.client.protocol.RequestAuthCache - Auth cache not set in the context
10:14:56.779 [main] DEBUG org.apache.http.client.protocol.RequestTargetAuthentication - Target auth state: UNCHALLENGED
10:14:56.779 [main] DEBUG org.apache.http.client.protocol.RequestProxyAuthentication - Proxy auth state: UNCHALLENGED
10:14:56.779 [main] DEBUG org.apache.http.impl.client.DefaultHttpClient - Attempt 1 to execute request
10:14:56.779 [main] DEBUG org.apache.http.impl.conn.DefaultClientConnection - Sending request: POST /api/categories HTTP/1.1
10:14:56.780 [main] DEBUG org.apache.http.wire -  >> "POST /api/categories HTTP/1.1[\r][\n]"
10:14:56.781 [main] DEBUG org.apache.http.wire -  >> "Conten-Type: aplication/json[\r][\n]"
10:14:56.781 [main] DEBUG org.apache.http.wire -  >> "Accept: */*[\r][\n]"
10:14:56.781 [main] DEBUG org.apache.http.wire -  >> "Content-Type: text/plain; charset=ISO-8859-1[\r][\n]"
10:14:56.781 [main] DEBUG org.apache.http.wire -  >> "Content-Length: 53[\r][\n]"
10:14:56.781 [main] DEBUG org.apache.http.wire -  >> "Host: altashop-api.fly.dev[\r][\n]"
10:14:56.781 [main] DEBUG org.apache.http.wire -  >> "Connection: Keep-Alive[\r][\n]"
10:14:56.782 [main] DEBUG org.apache.http.wire -  >> "User-Agent: Apache-HttpClient/4.5.13 (Java/18.0.2.1)[\r][\n]"
10:14:56.782 [main] DEBUG org.apache.http.wire -  >> "Accept-Encoding: gzip,deflate[\r][\n]"
10:14:56.782 [main] DEBUG org.apache.http.wire -  >> "[\r][\n]"
10:14:56.782 [main] DEBUG org.apache.http.headers - >> POST /api/categories HTTP/1.1
10:14:56.782 [main] DEBUG org.apache.http.headers - >> Conten-Type: aplication/json
10:14:56.782 [main] DEBUG org.apache.http.headers - >> Accept: */*
10:14:56.782 [main] DEBUG org.apache.http.headers - >> Content-Type: text/plain; charset=ISO-8859-1
10:14:56.782 [main] DEBUG org.apache.http.headers - >> Content-Length: 53
10:14:56.782 [main] DEBUG org.apache.http.headers - >> Host: altashop-api.fly.dev
10:14:56.782 [main] DEBUG org.apache.http.headers - >> Connection: Keep-Alive
10:14:56.782 [main] DEBUG org.apache.http.headers - >> User-Agent: Apache-HttpClient/4.5.13 (Java/18.0.2.1)
10:14:56.782 [main] DEBUG org.apache.http.headers - >> Accept-Encoding: gzip,deflate
10:14:56.782 [main] DEBUG org.apache.http.wire -  >> "{"name":"gaming","description":"for gaming purposes"}"
10:14:56.828 [main] DEBUG org.apache.http.wire -  << "HTTP/1.1 200 OK[\r][\n]"
10:14:56.829 [main] DEBUG org.apache.http.wire -  << "content-type: application/json[\r][\n]"
10:14:56.829 [main] DEBUG org.apache.http.wire -  << "date: Wed, 31 May 2023 03:14:56 GMT[\r][\n]"
10:14:56.829 [main] DEBUG org.apache.http.wire -  << "content-encoding: gzip[\r][\n]"
10:14:56.829 [main] DEBUG org.apache.http.wire -  << "transfer-encoding: chunked[\r][\n]"
10:14:56.829 [main] DEBUG org.apache.http.wire -  << "server: Fly/fe06e9419 (2023-05-24)[\r][\n]"
10:14:56.829 [main] DEBUG org.apache.http.wire -  << "via: 1.1 fly.io[\r][\n]"
10:14:56.829 [main] DEBUG org.apache.http.wire -  << "fly-request-id: 01H1QWTAMNEA50NW8T1FDTNG6N-sin[\r][\n]"
10:14:56.829 [main] DEBUG org.apache.http.wire -  << "[\r][\n]"
10:14:56.830 [main] DEBUG org.apache.http.impl.conn.DefaultClientConnection - Receiving response: HTTP/1.1 200 OK
10:14:56.830 [main] DEBUG org.apache.http.headers - << HTTP/1.1 200 OK
10:14:56.830 [main] DEBUG org.apache.http.headers - << content-type: application/json
10:14:56.830 [main] DEBUG org.apache.http.headers - << date: Wed, 31 May 2023 03:14:56 GMT
10:14:56.830 [main] DEBUG org.apache.http.headers - << content-encoding: gzip
10:14:56.830 [main] DEBUG org.apache.http.headers - << transfer-encoding: chunked
10:14:56.830 [main] DEBUG org.apache.http.headers - << server: Fly/fe06e9419 (2023-05-24)
10:14:56.830 [main] DEBUG org.apache.http.headers - << via: 1.1 fly.io
10:14:56.830 [main] DEBUG org.apache.http.headers - << fly-request-id: 01H1QWTAMNEA50NW8T1FDTNG6N-sin
10:14:56.834 [main] DEBUG org.apache.http.impl.client.DefaultHttpClient - Connection can be kept alive indefinitely
10:14:56.838 [main] DEBUG io.restassured.internal.RestAssuredHttpBuilder - Parsing response as: application/json
10:14:56.839 [main] DEBUG org.apache.http.wire -  << "5A[\r][\n]"
10:14:56.839 [main] DEBUG org.apache.http.wire -  << "[0x1f][0x8b][0x8][0x0][0x0][0x0][0x0][0x0][0x4][0xff][0xab]VJI,IT[0xb2][0xaa]V[0xf2]tQ[0xb2]2[0xb2]4[0xb5]0[0xd6]Q[0xf2]K[0xcc]MU[0xb2]RJO[0xcc][0xcd][0xcc]KW[0xd2]QrI-N.[0xca],([0xc9][0xcc][0xcf]S[0xb2]RJ[0xcb]/R[0x80]H)[0x14][0x94][0x16][0x15][0xe4][0x17][0xa7][0x16]+[0xd5][0xd6]r[0x1][0x0][0xe1]%[0x82]bJ[0x0][0x0][0x0]"
10:14:56.839 [main] DEBUG org.apache.http.wire -  << "[\r][\n]"
10:14:56.839 [main] DEBUG org.apache.http.wire -  << "0[\r][\n]"
10:14:56.839 [main] DEBUG org.apache.http.wire -  << "[\r][\n]"
10:14:56.839 [main] DEBUG io.restassured.internal.RestAssuredHttpBuilder - Parsed data to instance of: class org.apache.http.conn.EofSensorInputStream
10:14:56.866 [main] DEBUG org.apache.http.impl.conn.BasicClientConnectionManager - Releasing connection org.apache.http.impl.conn.ManagedClientConnectionImpl@54a6ef6
10:14:56.866 [main] DEBUG org.apache.http.impl.conn.BasicClientConnectionManager - Connection can be kept alive indefinitely
10:14:56.883 [main] DEBUG net.thucydides.core.steps.StepInterceptor - STEP DONE: I send POST category HTTP request
  &amp#27;[32mWhen &amp#27;[0m&amp#27;[32mI send POST category HTTP request&amp#27;[0m                                 &amp#27;[90m# starter.stepdefinition.User_Category_steps.sendPostCategoryHttpRequest()&amp#27;[0m
10:14:56.910 [main] DEBUG net.thucydides.core.steps.StepInterceptor - STARTING STEP: User_produuct_steps.reciveValidHttp201 - I receive valid HTTP response code 201
10:14:56.934 [main] DEBUG net.thucydides.core.steps.StepInterceptor - STEP DONE: I receive valid HTTP response code 201
  &amp#27;[32mThen &amp#27;[0m&amp#27;[32mI receive valid HTTP response code 201&amp#27;[0m                            &amp#27;[90m# starter.stepdefinition.User_produuct_steps.reciveValidHttp201()&amp#27;[0m
10:14:56.938 [main] DEBUG net.thucydides.core.steps.StepInterceptor - STARTING STEP: User_Category_steps.reciveValidDataNewCategoryPost - I receive valid data for new category posts
  &amp#27;[31mAnd &amp#27;[0m&amp#27;[31mI receive valid data for new category posts&amp#27;[0m                        &amp#27;[90m# starter.stepdefinition.User_Category_steps.reciveValidDataNewCategoryPost()&amp#27;[0m
      &amp#27;[31mjava.lang.AssertionError: 1 expectation failed.
JSON path data.id doesn't match.
Expected: <13946>
  Actual: null

	at java.base/jdk.internal.reflect.DirectConstructorHandleAccessor.newInstance(DirectConstructorHandleAccessor.java:67)
	at java.base/java.lang.reflect.Constructor.newInstanceWithCaller(Constructor.java:499)
	at java.base/java.lang.reflect.Constructor.newInstance(Constructor.java:483)
	at org.codehaus.groovy.reflection.CachedConstructor.invoke(CachedConstructor.java:73)
	at org.codehaus.groovy.runtime.callsite.ConstructorSite$ConstructorSiteNoUnwrapNoCoerce.callConstructor(ConstructorSite.java:108)
	at org.codehaus.groovy.runtime.callsite.CallSiteArray.defaultCallConstructor(CallSiteArray.java:57)
	at org.codehaus.groovy.runtime.callsite.AbstractCallSite.callConstructor(AbstractCallSite.java:263)
	at org.codehaus.groovy.runtime.callsite.AbstractCallSite.callConstructor(AbstractCallSite.java:277)
	at io.restassured.internal.ResponseSpecificationImpl$HamcrestAssertionClosure.validate(ResponseSpecificationImpl.groovy:512)
	at io.restassured.internal.ResponseSpecificationImpl$HamcrestAssertionClosure$validate$1.call(Unknown Source)
	at io.restassured.internal.ResponseSpecificationImpl.validateResponseIfRequired(ResponseSpecificationImpl.groovy:696)
	at io.restassured.internal.ResponseSpecificationImpl.this$2$validateResponseIfRequired(ResponseSpecificationImpl.groovy)
	at java.base/jdk.internal.reflect.DirectMethodHandleAccessor.invoke(DirectMethodHandleAccessor.java:104)
	at java.base/java.lang.reflect.Method.invoke(Method.java:577)
	at org.codehaus.groovy.runtime.callsite.PlainObjectMetaMethodSite.doInvoke(PlainObjectMetaMethodSite.java:43)
	at org.codehaus.groovy.runtime.callsite.PogoMetaMethodSite$PogoCachedMethodSiteNoUnwrapNoCoerce.invoke(PogoMetaMethodSite.java:198)
	at org.codehaus.groovy.runtime.callsite.PogoMetaMethodSite.callCurrent(PogoMetaMethodSite.java:62)
	at org.codehaus.groovy.runtime.callsite.CallSiteArray.defaultCallCurrent(CallSiteArray.java:49)
	at org.codehaus.groovy.runtime.callsite.AbstractCallSite.callCurrent(AbstractCallSite.java:171)
	at org.codehaus.groovy.runtime.callsite.AbstractCallSite.callCurrent(AbstractCallSite.java:185)
	at io.restassured.internal.ResponseSpecificationImpl.body(ResponseSpecificationImpl.groovy:270)
	at io.restassured.specification.ResponseSpecification$body$1.callCurrent(Unknown Source)
	at org.codehaus.groovy.runtime.callsite.CallSiteArray.defaultCallCurrent(CallSiteArray.java:49)
	at org.codehaus.groovy.runtime.callsite.AbstractCallSite.callCurrent(AbstractCallSite.java:171)
	at org.codehaus.groovy.runtime.callsite.AbstractCallSite.callCurrent(AbstractCallSite.java:212)
	at io.restassured.internal.ResponseSpecificationImpl.body(ResponseSpecificationImpl.groovy:117)
	at io.restassured.internal.ValidatableResponseOptionsImpl.body(ValidatableResponseOptionsImpl.java:244)
	at minpro@1.0-SNAPSHOT/starter.user.POST_Category.lambda$validateDataNewCategoryPost$0(POST_Category.java:32)
	at net.serenitybdd.rest.SerenityRest.restAssuredThat(SerenityRest.java:626)
	at minpro@1.0-SNAPSHOT/starter.user.POST_Category.validateDataNewCategoryPost(POST_Category.java:32)
	at minpro@1.0-SNAPSHOT/starter.user.POST_Category$ByteBuddy$YiSHT9tv.validateDataNewCategoryPost$accessor$4wkdrGLe(Unknown Source)
	at java.base/jdk.internal.reflect.DirectMethodHandleAccessor.invoke(DirectMethodHandleAccessor.java:104)
	at java.base/java.lang.reflect.Method.invoke(Method.java:577)
	at net.thucydides.core.steps.StepInterceptor.invokeMethod(StepInterceptor.java:518)
	at net.thucydides.core.steps.StepInterceptor.executeTestStepMethod(StepInterceptor.java:498)
	at net.thucydides.core.steps.StepInterceptor.runTestStep(StepInterceptor.java:472)
	at net.thucydides.core.steps.StepInterceptor.runOrSkipMethod(StepInterceptor.java:211)
	at net.thucydides.core.steps.StepInterceptor.testStepResult(StepInterceptor.java:198)
	at net.thucydides.core.steps.StepInterceptor.intercept(StepInterceptor.java:86)
	at net.thucydides.core.steps.ProxyConfiguration$InterceptorDispatcher.intercept(ProxyConfiguration.java:51)
	at minpro@1.0-SNAPSHOT/starter.user.POST_Category$ByteBuddy$YiSHT9tv.validateDataNewCategoryPost(Unknown Source)
	at minpro@1.0-SNAPSHOT/starter.stepdefinition.User_Category_steps.reciveValidDataNewCategoryPost(User_Category_steps.java:41)
	at ✽.I receive valid data for new category posts(file:///C:/Users/Dimas%20Rizqi%20Suryana/Mini_Project2/src/test/resources/features/User_Category.feature:11)
&amp#27;[0m
10:14:57.455 [main] ERROR  - 
  _____   ___   ___   _____     ___     _     ___   _      ___   ___  
 |_   _| | __| / __| |_   _|   | __|   /_\   |_ _| | |    | __| |   \ 
   | |   | _|  \__ \   | |     | _|   / _ \   | |  | |__  | _|  | |) |
   |_|   |___| |___/   |_|     |_|   /_/ \_\ |___| |____| |___| |___/ 

POST - As an admin I have be able to create new category posts
-----------------------------------------------------------------------
10:14:57.458 [main] DEBUG  - RELATED ISSUES: 
10:14:57.542 [main] ERROR  -     Test failed at step: I receive valid data for new category posts
10:14:57.543 [main] ERROR  -     1 expectation failed.JSON path data.id doesn't match.Expected: <13946>  Actual: null
]]></system-out>
  </testcase>
  <testcase name="POST - As an admin I shouldn&apos;t be able to create new category posts with invalid url" classname="Posts #1" time="0.183">
    <system-out><![CDATA[
Scenario: POST - As an admin I shouldn't be able to create new category posts with invalid url &amp#27;[90m# src/test/resources/features/User_Category.feature:13&amp#27;[0m
10:14:57.565 [main] DEBUG io.cucumber.core.plugin.SerenityReporter - Running feature from file:///C:/Users/Dimas%20Rizqi%20Suryana/Mini_Project2/src/test/resources/features/User_Category.feature
10:14:57.570 [main] INFO  - 
  _____   ___   ___   _____     ___   _____     _     ___   _____   ___   ___  
 |_   _| | __| / __| |_   _|   / __| |_   _|   /_\   | _ \ |_   _| | __| |   \ 
   | |   | _|  \__ \   | |     \__ \   | |    / _ \  |   /   | |   | _|  | |) |
   |_|   |___| |___/   |_|     |___/   |_|   /_/ \_\ |_|_\   |_|   |___| |___/ 

POST - As an admin I shouldn't be able to create new category posts with invalid url(posts;post---as-an-admin-i-shouldn-t-be-able-to-create-new-category-posts-with-invalid-url)
--------------------------------------------------------------------------------
10:14:57.592 [main] DEBUG net.thucydides.core.steps.StepInterceptor - STARTING STEP: User_Category_steps.setInvalidPostCategoryApiEndpoints - I set typo POST category api endpoints
10:14:57.593 [main] DEBUG net.thucydides.core.steps.StepInterceptor - STEP DONE: I set typo POST category api endpoints
  &amp#27;[32mGiven &amp#27;[0m&amp#27;[32mI set typo POST category api endpoints&amp#27;[0m                                                 &amp#27;[90m# starter.stepdefinition.User_Category_steps.setInvalidPostCategoryApiEndpoints()&amp#27;[0m
10:14:57.608 [main] DEBUG net.thucydides.core.steps.StepInterceptor - STARTING STEP: User_produuct_steps.sendPostInvalidHttpRequest - I send typo POST HTTP request
10:14:57.610 [main] DEBUG net.thucydides.core.steps.StepInterceptor - STARTING STEP: POST_Product.sendInvalidPostHttpRequest - I set typo POST api endpoints
10:14:57.612 [main] DEBUG net.thucydides.core.steps.StepInterceptor - STEP DONE: I set typo POST api endpoints
10:14:57.645 [main] DEBUG org.apache.http.impl.conn.BasicClientConnectionManager - Get connection for route {s}->https://altashop-api.fly.dev:443
10:14:57.645 [main] DEBUG org.apache.http.impl.conn.DefaultClientConnectionOperator - Connecting to altashop-api.fly.dev:443
10:14:57.699 [main] DEBUG org.apache.http.client.protocol.RequestAddCookies - CookieSpec selected: ignoreCookies
10:14:57.700 [main] DEBUG org.apache.http.client.protocol.RequestAuthCache - Auth cache not set in the context
10:14:57.700 [main] DEBUG org.apache.http.client.protocol.RequestTargetAuthentication - Target auth state: UNCHALLENGED
10:14:57.700 [main] DEBUG org.apache.http.client.protocol.RequestProxyAuthentication - Proxy auth state: UNCHALLENGED
10:14:57.700 [main] DEBUG org.apache.http.impl.client.DefaultHttpClient - Attempt 1 to execute request
10:14:57.700 [main] DEBUG org.apache.http.impl.conn.DefaultClientConnection - Sending request: GET /api/product HTTP/1.1
10:14:57.700 [main] DEBUG org.apache.http.wire -  >> "GET /api/product HTTP/1.1[\r][\n]"
10:14:57.700 [main] DEBUG org.apache.http.wire -  >> "Accept: */*[\r][\n]"
10:14:57.700 [main] DEBUG org.apache.http.wire -  >> "Host: altashop-api.fly.dev[\r][\n]"
10:14:57.700 [main] DEBUG org.apache.http.wire -  >> "Connection: Keep-Alive[\r][\n]"
10:14:57.700 [main] DEBUG org.apache.http.wire -  >> "User-Agent: Apache-HttpClient/4.5.13 (Java/18.0.2.1)[\r][\n]"
10:14:57.700 [main] DEBUG org.apache.http.wire -  >> "Accept-Encoding: gzip,deflate[\r][\n]"
10:14:57.700 [main] DEBUG org.apache.http.wire -  >> "[\r][\n]"
10:14:57.700 [main] DEBUG org.apache.http.headers - >> GET /api/product HTTP/1.1
10:14:57.700 [main] DEBUG org.apache.http.headers - >> Accept: */*
10:14:57.700 [main] DEBUG org.apache.http.headers - >> Host: altashop-api.fly.dev
10:14:57.700 [main] DEBUG org.apache.http.headers - >> Connection: Keep-Alive
10:14:57.700 [main] DEBUG org.apache.http.headers - >> User-Agent: Apache-HttpClient/4.5.13 (Java/18.0.2.1)
10:14:57.700 [main] DEBUG org.apache.http.headers - >> Accept-Encoding: gzip,deflate
10:14:57.720 [main] DEBUG org.apache.http.wire -  << "HTTP/1.1 404 Not Found[\r][\n]"
10:14:57.720 [main] DEBUG org.apache.http.wire -  << "date: Wed, 31 May 2023 03:14:57 GMT[\r][\n]"
10:14:57.720 [main] DEBUG org.apache.http.wire -  << "content-encoding: gzip[\r][\n]"
10:14:57.720 [main] DEBUG org.apache.http.wire -  << "content-type: text/plain; charset=utf-8[\r][\n]"
10:14:57.720 [main] DEBUG org.apache.http.wire -  << "transfer-encoding: chunked[\r][\n]"
10:14:57.720 [main] DEBUG org.apache.http.wire -  << "server: Fly/fe06e9419 (2023-05-24)[\r][\n]"
10:14:57.720 [main] DEBUG org.apache.http.wire -  << "via: 1.1 fly.io[\r][\n]"
10:14:57.720 [main] DEBUG org.apache.http.wire -  << "fly-request-id: 01H1QWTBHBGRTR87M9Z407JXVX-sin[\r][\n]"
10:14:57.720 [main] DEBUG org.apache.http.wire -  << "[\r][\n]"
10:14:57.720 [main] DEBUG org.apache.http.impl.conn.DefaultClientConnection - Receiving response: HTTP/1.1 404 Not Found
10:14:57.720 [main] DEBUG org.apache.http.headers - << HTTP/1.1 404 Not Found
10:14:57.720 [main] DEBUG org.apache.http.headers - << date: Wed, 31 May 2023 03:14:57 GMT
10:14:57.720 [main] DEBUG org.apache.http.headers - << content-encoding: gzip
10:14:57.720 [main] DEBUG org.apache.http.headers - << content-type: text/plain; charset=utf-8
10:14:57.720 [main] DEBUG org.apache.http.headers - << transfer-encoding: chunked
10:14:57.720 [main] DEBUG org.apache.http.headers - << server: Fly/fe06e9419 (2023-05-24)
10:14:57.720 [main] DEBUG org.apache.http.headers - << via: 1.1 fly.io
10:14:57.720 [main] DEBUG org.apache.http.headers - << fly-request-id: 01H1QWTBHBGRTR87M9Z407JXVX-sin
10:14:57.720 [main] DEBUG org.apache.http.impl.client.DefaultHttpClient - Connection can be kept alive indefinitely
10:14:57.720 [main] DEBUG io.restassured.internal.RestAssuredHttpBuilder - Parsing response as: text/plain; charset=utf-8
10:14:57.720 [main] DEBUG org.apache.http.wire -  << "1E[\r][\n]"
10:14:57.720 [main] DEBUG org.apache.http.wire -  << "[0x1f][0x8b][0x8][0x0][0x0][0x0][0x0][0x0][0x4][0xff][0xcb][0xcb]/QH[0xcb]/[0xcd]K[0xe1][0x2][0x0][0xd4]I[0xfa]r[\n]"
10:14:57.720 [main] DEBUG org.apache.http.wire -  << "[0x0][0x0][0x0]"
10:14:57.720 [main] DEBUG org.apache.http.wire -  << "[\r][\n]"
10:14:57.722 [main] DEBUG org.apache.http.wire -  << "0[\r][\n]"
10:14:57.722 [main] DEBUG org.apache.http.wire -  << "[\r][\n]"
10:14:57.722 [main] DEBUG io.restassured.internal.RestAssuredHttpBuilder - Parsed data to instance of: class org.apache.http.conn.EofSensorInputStream
10:14:57.723 [main] DEBUG org.apache.http.impl.conn.BasicClientConnectionManager - Releasing connection org.apache.http.impl.conn.ManagedClientConnectionImpl@750457a5
10:14:57.723 [main] DEBUG org.apache.http.impl.conn.BasicClientConnectionManager - Connection can be kept alive indefinitely
10:14:57.724 [main] DEBUG net.thucydides.core.steps.StepInterceptor - STEP DONE: I send typo POST HTTP request
  &amp#27;[32mWhen &amp#27;[0m&amp#27;[32mI send typo POST HTTP request&amp#27;[0m                                                           &amp#27;[90m# starter.stepdefinition.User_produuct_steps.sendPostInvalidHttpRequest()&amp#27;[0m
10:14:57.728 [main] DEBUG net.thucydides.core.steps.StepInterceptor - STARTING STEP: User_produuct_steps.reciveInvalidHttpResponse - I receive invalid HTTP response code 404 Not Found
10:14:57.729 [main] DEBUG net.thucydides.core.steps.StepInterceptor - STEP DONE: I receive invalid HTTP response code 404 Not Found
  &amp#27;[32mThen &amp#27;[0m&amp#27;[32mI receive invalid HTTP response code 404 Not Found&amp#27;[0m                                      &amp#27;[90m# starter.stepdefinition.User_produuct_steps.reciveInvalidHttpResponse()&amp#27;[0m
10:14:57.734 [main] DEBUG net.thucydides.core.steps.StepInterceptor - STARTING STEP: User_produuct_steps.reciveNothing - I receive nothing from the page
10:14:57.735 [main] DEBUG net.thucydides.core.steps.StepInterceptor - STEP DONE: I receive nothing from the page
  &amp#27;[32mAnd &amp#27;[0m&amp#27;[32mI receive nothing from the page&amp#27;[0m                                                          &amp#27;[90m# starter.stepdefinition.User_produuct_steps.reciveNothing()&amp#27;[0m
10:14:57.739 [main] INFO  - 
  _____   ___   ___   _____     ___     _     ___   ___   ___   ___  
 |_   _| | __| / __| |_   _|   | _ \   /_\   / __| / __| | __| |   \ 
   | |   | _|  \__ \   | |     |  _/  / _ \  \__ \ \__ \ | _|  | |) |
   |_|   |___| |___/   |_|     |_|   /_/ \_\ |___/ |___/ |___| |___/ 

POST - As an admin I shouldn't be able to create new category posts with invalid url
----------------------------------------------------------------------
]]></system-out>
  </testcase>
  <testcase name="GET - As an admin I have be able to see posts category number 1" classname="Posts #1" time="0.175">
    <failure type="java.lang.AssertionError"><![CDATA[java.lang.AssertionError: 
1 expectation failed.
Expected status code <200> but was <404>.

]]></failure>
    <system-out><![CDATA[
Scenario: GET - As an admin I have be able to see posts category number 1 &amp#27;[90m# src/test/resources/features/User_Category.feature:19&amp#27;[0m
10:14:57.748 [main] DEBUG io.cucumber.core.plugin.SerenityReporter - Running feature from file:///C:/Users/Dimas%20Rizqi%20Suryana/Mini_Project2/src/test/resources/features/User_Category.feature
10:14:57.752 [main] INFO  - 
  _____   ___   ___   _____     ___   _____     _     ___   _____   ___   ___  
 |_   _| | __| / __| |_   _|   / __| |_   _|   /_\   | _ \ |_   _| | __| |   \ 
   | |   | _|  \__ \   | |     \__ \   | |    / _ \  |   /   | |   | _|  | |) |
   |_|   |___| |___/   |_|     |___/   |_|   /_/ \_\ |_|_\   |_|   |___| |___/ 

GET - As an admin I have be able to see posts category number 1(posts;get---as-an-admin-i-have-be-able-to-see-posts-category-number-1)
--------------------------------------------------------------------------------
10:14:57.761 [main] DEBUG net.thucydides.core.steps.StepInterceptor - STARTING STEP: User_Category_steps.setGetCategoryApiEndpoints - I set GET category api endpoints
10:14:57.762 [main] DEBUG net.thucydides.core.steps.StepInterceptor - STEP DONE: I set GET category api endpoints
  &amp#27;[32mGiven &amp#27;[0m&amp#27;[32mI set GET category api endpoints&amp#27;[0m                                  &amp#27;[90m# starter.stepdefinition.User_Category_steps.setGetCategoryApiEndpoints()&amp#27;[0m
10:14:57.765 [main] DEBUG net.thucydides.core.steps.StepInterceptor - STARTING STEP: User_Category_steps.sendGetCategoryHttpRequest - I send GET category HTTP request
10:14:57.768 [main] DEBUG net.thucydides.core.steps.StepInterceptor - STARTING STEP: GET_Category.sendGetCategoryHttpRequest - I set GET category api endpoints
10:14:57.769 [main] DEBUG net.thucydides.core.steps.StepInterceptor - STEP DONE: I set GET category api endpoints
10:14:57.780 [main] DEBUG org.apache.http.impl.conn.BasicClientConnectionManager - Get connection for route {s}->https://altashop-api.fly.dev:443
10:14:57.780 [main] DEBUG org.apache.http.impl.conn.DefaultClientConnectionOperator - Connecting to altashop-api.fly.dev:443
10:14:57.851 [main] DEBUG org.apache.http.client.protocol.RequestAddCookies - CookieSpec selected: ignoreCookies
10:14:57.851 [main] DEBUG org.apache.http.client.protocol.RequestAuthCache - Auth cache not set in the context
10:14:57.851 [main] DEBUG org.apache.http.client.protocol.RequestProxyAuthentication - Proxy auth state: UNCHALLENGED
10:14:57.851 [main] DEBUG org.apache.http.impl.client.DefaultHttpClient - Attempt 1 to execute request
10:14:57.851 [main] DEBUG org.apache.http.impl.conn.DefaultClientConnection - Sending request: GET /api/categories/13946 HTTP/1.1
10:14:57.852 [main] DEBUG org.apache.http.wire -  >> "GET /api/categories/13946 HTTP/1.1[\r][\n]"
10:14:57.852 [main] DEBUG org.apache.http.wire -  >> "Authorization: Bearer eyJhbGciOiJIUzI1NiIsInR5cCI6IkpXVCJ9.eyJGdWxsbmFtZSI6IkpvaG4gRG9lIiwiRW1haWwiOiJzb21lb25lQG1haWwuY29tIn0.WvBSxcQEqqniC1v08LzkrHcELegs0b7vtjGPWiaEWcI[\r][\n]"
10:14:57.852 [main] DEBUG org.apache.http.wire -  >> "Accept: */*[\r][\n]"
10:14:57.852 [main] DEBUG org.apache.http.wire -  >> "Host: altashop-api.fly.dev[\r][\n]"
10:14:57.852 [main] DEBUG org.apache.http.wire -  >> "Connection: Keep-Alive[\r][\n]"
10:14:57.852 [main] DEBUG org.apache.http.wire -  >> "User-Agent: Apache-HttpClient/4.5.13 (Java/18.0.2.1)[\r][\n]"
10:14:57.852 [main] DEBUG org.apache.http.wire -  >> "Accept-Encoding: gzip,deflate[\r][\n]"
10:14:57.852 [main] DEBUG org.apache.http.wire -  >> "[\r][\n]"
10:14:57.852 [main] DEBUG org.apache.http.headers - >> GET /api/categories/13946 HTTP/1.1
10:14:57.852 [main] DEBUG org.apache.http.headers - >> Authorization: Bearer eyJhbGciOiJIUzI1NiIsInR5cCI6IkpXVCJ9.eyJGdWxsbmFtZSI6IkpvaG4gRG9lIiwiRW1haWwiOiJzb21lb25lQG1haWwuY29tIn0.WvBSxcQEqqniC1v08LzkrHcELegs0b7vtjGPWiaEWcI
10:14:57.852 [main] DEBUG org.apache.http.headers - >> Accept: */*
10:14:57.852 [main] DEBUG org.apache.http.headers - >> Host: altashop-api.fly.dev
10:14:57.852 [main] DEBUG org.apache.http.headers - >> Connection: Keep-Alive
10:14:57.852 [main] DEBUG org.apache.http.headers - >> User-Agent: Apache-HttpClient/4.5.13 (Java/18.0.2.1)
10:14:57.852 [main] DEBUG org.apache.http.headers - >> Accept-Encoding: gzip,deflate
10:14:57.881 [main] DEBUG org.apache.http.wire -  << "HTTP/1.1 404 Not Found[\r][\n]"
10:14:57.881 [main] DEBUG org.apache.http.wire -  << "content-type: application/json[\r][\n]"
10:14:57.882 [main] DEBUG org.apache.http.wire -  << "date: Wed, 31 May 2023 03:14:57 GMT[\r][\n]"
10:14:57.882 [main] DEBUG org.apache.http.wire -  << "content-encoding: gzip[\r][\n]"
10:14:57.882 [main] DEBUG org.apache.http.wire -  << "transfer-encoding: chunked[\r][\n]"
10:14:57.882 [main] DEBUG org.apache.http.wire -  << "server: Fly/fe06e9419 (2023-05-24)[\r][\n]"
10:14:57.882 [main] DEBUG org.apache.http.wire -  << "via: 1.1 fly.io[\r][\n]"
10:14:57.882 [main] DEBUG org.apache.http.wire -  << "fly-request-id: 01H1QWTBP34HYGR99EWZGV105A-sin[\r][\n]"
10:14:57.882 [main] DEBUG org.apache.http.wire -  << "[\r][\n]"
10:14:57.882 [main] DEBUG org.apache.http.impl.conn.DefaultClientConnection - Receiving response: HTTP/1.1 404 Not Found
10:14:57.882 [main] DEBUG org.apache.http.headers - << HTTP/1.1 404 Not Found
10:14:57.882 [main] DEBUG org.apache.http.headers - << content-type: application/json
10:14:57.882 [main] DEBUG org.apache.http.headers - << date: Wed, 31 May 2023 03:14:57 GMT
10:14:57.882 [main] DEBUG org.apache.http.headers - << content-encoding: gzip
10:14:57.882 [main] DEBUG org.apache.http.headers - << transfer-encoding: chunked
10:14:57.882 [main] DEBUG org.apache.http.headers - << server: Fly/fe06e9419 (2023-05-24)
10:14:57.882 [main] DEBUG org.apache.http.headers - << via: 1.1 fly.io
10:14:57.882 [main] DEBUG org.apache.http.headers - << fly-request-id: 01H1QWTBP34HYGR99EWZGV105A-sin
10:14:57.882 [main] DEBUG org.apache.http.impl.client.DefaultHttpClient - Connection can be kept alive indefinitely
10:14:57.882 [main] DEBUG io.restassured.internal.RestAssuredHttpBuilder - Parsing response as: application/json
10:14:57.882 [main] DEBUG org.apache.http.wire -  << "31[\r][\n]"
10:14:57.882 [main] DEBUG org.apache.http.wire -  << "[0x1f][0x8b][0x8][0x0][0x0][0x0][0x0][0x0][0x4][0xff][0xab]VJ-*[0xca]/R[0xb2]R*JM[0xce]/JQ[0xc8][0xcb]/QH[0xcb]/[0xcd]KQ[0xaa][0xe5][0x2][0x0]6`[0x14][0x2][0x1d][0x0][0x0][0x0]"
10:14:57.882 [main] DEBUG org.apache.http.wire -  << "[\r][\n]"
10:14:57.882 [main] DEBUG org.apache.http.wire -  << "0[\r][\n]"
10:14:57.882 [main] DEBUG org.apache.http.wire -  << "[\r][\n]"
10:14:57.882 [main] DEBUG io.restassured.internal.RestAssuredHttpBuilder - Parsed data to instance of: class org.apache.http.conn.EofSensorInputStream
10:14:57.885 [main] DEBUG org.apache.http.impl.conn.BasicClientConnectionManager - Releasing connection org.apache.http.impl.conn.ManagedClientConnectionImpl@2ba08f26
10:14:57.885 [main] DEBUG org.apache.http.impl.conn.BasicClientConnectionManager - Connection can be kept alive indefinitely
10:14:57.885 [main] DEBUG net.thucydides.core.steps.StepInterceptor - STEP DONE: I send GET category HTTP request
  &amp#27;[32mWhen &amp#27;[0m&amp#27;[32mI send GET category HTTP request&amp#27;[0m                                   &amp#27;[90m# starter.stepdefinition.User_Category_steps.sendGetCategoryHttpRequest()&amp#27;[0m
10:14:57.893 [main] DEBUG net.thucydides.core.steps.StepInterceptor - STARTING STEP: User_produuct_steps.reciveValidHttpResponse - I receive valid HTTP response code 200
  &amp#27;[31mThen &amp#27;[0m&amp#27;[31mI receive valid HTTP response code 200&amp#27;[0m                             &amp#27;[90m# starter.stepdefinition.User_produuct_steps.reciveValidHttpResponse()&amp#27;[0m
      &amp#27;[31mjava.lang.AssertionError: 1 expectation failed.
Expected status code <200> but was <404>.

	at java.base/jdk.internal.reflect.DirectConstructorHandleAccessor.newInstance(DirectConstructorHandleAccessor.java:67)
	at java.base/java.lang.reflect.Constructor.newInstanceWithCaller(Constructor.java:499)
	at java.base/java.lang.reflect.Constructor.newInstance(Constructor.java:483)
	at org.codehaus.groovy.reflection.CachedConstructor.invoke(CachedConstructor.java:73)
	at org.codehaus.groovy.runtime.callsite.ConstructorSite$ConstructorSiteNoUnwrapNoCoerce.callConstructor(ConstructorSite.java:108)
	at org.codehaus.groovy.runtime.callsite.AbstractCallSite.callConstructor(AbstractCallSite.java:277)
	at io.restassured.internal.ResponseSpecificationImpl$HamcrestAssertionClosure.validate(ResponseSpecificationImpl.groovy:512)
	at io.restassured.internal.ResponseSpecificationImpl$HamcrestAssertionClosure$validate$1.call(Unknown Source)
	at io.restassured.internal.ResponseSpecificationImpl.validateResponseIfRequired(ResponseSpecificationImpl.groovy:696)
	at io.restassured.internal.ResponseSpecificationImpl.this$2$validateResponseIfRequired(ResponseSpecificationImpl.groovy)
	at java.base/jdk.internal.reflect.DirectMethodHandleAccessor.invoke(DirectMethodHandleAccessor.java:104)
	at java.base/java.lang.reflect.Method.invoke(Method.java:577)
	at org.codehaus.groovy.runtime.callsite.PlainObjectMetaMethodSite.doInvoke(PlainObjectMetaMethodSite.java:43)
	at org.codehaus.groovy.runtime.callsite.PogoMetaMethodSite$PogoCachedMethodSiteNoUnwrapNoCoerce.invoke(PogoMetaMethodSite.java:198)
	at org.codehaus.groovy.runtime.callsite.PogoMetaMethodSite.callCurrent(PogoMetaMethodSite.java:62)
	at org.codehaus.groovy.runtime.callsite.AbstractCallSite.callCurrent(AbstractCallSite.java:185)
	at io.restassured.internal.ResponseSpecificationImpl.statusCode(ResponseSpecificationImpl.groovy:135)
	at io.restassured.specification.ResponseSpecification$statusCode$0.callCurrent(Unknown Source)
	at io.restassured.internal.ResponseSpecificationImpl.statusCode(ResponseSpecificationImpl.groovy:143)
	at io.restassured.internal.ValidatableResponseOptionsImpl.statusCode(ValidatableResponseOptionsImpl.java:89)
	at minpro@1.0-SNAPSHOT/starter.user.GET_Product.lambda$validateHttpResponse200$0(GET_Product.java:27)
	at net.serenitybdd.rest.SerenityRest.restAssuredThat(SerenityRest.java:626)
	at minpro@1.0-SNAPSHOT/starter.user.GET_Product.validateHttpResponse200(GET_Product.java:27)
	at minpro@1.0-SNAPSHOT/starter.user.GET_Product$ByteBuddy$naOwCAdj.validateHttpResponse200$accessor$fxlzGP74(Unknown Source)
	at java.base/jdk.internal.reflect.DirectMethodHandleAccessor.invoke(DirectMethodHandleAccessor.java:104)
	at java.base/java.lang.reflect.Method.invoke(Method.java:577)
	at net.thucydides.core.steps.StepInterceptor.invokeMethod(StepInterceptor.java:518)
	at net.thucydides.core.steps.StepInterceptor.executeTestStepMethod(StepInterceptor.java:498)
	at net.thucydides.core.steps.StepInterceptor.runTestStep(StepInterceptor.java:472)
	at net.thucydides.core.steps.StepInterceptor.runOrSkipMethod(StepInterceptor.java:211)
	at net.thucydides.core.steps.StepInterceptor.testStepResult(StepInterceptor.java:198)
	at net.thucydides.core.steps.StepInterceptor.intercept(StepInterceptor.java:86)
	at net.thucydides.core.steps.ProxyConfiguration$InterceptorDispatcher.intercept(ProxyConfiguration.java:51)
	at minpro@1.0-SNAPSHOT/starter.user.GET_Product$ByteBuddy$naOwCAdj.validateHttpResponse200(Unknown Source)
	at minpro@1.0-SNAPSHOT/starter.stepdefinition.User_produuct_steps.reciveValidHttpResponse(User_produuct_steps.java:37)
	at ✽.I receive valid HTTP response code 200(file:///C:/Users/Dimas%20Rizqi%20Suryana/Mini_Project2/src/test/resources/features/User_Category.feature:22)
&amp#27;[0m
10:14:57.907 [main] ERROR  - 
  _____   ___   ___   _____     ___     _     ___   _      ___   ___  
 |_   _| | __| / __| |_   _|   | __|   /_\   |_ _| | |    | __| |   \ 
   | |   | _|  \__ \   | |     | _|   / _ \   | |  | |__  | _|  | |) |
   |_|   |___| |___/   |_|     |_|   /_/ \_\ |___| |____| |___| |___/ 

GET - As an admin I have be able to see posts category number 1
-----------------------------------------------------------------------
10:14:57.907 [main] DEBUG  - RELATED ISSUES: 
10:14:57.907 [main] ERROR  -     Test failed at step: I receive valid HTTP response code 200
10:14:57.907 [main] ERROR  -     1 expectation failed.Expected status code <200> but was <404>.
]]></system-out>
  </testcase>
  <testcase name="GET - As an admin I shouldn&apos;t be able to see posts with invalid url" classname="Posts #1" time="0.158">
    <system-out><![CDATA[10:14:57.918 [Finalizer] DEBUG org.apache.http.impl.conn.DefaultClientConnection - Connection 0.0.0.0:56479<->149.248.193.56:443 closed

Scenario: GET - As an admin I shouldn't be able to see posts with invalid url &amp#27;[90m# src/test/resources/features/User_Category.feature:25&amp#27;[0m
10:14:57.925 [main] DEBUG io.cucumber.core.plugin.SerenityReporter - Running feature from file:///C:/Users/Dimas%20Rizqi%20Suryana/Mini_Project2/src/test/resources/features/User_Category.feature
10:14:57.930 [main] INFO  - 
  _____   ___   ___   _____     ___   _____     _     ___   _____   ___   ___  
 |_   _| | __| / __| |_   _|   / __| |_   _|   /_\   | _ \ |_   _| | __| |   \ 
   | |   | _|  \__ \   | |     \__ \   | |    / _ \  |   /   | |   | _|  | |) |
   |_|   |___| |___/   |_|     |___/   |_|   /_/ \_\ |_|_\   |_|   |___| |___/ 

GET - As an admin I shouldn't be able to see posts with invalid url(posts;get---as-an-admin-i-shouldn-t-be-able-to-see-posts-with-invalid-url)
--------------------------------------------------------------------------------
10:14:57.951 [Finalizer] DEBUG org.apache.http.impl.conn.DefaultClientConnection - Connection 0.0.0.0:56477<->149.248.193.56:443 closed
10:14:57.966 [main] DEBUG net.thucydides.core.steps.StepInterceptor - STARTING STEP: User_Category_steps.setInvalidGetCategoryApiEndpoints - I set typo GET category api endpoints
10:14:57.966 [main] DEBUG net.thucydides.core.steps.StepInterceptor - STEP DONE: I set typo GET category api endpoints
  &amp#27;[32mGiven &amp#27;[0m&amp#27;[32mI set typo GET category api endpoints&amp#27;[0m                                 &amp#27;[90m# starter.stepdefinition.User_Category_steps.setInvalidGetCategoryApiEndpoints()&amp#27;[0m
10:14:57.975 [main] DEBUG net.thucydides.core.steps.StepInterceptor - STARTING STEP: User_produuct_steps.sendTypoGetHttpRequest - I send typo GET HTTP request
10:14:57.977 [main] DEBUG net.thucydides.core.steps.StepInterceptor - STARTING STEP: GET_Product.sendGetHttpRequest2 - I set typo GET api endpoints
10:14:57.977 [main] DEBUG net.thucydides.core.steps.StepInterceptor - STEP DONE: I set typo GET api endpoints
10:14:57.988 [main] DEBUG org.apache.http.impl.conn.BasicClientConnectionManager - Get connection for route {s}->https://altashop-api.fly.dev:443
10:14:57.989 [main] DEBUG org.apache.http.impl.conn.DefaultClientConnectionOperator - Connecting to altashop-api.fly.dev:443
10:14:58.043 [main] DEBUG org.apache.http.client.protocol.RequestAddCookies - CookieSpec selected: ignoreCookies
10:14:58.043 [main] DEBUG org.apache.http.client.protocol.RequestAuthCache - Auth cache not set in the context
10:14:58.043 [main] DEBUG org.apache.http.client.protocol.RequestTargetAuthentication - Target auth state: UNCHALLENGED
10:14:58.043 [main] DEBUG org.apache.http.client.protocol.RequestProxyAuthentication - Proxy auth state: UNCHALLENGED
10:14:58.043 [main] DEBUG org.apache.http.impl.client.DefaultHttpClient - Attempt 1 to execute request
10:14:58.043 [main] DEBUG org.apache.http.impl.conn.DefaultClientConnection - Sending request: GET /api/product HTTP/1.1
10:14:58.043 [main] DEBUG org.apache.http.wire -  >> "GET /api/product HTTP/1.1[\r][\n]"
10:14:58.044 [main] DEBUG org.apache.http.wire -  >> "Accept: */*[\r][\n]"
10:14:58.044 [main] DEBUG org.apache.http.wire -  >> "Host: altashop-api.fly.dev[\r][\n]"
10:14:58.044 [main] DEBUG org.apache.http.wire -  >> "Connection: Keep-Alive[\r][\n]"
10:14:58.044 [main] DEBUG org.apache.http.wire -  >> "User-Agent: Apache-HttpClient/4.5.13 (Java/18.0.2.1)[\r][\n]"
10:14:58.044 [main] DEBUG org.apache.http.wire -  >> "Accept-Encoding: gzip,deflate[\r][\n]"
10:14:58.044 [main] DEBUG org.apache.http.wire -  >> "[\r][\n]"
10:14:58.044 [main] DEBUG org.apache.http.headers - >> GET /api/product HTTP/1.1
10:14:58.044 [main] DEBUG org.apache.http.headers - >> Accept: */*
10:14:58.044 [main] DEBUG org.apache.http.headers - >> Host: altashop-api.fly.dev
10:14:58.044 [main] DEBUG org.apache.http.headers - >> Connection: Keep-Alive
10:14:58.044 [main] DEBUG org.apache.http.headers - >> User-Agent: Apache-HttpClient/4.5.13 (Java/18.0.2.1)
10:14:58.044 [main] DEBUG org.apache.http.headers - >> Accept-Encoding: gzip,deflate
10:14:58.065 [main] DEBUG org.apache.http.wire -  << "HTTP/1.1 404 Not Found[\r][\n]"
10:14:58.065 [main] DEBUG org.apache.http.wire -  << "date: Wed, 31 May 2023 03:14:58 GMT[\r][\n]"
10:14:58.065 [main] DEBUG org.apache.http.wire -  << "content-encoding: gzip[\r][\n]"
10:14:58.065 [main] DEBUG org.apache.http.wire -  << "content-type: text/plain; charset=utf-8[\r][\n]"
10:14:58.065 [main] DEBUG org.apache.http.wire -  << "transfer-encoding: chunked[\r][\n]"
10:14:58.065 [main] DEBUG org.apache.http.wire -  << "server: Fly/fe06e9419 (2023-05-24)[\r][\n]"
10:14:58.065 [main] DEBUG org.apache.http.wire -  << "via: 1.1 fly.io[\r][\n]"
10:14:58.065 [main] DEBUG org.apache.http.wire -  << "fly-request-id: 01H1QWTBW580214SJ5ESJTTTWQ-sin[\r][\n]"
10:14:58.065 [main] DEBUG org.apache.http.wire -  << "[\r][\n]"
10:14:58.065 [main] DEBUG org.apache.http.impl.conn.DefaultClientConnection - Receiving response: HTTP/1.1 404 Not Found
10:14:58.065 [main] DEBUG org.apache.http.headers - << HTTP/1.1 404 Not Found
10:14:58.065 [main] DEBUG org.apache.http.headers - << date: Wed, 31 May 2023 03:14:58 GMT
10:14:58.065 [main] DEBUG org.apache.http.headers - << content-encoding: gzip
10:14:58.065 [main] DEBUG org.apache.http.headers - << content-type: text/plain; charset=utf-8
10:14:58.065 [main] DEBUG org.apache.http.headers - << transfer-encoding: chunked
10:14:58.065 [main] DEBUG org.apache.http.headers - << server: Fly/fe06e9419 (2023-05-24)
10:14:58.065 [main] DEBUG org.apache.http.headers - << via: 1.1 fly.io
10:14:58.065 [main] DEBUG org.apache.http.headers - << fly-request-id: 01H1QWTBW580214SJ5ESJTTTWQ-sin
10:14:58.065 [main] DEBUG org.apache.http.impl.client.DefaultHttpClient - Connection can be kept alive indefinitely
10:14:58.066 [main] DEBUG io.restassured.internal.RestAssuredHttpBuilder - Parsing response as: text/plain; charset=utf-8
10:14:58.066 [main] DEBUG org.apache.http.wire -  << "1E[\r][\n]"
10:14:58.066 [main] DEBUG org.apache.http.wire -  << "[0x1f][0x8b][0x8][0x0][0x0][0x0][0x0][0x0][0x4][0xff][0xcb][0xcb]/QH[0xcb]/[0xcd]K[0xe1][0x2][0x0][0xd4]I[0xfa]r[\n]"
10:14:58.066 [main] DEBUG org.apache.http.wire -  << "[0x0][0x0][0x0]"
10:14:58.066 [main] DEBUG org.apache.http.wire -  << "[\r][\n]"
10:14:58.066 [main] DEBUG org.apache.http.wire -  << "0[\r][\n]"
10:14:58.066 [main] DEBUG org.apache.http.wire -  << "[\r][\n]"
10:14:58.066 [main] DEBUG io.restassured.internal.RestAssuredHttpBuilder - Parsed data to instance of: class org.apache.http.conn.EofSensorInputStream
10:14:58.067 [main] DEBUG org.apache.http.impl.conn.BasicClientConnectionManager - Releasing connection org.apache.http.impl.conn.ManagedClientConnectionImpl@7676b2b9
10:14:58.067 [main] DEBUG org.apache.http.impl.conn.BasicClientConnectionManager - Connection can be kept alive indefinitely
10:14:58.067 [main] DEBUG net.thucydides.core.steps.StepInterceptor - STEP DONE: I send typo GET HTTP request
  &amp#27;[32mWhen &amp#27;[0m&amp#27;[32mI send typo GET HTTP request&amp#27;[0m                                           &amp#27;[90m# starter.stepdefinition.User_produuct_steps.sendTypoGetHttpRequest()&amp#27;[0m
10:14:58.070 [main] DEBUG net.thucydides.core.steps.StepInterceptor - STARTING STEP: User_produuct_steps.reciveInvalidHttpResponse - I receive invalid HTTP response code 404 Not Found
10:14:58.071 [main] DEBUG net.thucydides.core.steps.StepInterceptor - STEP DONE: I receive invalid HTTP response code 404 Not Found
  &amp#27;[32mThen &amp#27;[0m&amp#27;[32mI receive invalid HTTP response code 404 Not Found&amp#27;[0m                     &amp#27;[90m# starter.stepdefinition.User_produuct_steps.reciveInvalidHttpResponse()&amp#27;[0m
10:14:58.074 [main] DEBUG net.thucydides.core.steps.StepInterceptor - STARTING STEP: User_produuct_steps.reciveNothing - I receive nothing from the page
10:14:58.074 [main] DEBUG net.thucydides.core.steps.StepInterceptor - STEP DONE: I receive nothing from the page
  &amp#27;[32mAnd &amp#27;[0m&amp#27;[32mI receive nothing from the page&amp#27;[0m                                         &amp#27;[90m# starter.stepdefinition.User_produuct_steps.reciveNothing()&amp#27;[0m
10:14:58.075 [main] INFO  - 
  _____   ___   ___   _____     ___     _     ___   ___   ___   ___  
 |_   _| | __| / __| |_   _|   | _ \   /_\   / __| / __| | __| |   \ 
   | |   | _|  \__ \   | |     |  _/  / _ \  \__ \ \__ \ | _|  | |) |
   |_|   |___| |___/   |_|     |_|   /_/ \_\ |___/ |___/ |___| |___/ 

GET - As an admin I shouldn't be able to see posts with invalid url
----------------------------------------------------------------------
]]></system-out>
  </testcase>
  <testcase name="GET - As an admin I have be able to see posts all category number 1" classname="Posts #1" time="0.143">
    <system-out><![CDATA[
Scenario: GET - As an admin I have be able to see posts all category number 1 &amp#27;[90m# src/test/resources/features/User_Category.feature:31&amp#27;[0m
10:14:58.087 [main] DEBUG io.cucumber.core.plugin.SerenityReporter - Running feature from file:///C:/Users/Dimas%20Rizqi%20Suryana/Mini_Project2/src/test/resources/features/User_Category.feature
10:14:58.088 [main] INFO  - 
  _____   ___   ___   _____     ___   _____     _     ___   _____   ___   ___  
 |_   _| | __| / __| |_   _|   / __| |_   _|   /_\   | _ \ |_   _| | __| |   \ 
   | |   | _|  \__ \   | |     \__ \   | |    / _ \  |   /   | |   | _|  | |) |
   |_|   |___| |___/   |_|     |___/   |_|   /_/ \_\ |_|_\   |_|   |___| |___/ 

GET - As an admin I have be able to see posts all category number 1(posts;get---as-an-admin-i-have-be-able-to-see-posts-all-category-number-1)
--------------------------------------------------------------------------------
10:14:58.108 [main] DEBUG net.thucydides.core.steps.StepInterceptor - STARTING STEP: User_Category_steps.setGetAllCategoryApiEndpoints - I set GET all category api endpoints
10:14:58.108 [main] DEBUG net.thucydides.core.steps.StepInterceptor - STEP DONE: I set GET all category api endpoints
  &amp#27;[32mGiven &amp#27;[0m&amp#27;[32mI set GET all category api endpoints&amp#27;[0m                                  &amp#27;[90m# starter.stepdefinition.User_Category_steps.setGetAllCategoryApiEndpoints()&amp#27;[0m
10:14:58.114 [main] DEBUG net.thucydides.core.steps.StepInterceptor - STARTING STEP: User_Category_steps.sendGetAllCategoryHttpRequest - I send GET category HTTP request
10:14:58.115 [main] DEBUG net.thucydides.core.steps.StepInterceptor - STARTING STEP: GET_CategoryAll.sendGetAllCategoryHttpRequest - I set GET all category api endpoints
10:14:58.115 [main] DEBUG net.thucydides.core.steps.StepInterceptor - STEP DONE: I set GET all category api endpoints
10:14:58.124 [main] DEBUG org.apache.http.impl.conn.BasicClientConnectionManager - Get connection for route {s}->https://altashop-api.fly.dev:443
10:14:58.125 [main] DEBUG org.apache.http.impl.conn.DefaultClientConnectionOperator - Connecting to altashop-api.fly.dev:443
10:14:58.169 [main] DEBUG org.apache.http.client.protocol.RequestAddCookies - CookieSpec selected: ignoreCookies
10:14:58.169 [main] DEBUG org.apache.http.client.protocol.RequestAuthCache - Auth cache not set in the context
10:14:58.169 [main] DEBUG org.apache.http.client.protocol.RequestTargetAuthentication - Target auth state: UNCHALLENGED
10:14:58.169 [main] DEBUG org.apache.http.client.protocol.RequestProxyAuthentication - Proxy auth state: UNCHALLENGED
10:14:58.169 [main] DEBUG org.apache.http.impl.client.DefaultHttpClient - Attempt 1 to execute request
10:14:58.169 [main] DEBUG org.apache.http.impl.conn.DefaultClientConnection - Sending request: GET /api/categories HTTP/1.1
10:14:58.169 [main] DEBUG org.apache.http.wire -  >> "GET /api/categories HTTP/1.1[\r][\n]"
10:14:58.169 [main] DEBUG org.apache.http.wire -  >> "Accept: */*[\r][\n]"
10:14:58.169 [main] DEBUG org.apache.http.wire -  >> "Host: altashop-api.fly.dev[\r][\n]"
10:14:58.169 [main] DEBUG org.apache.http.wire -  >> "Connection: Keep-Alive[\r][\n]"
10:14:58.169 [main] DEBUG org.apache.http.wire -  >> "User-Agent: Apache-HttpClient/4.5.13 (Java/18.0.2.1)[\r][\n]"
10:14:58.169 [main] DEBUG org.apache.http.wire -  >> "Accept-Encoding: gzip,deflate[\r][\n]"
10:14:58.169 [main] DEBUG org.apache.http.wire -  >> "[\r][\n]"
10:14:58.170 [main] DEBUG org.apache.http.headers - >> GET /api/categories HTTP/1.1
10:14:58.170 [main] DEBUG org.apache.http.headers - >> Accept: */*
10:14:58.170 [main] DEBUG org.apache.http.headers - >> Host: altashop-api.fly.dev
10:14:58.170 [main] DEBUG org.apache.http.headers - >> Connection: Keep-Alive
10:14:58.170 [main] DEBUG org.apache.http.headers - >> User-Agent: Apache-HttpClient/4.5.13 (Java/18.0.2.1)
10:14:58.170 [main] DEBUG org.apache.http.headers - >> Accept-Encoding: gzip,deflate
10:14:58.190 [main] DEBUG org.apache.http.wire -  << "HTTP/1.1 200 OK[\r][\n]"
10:14:58.191 [main] DEBUG org.apache.http.wire -  << "content-type: application/json[\r][\n]"
10:14:58.191 [main] DEBUG org.apache.http.wire -  << "date: Wed, 31 May 2023 03:14:58 GMT[\r][\n]"
10:14:58.191 [main] DEBUG org.apache.http.wire -  << "transfer-encoding: chunked[\r][\n]"
10:14:58.191 [main] DEBUG org.apache.http.wire -  << "content-encoding: gzip[\r][\n]"
10:14:58.191 [main] DEBUG org.apache.http.wire -  << "server: Fly/fe06e9419 (2023-05-24)[\r][\n]"
10:14:58.191 [main] DEBUG org.apache.http.wire -  << "via: 1.1 fly.io[\r][\n]"
10:14:58.191 [main] DEBUG org.apache.http.wire -  << "fly-request-id: 01H1QWTC01QKN1HEFWVRVXTGVP-sin[\r][\n]"
10:14:58.191 [main] DEBUG org.apache.http.wire -  << "[\r][\n]"
10:14:58.191 [main] DEBUG org.apache.http.impl.conn.DefaultClientConnection - Receiving response: HTTP/1.1 200 OK
10:14:58.191 [main] DEBUG org.apache.http.headers - << HTTP/1.1 200 OK
10:14:58.191 [main] DEBUG org.apache.http.headers - << content-type: application/json
10:14:58.191 [main] DEBUG org.apache.http.headers - << date: Wed, 31 May 2023 03:14:58 GMT
10:14:58.191 [main] DEBUG org.apache.http.headers - << transfer-encoding: chunked
10:14:58.191 [main] DEBUG org.apache.http.headers - << content-encoding: gzip
10:14:58.191 [main] DEBUG org.apache.http.headers - << server: Fly/fe06e9419 (2023-05-24)
10:14:58.191 [main] DEBUG org.apache.http.headers - << via: 1.1 fly.io
10:14:58.191 [main] DEBUG org.apache.http.headers - << fly-request-id: 01H1QWTC01QKN1HEFWVRVXTGVP-sin
10:14:58.191 [main] DEBUG org.apache.http.impl.client.DefaultHttpClient - Connection can be kept alive indefinitely
10:14:58.191 [main] DEBUG io.restassured.internal.RestAssuredHttpBuilder - Parsing response as: application/json
10:14:58.191 [main] DEBUG org.apache.http.wire -  << "13C[\r][\n]"
10:14:58.191 [main] DEBUG org.apache.http.wire -  << "[0x1f][0x8b][0x8][0x0][0x0][0x0][0x0][0x0][0x4][0xff][0xaa]VJI,IT[0xb2][0x8a][0xae]V[0xf2]tQ[0xb2]2[0xb2]467[0xd1]Q[0xf2]K[0xcc]MU[0xb2]RrO[0xcc][0xcd][0xcc]KW[0xd2]QrI-N.[0xca],([0xc9][0xcc][0xcf]S[0xb2]Rr[0xcb]/RH[0x7]K)[0x14][0x94][0x16][0x15][0xe4][0x17][0xa7][0x16]+[0xd5][0xea] [0xc]0[0xa5][0xd4][0x0]sJ[\r][0xb0][0xa0][0xd4][0x0]K[\n]"
10:14:58.191 [main] DEBUG org.apache.http.wire -  << "[\r][0xb0]0[0xa0][0xd4][0x0]C[0xb8][0x1][0x90][0xa0][0xc6][0x88][0x85]4[0xfc][0xb1]`aD[0xc8][0x0][0xe4]8[0xb3]0[0x83][0xab]&/[0xd2]-[0x10]qF[0xa6]{[0x11]q[0x86][0xc3][0x0]d[0xf7]Z[0x12][0xf4][0x1d][0x81][0xe0][0xb1]4[0x86]{[0x98][0x18][0xeb][0x10][0xbe]#/x,[0x11][0xbe]#[0xd3][0x0][\n]"
10:14:58.191 [main] DEBUG org.apache.http.wire -  << "S[0xa4][0x89][0x1][0x85])[0xd2][0xc4][0x0][0x91]"qx[0x1])[0x82]L[0xc][0x10][0xe1][0x8b]C5[0xfe]R[0xc4][0xc4][0x80]`1[0x84]b[0x1d][0x85][0xe9][0xd7][0xc4][0x80][0xc2][0x18]61[0xa0]0[0x86]M[0xc][0x8][0xc6]0[0xb2][0x87][\r][0x9][0xc6][0x6][0x81][0xf0]5D[0xe4] [0xf2]"[0xc8][0x90][0xd2][0x18]6D[0xc4]0[0x8e],[0x88]?[0xf][0x9b][0x18]RX[0xd1][0x98][0x18]R[0x9a]j[0xc][0x11][0xa9][0x86]L/[0x10][0x8c]t[0x2][0xd1]hDi[0xb6]6[0xa2]4![0x19]Q[0x9a][0x90][0x8c][0x8]&$[0xe4][0x84]o[0x84][0x88]t[0xf2][0x82][0xdc][0x8][0x11][0xe9]d[0x1a]@i[0xa4][0x1b]QZT[0x18]!R[\r]y^0[0xa6]0[0xd5][0x0][0x0][0x0][0x0][0xff][0xff]"
10:14:58.191 [main] DEBUG org.apache.http.wire -  << "[\r][\n]"
10:14:58.192 [main] DEBUG org.apache.http.wire -  << "51F[\r][\n]"
10:14:58.192 [main] DEBUG org.apache.http.wire -  << "21F[0xa4][0x1a]2][0x80]H5d[0x1a][0x80]H58[0xc]@N5[0xc6][0x94][0xc6][0x99]1"[0xce][0x88][0xb0][0xce][0x4][0xe1];[0xf2][\n]"
10:14:58.192 [main] DEBUG org.apache.http.wire -  << "W[0x13][0x82][0xbe]#P6[0x9a] [\n]"
10:14:58.192 [main] DEBUG org.apache.http.wire -  << "W2][0x80][0xc8]g8[0xc]@[0xe]_[0x13]D[0xf8][0xe2]PM[0xa0][0x1c]3![0x18][0xbe][0x84]<[0x8c][0xc8][0x13][0xe4][0xb9][0xc0][0x14][0x91]'p[0xc4]0[0x1][0x17][0x98]"[0xf2][0x4][0x92]J##[0x8c][0x96]{ANb[0xa5]BFb[0xb1]B^[0xbe]BNfnf[0x9]r[0xf7][0xc9][0xc4][0x94][0xd2][0xb4]cJi[0xda]1[0xa5]4[0xed][0x98]"[0xd2][0xe][0x99]A[0x89]([0xa3][0xc9][0x8c]LDz$[0xd3][0x5][0x88][0xf4]H[0xa6][0xb](M[0x8f]f[0x94][0xa6]G3Dz$/[0xc][0xcc][0x10])[0x11][0x87][0x1][0xc8]E[0x80][0x19]"[0xce]p[0xa8]F[0xca][0x15]X[0xc6][\r]L[0xcc]([\r]r3D[0x90][0x93][0xe7][0x2]sJ[0x83][0xdc][0x1c][0x11][0xe4][0xee][0xa9]y[\n]"
10:14:58.192 [main] DEBUG org.apache.http.wire -  << "Q[0x18]Y?9[0xb1]D[0x1]"[0x83][0x18]011'[0x18][0xce][0x4]B[0xce][0x9c][0xd2][0x1c][0x8f]4[0xe6][0xe3][0x97]Z[0xae][0x10]P[0x94][0x9f]R[0x9a]\[0x82][0xe1]z[0xfc][0x5][0x97]9"[0xd7][0x93][0x97]e[0xcc][0x11])[0x8][0x87][0x1][0xc8][0xe9][0xcd][0x1c][0x91]\(p3[0xa5]I[0x86][0xd2][0x81][0x1e][0x13][0xb][0xa4]$[0x3][0x1e]S[0xc3][0x8]udO[P[0x1a][0xd3][0x16][0x88][0xb2][0x9d][0xbc]<b[0x81][0x88]e2[\r]@[0xc4]2[0x99][0x6] [0xca]v[0x1c][0xc9][0x84]@[[0xc3][0x2][0x91]r[0xc8]t[0x1]"[0xd5][0x90][0xe7][0x2]KJ[0xb][0x1a]KD[0xaa]!?[0xf1]S:[0x88]fBx[0x10][0x8d]@[0xc1]eIij[0xb4]D[0xa4]F2c[0x82][0xd2][0xd4]h[0x89]H[0x8d]%[0xa9][0xc5]%[0x99]y[0xe9][\n]"
10:14:58.192 [main] DEBUG org.apache.http.wire -  << "[0x5]8[0x8a][0xcf][0x92][0x8c][0xcc]b[0x85][0xcc]b[0x85][0x92][0x8c]T[0x98][0x1a][0x85][0x14][0xa4][0x91]u[0xa4]*[0x1]i[0xbc][0x90][0x90][0xa9]H[0xc5][0x83])[0xd2] [0x1f]!m[0xc4];[0xc6][0xd4][0x80][0xc2][0xfa][0xc9][0x14]i0[0x90][0xac][0xc]g[0x8a]4[0x18][0x88][0xc3][0x0][0x94]P[0xa0]0[0x9b]"[\r][0xc5][0xe1][0xb0][0xe][0xba]65[0xa4]0[0x9b]R:[0xbc]g[0x8a]4[0xbc]Gv[0x1]a[0x8a]4[0xc4]G[0xc5][0xe4][0x84]4[0xee]G[0xc8]T[0xe4]XE[0x1a][0xac]#[0xa4][0x8d][0x84][0xb4]m[0x88]H+d[0x15] [0xa6][0x86][0x88][0xba][0x80][0xbc][0xb4][0x82]4[0x82][0x87][0xc3][0x0][0xe4]P0B[0x94][0x98][0xe4][0xb9][0x97][0xd2][0xf1]3S[0xa4][0xf1]3[0xe7][0xc4][0x92][0xd4][0xf4][0xfc][0xa2]J[0x5][0xc7][0xd2][0x9c][0xcc]D[0x8c][0x86]Kf^[0xa6]B2LI"X[0x9][0xa2][0x88]35B[0x14][0x9c][0x94][0x99][0x83][0x88]A[0xca][0xcc]AD$E[0xe6] [0x8d][0xad][0xe1][0x88]O[0x2][0x85][0x7][0xd2][0xd8]Z@jQr[0xa5]BxjbqNj%F[0xf8][0x6]%[0x96][0xa5][0xe6]%[0xe7]$[0x96]#'[0x10]cJ[0xb]kc[\n]"
10:14:58.192 [main] DEBUG org.apache.http.wire -  << "[0x9b][0x98][0xa6][0xc6][0x88]$Jf[0x0] *u2[\r][0xa0][0xb0]R7[0xa5]t[0xb8][0xd0][0x94][0xa4][0xe1]BS[0xa4][0xe1]B[0xf2]<Lx[0xb8][0x10]9[0x89] [\r][0xd6][0x5]g[0x16]e[0x96][0x16]+8[0xe5]$&gc[0xa4][0xaf][0x80][0xd2][0xec][0xf2][0xd2][0x94][0xf4][0xcc]T[0x14][0xcd][0x88][0xec][0xe6]S[0x9a][0x92][0xaf][0xe0][0x94][0x98][0x9e][0x9b][0x98][0x87][0xa1]7<1[0xb7][0xa0][0x14]y\[0xcb][0xd4][0x4][0x91][0xbf][0xdc][0x8b]2[0x8b]SsR[0x12][0x15]|[0x13][0x8b][0x92]3[0x92][0x12][0xf3][0xb2][0x8b]1[0xc]p/[0xaa]LK[0xcb][0xcc]K[0xc9]/B[0xb6][0x1d]i[0x90][0xce];[0xb1]$3U[0xc1])5'[0x7]C/[0xa6][0xe5]Hcs>[0xa5]y[0x89][\n]"
10:14:58.192 [main] DEBUG org.apache.http.wire -  << ">[0xf9]e[0xa9][0xe9][0xf9][0xf9])[0x18]Z=J[0xd3][0xd2]rR[0xb]J[0xd3][0xd2]P[0xac]Ed*[0xd7][0xa2][0xa2]|L[0x1b][0xb1]fE[0xa4][0x81]8[0xf7][0xa2][0xc4][0xf2][0x2][0xc][0xcb]p[0xf8][0x11][0x91]p[0x14][0xf1][0xd0][0xfa][0xf][0xc5][0x85][0x88]<[0x13][0x90]Z[0x94]Y[0x90][0x91]Z[0x94][0x98][0xa3][0x80]C[0xbf]o~iq[0xaa][0x8e][0x82]wjeR~bQ[0x8a][0x8e][0x82]GjbJAF~^[0xaa][0x82]k[0x88]3[0x8a][0xb1][0x88][0x9c]DUc[0x11]e?U[0x8d]E[0xa4]M[0xc7][0xec][0xa4][0xc4]"[0x85][0xa0][0xcc][0xaa][0xec]J[0x5][0xb7][0xc4][0x8c][0xa2][0xd2][0xa2][0xfc]*[0xcc][0x12]4[0x17]TE[0x15][0x14][0xe5]g[0xa5]&[0x97][0xa0]x[0x1b][0x91]V[0xc9][0xcb][0x90]H[0x83]w8[0xe2][0x0][0x1f][0xd5][0x14]i[0xf0][0xe][0x87][0x1][0xc8][0xee]5C[0x94][0xd9]8T[0x13][0xb2][0x8e]`[0x9a]C[0xb1][0xe][0x91]*[0xc8][0xc][0x1e]D[0xfc];&'[0xa7][0x16][0x17][0xe7][0x17]e[0xa6]b[0x96][0x1]%[0xf9][\n]"
10:14:58.192 [main] DEBUG org.apache.http.wire -  << "[0xa9]y[0x19][0x89]y[0xc9][0xa9][\n]"
10:14:58.192 [main] DEBUG org.apache.http.wire -  << "[0x89][0x5][0x5][0xa9][0x89]E &[0x8a]C[0x10][0x11][0xee]QY[0x90][0x97][0x8f][0x91][0xc3]|[0xf3]s@[0x9d][0xb2][0xc4]T[0x85]D[0x85][0xc4][0xe2][0x82][0xd4][0xa2][0xbc][0xc4][0x92][0xd2]"[0x85][0xb2][0xfc][0x9c][0xd2][0x82][0x92][0xc4][0x92][0xcc][0xa4][0xd2]b[0x5]P"[0xc8]MTH,-Q(,M,[0xce]TH,..[0xcd]M[0xcd]KI[0xd4]C[0xb1][0xb][0x91]&[0xc2]R[0xf3][0xf2]s[0xf3]K20[0xac][0xb],[0xcd]TH-K[0xcd][0xcb]L-A[0xb5][0x3]faj.[0x8a][0x99]H[0x3][0x8e][0x1][0x99][0xd9][0x89][0xc9][0x19][0xa5][0x18]F[0xfa]&f[0xe6][0x17][0xa5][0x16]+[0xa4][0x96][0xc0][0x1c]Z[0x9c]ZX[0x9a][0xa9][0x90]Y[0x92]XX[0x9a][0xaa]P[0x9c]Y[0x82]j"b`[0x0]{[0x88][0x4][0x96][0xe6]+[0x94][0xa5][0xe6]([0xe4]$&[0xe5][0x17][0x95][0xe6]*[0x14][0x96]f[0xa6][0xa4][0xe6]B[0x8d]C5[\n]"
10:14:58.192 [main] DEBUG org.apache.http.wire -  << "Q[0xe8][0x5][0xa4][0x16][0x15]gb)[0xe5]]K[0x14][\n]"
10:14:58.192 [main] DEBUG org.apache.http.wire -  << "R[0x8b][0x8a][0xb]2[0x93]3[0x13]K2[0x8b][0x15]@[0xa1][[0x8c]j[0x8]R[0xca]L[0xcd]O)MI[0xc5][0xf0][0xa1]crriqb^Ifi[0xae]Bb^fn[0xa6]BjEjQr&(~[0xf2][0xf3]Rs[0x15][0x12]s2[0x13][0x8b][0x15]r[0x13]+2sSQ[\r]'[0x98]j[0x9]${[0xc2]C[0x96][0xc8])[0xc0][0x1c][0x91]j[0xc9][0xcb]eHC[0x96]8[0xc]@[0xb6][0x8e][0xd2][0xa1]ES[0x92][0x86][0x16]M[0xc9][0x1c]Z[0x8c][0xad][0xe5][0x2][0x0][0x0][0x0][0xff][0xff]"
10:14:58.192 [main] DEBUG org.apache.http.wire -  << "[\r][\n]"
10:14:58.192 [main] DEBUG org.apache.http.wire -  << "A[\r][\n]"
10:14:58.192 [main] DEBUG org.apache.http.wire -  << "[0x3][0x0][0xad]e[0xb4][0x81]D([0x0][0x0]"
10:14:58.192 [main] DEBUG org.apache.http.wire -  << "[\r][\n]"
10:14:58.192 [main] DEBUG org.apache.http.wire -  << "0[\r][\n]"
10:14:58.192 [main] DEBUG org.apache.http.wire -  << "[\r][\n]"
10:14:58.192 [main] DEBUG io.restassured.internal.RestAssuredHttpBuilder - Parsed data to instance of: class org.apache.http.conn.EofSensorInputStream
10:14:58.194 [main] DEBUG org.apache.http.impl.conn.BasicClientConnectionManager - Releasing connection org.apache.http.impl.conn.ManagedClientConnectionImpl@7b1d2f65
10:14:58.194 [main] DEBUG org.apache.http.impl.conn.BasicClientConnectionManager - Connection can be kept alive indefinitely
10:14:58.208 [main] DEBUG net.thucydides.core.steps.StepInterceptor - STEP DONE: I send GET category HTTP request
  &amp#27;[32mWhen &amp#27;[0m&amp#27;[32mI send all category HTTP request&amp#27;[0m                                       &amp#27;[90m# starter.stepdefinition.User_Category_steps.sendGetAllCategoryHttpRequest()&amp#27;[0m
10:14:58.218 [main] DEBUG net.thucydides.core.steps.StepInterceptor - STARTING STEP: User_produuct_steps.reciveValidHttpResponse - I receive valid HTTP response code 200
10:14:58.218 [main] DEBUG net.thucydides.core.steps.StepInterceptor - STEP DONE: I receive valid HTTP response code 200
  &amp#27;[32mThen &amp#27;[0m&amp#27;[32mI receive valid HTTP response code 200&amp#27;[0m                                 &amp#27;[90m# starter.stepdefinition.User_produuct_steps.reciveValidHttpResponse()&amp#27;[0m
10:14:58.221 [main] INFO  - 
  _____   ___   ___   _____     ___     _     ___   ___   ___   ___  
 |_   _| | __| / __| |_   _|   | _ \   /_\   / __| / __| | __| |   \ 
   | |   | _|  \__ \   | |     |  _/  / _ \  \__ \ \__ \ | _|  | |) |
   |_|   |___| |___/   |_|     |_|   /_/ \_\ |___/ |___/ |___| |___/ 

GET - As an admin I have be able to see posts all category number 1
----------------------------------------------------------------------
]]></system-out>
  </testcase>
  <testcase name="GET - As an admin I shouldn&apos;t be able to see all  posts with invalid url" classname="Posts #1" time="0.133">
    <system-out><![CDATA[
Scenario: GET - As an admin I shouldn't be able to see all  posts with invalid url &amp#27;[90m# src/test/resources/features/User_Category.feature:37&amp#27;[0m
10:14:58.227 [main] DEBUG io.cucumber.core.plugin.SerenityReporter - Running feature from file:///C:/Users/Dimas%20Rizqi%20Suryana/Mini_Project2/src/test/resources/features/User_Category.feature
10:14:58.232 [Finalizer] DEBUG org.apache.http.impl.conn.DefaultClientConnection - Connection 0.0.0.0:56481<->149.248.193.56:443 closed
10:14:58.233 [Finalizer] DEBUG org.apache.http.impl.conn.DefaultClientConnection - Connection 0.0.0.0:56480<->149.248.193.56:443 closed
10:14:58.233 [main] INFO  - 
  _____   ___   ___   _____     ___   _____     _     ___   _____   ___   ___  
 |_   _| | __| / __| |_   _|   / __| |_   _|   /_\   | _ \ |_   _| | __| |   \ 
   | |   | _|  \__ \   | |     \__ \   | |    / _ \  |   /   | |   | _|  | |) |
   |_|   |___| |___/   |_|     |___/   |_|   /_/ \_\ |_|_\   |_|   |___| |___/ 

GET - As an admin I shouldn't be able to see all  posts with invalid url(posts;get---as-an-admin-i-shouldn-t-be-able-to-see-all--posts-with-invalid-url)
--------------------------------------------------------------------------------
10:14:58.244 [main] DEBUG net.thucydides.core.steps.StepInterceptor - STARTING STEP: User_Category_steps.setInvalidGetAllCategoryApiEndpoints - I set typo GET all category api endpoints
10:14:58.244 [main] DEBUG net.thucydides.core.steps.StepInterceptor - STEP DONE: I set typo GET all category api endpoints
  &amp#27;[32mGiven &amp#27;[0m&amp#27;[32mI set typo GET all category api endpoints&amp#27;[0m                                  &amp#27;[90m# starter.stepdefinition.User_Category_steps.setInvalidGetAllCategoryApiEndpoints()&amp#27;[0m
10:14:58.257 [main] DEBUG net.thucydides.core.steps.StepInterceptor - STARTING STEP: User_produuct_steps.sendTypoGetHttpRequest - I send typo GET HTTP request
10:14:58.258 [main] DEBUG net.thucydides.core.steps.StepInterceptor - STARTING STEP: GET_Product.sendGetHttpRequest2 - I set typo GET api endpoints
10:14:58.259 [main] DEBUG net.thucydides.core.steps.StepInterceptor - STEP DONE: I set typo GET api endpoints
10:14:58.269 [main] DEBUG org.apache.http.impl.conn.BasicClientConnectionManager - Get connection for route {s}->https://altashop-api.fly.dev:443
10:14:58.269 [main] DEBUG org.apache.http.impl.conn.DefaultClientConnectionOperator - Connecting to altashop-api.fly.dev:443
10:14:58.320 [main] DEBUG org.apache.http.client.protocol.RequestAddCookies - CookieSpec selected: ignoreCookies
10:14:58.320 [main] DEBUG org.apache.http.client.protocol.RequestAuthCache - Auth cache not set in the context
10:14:58.320 [main] DEBUG org.apache.http.client.protocol.RequestTargetAuthentication - Target auth state: UNCHALLENGED
10:14:58.320 [main] DEBUG org.apache.http.client.protocol.RequestProxyAuthentication - Proxy auth state: UNCHALLENGED
10:14:58.320 [main] DEBUG org.apache.http.impl.client.DefaultHttpClient - Attempt 1 to execute request
10:14:58.320 [main] DEBUG org.apache.http.impl.conn.DefaultClientConnection - Sending request: GET /api/product HTTP/1.1
10:14:58.320 [main] DEBUG org.apache.http.wire -  >> "GET /api/product HTTP/1.1[\r][\n]"
10:14:58.320 [main] DEBUG org.apache.http.wire -  >> "Accept: */*[\r][\n]"
10:14:58.320 [main] DEBUG org.apache.http.wire -  >> "Host: altashop-api.fly.dev[\r][\n]"
10:14:58.320 [main] DEBUG org.apache.http.wire -  >> "Connection: Keep-Alive[\r][\n]"
10:14:58.320 [main] DEBUG org.apache.http.wire -  >> "User-Agent: Apache-HttpClient/4.5.13 (Java/18.0.2.1)[\r][\n]"
10:14:58.321 [main] DEBUG org.apache.http.wire -  >> "Accept-Encoding: gzip,deflate[\r][\n]"
10:14:58.321 [main] DEBUG org.apache.http.wire -  >> "[\r][\n]"
10:14:58.321 [main] DEBUG org.apache.http.headers - >> GET /api/product HTTP/1.1
10:14:58.321 [main] DEBUG org.apache.http.headers - >> Accept: */*
10:14:58.321 [main] DEBUG org.apache.http.headers - >> Host: altashop-api.fly.dev
10:14:58.321 [main] DEBUG org.apache.http.headers - >> Connection: Keep-Alive
10:14:58.321 [main] DEBUG org.apache.http.headers - >> User-Agent: Apache-HttpClient/4.5.13 (Java/18.0.2.1)
10:14:58.321 [main] DEBUG org.apache.http.headers - >> Accept-Encoding: gzip,deflate
10:14:58.345 [main] DEBUG org.apache.http.wire -  << "HTTP/1.1 404 Not Found[\r][\n]"
10:14:58.345 [main] DEBUG org.apache.http.wire -  << "date: Wed, 31 May 2023 03:14:58 GMT[\r][\n]"
10:14:58.345 [main] DEBUG org.apache.http.wire -  << "content-encoding: gzip[\r][\n]"
10:14:58.345 [main] DEBUG org.apache.http.wire -  << "content-type: text/plain; charset=utf-8[\r][\n]"
10:14:58.345 [main] DEBUG org.apache.http.wire -  << "transfer-encoding: chunked[\r][\n]"
10:14:58.346 [main] DEBUG org.apache.http.wire -  << "server: Fly/fe06e9419 (2023-05-24)[\r][\n]"
10:14:58.346 [main] DEBUG org.apache.http.wire -  << "via: 1.1 fly.io[\r][\n]"
10:14:58.346 [main] DEBUG org.apache.http.wire -  << "fly-request-id: 01H1QWTC4PM981BK8PB3NGMQ4F-sin[\r][\n]"
10:14:58.346 [main] DEBUG org.apache.http.wire -  << "[\r][\n]"
10:14:58.346 [main] DEBUG org.apache.http.impl.conn.DefaultClientConnection - Receiving response: HTTP/1.1 404 Not Found
10:14:58.346 [main] DEBUG org.apache.http.headers - << HTTP/1.1 404 Not Found
10:14:58.346 [main] DEBUG org.apache.http.headers - << date: Wed, 31 May 2023 03:14:58 GMT
10:14:58.346 [main] DEBUG org.apache.http.headers - << content-encoding: gzip
10:14:58.346 [main] DEBUG org.apache.http.headers - << content-type: text/plain; charset=utf-8
10:14:58.346 [main] DEBUG org.apache.http.headers - << transfer-encoding: chunked
10:14:58.346 [main] DEBUG org.apache.http.headers - << server: Fly/fe06e9419 (2023-05-24)
10:14:58.346 [main] DEBUG org.apache.http.headers - << via: 1.1 fly.io
10:14:58.346 [main] DEBUG org.apache.http.headers - << fly-request-id: 01H1QWTC4PM981BK8PB3NGMQ4F-sin
10:14:58.346 [main] DEBUG org.apache.http.impl.client.DefaultHttpClient - Connection can be kept alive indefinitely
10:14:58.346 [main] DEBUG io.restassured.internal.RestAssuredHttpBuilder - Parsing response as: text/plain; charset=utf-8
10:14:58.346 [main] DEBUG org.apache.http.wire -  << "1E[\r][\n]"
10:14:58.346 [main] DEBUG org.apache.http.wire -  << "[0x1f][0x8b][0x8][0x0][0x0][0x0][0x0][0x0][0x4][0xff][0xcb][0xcb]/QH[0xcb]/[0xcd]K[0xe1][0x2][0x0][0xd4]I[0xfa]r[\n]"
10:14:58.346 [main] DEBUG org.apache.http.wire -  << "[0x0][0x0][0x0]"
10:14:58.346 [main] DEBUG org.apache.http.wire -  << "[\r][\n]"
10:14:58.346 [main] DEBUG org.apache.http.wire -  << "0[\r][\n]"
10:14:58.346 [main] DEBUG org.apache.http.wire -  << "[\r][\n]"
10:14:58.346 [main] DEBUG io.restassured.internal.RestAssuredHttpBuilder - Parsed data to instance of: class org.apache.http.conn.EofSensorInputStream
10:14:58.347 [main] DEBUG org.apache.http.impl.conn.BasicClientConnectionManager - Releasing connection org.apache.http.impl.conn.ManagedClientConnectionImpl@131c5bd
10:14:58.347 [main] DEBUG org.apache.http.impl.conn.BasicClientConnectionManager - Connection can be kept alive indefinitely
10:14:58.348 [main] DEBUG net.thucydides.core.steps.StepInterceptor - STEP DONE: I send typo GET HTTP request
  &amp#27;[32mWhen &amp#27;[0m&amp#27;[32mI send typo GET HTTP request&amp#27;[0m                                                &amp#27;[90m# starter.stepdefinition.User_produuct_steps.sendTypoGetHttpRequest()&amp#27;[0m
10:14:58.350 [main] DEBUG net.thucydides.core.steps.StepInterceptor - STARTING STEP: User_produuct_steps.reciveInvalidHttpResponse - I receive invalid HTTP response code 404 Not Found
10:14:58.350 [main] DEBUG net.thucydides.core.steps.StepInterceptor - STEP DONE: I receive invalid HTTP response code 404 Not Found
  &amp#27;[32mThen &amp#27;[0m&amp#27;[32mI receive invalid HTTP response code 404 Not Found&amp#27;[0m                          &amp#27;[90m# starter.stepdefinition.User_produuct_steps.reciveInvalidHttpResponse()&amp#27;[0m
10:14:58.352 [main] DEBUG net.thucydides.core.steps.StepInterceptor - STARTING STEP: User_produuct_steps.reciveNothing - I receive nothing from the page
10:14:58.352 [main] DEBUG net.thucydides.core.steps.StepInterceptor - STEP DONE: I receive nothing from the page
  &amp#27;[32mAnd &amp#27;[0m&amp#27;[32mI receive nothing from the page&amp#27;[0m                                              &amp#27;[90m# starter.stepdefinition.User_produuct_steps.reciveNothing()&amp#27;[0m
10:14:58.353 [main] INFO  - 
  _____   ___   ___   _____     ___     _     ___   ___   ___   ___  
 |_   _| | __| / __| |_   _|   | _ \   /_\   / __| / __| | __| |   \ 
   | |   | _|  \__ \   | |     |  _/  / _ \  \__ \ \__ \ | _|  | |) |
   |_|   |___| |___/   |_|     |_|   /_/ \_\ |___/ |___/ |___| |___/ 

GET - As an admin I shouldn't be able to see all  posts with invalid url
----------------------------------------------------------------------
]]></system-out>
  </testcase>
  <testcase name="DELETE - As admin I have be able to delete category existing posts" classname="Posts #1" time="0.156">
    <system-out><![CDATA[
Scenario: DELETE - As admin I have be able to delete category existing posts &amp#27;[90m# src/test/resources/features/User_Category.feature:43&amp#27;[0m
10:14:58.361 [main] DEBUG io.cucumber.core.plugin.SerenityReporter - Running feature from file:///C:/Users/Dimas%20Rizqi%20Suryana/Mini_Project2/src/test/resources/features/User_Category.feature
10:14:58.363 [main] INFO  - 
  _____   ___   ___   _____     ___   _____     _     ___   _____   ___   ___  
 |_   _| | __| / __| |_   _|   / __| |_   _|   /_\   | _ \ |_   _| | __| |   \ 
   | |   | _|  \__ \   | |     \__ \   | |    / _ \  |   /   | |   | _|  | |) |
   |_|   |___| |___/   |_|     |___/   |_|   /_/ \_\ |_|_\   |_|   |___| |___/ 

DELETE - As admin I have be able to delete category existing posts(posts;delete---as-admin-i-have-be-able-to-delete-category-existing-posts)
--------------------------------------------------------------------------------
10:14:58.373 [main] DEBUG net.thucydides.core.steps.StepInterceptor - STARTING STEP: User_Category_steps.setDeleteCategoryApiEndpoints - I set DELETE category api endpoints
10:14:58.373 [main] DEBUG net.thucydides.core.steps.StepInterceptor - STEP DONE: I set DELETE category api endpoints
  &amp#27;[32mGiven &amp#27;[0m&amp#27;[32mI set DELETE category api endpoints&amp#27;[0m                                  &amp#27;[90m# starter.stepdefinition.User_Category_steps.setDeleteCategoryApiEndpoints()&amp#27;[0m
10:14:58.387 [main] DEBUG net.thucydides.core.steps.StepInterceptor - STARTING STEP: User_Category_steps.sendDeleteCategoryHttpRequest - I send DELETE category HTTP request
10:14:58.389 [main] DEBUG net.thucydides.core.steps.StepInterceptor - STARTING STEP: DELETE_Category.sendDeleteCategoryHttpRequest - I set DELETE category api endpoints
10:14:58.389 [main] DEBUG net.thucydides.core.steps.StepInterceptor - STEP DONE: I set DELETE category api endpoints
10:14:58.400 [main] DEBUG org.apache.http.impl.conn.BasicClientConnectionManager - Get connection for route {s}->https://altashop-api.fly.dev:443
10:14:58.400 [main] DEBUG org.apache.http.impl.conn.DefaultClientConnectionOperator - Connecting to altashop-api.fly.dev:443
10:14:58.474 [main] DEBUG org.apache.http.client.protocol.RequestAddCookies - CookieSpec selected: ignoreCookies
10:14:58.474 [main] DEBUG org.apache.http.client.protocol.RequestAuthCache - Auth cache not set in the context
10:14:58.474 [main] DEBUG org.apache.http.client.protocol.RequestTargetAuthentication - Target auth state: UNCHALLENGED
10:14:58.474 [main] DEBUG org.apache.http.client.protocol.RequestProxyAuthentication - Proxy auth state: UNCHALLENGED
10:14:58.474 [main] DEBUG org.apache.http.impl.client.DefaultHttpClient - Attempt 1 to execute request
10:14:58.474 [main] DEBUG org.apache.http.impl.conn.DefaultClientConnection - Sending request: DELETE /api/categories/1 HTTP/1.1
10:14:58.474 [main] DEBUG org.apache.http.wire -  >> "DELETE /api/categories/1 HTTP/1.1[\r][\n]"
10:14:58.474 [main] DEBUG org.apache.http.wire -  >> "Accept: */*[\r][\n]"
10:14:58.474 [main] DEBUG org.apache.http.wire -  >> "Host: altashop-api.fly.dev[\r][\n]"
10:14:58.474 [main] DEBUG org.apache.http.wire -  >> "Connection: Keep-Alive[\r][\n]"
10:14:58.474 [main] DEBUG org.apache.http.wire -  >> "User-Agent: Apache-HttpClient/4.5.13 (Java/18.0.2.1)[\r][\n]"
10:14:58.474 [main] DEBUG org.apache.http.wire -  >> "Accept-Encoding: gzip,deflate[\r][\n]"
10:14:58.474 [main] DEBUG org.apache.http.wire -  >> "[\r][\n]"
10:14:58.474 [main] DEBUG org.apache.http.headers - >> DELETE /api/categories/1 HTTP/1.1
10:14:58.474 [main] DEBUG org.apache.http.headers - >> Accept: */*
10:14:58.475 [main] DEBUG org.apache.http.headers - >> Host: altashop-api.fly.dev
10:14:58.475 [main] DEBUG org.apache.http.headers - >> Connection: Keep-Alive
10:14:58.475 [main] DEBUG org.apache.http.headers - >> User-Agent: Apache-HttpClient/4.5.13 (Java/18.0.2.1)
10:14:58.475 [main] DEBUG org.apache.http.headers - >> Accept-Encoding: gzip,deflate
10:14:58.496 [main] DEBUG org.apache.http.wire -  << "HTTP/1.1 200 OK[\r][\n]"
10:14:58.496 [main] DEBUG org.apache.http.wire -  << "content-type: application/json[\r][\n]"
10:14:58.496 [main] DEBUG org.apache.http.wire -  << "date: Wed, 31 May 2023 03:14:58 GMT[\r][\n]"
10:14:58.496 [main] DEBUG org.apache.http.wire -  << "content-encoding: gzip[\r][\n]"
10:14:58.496 [main] DEBUG org.apache.http.wire -  << "transfer-encoding: chunked[\r][\n]"
10:14:58.496 [main] DEBUG org.apache.http.wire -  << "server: Fly/fe06e9419 (2023-05-24)[\r][\n]"
10:14:58.496 [main] DEBUG org.apache.http.wire -  << "via: 1.1 fly.io[\r][\n]"
10:14:58.496 [main] DEBUG org.apache.http.wire -  << "fly-request-id: 01H1QWTC9J326WG8QM7VRV7NG8-sin[\r][\n]"
10:14:58.496 [main] DEBUG org.apache.http.wire -  << "[\r][\n]"
10:14:58.496 [main] DEBUG org.apache.http.impl.conn.DefaultClientConnection - Receiving response: HTTP/1.1 200 OK
10:14:58.496 [main] DEBUG org.apache.http.headers - << HTTP/1.1 200 OK
10:14:58.496 [main] DEBUG org.apache.http.headers - << content-type: application/json
10:14:58.496 [main] DEBUG org.apache.http.headers - << date: Wed, 31 May 2023 03:14:58 GMT
10:14:58.496 [main] DEBUG org.apache.http.headers - << content-encoding: gzip
10:14:58.496 [main] DEBUG org.apache.http.headers - << transfer-encoding: chunked
10:14:58.496 [main] DEBUG org.apache.http.headers - << server: Fly/fe06e9419 (2023-05-24)
10:14:58.496 [main] DEBUG org.apache.http.headers - << via: 1.1 fly.io
10:14:58.496 [main] DEBUG org.apache.http.headers - << fly-request-id: 01H1QWTC9J326WG8QM7VRV7NG8-sin
10:14:58.497 [main] DEBUG org.apache.http.impl.client.DefaultHttpClient - Connection can be kept alive indefinitely
10:14:58.497 [main] DEBUG io.restassured.internal.RestAssuredHttpBuilder - Parsing response as: application/json
10:14:58.497 [main] DEBUG org.apache.http.wire -  << "22[\r][\n]"
10:14:58.497 [main] DEBUG org.apache.http.wire -  << "[0x1f][0x8b][0x8][0x0][0x0][0x0][0x0][0x0][0x4][0xff][0xab]VJI,IT[0xb2][0xca]+[0xcd][0xc9][0xa9][0xe5][0x2][0x0][0xa3][0xab][0x8f]W[0xe][0x0][0x0][0x0]"
10:14:58.497 [main] DEBUG org.apache.http.wire -  << "[\r][\n]"
10:14:58.497 [main] DEBUG org.apache.http.wire -  << "0[\r][\n]"
10:14:58.497 [main] DEBUG org.apache.http.wire -  << "[\r][\n]"
10:14:58.497 [main] DEBUG io.restassured.internal.RestAssuredHttpBuilder - Parsed data to instance of: class org.apache.http.conn.EofSensorInputStream
10:14:58.498 [main] DEBUG org.apache.http.impl.conn.BasicClientConnectionManager - Releasing connection org.apache.http.impl.conn.ManagedClientConnectionImpl@d641499
10:14:58.498 [main] DEBUG org.apache.http.impl.conn.BasicClientConnectionManager - Connection can be kept alive indefinitely
10:14:58.499 [main] DEBUG net.thucydides.core.steps.StepInterceptor - STEP DONE: I send DELETE category HTTP request
  &amp#27;[32mWhen &amp#27;[0m&amp#27;[32mI send DELETE category HTTP request&amp#27;[0m                                   &amp#27;[90m# starter.stepdefinition.User_Category_steps.sendDeleteCategoryHttpRequest()&amp#27;[0m
10:14:58.509 [main] DEBUG net.thucydides.core.steps.StepInterceptor - STARTING STEP: User_produuct_steps.reciveValidHttpResponse - I receive valid HTTP response code 200
10:14:58.510 [main] DEBUG net.thucydides.core.steps.StepInterceptor - STEP DONE: I receive valid HTTP response code 200
  &amp#27;[32mThen &amp#27;[0m&amp#27;[32mI receive valid HTTP response code 200&amp#27;[0m                                &amp#27;[90m# starter.stepdefinition.User_produuct_steps.reciveValidHttpResponse()&amp#27;[0m
10:14:58.511 [main] INFO  - 
  _____   ___   ___   _____     ___     _     ___   ___   ___   ___  
 |_   _| | __| / __| |_   _|   | _ \   /_\   / __| / __| | __| |   \ 
   | |   | _|  \__ \   | |     |  _/  / _ \  \__ \ \__ \ | _|  | |) |
   |_|   |___| |___/   |_|     |_|   /_/ \_\ |___/ |___/ |___| |___/ 

DELETE - As admin I have be able to delete category existing posts
----------------------------------------------------------------------
]]></system-out>
  </testcase>
  <testcase name="DELETE - As admin I shouldn&apos;t be able to delete without input which posts" classname="Posts #1" time="0.122">
    <system-out><![CDATA[
Scenario: DELETE - As admin I shouldn't be able to delete without input which posts &amp#27;[90m# src/test/resources/features/User_Category.feature:48&amp#27;[0m
10:14:58.518 [main] DEBUG io.cucumber.core.plugin.SerenityReporter - Running feature from file:///C:/Users/Dimas%20Rizqi%20Suryana/Mini_Project2/src/test/resources/features/User_Category.feature
10:14:58.521 [main] INFO  - 
  _____   ___   ___   _____     ___   _____     _     ___   _____   ___   ___  
 |_   _| | __| / __| |_   _|   / __| |_   _|   /_\   | _ \ |_   _| | __| |   \ 
   | |   | _|  \__ \   | |     \__ \   | |    / _ \  |   /   | |   | _|  | |) |
   |_|   |___| |___/   |_|     |___/   |_|   /_/ \_\ |_|_\   |_|   |___| |___/ 

DELETE - As admin I shouldn't be able to delete without input which posts(posts;delete---as-admin-i-shouldn-t-be-able-to-delete-without-input-which-posts)
--------------------------------------------------------------------------------
10:14:58.530 [main] DEBUG net.thucydides.core.steps.StepInterceptor - STARTING STEP: User_Category_steps.setiInvalidDeleteCategoryEndpoints - I set DELETE category to invalid api endpoints
10:14:58.531 [main] DEBUG net.thucydides.core.steps.StepInterceptor - STEP DONE: I set DELETE category to invalid api endpoints
  &amp#27;[32mGiven &amp#27;[0m&amp#27;[32mI set DELETE category to invalid api endpoints&amp#27;[0m                              &amp#27;[90m# starter.stepdefinition.User_Category_steps.setiInvalidDeleteCategoryEndpoints()&amp#27;[0m
10:14:58.538 [main] DEBUG net.thucydides.core.steps.StepInterceptor - STARTING STEP: User_produuct_steps.sendInvalidDeleteHttpRequest - I send DELETE Invalid HTTP request
10:14:58.539 [main] DEBUG net.thucydides.core.steps.StepInterceptor - STARTING STEP: DELETE_Product.sendInvalidDeleteHttpRequest - I set DELETE to invalid api endpoints
10:14:58.539 [main] DEBUG net.thucydides.core.steps.StepInterceptor - STEP DONE: I set DELETE to invalid api endpoints
10:14:58.553 [main] DEBUG org.apache.http.impl.conn.BasicClientConnectionManager - Get connection for route {s}->https://altashop-api.fly.dev:443
10:14:58.553 [main] DEBUG org.apache.http.impl.conn.DefaultClientConnectionOperator - Connecting to altashop-api.fly.dev:443
10:14:58.596 [main] DEBUG org.apache.http.client.protocol.RequestAddCookies - CookieSpec selected: ignoreCookies
10:14:58.597 [main] DEBUG org.apache.http.client.protocol.RequestAuthCache - Auth cache not set in the context
10:14:58.597 [main] DEBUG org.apache.http.client.protocol.RequestTargetAuthentication - Target auth state: UNCHALLENGED
10:14:58.597 [main] DEBUG org.apache.http.client.protocol.RequestProxyAuthentication - Proxy auth state: UNCHALLENGED
10:14:58.597 [main] DEBUG org.apache.http.impl.client.DefaultHttpClient - Attempt 1 to execute request
10:14:58.597 [main] DEBUG org.apache.http.impl.conn.DefaultClientConnection - Sending request: DELETE /api/products HTTP/1.1
10:14:58.597 [main] DEBUG org.apache.http.wire -  >> "DELETE /api/products HTTP/1.1[\r][\n]"
10:14:58.597 [main] DEBUG org.apache.http.wire -  >> "Accept: */*[\r][\n]"
10:14:58.597 [main] DEBUG org.apache.http.wire -  >> "Host: altashop-api.fly.dev[\r][\n]"
10:14:58.597 [main] DEBUG org.apache.http.wire -  >> "Connection: Keep-Alive[\r][\n]"
10:14:58.597 [main] DEBUG org.apache.http.wire -  >> "User-Agent: Apache-HttpClient/4.5.13 (Java/18.0.2.1)[\r][\n]"
10:14:58.597 [main] DEBUG org.apache.http.wire -  >> "Accept-Encoding: gzip,deflate[\r][\n]"
10:14:58.597 [main] DEBUG org.apache.http.wire -  >> "[\r][\n]"
10:14:58.597 [main] DEBUG org.apache.http.headers - >> DELETE /api/products HTTP/1.1
10:14:58.597 [main] DEBUG org.apache.http.headers - >> Accept: */*
10:14:58.597 [main] DEBUG org.apache.http.headers - >> Host: altashop-api.fly.dev
10:14:58.597 [main] DEBUG org.apache.http.headers - >> Connection: Keep-Alive
10:14:58.597 [main] DEBUG org.apache.http.headers - >> User-Agent: Apache-HttpClient/4.5.13 (Java/18.0.2.1)
10:14:58.597 [main] DEBUG org.apache.http.headers - >> Accept-Encoding: gzip,deflate
10:14:58.625 [main] DEBUG org.apache.http.wire -  << "HTTP/1.1 405 Method Not Allowed[\r][\n]"
10:14:58.625 [main] DEBUG org.apache.http.wire -  << "date: Wed, 31 May 2023 03:14:58 GMT[\r][\n]"
10:14:58.625 [main] DEBUG org.apache.http.wire -  << "content-encoding: gzip[\r][\n]"
10:14:58.625 [main] DEBUG org.apache.http.wire -  << "content-type: text/plain; charset=utf-8[\r][\n]"
10:14:58.625 [main] DEBUG org.apache.http.wire -  << "transfer-encoding: chunked[\r][\n]"
10:14:58.625 [main] DEBUG org.apache.http.wire -  << "server: Fly/fe06e9419 (2023-05-24)[\r][\n]"
10:14:58.625 [main] DEBUG org.apache.http.wire -  << "via: 1.1 fly.io[\r][\n]"
10:14:58.625 [main] DEBUG org.apache.http.wire -  << "fly-request-id: 01H1QWTCDEQ2J4TAA678439GJ5-sin[\r][\n]"
10:14:58.625 [main] DEBUG org.apache.http.wire -  << "[\r][\n]"
10:14:58.625 [main] DEBUG org.apache.http.impl.conn.DefaultClientConnection - Receiving response: HTTP/1.1 405 Method Not Allowed
10:14:58.625 [main] DEBUG org.apache.http.headers - << HTTP/1.1 405 Method Not Allowed
10:14:58.625 [main] DEBUG org.apache.http.headers - << date: Wed, 31 May 2023 03:14:58 GMT
10:14:58.625 [main] DEBUG org.apache.http.headers - << content-encoding: gzip
10:14:58.625 [main] DEBUG org.apache.http.headers - << content-type: text/plain; charset=utf-8
10:14:58.625 [main] DEBUG org.apache.http.headers - << transfer-encoding: chunked
10:14:58.625 [main] DEBUG org.apache.http.headers - << server: Fly/fe06e9419 (2023-05-24)
10:14:58.625 [main] DEBUG org.apache.http.headers - << via: 1.1 fly.io
10:14:58.625 [main] DEBUG org.apache.http.headers - << fly-request-id: 01H1QWTCDEQ2J4TAA678439GJ5-sin
10:14:58.626 [main] DEBUG org.apache.http.impl.client.DefaultHttpClient - Connection can be kept alive indefinitely
10:14:58.626 [main] DEBUG io.restassured.internal.RestAssuredHttpBuilder - Parsing response as: text/plain; charset=utf-8
10:14:58.626 [main] DEBUG org.apache.http.wire -  << "27[\r][\n]"
10:14:58.626 [main] DEBUG org.apache.http.wire -  << "[0x1f][0x8b][0x8][0x0][0x0][0x0][0x0][0x0][0x4][0xff][0xcb]M-[0xc9][0xc8]OQ[0xc8][0xcb]/QH[0xcc][0xc9][0xc9]/OM[0xe1][0x2][0x0][0xe5]Yf[0xfa][0x13][0x0][0x0][0x0]"
10:14:58.626 [main] DEBUG org.apache.http.wire -  << "[\r][\n]"
10:14:58.626 [main] DEBUG org.apache.http.wire -  << "0[\r][\n]"
10:14:58.626 [main] DEBUG org.apache.http.wire -  << "[\r][\n]"
10:14:58.626 [main] DEBUG io.restassured.internal.RestAssuredHttpBuilder - Parsed data to instance of: class org.apache.http.conn.EofSensorInputStream
10:14:58.628 [main] DEBUG org.apache.http.impl.conn.BasicClientConnectionManager - Releasing connection org.apache.http.impl.conn.ManagedClientConnectionImpl@2119b989
10:14:58.628 [main] DEBUG org.apache.http.impl.conn.BasicClientConnectionManager - Connection can be kept alive indefinitely
10:14:58.629 [main] DEBUG net.thucydides.core.steps.StepInterceptor - STEP DONE: I send DELETE Invalid HTTP request
  &amp#27;[32mWhen &amp#27;[0m&amp#27;[32mI send DELETE Invalid HTTP request&amp#27;[0m                                           &amp#27;[90m# starter.stepdefinition.User_produuct_steps.sendInvalidDeleteHttpRequest()&amp#27;[0m
  &amp#27;[32mThen &amp#27;[0m&amp#27;[32mI receive invalid HTTP response code 405 Not Found&amp#27;[0m                           &amp#27;[90m# starter.stepdefinition.User_produuct_steps.reciveInvalidHttpResponseCode405()&amp#27;[0m
10:14:58.633 [main] DEBUG net.thucydides.core.steps.StepInterceptor - STARTING STEP: User_produuct_steps.reciveNothing - I receive nothing from the page
10:14:58.633 [main] DEBUG net.thucydides.core.steps.StepInterceptor - STEP DONE: I receive nothing from the page
  &amp#27;[32mAnd &amp#27;[0m&amp#27;[32mI receive nothing from the page&amp#27;[0m                                               &amp#27;[90m# starter.stepdefinition.User_produuct_steps.reciveNothing()&amp#27;[0m
10:14:58.634 [main] INFO  - 
  _____   ___   ___   _____     ___     _     ___   ___   ___   ___  
 |_   _| | __| / __| |_   _|   | _ \   /_\   / __| / __| | __| |   \ 
   | |   | _|  \__ \   | |     |  _/  / _ \  \__ \ \__ \ | _|  | |) |
   |_|   |___| |___/   |_|     |_|   /_/ \_\ |___/ |___/ |___| |___/ 

DELETE - As admin I shouldn't be able to delete without input which posts
----------------------------------------------------------------------
]]></system-out>
  </testcase>
  <testcase name="POST - As an admin I have be able to create new posts rating" classname="Posts #2" time="0.15">
    <failure type="java.lang.AssertionError"><![CDATA[java.lang.AssertionError: 
1 expectation failed.
Expected status code <200> but was <500>.

]]></failure>
    <system-out><![CDATA[10:14:58.636 [main] DEBUG io.cucumber.core.plugin.SerenityReporter - Running feature from file:///C:/Users/Dimas%20Rizqi%20Suryana/Mini_Project2/src/test/resources/features/User_RatingandComment.feature
10:14:58.637 [main] DEBUG net.thucydides.core.steps.StepEventBus - Test suite started for story net.thucydides.core.model.Story@426c086e
10:14:58.639 [main] INFO  - Test Suite Started: Posts

Scenario: POST - As an admin I have be able to create new posts rating &amp#27;[90m# src/test/resources/features/User_RatingandComment.feature:7&amp#27;[0m
10:14:58.645 [main] DEBUG io.cucumber.core.plugin.SerenityReporter - Running feature from file:///C:/Users/Dimas%20Rizqi%20Suryana/Mini_Project2/src/test/resources/features/User_RatingandComment.feature
10:14:58.648 [main] INFO  - 
  _____   ___   ___   _____     ___   _____     _     ___   _____   ___   ___  
 |_   _| | __| / __| |_   _|   / __| |_   _|   /_\   | _ \ |_   _| | __| |   \ 
   | |   | _|  \__ \   | |     \__ \   | |    / _ \  |   /   | |   | _|  | |) |
   |_|   |___| |___/   |_|     |___/   |_|   /_/ \_\ |_|_\   |_|   |___| |___/ 

POST - As an admin I have be able to create new posts rating(posts;post---as-an-admin-i-have-be-able-to-create-new-posts-rating)
--------------------------------------------------------------------------------
10:14:58.680 [main] DEBUG net.thucydides.core.steps.StepInterceptor - STARTING STEP: User_RatingandComment_steps.sendPostRatingHttpRating - I send POST rating HTTP request
10:14:58.682 [main] DEBUG net.thucydides.core.steps.StepInterceptor - STARTING STEP: POST_Rating.sendPostRatingHttpRequest - I set POST rating api endpoints
10:14:58.682 [main] DEBUG net.thucydides.core.steps.StepInterceptor - STEP DONE: I set POST rating api endpoints
10:14:58.695 [main] DEBUG org.apache.http.impl.conn.BasicClientConnectionManager - Get connection for route {s}->https://altashop-api.fly.dev:443
10:14:58.695 [main] DEBUG org.apache.http.impl.conn.DefaultClientConnectionOperator - Connecting to altashop-api.fly.dev:443
10:14:58.735 [main] DEBUG org.apache.http.client.protocol.RequestAddCookies - CookieSpec selected: ignoreCookies
10:14:58.736 [main] DEBUG org.apache.http.client.protocol.RequestAuthCache - Auth cache not set in the context
10:14:58.736 [main] DEBUG org.apache.http.client.protocol.RequestProxyAuthentication - Proxy auth state: UNCHALLENGED
10:14:58.736 [main] DEBUG org.apache.http.impl.client.DefaultHttpClient - Attempt 1 to execute request
10:14:58.736 [main] DEBUG org.apache.http.impl.conn.DefaultClientConnection - Sending request: POST /api/products/13369/ratings HTTP/1.1
10:14:58.736 [main] DEBUG org.apache.http.wire -  >> "POST /api/products/13369/ratings HTTP/1.1[\r][\n]"
10:14:58.736 [main] DEBUG org.apache.http.wire -  >> "Authorization: Bearer eyJhbGciOiJIUzI1NiIsInR5cCI6IkpXVCJ9.eyJGdWxsbmFtZSI6IkpvaG4gRG9lIiwiRW1haWwiOiJzb21lb25lQG1haWwuY29tIn0.WvBSxcQEqqniC1v08LzkrHcELegs0b7vtjGPWiaEWcI[\r][\n]"
10:14:58.736 [main] DEBUG org.apache.http.wire -  >> "Conten-Type: aplication/json[\r][\n]"
10:14:58.736 [main] DEBUG org.apache.http.wire -  >> "Accept: */*[\r][\n]"
10:14:58.736 [main] DEBUG org.apache.http.wire -  >> "Content-Type: text/plain; charset=ISO-8859-1[\r][\n]"
10:14:58.736 [main] DEBUG org.apache.http.wire -  >> "Content-Length: 11[\r][\n]"
10:14:58.736 [main] DEBUG org.apache.http.wire -  >> "Host: altashop-api.fly.dev[\r][\n]"
10:14:58.736 [main] DEBUG org.apache.http.wire -  >> "Connection: Keep-Alive[\r][\n]"
10:14:58.736 [main] DEBUG org.apache.http.wire -  >> "User-Agent: Apache-HttpClient/4.5.13 (Java/18.0.2.1)[\r][\n]"
10:14:58.736 [main] DEBUG org.apache.http.wire -  >> "Accept-Encoding: gzip,deflate[\r][\n]"
10:14:58.736 [main] DEBUG org.apache.http.wire -  >> "[\r][\n]"
10:14:58.736 [main] DEBUG org.apache.http.headers - >> POST /api/products/13369/ratings HTTP/1.1
10:14:58.736 [main] DEBUG org.apache.http.headers - >> Authorization: Bearer eyJhbGciOiJIUzI1NiIsInR5cCI6IkpXVCJ9.eyJGdWxsbmFtZSI6IkpvaG4gRG9lIiwiRW1haWwiOiJzb21lb25lQG1haWwuY29tIn0.WvBSxcQEqqniC1v08LzkrHcELegs0b7vtjGPWiaEWcI
10:14:58.736 [main] DEBUG org.apache.http.headers - >> Conten-Type: aplication/json
10:14:58.736 [main] DEBUG org.apache.http.headers - >> Accept: */*
10:14:58.736 [main] DEBUG org.apache.http.headers - >> Content-Type: text/plain; charset=ISO-8859-1
10:14:58.736 [main] DEBUG org.apache.http.headers - >> Content-Length: 11
10:14:58.736 [main] DEBUG org.apache.http.headers - >> Host: altashop-api.fly.dev
10:14:58.736 [main] DEBUG org.apache.http.headers - >> Connection: Keep-Alive
10:14:58.736 [main] DEBUG org.apache.http.headers - >> User-Agent: Apache-HttpClient/4.5.13 (Java/18.0.2.1)
10:14:58.736 [main] DEBUG org.apache.http.headers - >> Accept-Encoding: gzip,deflate
10:14:58.736 [main] DEBUG org.apache.http.wire -  >> "{"count":4}"
10:14:58.770 [main] DEBUG org.apache.http.wire -  << "HTTP/1.1 500 Internal Server Error[\r][\n]"
10:14:58.770 [main] DEBUG org.apache.http.wire -  << "content-type: application/json[\r][\n]"
10:14:58.770 [main] DEBUG org.apache.http.wire -  << "date: Wed, 31 May 2023 03:14:58 GMT[\r][\n]"
10:14:58.770 [main] DEBUG org.apache.http.wire -  << "content-encoding: gzip[\r][\n]"
10:14:58.770 [main] DEBUG org.apache.http.wire -  << "transfer-encoding: chunked[\r][\n]"
10:14:58.770 [main] DEBUG org.apache.http.wire -  << "server: Fly/fe06e9419 (2023-05-24)[\r][\n]"
10:14:58.770 [main] DEBUG org.apache.http.wire -  << "via: 1.1 fly.io[\r][\n]"
10:14:58.770 [main] DEBUG org.apache.http.wire -  << "fly-request-id: 01H1QWTCHPXPRRZ4B4W2ZPX4ST-sin[\r][\n]"
10:14:58.770 [main] DEBUG org.apache.http.wire -  << "[\r][\n]"
10:14:58.771 [main] DEBUG org.apache.http.impl.conn.DefaultClientConnection - Receiving response: HTTP/1.1 500 Internal Server Error
10:14:58.771 [main] DEBUG org.apache.http.headers - << HTTP/1.1 500 Internal Server Error
10:14:58.771 [main] DEBUG org.apache.http.headers - << content-type: application/json
10:14:58.771 [main] DEBUG org.apache.http.headers - << date: Wed, 31 May 2023 03:14:58 GMT
10:14:58.771 [main] DEBUG org.apache.http.headers - << content-encoding: gzip
10:14:58.771 [main] DEBUG org.apache.http.headers - << transfer-encoding: chunked
10:14:58.771 [main] DEBUG org.apache.http.headers - << server: Fly/fe06e9419 (2023-05-24)
10:14:58.771 [main] DEBUG org.apache.http.headers - << via: 1.1 fly.io
10:14:58.771 [main] DEBUG org.apache.http.headers - << fly-request-id: 01H1QWTCHPXPRRZ4B4W2ZPX4ST-sin
10:14:58.771 [main] DEBUG org.apache.http.impl.client.DefaultHttpClient - Connection can be kept alive indefinitely
10:14:58.771 [main] DEBUG io.restassured.internal.RestAssuredHttpBuilder - Parsing response as: application/json
10:14:58.771 [main] DEBUG org.apache.http.wire -  << "31[\r][\n]"
10:14:58.771 [main] DEBUG org.apache.http.wire -  << "[0x1f][0x8b][0x8][0x0][0x0][0x0][0x0][0x0][0x4][0xff][0xab]VJ-*[0xca]/R[0xb2]R*JM[0xce]/JQ[0xc8][0xcb]/QH[0xcb]/[0xcd]KQ[0xaa][0xe5][0x2][0x0]6`[0x14][0x2][0x1d][0x0][0x0][0x0]"
10:14:58.771 [main] DEBUG org.apache.http.wire -  << "[\r][\n]"
10:14:58.771 [main] DEBUG org.apache.http.wire -  << "0[\r][\n]"
10:14:58.771 [main] DEBUG org.apache.http.wire -  << "[\r][\n]"
10:14:58.771 [main] DEBUG io.restassured.internal.RestAssuredHttpBuilder - Parsed data to instance of: class org.apache.http.conn.EofSensorInputStream
10:14:58.772 [main] DEBUG org.apache.http.impl.conn.BasicClientConnectionManager - Releasing connection org.apache.http.impl.conn.ManagedClientConnectionImpl@d763b06
10:14:58.772 [main] DEBUG org.apache.http.impl.conn.BasicClientConnectionManager - Connection can be kept alive indefinitely
10:14:58.772 [main] DEBUG net.thucydides.core.steps.StepInterceptor - STEP DONE: I send POST rating HTTP request
  &amp#27;[32mWhen &amp#27;[0m&amp#27;[32mI send POST rating HTTP request&amp#27;[0m                                 &amp#27;[90m# starter.stepdefinition.User_RatingandComment_steps.sendPostRatingHttpRating()&amp#27;[0m
10:14:58.778 [main] DEBUG net.thucydides.core.steps.StepInterceptor - STARTING STEP: User_produuct_steps.reciveValidHttp201 - I receive valid HTTP response code 201
  &amp#27;[31mThen &amp#27;[0m&amp#27;[31mI receive valid HTTP response code 201&amp#27;[0m                          &amp#27;[90m# starter.stepdefinition.User_produuct_steps.reciveValidHttp201()&amp#27;[0m
      &amp#27;[31mjava.lang.AssertionError: 1 expectation failed.
Expected status code <200> but was <500>.

	at java.base/jdk.internal.reflect.DirectConstructorHandleAccessor.newInstance(DirectConstructorHandleAccessor.java:67)
	at java.base/java.lang.reflect.Constructor.newInstanceWithCaller(Constructor.java:499)
	at java.base/java.lang.reflect.Constructor.newInstance(Constructor.java:483)
	at org.codehaus.groovy.reflection.CachedConstructor.invoke(CachedConstructor.java:73)
	at org.codehaus.groovy.runtime.callsite.ConstructorSite$ConstructorSiteNoUnwrapNoCoerce.callConstructor(ConstructorSite.java:108)
	at org.codehaus.groovy.runtime.callsite.AbstractCallSite.callConstructor(AbstractCallSite.java:277)
	at io.restassured.internal.ResponseSpecificationImpl$HamcrestAssertionClosure.validate(ResponseSpecificationImpl.groovy:512)
	at io.restassured.internal.ResponseSpecificationImpl$HamcrestAssertionClosure$validate$1.call(Unknown Source)
	at io.restassured.internal.ResponseSpecificationImpl.validateResponseIfRequired(ResponseSpecificationImpl.groovy:696)
	at io.restassured.internal.ResponseSpecificationImpl.this$2$validateResponseIfRequired(ResponseSpecificationImpl.groovy)
	at java.base/jdk.internal.reflect.DirectMethodHandleAccessor.invoke(DirectMethodHandleAccessor.java:104)
	at java.base/java.lang.reflect.Method.invoke(Method.java:577)
	at org.codehaus.groovy.runtime.callsite.PlainObjectMetaMethodSite.doInvoke(PlainObjectMetaMethodSite.java:43)
	at org.codehaus.groovy.runtime.callsite.PogoMetaMethodSite$PogoCachedMethodSiteNoUnwrapNoCoerce.invoke(PogoMetaMethodSite.java:198)
	at org.codehaus.groovy.runtime.callsite.PogoMetaMethodSite.callCurrent(PogoMetaMethodSite.java:62)
	at org.codehaus.groovy.runtime.callsite.AbstractCallSite.callCurrent(AbstractCallSite.java:185)
	at io.restassured.internal.ResponseSpecificationImpl.statusCode(ResponseSpecificationImpl.groovy:135)
	at io.restassured.specification.ResponseSpecification$statusCode$0.callCurrent(Unknown Source)
	at io.restassured.internal.ResponseSpecificationImpl.statusCode(ResponseSpecificationImpl.groovy:143)
	at io.restassured.internal.ValidatableResponseOptionsImpl.statusCode(ValidatableResponseOptionsImpl.java:89)
	at minpro@1.0-SNAPSHOT/starter.user.POST_Product.lambda$reciveValidHttpResponse201$0(POST_Product.java:33)
	at net.serenitybdd.rest.SerenityRest.restAssuredThat(SerenityRest.java:626)
	at minpro@1.0-SNAPSHOT/starter.user.POST_Product.reciveValidHttpResponse201(POST_Product.java:33)
	at minpro@1.0-SNAPSHOT/starter.user.POST_Product$ByteBuddy$fl9S0XuB.reciveValidHttpResponse201$accessor$vHUDPAVA(Unknown Source)
	at java.base/jdk.internal.reflect.DirectMethodHandleAccessor.invoke(DirectMethodHandleAccessor.java:104)
	at java.base/java.lang.reflect.Method.invoke(Method.java:577)
	at net.thucydides.core.steps.StepInterceptor.invokeMethod(StepInterceptor.java:518)
	at net.thucydides.core.steps.StepInterceptor.executeTestStepMethod(StepInterceptor.java:498)
	at net.thucydides.core.steps.StepInterceptor.runTestStep(StepInterceptor.java:472)
	at net.thucydides.core.steps.StepInterceptor.runOrSkipMethod(StepInterceptor.java:211)
	at net.thucydides.core.steps.StepInterceptor.testStepResult(StepInterceptor.java:198)
	at net.thucydides.core.steps.StepInterceptor.intercept(StepInterceptor.java:86)
	at net.thucydides.core.steps.ProxyConfiguration$InterceptorDispatcher.intercept(ProxyConfiguration.java:51)
	at minpro@1.0-SNAPSHOT/starter.user.POST_Product$ByteBuddy$fl9S0XuB.reciveValidHttpResponse201(Unknown Source)
	at minpro@1.0-SNAPSHOT/starter.stepdefinition.User_produuct_steps.reciveValidHttp201(User_produuct_steps.java:78)
	at ✽.I receive valid HTTP response code 201(file:///C:/Users/Dimas%20Rizqi%20Suryana/Mini_Project2/src/test/resources/features/User_RatingandComment.feature:9)
&amp#27;[0m
  &amp#27;[36mGiven &amp#27;[0m&amp#27;[36mI set POST rating api endpoints&amp#27;[0m                                &amp#27;[90m# starter.stepdefinition.User_RatingandComment_steps.setPostRatingApiEndpoints()&amp#27;[0m
10:14:58.788 [main] ERROR  - 
  _____   ___   ___   _____     ___     _     ___   _      ___   ___  
 |_   _| | __| / __| |_   _|   | __|   /_\   |_ _| | |    | __| |   \ 
   | |   | _|  \__ \   | |     | _|   / _ \   | |  | |__  | _|  | |) |
   |_|   |___| |___/   |_|     |_|   /_/ \_\ |___| |____| |___| |___/ 

POST - As an admin I have be able to create new posts rating
-----------------------------------------------------------------------
10:14:58.789 [main] DEBUG  - RELATED ISSUES: 
10:14:58.789 [main] ERROR  -     Test failed at step: I receive valid HTTP response code 201
10:14:58.789 [main] ERROR  -     1 expectation failed.Expected status code <200> but was <500>.
]]></system-out>
  </testcase>
  <testcase name="POST - As an admin I shouldn&apos;t be able to create new posts rating with invalid url" classname="Posts #2" time="0.121">
    <system-out><![CDATA[
Scenario: POST - As an admin I shouldn't be able to create new posts rating with invalid url &amp#27;[90m# src/test/resources/features/User_RatingandComment.feature:13&amp#27;[0m
10:14:58.795 [main] DEBUG io.cucumber.core.plugin.SerenityReporter - Running feature from file:///C:/Users/Dimas%20Rizqi%20Suryana/Mini_Project2/src/test/resources/features/User_RatingandComment.feature
10:14:58.796 [main] INFO  - 
  _____   ___   ___   _____     ___   _____     _     ___   _____   ___   ___  
 |_   _| | __| / __| |_   _|   / __| |_   _|   /_\   | _ \ |_   _| | __| |   \ 
   | |   | _|  \__ \   | |     \__ \   | |    / _ \  |   /   | |   | _|  | |) |
   |_|   |___| |___/   |_|     |___/   |_|   /_/ \_\ |_|_\   |_|   |___| |___/ 

POST - As an admin I shouldn't be able to create new posts rating with invalid url(posts;post---as-an-admin-i-shouldn-t-be-able-to-create-new-posts-rating-with-invalid-url)
--------------------------------------------------------------------------------
10:14:58.803 [main] DEBUG net.thucydides.core.steps.StepInterceptor - STARTING STEP: User_RatingandComment_steps.setTypoPostRatingApiEndpoints - I set typo POST rating api endpoints
10:14:58.804 [main] DEBUG net.thucydides.core.steps.StepInterceptor - STEP DONE: I set typo POST rating api endpoints
  &amp#27;[32mGiven &amp#27;[0m&amp#27;[32mI set typo POST rating api endpoints&amp#27;[0m                                                 &amp#27;[90m# starter.stepdefinition.User_RatingandComment_steps.setTypoPostRatingApiEndpoints()&amp#27;[0m
10:14:58.809 [main] DEBUG net.thucydides.core.steps.StepInterceptor - STARTING STEP: User_produuct_steps.sendPostInvalidHttpRequest - I send typo POST HTTP request
10:14:58.810 [main] DEBUG net.thucydides.core.steps.StepInterceptor - STARTING STEP: POST_Product.sendInvalidPostHttpRequest - I set typo POST api endpoints
10:14:58.810 [main] DEBUG net.thucydides.core.steps.StepInterceptor - STEP DONE: I set typo POST api endpoints
10:14:58.821 [main] DEBUG org.apache.http.impl.conn.BasicClientConnectionManager - Get connection for route {s}->https://altashop-api.fly.dev:443
10:14:58.821 [main] DEBUG org.apache.http.impl.conn.DefaultClientConnectionOperator - Connecting to altashop-api.fly.dev:443
10:14:58.864 [Finalizer] DEBUG org.apache.http.impl.conn.DefaultClientConnection - Connection 0.0.0.0:56484<->149.248.193.56:443 closed
10:14:58.864 [Finalizer] DEBUG org.apache.http.impl.conn.DefaultClientConnection - Connection 0.0.0.0:56483<->149.248.193.56:443 closed
10:14:58.864 [Finalizer] DEBUG org.apache.http.impl.conn.DefaultClientConnection - Connection 0.0.0.0:56482<->149.248.193.56:443 closed
10:14:58.866 [Finalizer] DEBUG org.apache.http.impl.conn.DefaultClientConnection - Connection 0.0.0.0:56487<->149.248.193.56:443 closed
10:14:58.866 [Finalizer] DEBUG org.apache.http.impl.conn.DefaultClientConnection - Connection 0.0.0.0:56485<->149.248.193.56:443 closed
10:14:58.868 [main] DEBUG org.apache.http.client.protocol.RequestAddCookies - CookieSpec selected: ignoreCookies
10:14:58.868 [main] DEBUG org.apache.http.client.protocol.RequestAuthCache - Auth cache not set in the context
10:14:58.868 [main] DEBUG org.apache.http.client.protocol.RequestTargetAuthentication - Target auth state: UNCHALLENGED
10:14:58.868 [main] DEBUG org.apache.http.client.protocol.RequestProxyAuthentication - Proxy auth state: UNCHALLENGED
10:14:58.868 [main] DEBUG org.apache.http.impl.client.DefaultHttpClient - Attempt 1 to execute request
10:14:58.868 [main] DEBUG org.apache.http.impl.conn.DefaultClientConnection - Sending request: GET /api/product HTTP/1.1
10:14:58.868 [main] DEBUG org.apache.http.wire -  >> "GET /api/product HTTP/1.1[\r][\n]"
10:14:58.868 [main] DEBUG org.apache.http.wire -  >> "Accept: */*[\r][\n]"
10:14:58.868 [main] DEBUG org.apache.http.wire -  >> "Host: altashop-api.fly.dev[\r][\n]"
10:14:58.868 [main] DEBUG org.apache.http.wire -  >> "Connection: Keep-Alive[\r][\n]"
10:14:58.868 [main] DEBUG org.apache.http.wire -  >> "User-Agent: Apache-HttpClient/4.5.13 (Java/18.0.2.1)[\r][\n]"
10:14:58.868 [main] DEBUG org.apache.http.wire -  >> "Accept-Encoding: gzip,deflate[\r][\n]"
10:14:58.868 [main] DEBUG org.apache.http.wire -  >> "[\r][\n]"
10:14:58.868 [main] DEBUG org.apache.http.headers - >> GET /api/product HTTP/1.1
10:14:58.868 [main] DEBUG org.apache.http.headers - >> Accept: */*
10:14:58.868 [main] DEBUG org.apache.http.headers - >> Host: altashop-api.fly.dev
10:14:58.868 [main] DEBUG org.apache.http.headers - >> Connection: Keep-Alive
10:14:58.868 [main] DEBUG org.apache.http.headers - >> User-Agent: Apache-HttpClient/4.5.13 (Java/18.0.2.1)
10:14:58.868 [main] DEBUG org.apache.http.headers - >> Accept-Encoding: gzip,deflate
10:14:58.902 [main] DEBUG org.apache.http.wire -  << "HTTP/1.1 404 Not Found[\r][\n]"
10:14:58.902 [main] DEBUG org.apache.http.wire -  << "date: Wed, 31 May 2023 03:14:58 GMT[\r][\n]"
10:14:58.902 [main] DEBUG org.apache.http.wire -  << "content-encoding: gzip[\r][\n]"
10:14:58.902 [main] DEBUG org.apache.http.wire -  << "content-type: text/plain; charset=utf-8[\r][\n]"
10:14:58.902 [main] DEBUG org.apache.http.wire -  << "transfer-encoding: chunked[\r][\n]"
10:14:58.902 [main] DEBUG org.apache.http.wire -  << "server: Fly/fe06e9419 (2023-05-24)[\r][\n]"
10:14:58.902 [main] DEBUG org.apache.http.wire -  << "via: 1.1 fly.io[\r][\n]"
10:14:58.902 [main] DEBUG org.apache.http.wire -  << "fly-request-id: 01H1QWTCNZ4JA53SGWD7SSFY9K-sin[\r][\n]"
10:14:58.902 [main] DEBUG org.apache.http.wire -  << "[\r][\n]"
10:14:58.902 [main] DEBUG org.apache.http.impl.conn.DefaultClientConnection - Receiving response: HTTP/1.1 404 Not Found
10:14:58.902 [main] DEBUG org.apache.http.headers - << HTTP/1.1 404 Not Found
10:14:58.902 [main] DEBUG org.apache.http.headers - << date: Wed, 31 May 2023 03:14:58 GMT
10:14:58.902 [main] DEBUG org.apache.http.headers - << content-encoding: gzip
10:14:58.902 [main] DEBUG org.apache.http.headers - << content-type: text/plain; charset=utf-8
10:14:58.902 [main] DEBUG org.apache.http.headers - << transfer-encoding: chunked
10:14:58.902 [main] DEBUG org.apache.http.headers - << server: Fly/fe06e9419 (2023-05-24)
10:14:58.902 [main] DEBUG org.apache.http.headers - << via: 1.1 fly.io
10:14:58.902 [main] DEBUG org.apache.http.headers - << fly-request-id: 01H1QWTCNZ4JA53SGWD7SSFY9K-sin
10:14:58.904 [main] DEBUG org.apache.http.impl.client.DefaultHttpClient - Connection can be kept alive indefinitely
10:14:58.904 [main] DEBUG io.restassured.internal.RestAssuredHttpBuilder - Parsing response as: text/plain; charset=utf-8
10:14:58.904 [main] DEBUG org.apache.http.wire -  << "1E[\r][\n]"
10:14:58.904 [main] DEBUG org.apache.http.wire -  << "[0x1f][0x8b][0x8][0x0][0x0][0x0][0x0][0x0][0x4][0xff][0xcb][0xcb]/QH[0xcb]/[0xcd]K[0xe1][0x2][0x0][0xd4]I[0xfa]r[\n]"
10:14:58.904 [main] DEBUG org.apache.http.wire -  << "[0x0][0x0][0x0]"
10:14:58.904 [main] DEBUG org.apache.http.wire -  << "[\r][\n]"
10:14:58.904 [main] DEBUG org.apache.http.wire -  << "0[\r][\n]"
10:14:58.904 [main] DEBUG org.apache.http.wire -  << "[\r][\n]"
10:14:58.904 [main] DEBUG io.restassured.internal.RestAssuredHttpBuilder - Parsed data to instance of: class org.apache.http.conn.EofSensorInputStream
10:14:58.905 [main] DEBUG org.apache.http.impl.conn.BasicClientConnectionManager - Releasing connection org.apache.http.impl.conn.ManagedClientConnectionImpl@3bf52f8f
10:14:58.905 [main] DEBUG org.apache.http.impl.conn.BasicClientConnectionManager - Connection can be kept alive indefinitely
10:14:58.906 [main] DEBUG net.thucydides.core.steps.StepInterceptor - STEP DONE: I send typo POST HTTP request
  &amp#27;[32mWhen &amp#27;[0m&amp#27;[32mI send typo POST HTTP request&amp#27;[0m                                                         &amp#27;[90m# starter.stepdefinition.User_produuct_steps.sendPostInvalidHttpRequest()&amp#27;[0m
10:14:58.908 [main] DEBUG net.thucydides.core.steps.StepInterceptor - STARTING STEP: User_produuct_steps.reciveInvalidHttpResponse - I receive invalid HTTP response code 404 Not Found
10:14:58.908 [main] DEBUG net.thucydides.core.steps.StepInterceptor - STEP DONE: I receive invalid HTTP response code 404 Not Found
  &amp#27;[32mThen &amp#27;[0m&amp#27;[32mI receive invalid HTTP response code 404 Not Found&amp#27;[0m                                    &amp#27;[90m# starter.stepdefinition.User_produuct_steps.reciveInvalidHttpResponse()&amp#27;[0m
10:14:58.910 [main] DEBUG net.thucydides.core.steps.StepInterceptor - STARTING STEP: User_produuct_steps.reciveNothing - I receive nothing from the page
10:14:58.911 [main] DEBUG net.thucydides.core.steps.StepInterceptor - STEP DONE: I receive nothing from the page
  &amp#27;[32mAnd &amp#27;[0m&amp#27;[32mI receive nothing from the page&amp#27;[0m                                                        &amp#27;[90m# starter.stepdefinition.User_produuct_steps.reciveNothing()&amp#27;[0m
10:14:58.911 [main] INFO  - 
  _____   ___   ___   _____     ___     _     ___   ___   ___   ___  
 |_   _| | __| / __| |_   _|   | _ \   /_\   / __| / __| | __| |   \ 
   | |   | _|  \__ \   | |     |  _/  / _ \  \__ \ \__ \ | _|  | |) |
   |_|   |___| |___/   |_|     |_|   /_/ \_\ |___/ |___/ |___| |___/ 

POST - As an admin I shouldn't be able to create new posts rating with invalid url
----------------------------------------------------------------------
]]></system-out>
  </testcase>
  <testcase name="GET - As an admin I have be able to see posts rating number 1" classname="Posts #2" time="0.135">
    <failure type="java.lang.AssertionError"><![CDATA[java.lang.AssertionError: 
1 expectation failed.
JSON path data doesn't match.
Expected: <2>
  Actual: <1>

]]></failure>
    <system-out><![CDATA[
Scenario: GET - As an admin I have be able to see posts rating number 1 &amp#27;[90m# src/test/resources/features/User_RatingandComment.feature:19&amp#27;[0m
10:14:58.915 [main] DEBUG io.cucumber.core.plugin.SerenityReporter - Running feature from file:///C:/Users/Dimas%20Rizqi%20Suryana/Mini_Project2/src/test/resources/features/User_RatingandComment.feature
10:14:58.916 [main] INFO  - 
  _____   ___   ___   _____     ___   _____     _     ___   _____   ___   ___  
 |_   _| | __| / __| |_   _|   / __| |_   _|   /_\   | _ \ |_   _| | __| |   \ 
   | |   | _|  \__ \   | |     \__ \   | |    / _ \  |   /   | |   | _|  | |) |
   |_|   |___| |___/   |_|     |___/   |_|   /_/ \_\ |_|_\   |_|   |___| |___/ 

GET - As an admin I have be able to see posts rating number 1(posts;get---as-an-admin-i-have-be-able-to-see-posts-rating-number-1)
--------------------------------------------------------------------------------
10:14:58.926 [main] DEBUG net.thucydides.core.steps.StepInterceptor - STARTING STEP: User_RatingandComment_steps.setGetRatingApiEndpoints - I set GET rating api endpoints
10:14:58.926 [main] DEBUG net.thucydides.core.steps.StepInterceptor - STEP DONE: I set GET rating api endpoints
  &amp#27;[32mGiven &amp#27;[0m&amp#27;[32mI set GET rating api endpoints&amp#27;[0m                                  &amp#27;[90m# starter.stepdefinition.User_RatingandComment_steps.setGetRatingApiEndpoints()&amp#27;[0m
10:14:58.928 [main] DEBUG net.thucydides.core.steps.StepInterceptor - STARTING STEP: User_RatingandComment_steps.sendGetRatingHttpRequest - I send GET rating HTTP request
10:14:58.929 [main] DEBUG net.thucydides.core.steps.StepInterceptor - STARTING STEP: GET_Rating.senGetRatingHttpRequest - I set GET rating api endpoints
10:14:58.929 [main] DEBUG net.thucydides.core.steps.StepInterceptor - STEP DONE: I set GET rating api endpoints
10:14:58.938 [main] DEBUG org.apache.http.impl.conn.BasicClientConnectionManager - Get connection for route {s}->https://altashop-api.fly.dev:443
10:14:58.939 [main] DEBUG org.apache.http.impl.conn.DefaultClientConnectionOperator - Connecting to altashop-api.fly.dev:443
10:14:58.983 [main] DEBUG org.apache.http.client.protocol.RequestAddCookies - CookieSpec selected: ignoreCookies
10:14:58.983 [main] DEBUG org.apache.http.client.protocol.RequestAuthCache - Auth cache not set in the context
10:14:58.983 [main] DEBUG org.apache.http.client.protocol.RequestTargetAuthentication - Target auth state: UNCHALLENGED
10:14:58.983 [main] DEBUG org.apache.http.client.protocol.RequestProxyAuthentication - Proxy auth state: UNCHALLENGED
10:14:58.983 [main] DEBUG org.apache.http.impl.client.DefaultHttpClient - Attempt 1 to execute request
10:14:58.983 [main] DEBUG org.apache.http.impl.conn.DefaultClientConnection - Sending request: GET /api/products/1/ratings HTTP/1.1
10:14:58.983 [main] DEBUG org.apache.http.wire -  >> "GET /api/products/1/ratings HTTP/1.1[\r][\n]"
10:14:58.983 [main] DEBUG org.apache.http.wire -  >> "Accept: */*[\r][\n]"
10:14:58.983 [main] DEBUG org.apache.http.wire -  >> "Host: altashop-api.fly.dev[\r][\n]"
10:14:58.983 [main] DEBUG org.apache.http.wire -  >> "Connection: Keep-Alive[\r][\n]"
10:14:58.983 [main] DEBUG org.apache.http.wire -  >> "User-Agent: Apache-HttpClient/4.5.13 (Java/18.0.2.1)[\r][\n]"
10:14:58.983 [main] DEBUG org.apache.http.wire -  >> "Accept-Encoding: gzip,deflate[\r][\n]"
10:14:58.983 [main] DEBUG org.apache.http.wire -  >> "[\r][\n]"
10:14:58.983 [main] DEBUG org.apache.http.headers - >> GET /api/products/1/ratings HTTP/1.1
10:14:58.983 [main] DEBUG org.apache.http.headers - >> Accept: */*
10:14:58.983 [main] DEBUG org.apache.http.headers - >> Host: altashop-api.fly.dev
10:14:58.983 [main] DEBUG org.apache.http.headers - >> Connection: Keep-Alive
10:14:58.983 [main] DEBUG org.apache.http.headers - >> User-Agent: Apache-HttpClient/4.5.13 (Java/18.0.2.1)
10:14:58.983 [main] DEBUG org.apache.http.headers - >> Accept-Encoding: gzip,deflate
10:14:59.017 [main] DEBUG org.apache.http.wire -  << "HTTP/1.1 200 OK[\r][\n]"
10:14:59.017 [main] DEBUG org.apache.http.wire -  << "content-type: application/json[\r][\n]"
10:14:59.017 [main] DEBUG org.apache.http.wire -  << "date: Wed, 31 May 2023 03:14:58 GMT[\r][\n]"
10:14:59.017 [main] DEBUG org.apache.http.wire -  << "content-encoding: gzip[\r][\n]"
10:14:59.017 [main] DEBUG org.apache.http.wire -  << "transfer-encoding: chunked[\r][\n]"
10:14:59.017 [main] DEBUG org.apache.http.wire -  << "server: Fly/fe06e9419 (2023-05-24)[\r][\n]"
10:14:59.017 [main] DEBUG org.apache.http.wire -  << "via: 1.1 fly.io[\r][\n]"
10:14:59.017 [main] DEBUG org.apache.http.wire -  << "fly-request-id: 01H1QWTCSG24RF86MN978HKWKT-sin[\r][\n]"
10:14:59.017 [main] DEBUG org.apache.http.wire -  << "[\r][\n]"
10:14:59.017 [main] DEBUG org.apache.http.impl.conn.DefaultClientConnection - Receiving response: HTTP/1.1 200 OK
10:14:59.017 [main] DEBUG org.apache.http.headers - << HTTP/1.1 200 OK
10:14:59.017 [main] DEBUG org.apache.http.headers - << content-type: application/json
10:14:59.017 [main] DEBUG org.apache.http.headers - << date: Wed, 31 May 2023 03:14:58 GMT
10:14:59.017 [main] DEBUG org.apache.http.headers - << content-encoding: gzip
10:14:59.017 [main] DEBUG org.apache.http.headers - << transfer-encoding: chunked
10:14:59.017 [main] DEBUG org.apache.http.headers - << server: Fly/fe06e9419 (2023-05-24)
10:14:59.017 [main] DEBUG org.apache.http.headers - << via: 1.1 fly.io
10:14:59.017 [main] DEBUG org.apache.http.headers - << fly-request-id: 01H1QWTCSG24RF86MN978HKWKT-sin
10:14:59.017 [main] DEBUG org.apache.http.impl.client.DefaultHttpClient - Connection can be kept alive indefinitely
10:14:59.017 [main] DEBUG io.restassured.internal.RestAssuredHttpBuilder - Parsing response as: application/json
10:14:59.017 [main] DEBUG org.apache.http.wire -  << "1F[\r][\n]"
10:14:59.017 [main] DEBUG org.apache.http.wire -  << "[0x1f][0x8b][0x8][0x0][0x0][0x0][0x0][0x0][0x4][0xff][0xab]VJI,IT[0xb2]2[0xac][0xe5][0x2][0x0]_[0xea][0x17]@[0xb][0x0][0x0][0x0]"
10:14:59.017 [main] DEBUG org.apache.http.wire -  << "[\r][\n]"
10:14:59.017 [main] DEBUG org.apache.http.wire -  << "0[\r][\n]"
10:14:59.017 [main] DEBUG org.apache.http.wire -  << "[\r][\n]"
10:14:59.018 [main] DEBUG io.restassured.internal.RestAssuredHttpBuilder - Parsed data to instance of: class org.apache.http.conn.EofSensorInputStream
10:14:59.018 [main] DEBUG org.apache.http.impl.conn.BasicClientConnectionManager - Releasing connection org.apache.http.impl.conn.ManagedClientConnectionImpl@4529048e
10:14:59.018 [main] DEBUG org.apache.http.impl.conn.BasicClientConnectionManager - Connection can be kept alive indefinitely
10:14:59.020 [main] DEBUG net.thucydides.core.steps.StepInterceptor - STEP DONE: I send GET rating HTTP request
  &amp#27;[32mWhen &amp#27;[0m&amp#27;[32mI send GET rating HTTP request&amp#27;[0m                                   &amp#27;[90m# starter.stepdefinition.User_RatingandComment_steps.sendGetRatingHttpRequest()&amp#27;[0m
10:14:59.025 [main] DEBUG net.thucydides.core.steps.StepInterceptor - STARTING STEP: User_produuct_steps.reciveValidHttpResponse - I receive valid HTTP response code 200
10:14:59.026 [main] DEBUG net.thucydides.core.steps.StepInterceptor - STEP DONE: I receive valid HTTP response code 200
  &amp#27;[32mThen &amp#27;[0m&amp#27;[32mI receive valid HTTP response code 200&amp#27;[0m                           &amp#27;[90m# starter.stepdefinition.User_produuct_steps.reciveValidHttpResponse()&amp#27;[0m
10:14:59.027 [main] DEBUG net.thucydides.core.steps.StepInterceptor - STARTING STEP: User_RatingandComment_steps.reciveDataGetRating - I receive valid data for all of the posts rating
  &amp#27;[31mAnd &amp#27;[0m&amp#27;[31mI receive valid data for all of the posts rating&amp#27;[0m                  &amp#27;[90m# starter.stepdefinition.User_RatingandComment_steps.reciveDataGetRating()&amp#27;[0m
      &amp#27;[31mjava.lang.AssertionError: 1 expectation failed.
JSON path data doesn't match.
Expected: <2>
  Actual: <1>

	at java.base/jdk.internal.reflect.DirectConstructorHandleAccessor.newInstance(DirectConstructorHandleAccessor.java:67)
	at java.base/java.lang.reflect.Constructor.newInstanceWithCaller(Constructor.java:499)
	at java.base/java.lang.reflect.Constructor.newInstance(Constructor.java:483)
	at org.codehaus.groovy.reflection.CachedConstructor.invoke(CachedConstructor.java:73)
	at org.codehaus.groovy.runtime.callsite.ConstructorSite$ConstructorSiteNoUnwrapNoCoerce.callConstructor(ConstructorSite.java:108)
	at org.codehaus.groovy.runtime.callsite.AbstractCallSite.callConstructor(AbstractCallSite.java:277)
	at io.restassured.internal.ResponseSpecificationImpl$HamcrestAssertionClosure.validate(ResponseSpecificationImpl.groovy:512)
	at io.restassured.internal.ResponseSpecificationImpl$HamcrestAssertionClosure$validate$1.call(Unknown Source)
	at io.restassured.internal.ResponseSpecificationImpl.validateResponseIfRequired(ResponseSpecificationImpl.groovy:696)
	at io.restassured.internal.ResponseSpecificationImpl.this$2$validateResponseIfRequired(ResponseSpecificationImpl.groovy)
	at java.base/jdk.internal.reflect.DirectMethodHandleAccessor.invoke(DirectMethodHandleAccessor.java:104)
	at java.base/java.lang.reflect.Method.invoke(Method.java:577)
	at org.codehaus.groovy.runtime.callsite.PlainObjectMetaMethodSite.doInvoke(PlainObjectMetaMethodSite.java:43)
	at org.codehaus.groovy.runtime.callsite.PogoMetaMethodSite$PogoCachedMethodSiteNoUnwrapNoCoerce.invoke(PogoMetaMethodSite.java:198)
	at org.codehaus.groovy.runtime.callsite.PogoMetaMethodSite.callCurrent(PogoMetaMethodSite.java:62)
	at org.codehaus.groovy.runtime.callsite.AbstractCallSite.callCurrent(AbstractCallSite.java:185)
	at io.restassured.internal.ResponseSpecificationImpl.body(ResponseSpecificationImpl.groovy:270)
	at io.restassured.specification.ResponseSpecification$body$1.callCurrent(Unknown Source)
	at io.restassured.internal.ResponseSpecificationImpl.body(ResponseSpecificationImpl.groovy:117)
	at io.restassured.internal.ValidatableResponseOptionsImpl.body(ValidatableResponseOptionsImpl.java:244)
	at minpro@1.0-SNAPSHOT/starter.user.GET_Rating.lambda$validateDataGetRating$0(GET_Rating.java:27)
	at net.serenitybdd.rest.SerenityRest.restAssuredThat(SerenityRest.java:626)
	at minpro@1.0-SNAPSHOT/starter.user.GET_Rating.validateDataGetRating(GET_Rating.java:27)
	at minpro@1.0-SNAPSHOT/starter.user.GET_Rating$ByteBuddy$8MsD6bu9.validateDataGetRating$accessor$81Hm58pp(Unknown Source)
	at java.base/jdk.internal.reflect.DirectMethodHandleAccessor.invoke(DirectMethodHandleAccessor.java:104)
	at java.base/java.lang.reflect.Method.invoke(Method.java:577)
	at net.thucydides.core.steps.StepInterceptor.invokeMethod(StepInterceptor.java:518)
	at net.thucydides.core.steps.StepInterceptor.executeTestStepMethod(StepInterceptor.java:498)
	at net.thucydides.core.steps.StepInterceptor.runTestStep(StepInterceptor.java:472)
	at net.thucydides.core.steps.StepInterceptor.runOrSkipMethod(StepInterceptor.java:211)
	at net.thucydides.core.steps.StepInterceptor.testStepResult(StepInterceptor.java:198)
	at net.thucydides.core.steps.StepInterceptor.intercept(StepInterceptor.java:86)
	at net.thucydides.core.steps.ProxyConfiguration$InterceptorDispatcher.intercept(ProxyConfiguration.java:51)
	at minpro@1.0-SNAPSHOT/starter.user.GET_Rating$ByteBuddy$8MsD6bu9.validateDataGetRating(Unknown Source)
	at minpro@1.0-SNAPSHOT/starter.stepdefinition.User_RatingandComment_steps.reciveDataGetRating(User_RatingandComment_steps.java:63)
	at ✽.I receive valid data for all of the posts rating(file:///C:/Users/Dimas%20Rizqi%20Suryana/Mini_Project2/src/test/resources/features/User_RatingandComment.feature:23)
&amp#27;[0m
10:14:59.045 [main] ERROR  - 
  _____   ___   ___   _____     ___     _     ___   _      ___   ___  
 |_   _| | __| / __| |_   _|   | __|   /_\   |_ _| | |    | __| |   \ 
   | |   | _|  \__ \   | |     | _|   / _ \   | |  | |__  | _|  | |) |
   |_|   |___| |___/   |_|     |_|   /_/ \_\ |___| |____| |___| |___/ 

GET - As an admin I have be able to see posts rating number 1
-----------------------------------------------------------------------
10:14:59.045 [main] DEBUG  - RELATED ISSUES: 
10:14:59.046 [main] ERROR  -     Test failed at step: I receive valid data for all of the posts rating
10:14:59.046 [main] ERROR  -     1 expectation failed.JSON path data doesn't match.Expected: <2>  Actual: <1>
]]></system-out>
  </testcase>
  <testcase name="GET - As an admin I shouldn&apos;t be able to see posts rating with invalid url" classname="Posts #2" time="0.15">
    <system-out><![CDATA[
Scenario: GET - As an admin I shouldn't be able to see posts rating with invalid url &amp#27;[90m# src/test/resources/features/User_RatingandComment.feature:26&amp#27;[0m
10:14:59.052 [main] DEBUG io.cucumber.core.plugin.SerenityReporter - Running feature from file:///C:/Users/Dimas%20Rizqi%20Suryana/Mini_Project2/src/test/resources/features/User_RatingandComment.feature
10:14:59.053 [main] INFO  - 
  _____   ___   ___   _____     ___   _____     _     ___   _____   ___   ___  
 |_   _| | __| / __| |_   _|   / __| |_   _|   /_\   | _ \ |_   _| | __| |   \ 
   | |   | _|  \__ \   | |     \__ \   | |    / _ \  |   /   | |   | _|  | |) |
   |_|   |___| |___/   |_|     |___/   |_|   /_/ \_\ |_|_\   |_|   |___| |___/ 

GET - As an admin I shouldn't be able to see posts rating with invalid url(posts;get---as-an-admin-i-shouldn-t-be-able-to-see-posts-rating-with-invalid-url)
--------------------------------------------------------------------------------
10:14:59.061 [main] DEBUG net.thucydides.core.steps.StepInterceptor - STARTING STEP: User_RatingandComment_steps.setInvalidGetRatingApiEndpoints - I set typo GET rating api endpoints
10:14:59.061 [main] DEBUG net.thucydides.core.steps.StepInterceptor - STEP DONE: I set typo GET rating api endpoints
  &amp#27;[32mGiven &amp#27;[0m&amp#27;[32mI set typo GET rating api endpoints&amp#27;[0m                                          &amp#27;[90m# starter.stepdefinition.User_RatingandComment_steps.setInvalidGetRatingApiEndpoints()&amp#27;[0m
10:14:59.063 [main] DEBUG net.thucydides.core.steps.StepInterceptor - STARTING STEP: User_RatingandComment_steps.sendInvalidGetApiHttpRequest - I send typo GET rating HTTP request
10:14:59.064 [main] DEBUG net.thucydides.core.steps.StepInterceptor - STARTING STEP: GET_Rating.sendInvalidGetRatingHttpRequest - I set typo GET rating api endpoints
10:14:59.064 [main] DEBUG net.thucydides.core.steps.StepInterceptor - STEP DONE: I set typo GET rating api endpoints
10:14:59.075 [main] DEBUG org.apache.http.impl.conn.BasicClientConnectionManager - Get connection for route {s}->https://altashop-api.fly.dev:443
10:14:59.075 [main] DEBUG org.apache.http.impl.conn.DefaultClientConnectionOperator - Connecting to altashop-api.fly.dev:443
10:14:59.118 [main] DEBUG org.apache.http.client.protocol.RequestAddCookies - CookieSpec selected: ignoreCookies
10:14:59.118 [main] DEBUG org.apache.http.client.protocol.RequestAuthCache - Auth cache not set in the context
10:14:59.118 [main] DEBUG org.apache.http.client.protocol.RequestTargetAuthentication - Target auth state: UNCHALLENGED
10:14:59.118 [main] DEBUG org.apache.http.client.protocol.RequestProxyAuthentication - Proxy auth state: UNCHALLENGED
10:14:59.118 [main] DEBUG org.apache.http.impl.client.DefaultHttpClient - Attempt 1 to execute request
10:14:59.118 [main] DEBUG org.apache.http.impl.conn.DefaultClientConnection - Sending request: GET /api/products/1/rating HTTP/1.1
10:14:59.118 [main] DEBUG org.apache.http.wire -  >> "GET /api/products/1/rating HTTP/1.1[\r][\n]"
10:14:59.119 [main] DEBUG org.apache.http.wire -  >> "Accept: */*[\r][\n]"
10:14:59.119 [main] DEBUG org.apache.http.wire -  >> "Host: altashop-api.fly.dev[\r][\n]"
10:14:59.119 [main] DEBUG org.apache.http.wire -  >> "Connection: Keep-Alive[\r][\n]"
10:14:59.119 [main] DEBUG org.apache.http.wire -  >> "User-Agent: Apache-HttpClient/4.5.13 (Java/18.0.2.1)[\r][\n]"
10:14:59.119 [main] DEBUG org.apache.http.wire -  >> "Accept-Encoding: gzip,deflate[\r][\n]"
10:14:59.119 [main] DEBUG org.apache.http.wire -  >> "[\r][\n]"
10:14:59.119 [main] DEBUG org.apache.http.headers - >> GET /api/products/1/rating HTTP/1.1
10:14:59.119 [main] DEBUG org.apache.http.headers - >> Accept: */*
10:14:59.119 [main] DEBUG org.apache.http.headers - >> Host: altashop-api.fly.dev
10:14:59.119 [main] DEBUG org.apache.http.headers - >> Connection: Keep-Alive
10:14:59.119 [main] DEBUG org.apache.http.headers - >> User-Agent: Apache-HttpClient/4.5.13 (Java/18.0.2.1)
10:14:59.119 [main] DEBUG org.apache.http.headers - >> Accept-Encoding: gzip,deflate
10:14:59.185 [main] DEBUG org.apache.http.wire -  << "HTTP/1.1 404 Not Found[\r][\n]"
10:14:59.185 [main] DEBUG org.apache.http.wire -  << "date: Wed, 31 May 2023 03:14:59 GMT[\r][\n]"
10:14:59.185 [main] DEBUG org.apache.http.wire -  << "content-encoding: gzip[\r][\n]"
10:14:59.185 [main] DEBUG org.apache.http.wire -  << "content-type: text/plain; charset=utf-8[\r][\n]"
10:14:59.185 [main] DEBUG org.apache.http.wire -  << "transfer-encoding: chunked[\r][\n]"
10:14:59.185 [main] DEBUG org.apache.http.wire -  << "server: Fly/fe06e9419 (2023-05-24)[\r][\n]"
10:14:59.185 [main] DEBUG org.apache.http.wire -  << "via: 1.1 fly.io[\r][\n]"
10:14:59.185 [main] DEBUG org.apache.http.wire -  << "fly-request-id: 01H1QWTCY176B5VN2CQRENAW2G-sin[\r][\n]"
10:14:59.185 [main] DEBUG org.apache.http.wire -  << "[\r][\n]"
10:14:59.185 [main] DEBUG org.apache.http.impl.conn.DefaultClientConnection - Receiving response: HTTP/1.1 404 Not Found
10:14:59.185 [main] DEBUG org.apache.http.headers - << HTTP/1.1 404 Not Found
10:14:59.185 [main] DEBUG org.apache.http.headers - << date: Wed, 31 May 2023 03:14:59 GMT
10:14:59.185 [main] DEBUG org.apache.http.headers - << content-encoding: gzip
10:14:59.185 [main] DEBUG org.apache.http.headers - << content-type: text/plain; charset=utf-8
10:14:59.185 [main] DEBUG org.apache.http.headers - << transfer-encoding: chunked
10:14:59.185 [main] DEBUG org.apache.http.headers - << server: Fly/fe06e9419 (2023-05-24)
10:14:59.185 [main] DEBUG org.apache.http.headers - << via: 1.1 fly.io
10:14:59.185 [main] DEBUG org.apache.http.headers - << fly-request-id: 01H1QWTCY176B5VN2CQRENAW2G-sin
10:14:59.185 [main] DEBUG org.apache.http.impl.client.DefaultHttpClient - Connection can be kept alive indefinitely
10:14:59.185 [main] DEBUG io.restassured.internal.RestAssuredHttpBuilder - Parsing response as: text/plain; charset=utf-8
10:14:59.185 [main] DEBUG org.apache.http.wire -  << "1E[\r][\n]"
10:14:59.185 [main] DEBUG org.apache.http.wire -  << "[0x1f][0x8b][0x8][0x0][0x0][0x0][0x0][0x0][0x4][0xff][0xcb][0xcb]/QH[0xcb]/[0xcd]K[0xe1][0x2][0x0][0xd4]I[0xfa]r[\n]"
10:14:59.185 [main] DEBUG org.apache.http.wire -  << "[0x0][0x0][0x0]"
10:14:59.185 [main] DEBUG org.apache.http.wire -  << "[\r][\n]"
10:14:59.186 [main] DEBUG org.apache.http.wire -  << "0[\r][\n]"
10:14:59.186 [main] DEBUG org.apache.http.wire -  << "[\r][\n]"
10:14:59.186 [main] DEBUG io.restassured.internal.RestAssuredHttpBuilder - Parsed data to instance of: class org.apache.http.conn.EofSensorInputStream
10:14:59.186 [main] DEBUG org.apache.http.impl.conn.BasicClientConnectionManager - Releasing connection org.apache.http.impl.conn.ManagedClientConnectionImpl@5364b481
10:14:59.186 [main] DEBUG org.apache.http.impl.conn.BasicClientConnectionManager - Connection can be kept alive indefinitely
10:14:59.187 [main] DEBUG net.thucydides.core.steps.StepInterceptor - STEP DONE: I send typo GET rating HTTP request
  &amp#27;[32mWhen &amp#27;[0m&amp#27;[32mI send typo GET rating HTTP request&amp#27;[0m                                           &amp#27;[90m# starter.stepdefinition.User_RatingandComment_steps.sendInvalidGetApiHttpRequest()&amp#27;[0m
10:14:59.194 [main] DEBUG net.thucydides.core.steps.StepInterceptor - STARTING STEP: User_produuct_steps.reciveInvalidHttpResponse - I receive invalid HTTP response code 404 Not Found
10:14:59.194 [main] DEBUG net.thucydides.core.steps.StepInterceptor - STEP DONE: I receive invalid HTTP response code 404 Not Found
  &amp#27;[32mThen &amp#27;[0m&amp#27;[32mI receive invalid HTTP response code 404 Not Found&amp#27;[0m                            &amp#27;[90m# starter.stepdefinition.User_produuct_steps.reciveInvalidHttpResponse()&amp#27;[0m
10:14:59.195 [main] DEBUG net.thucydides.core.steps.StepInterceptor - STARTING STEP: User_produuct_steps.reciveNothing - I receive nothing from the page
10:14:59.195 [main] DEBUG net.thucydides.core.steps.StepInterceptor - STEP DONE: I receive nothing from the page
  &amp#27;[32mAnd &amp#27;[0m&amp#27;[32mI receive nothing from the page&amp#27;[0m                                                &amp#27;[90m# starter.stepdefinition.User_produuct_steps.reciveNothing()&amp#27;[0m
10:14:59.197 [main] INFO  - 
  _____   ___   ___   _____     ___     _     ___   ___   ___   ___  
 |_   _| | __| / __| |_   _|   | _ \   /_\   / __| / __| | __| |   \ 
   | |   | _|  \__ \   | |     |  _/  / _ \  \__ \ \__ \ | _|  | |) |
   |_|   |___| |___/   |_|     |_|   /_/ \_\ |___/ |___/ |___| |___/ 

GET - As an admin I shouldn't be able to see posts rating with invalid url
----------------------------------------------------------------------
]]></system-out>
  </testcase>
  <testcase name="POST - As an admin I have be able to create new posts comment" classname="Posts #2" time="0.125">
    <system-out><![CDATA[
Scenario: POST - As an admin I have be able to create new posts comment &amp#27;[90m# src/test/resources/features/User_RatingandComment.feature:32&amp#27;[0m
10:14:59.202 [main] DEBUG io.cucumber.core.plugin.SerenityReporter - Running feature from file:///C:/Users/Dimas%20Rizqi%20Suryana/Mini_Project2/src/test/resources/features/User_RatingandComment.feature
10:14:59.204 [main] INFO  - 
  _____   ___   ___   _____     ___   _____     _     ___   _____   ___   ___  
 |_   _| | __| / __| |_   _|   / __| |_   _|   /_\   | _ \ |_   _| | __| |   \ 
   | |   | _|  \__ \   | |     \__ \   | |    / _ \  |   /   | |   | _|  | |) |
   |_|   |___| |___/   |_|     |___/   |_|   /_/ \_\ |_|_\   |_|   |___| |___/ 

POST - As an admin I have be able to create new posts comment(posts;post---as-an-admin-i-have-be-able-to-create-new-posts-comment)
--------------------------------------------------------------------------------
10:14:59.212 [main] DEBUG net.thucydides.core.steps.StepInterceptor - STARTING STEP: User_RatingandComment_steps.sendPostCommantHttpRequest - I send POST commant HTTP request
10:14:59.214 [main] DEBUG net.thucydides.core.steps.StepInterceptor - STARTING STEP: POST_Commant.sendPostCommantHttpRequest - I set POST commant api endpoints
10:14:59.214 [main] DEBUG net.thucydides.core.steps.StepInterceptor - STEP DONE: I set POST commant api endpoints
10:14:59.228 [main] DEBUG org.apache.http.impl.conn.BasicClientConnectionManager - Get connection for route {s}->https://altashop-api.fly.dev:443
10:14:59.228 [main] DEBUG org.apache.http.impl.conn.DefaultClientConnectionOperator - Connecting to altashop-api.fly.dev:443
10:14:59.271 [main] DEBUG org.apache.http.client.protocol.RequestAddCookies - CookieSpec selected: ignoreCookies
10:14:59.272 [main] DEBUG org.apache.http.client.protocol.RequestAuthCache - Auth cache not set in the context
10:14:59.272 [main] DEBUG org.apache.http.client.protocol.RequestProxyAuthentication - Proxy auth state: UNCHALLENGED
10:14:59.272 [main] DEBUG org.apache.http.impl.client.DefaultHttpClient - Attempt 1 to execute request
10:14:59.272 [main] DEBUG org.apache.http.impl.conn.DefaultClientConnection - Sending request: POST /api/products/13369/comments HTTP/1.1
10:14:59.272 [main] DEBUG org.apache.http.wire -  >> "POST /api/products/13369/comments HTTP/1.1[\r][\n]"
10:14:59.272 [main] DEBUG org.apache.http.wire -  >> "Authorization: Bearer eyJhbGciOiJIUzI1NiIsInR5cCI6IkpXVCJ9.eyJGdWxsbmFtZSI6IkpvaG4gRG9lIiwiRW1haWwiOiJzb21lb25lQG1haWwuY29tIn0.WvBSxcQEqqniC1v08LzkrHcELegs0b7vtjGPWiaEWcI[\r][\n]"
10:14:59.272 [main] DEBUG org.apache.http.wire -  >> "Conten-Type: aplication/json[\r][\n]"
10:14:59.272 [main] DEBUG org.apache.http.wire -  >> "Accept: */*[\r][\n]"
10:14:59.272 [main] DEBUG org.apache.http.wire -  >> "Content-Type: text/plain; charset=ISO-8859-1[\r][\n]"
10:14:59.272 [main] DEBUG org.apache.http.wire -  >> "Content-Length: 87[\r][\n]"
10:14:59.272 [main] DEBUG org.apache.http.wire -  >> "Host: altashop-api.fly.dev[\r][\n]"
10:14:59.272 [main] DEBUG org.apache.http.wire -  >> "Connection: Keep-Alive[\r][\n]"
10:14:59.272 [main] DEBUG org.apache.http.wire -  >> "User-Agent: Apache-HttpClient/4.5.13 (Java/18.0.2.1)[\r][\n]"
10:14:59.272 [main] DEBUG org.apache.http.wire -  >> "Accept-Encoding: gzip,deflate[\r][\n]"
10:14:59.272 [main] DEBUG org.apache.http.wire -  >> "[\r][\n]"
10:14:59.272 [main] DEBUG org.apache.http.headers - >> POST /api/products/13369/comments HTTP/1.1
10:14:59.272 [main] DEBUG org.apache.http.headers - >> Authorization: Bearer eyJhbGciOiJIUzI1NiIsInR5cCI6IkpXVCJ9.eyJGdWxsbmFtZSI6IkpvaG4gRG9lIiwiRW1haWwiOiJzb21lb25lQG1haWwuY29tIn0.WvBSxcQEqqniC1v08LzkrHcELegs0b7vtjGPWiaEWcI
10:14:59.272 [main] DEBUG org.apache.http.headers - >> Conten-Type: aplication/json
10:14:59.272 [main] DEBUG org.apache.http.headers - >> Accept: */*
10:14:59.272 [main] DEBUG org.apache.http.headers - >> Content-Type: text/plain; charset=ISO-8859-1
10:14:59.272 [main] DEBUG org.apache.http.headers - >> Content-Length: 87
10:14:59.272 [main] DEBUG org.apache.http.headers - >> Host: altashop-api.fly.dev
10:14:59.272 [main] DEBUG org.apache.http.headers - >> Connection: Keep-Alive
10:14:59.272 [main] DEBUG org.apache.http.headers - >> User-Agent: Apache-HttpClient/4.5.13 (Java/18.0.2.1)
10:14:59.272 [main] DEBUG org.apache.http.headers - >> Accept-Encoding: gzip,deflate
10:14:59.272 [main] DEBUG org.apache.http.wire -  >> "{"content":"the games are great including Gran Turismo 7 but sadly GT4 is much better"}"
10:14:59.309 [main] DEBUG org.apache.http.wire -  << "HTTP/1.1 200 OK[\r][\n]"
10:14:59.309 [main] DEBUG org.apache.http.wire -  << "content-type: application/json[\r][\n]"
10:14:59.309 [main] DEBUG org.apache.http.wire -  << "date: Wed, 31 May 2023 03:14:59 GMT[\r][\n]"
10:14:59.309 [main] DEBUG org.apache.http.wire -  << "content-encoding: gzip[\r][\n]"
10:14:59.309 [main] DEBUG org.apache.http.wire -  << "transfer-encoding: chunked[\r][\n]"
10:14:59.309 [main] DEBUG org.apache.http.wire -  << "server: Fly/fe06e9419 (2023-05-24)[\r][\n]"
10:14:59.309 [main] DEBUG org.apache.http.wire -  << "via: 1.1 fly.io[\r][\n]"
10:14:59.309 [main] DEBUG org.apache.http.wire -  << "fly-request-id: 01H1QWTD2V36AKNR7JF8SGPTAB-sin[\r][\n]"
10:14:59.309 [main] DEBUG org.apache.http.wire -  << "[\r][\n]"
10:14:59.309 [main] DEBUG org.apache.http.impl.conn.DefaultClientConnection - Receiving response: HTTP/1.1 200 OK
10:14:59.309 [main] DEBUG org.apache.http.headers - << HTTP/1.1 200 OK
10:14:59.309 [main] DEBUG org.apache.http.headers - << content-type: application/json
10:14:59.309 [main] DEBUG org.apache.http.headers - << date: Wed, 31 May 2023 03:14:59 GMT
10:14:59.309 [main] DEBUG org.apache.http.headers - << content-encoding: gzip
10:14:59.309 [main] DEBUG org.apache.http.headers - << transfer-encoding: chunked
10:14:59.309 [main] DEBUG org.apache.http.headers - << server: Fly/fe06e9419 (2023-05-24)
10:14:59.309 [main] DEBUG org.apache.http.headers - << via: 1.1 fly.io
10:14:59.309 [main] DEBUG org.apache.http.headers - << fly-request-id: 01H1QWTD2V36AKNR7JF8SGPTAB-sin
10:14:59.309 [main] DEBUG org.apache.http.impl.client.DefaultHttpClient - Connection can be kept alive indefinitely
10:14:59.310 [main] DEBUG io.restassured.internal.RestAssuredHttpBuilder - Parsing response as: application/json
10:14:59.310 [main] DEBUG org.apache.http.wire -  << "9E[\r][\n]"
10:14:59.310 [main] DEBUG org.apache.http.wire -  << "[0x1f][0x8b][0x8][0x0][0x0][0x0][0x0][0x0][0x4][0xff][0xab]VJI,IT[0xb2][0xaa]V[0xf2]tQ[0xb2]24437[0xd5]Qr[0xce][0xcf]+I[0xcd]+Q[0xb2]R*[0xc9]HUHO[0xcc]M-VH,JUH/JM,Q[0xc8][0xcc]K[0xce])M[0xc9][0xcc]KWp/J[0xcc]S[0x8])-[0xca],[0xce][0xcd]W0WH*-Q(NL[0xc9][0xa9]Tp[0xf]1Q[0xc8],V[0xc8]-M[0xce]PHJ-)I-R[0xd2]Q[\n]"
10:14:59.310 [main] DEBUG org.apache.http.wire -  << "-N-R[0xb2][0xca]+[0xcd][0xc9][0xd1]Q[\n]"
10:14:59.310 [main] DEBUG org.apache.http.wire -  << "([0xca]O)M.[0x81]q[0x9d][0xf3]ss[0xc1][0x16][0x82]dkk[0xb9][0x0][0xc0][0x87][0xca][0xe9][0x96][0x0][0x0][0x0]"
10:14:59.310 [main] DEBUG org.apache.http.wire -  << "[\r][\n]"
10:14:59.310 [main] DEBUG org.apache.http.wire -  << "0[\r][\n]"
10:14:59.310 [main] DEBUG org.apache.http.wire -  << "[\r][\n]"
10:14:59.310 [main] DEBUG io.restassured.internal.RestAssuredHttpBuilder - Parsed data to instance of: class org.apache.http.conn.EofSensorInputStream
10:14:59.311 [main] DEBUG org.apache.http.impl.conn.BasicClientConnectionManager - Releasing connection org.apache.http.impl.conn.ManagedClientConnectionImpl@6ace3
10:14:59.311 [main] DEBUG org.apache.http.impl.conn.BasicClientConnectionManager - Connection can be kept alive indefinitely
10:14:59.312 [main] DEBUG net.thucydides.core.steps.StepInterceptor - STEP DONE: I send POST commant HTTP request
  &amp#27;[32mWhen &amp#27;[0m&amp#27;[32mI send POST commant HTTP request&amp#27;[0m                                 &amp#27;[90m# starter.stepdefinition.User_RatingandComment_steps.sendPostCommantHttpRequest()&amp#27;[0m
10:14:59.320 [main] DEBUG net.thucydides.core.steps.StepInterceptor - STARTING STEP: User_produuct_steps.reciveValidHttp201 - I receive valid HTTP response code 201
10:14:59.320 [main] DEBUG net.thucydides.core.steps.StepInterceptor - STEP DONE: I receive valid HTTP response code 201
  &amp#27;[32mThen &amp#27;[0m&amp#27;[32mI receive valid HTTP response code 201&amp#27;[0m                           &amp#27;[90m# starter.stepdefinition.User_produuct_steps.reciveValidHttp201()&amp#27;[0m
10:14:59.323 [main] DEBUG net.thucydides.core.steps.StepInterceptor - STARTING STEP: User_RatingandComment_steps.setPostCommantApiEndpoints - I set POST commant api endpoints
10:14:59.323 [main] DEBUG net.thucydides.core.steps.StepInterceptor - STEP DONE: I set POST commant api endpoints
  &amp#27;[32mGiven &amp#27;[0m&amp#27;[32mI set POST commant api endpoints&amp#27;[0m                                &amp#27;[90m# starter.stepdefinition.User_RatingandComment_steps.setPostCommantApiEndpoints()&amp#27;[0m
10:14:59.324 [main] INFO  - 
  _____   ___   ___   _____     ___     _     ___   ___   ___   ___  
 |_   _| | __| / __| |_   _|   | _ \   /_\   / __| / __| | __| |   \ 
   | |   | _|  \__ \   | |     |  _/  / _ \  \__ \ \__ \ | _|  | |) |
   |_|   |___| |___/   |_|     |_|   /_/ \_\ |___/ |___/ |___| |___/ 

POST - As an admin I have be able to create new posts comment
----------------------------------------------------------------------
]]></system-out>
  </testcase>
  <testcase name="POST - As an admin I shouldn&apos;t be able to create new posts commant with invalid url" classname="Posts #2" time="0.1">
    <system-out><![CDATA[
Scenario: POST - As an admin I shouldn't be able to create new posts commant with invalid url &amp#27;[90m# src/test/resources/features/User_RatingandComment.feature:38&amp#27;[0m
10:14:59.328 [main] DEBUG io.cucumber.core.plugin.SerenityReporter - Running feature from file:///C:/Users/Dimas%20Rizqi%20Suryana/Mini_Project2/src/test/resources/features/User_RatingandComment.feature
10:14:59.330 [main] INFO  - 
  _____   ___   ___   _____     ___   _____     _     ___   _____   ___   ___  
 |_   _| | __| / __| |_   _|   / __| |_   _|   /_\   | _ \ |_   _| | __| |   \ 
   | |   | _|  \__ \   | |     \__ \   | |    / _ \  |   /   | |   | _|  | |) |
   |_|   |___| |___/   |_|     |___/   |_|   /_/ \_\ |_|_\   |_|   |___| |___/ 

POST - As an admin I shouldn't be able to create new posts commant with invalid url(posts;post---as-an-admin-i-shouldn-t-be-able-to-create-new-posts-commant-with-invalid-url)
--------------------------------------------------------------------------------
10:14:59.337 [main] DEBUG net.thucydides.core.steps.StepInterceptor - STARTING STEP: User_RatingandComment_steps.setInvalidPostCommantEndpoints - I set typo POST commant api endpoints
10:14:59.337 [main] DEBUG net.thucydides.core.steps.StepInterceptor - STEP DONE: I set typo POST commant api endpoints
  &amp#27;[32mGiven &amp#27;[0m&amp#27;[32mI set typo POST commant api endpoints&amp#27;[0m                                                 &amp#27;[90m# starter.stepdefinition.User_RatingandComment_steps.setInvalidPostCommantEndpoints()&amp#27;[0m
10:14:59.344 [main] DEBUG net.thucydides.core.steps.StepInterceptor - STARTING STEP: User_produuct_steps.sendPostInvalidHttpRequest - I send typo POST HTTP request
10:14:59.345 [main] DEBUG net.thucydides.core.steps.StepInterceptor - STARTING STEP: POST_Product.sendInvalidPostHttpRequest - I set typo POST api endpoints
10:14:59.346 [main] DEBUG net.thucydides.core.steps.StepInterceptor - STEP DONE: I set typo POST api endpoints
10:14:59.352 [main] DEBUG org.apache.http.impl.conn.BasicClientConnectionManager - Get connection for route {s}->https://altashop-api.fly.dev:443
10:14:59.353 [main] DEBUG org.apache.http.impl.conn.DefaultClientConnectionOperator - Connecting to altashop-api.fly.dev:443
10:14:59.397 [main] DEBUG org.apache.http.client.protocol.RequestAddCookies - CookieSpec selected: ignoreCookies
10:14:59.397 [main] DEBUG org.apache.http.client.protocol.RequestAuthCache - Auth cache not set in the context
10:14:59.397 [main] DEBUG org.apache.http.client.protocol.RequestTargetAuthentication - Target auth state: UNCHALLENGED
10:14:59.397 [main] DEBUG org.apache.http.client.protocol.RequestProxyAuthentication - Proxy auth state: UNCHALLENGED
10:14:59.397 [main] DEBUG org.apache.http.impl.client.DefaultHttpClient - Attempt 1 to execute request
10:14:59.397 [main] DEBUG org.apache.http.impl.conn.DefaultClientConnection - Sending request: GET /api/product HTTP/1.1
10:14:59.397 [main] DEBUG org.apache.http.wire -  >> "GET /api/product HTTP/1.1[\r][\n]"
10:14:59.397 [main] DEBUG org.apache.http.wire -  >> "Accept: */*[\r][\n]"
10:14:59.397 [main] DEBUG org.apache.http.wire -  >> "Host: altashop-api.fly.dev[\r][\n]"
10:14:59.397 [main] DEBUG org.apache.http.wire -  >> "Connection: Keep-Alive[\r][\n]"
10:14:59.397 [main] DEBUG org.apache.http.wire -  >> "User-Agent: Apache-HttpClient/4.5.13 (Java/18.0.2.1)[\r][\n]"
10:14:59.397 [main] DEBUG org.apache.http.wire -  >> "Accept-Encoding: gzip,deflate[\r][\n]"
10:14:59.397 [main] DEBUG org.apache.http.wire -  >> "[\r][\n]"
10:14:59.397 [main] DEBUG org.apache.http.headers - >> GET /api/product HTTP/1.1
10:14:59.397 [main] DEBUG org.apache.http.headers - >> Accept: */*
10:14:59.397 [main] DEBUG org.apache.http.headers - >> Host: altashop-api.fly.dev
10:14:59.397 [main] DEBUG org.apache.http.headers - >> Connection: Keep-Alive
10:14:59.397 [main] DEBUG org.apache.http.headers - >> User-Agent: Apache-HttpClient/4.5.13 (Java/18.0.2.1)
10:14:59.397 [main] DEBUG org.apache.http.headers - >> Accept-Encoding: gzip,deflate
10:14:59.417 [main] DEBUG org.apache.http.wire -  << "HTTP/1.1 404 Not Found[\r][\n]"
10:14:59.417 [main] DEBUG org.apache.http.wire -  << "date: Wed, 31 May 2023 03:14:59 GMT[\r][\n]"
10:14:59.417 [main] DEBUG org.apache.http.wire -  << "content-encoding: gzip[\r][\n]"
10:14:59.417 [main] DEBUG org.apache.http.wire -  << "content-type: text/plain; charset=utf-8[\r][\n]"
10:14:59.417 [main] DEBUG org.apache.http.wire -  << "transfer-encoding: chunked[\r][\n]"
10:14:59.417 [main] DEBUG org.apache.http.wire -  << "server: Fly/fe06e9419 (2023-05-24)[\r][\n]"
10:14:59.417 [main] DEBUG org.apache.http.wire -  << "via: 1.1 fly.io[\r][\n]"
10:14:59.417 [main] DEBUG org.apache.http.wire -  << "fly-request-id: 01H1QWTD6BPSCR54SBXN9N99AE-sin[\r][\n]"
10:14:59.417 [main] DEBUG org.apache.http.wire -  << "[\r][\n]"
10:14:59.417 [main] DEBUG org.apache.http.impl.conn.DefaultClientConnection - Receiving response: HTTP/1.1 404 Not Found
10:14:59.417 [main] DEBUG org.apache.http.headers - << HTTP/1.1 404 Not Found
10:14:59.417 [main] DEBUG org.apache.http.headers - << date: Wed, 31 May 2023 03:14:59 GMT
10:14:59.417 [main] DEBUG org.apache.http.headers - << content-encoding: gzip
10:14:59.417 [main] DEBUG org.apache.http.headers - << content-type: text/plain; charset=utf-8
10:14:59.417 [main] DEBUG org.apache.http.headers - << transfer-encoding: chunked
10:14:59.417 [main] DEBUG org.apache.http.headers - << server: Fly/fe06e9419 (2023-05-24)
10:14:59.417 [main] DEBUG org.apache.http.headers - << via: 1.1 fly.io
10:14:59.417 [main] DEBUG org.apache.http.headers - << fly-request-id: 01H1QWTD6BPSCR54SBXN9N99AE-sin
10:14:59.417 [main] DEBUG org.apache.http.impl.client.DefaultHttpClient - Connection can be kept alive indefinitely
10:14:59.417 [main] DEBUG io.restassured.internal.RestAssuredHttpBuilder - Parsing response as: text/plain; charset=utf-8
10:14:59.417 [main] DEBUG org.apache.http.wire -  << "1E[\r][\n]"
10:14:59.417 [main] DEBUG org.apache.http.wire -  << "[0x1f][0x8b][0x8][0x0][0x0][0x0][0x0][0x0][0x4][0xff][0xcb][0xcb]/QH[0xcb]/[0xcd]K[0xe1][0x2][0x0][0xd4]I[0xfa]r[\n]"
10:14:59.417 [main] DEBUG org.apache.http.wire -  << "[0x0][0x0][0x0]"
10:14:59.417 [main] DEBUG org.apache.http.wire -  << "[\r][\n]"
10:14:59.417 [main] DEBUG org.apache.http.wire -  << "0[\r][\n]"
10:14:59.417 [main] DEBUG org.apache.http.wire -  << "[\r][\n]"
10:14:59.417 [main] DEBUG io.restassured.internal.RestAssuredHttpBuilder - Parsed data to instance of: class org.apache.http.conn.EofSensorInputStream
10:14:59.419 [main] DEBUG org.apache.http.impl.conn.BasicClientConnectionManager - Releasing connection org.apache.http.impl.conn.ManagedClientConnectionImpl@fd5c7f6
10:14:59.419 [main] DEBUG org.apache.http.impl.conn.BasicClientConnectionManager - Connection can be kept alive indefinitely
10:14:59.419 [main] DEBUG net.thucydides.core.steps.StepInterceptor - STEP DONE: I send typo POST HTTP request
  &amp#27;[32mWhen &amp#27;[0m&amp#27;[32mI send typo POST HTTP request&amp#27;[0m                                                          &amp#27;[90m# starter.stepdefinition.User_produuct_steps.sendPostInvalidHttpRequest()&amp#27;[0m
10:14:59.421 [main] DEBUG net.thucydides.core.steps.StepInterceptor - STARTING STEP: User_produuct_steps.reciveInvalidHttpResponse - I receive invalid HTTP response code 404 Not Found
10:14:59.422 [main] DEBUG net.thucydides.core.steps.StepInterceptor - STEP DONE: I receive invalid HTTP response code 404 Not Found
  &amp#27;[32mThen &amp#27;[0m&amp#27;[32mI receive invalid HTTP response code 404 Not Found&amp#27;[0m                                     &amp#27;[90m# starter.stepdefinition.User_produuct_steps.reciveInvalidHttpResponse()&amp#27;[0m
10:14:59.423 [main] DEBUG net.thucydides.core.steps.StepInterceptor - STARTING STEP: User_produuct_steps.reciveNothing - I receive nothing from the page
10:14:59.423 [main] DEBUG net.thucydides.core.steps.StepInterceptor - STEP DONE: I receive nothing from the page
  &amp#27;[32mAnd &amp#27;[0m&amp#27;[32mI receive nothing from the page&amp#27;[0m                                                         &amp#27;[90m# starter.stepdefinition.User_produuct_steps.reciveNothing()&amp#27;[0m
10:14:59.424 [main] INFO  - 
  _____   ___   ___   _____     ___     _     ___   ___   ___   ___  
 |_   _| | __| / __| |_   _|   | _ \   /_\   / __| / __| | __| |   \ 
   | |   | _|  \__ \   | |     |  _/  / _ \  \__ \ \__ \ | _|  | |) |
   |_|   |___| |___/   |_|     |_|   /_/ \_\ |___/ |___/ |___| |___/ 

POST - As an admin I shouldn't be able to create new posts commant with invalid url
----------------------------------------------------------------------
]]></system-out>
  </testcase>
  <testcase name="GET - As an admin I have be able to see commant posts number 1" classname="Posts #2" time="0.1">
    <system-out><![CDATA[
Scenario: GET - As an admin I have be able to see commant posts number 1 &amp#27;[90m# src/test/resources/features/User_RatingandComment.feature:44&amp#27;[0m
10:14:59.427 [main] DEBUG io.cucumber.core.plugin.SerenityReporter - Running feature from file:///C:/Users/Dimas%20Rizqi%20Suryana/Mini_Project2/src/test/resources/features/User_RatingandComment.feature
10:14:59.428 [main] INFO  - 
  _____   ___   ___   _____     ___   _____     _     ___   _____   ___   ___  
 |_   _| | __| / __| |_   _|   / __| |_   _|   /_\   | _ \ |_   _| | __| |   \ 
   | |   | _|  \__ \   | |     \__ \   | |    / _ \  |   /   | |   | _|  | |) |
   |_|   |___| |___/   |_|     |___/   |_|   /_/ \_\ |_|_\   |_|   |___| |___/ 

GET - As an admin I have be able to see commant posts number 1(posts;get---as-an-admin-i-have-be-able-to-see-commant-posts-number-1)
--------------------------------------------------------------------------------
10:14:59.434 [main] DEBUG net.thucydides.core.steps.StepInterceptor - STARTING STEP: User_RatingandComment_steps.setGetCommantApiEndpoints - I set GET commant api endpoints
10:14:59.435 [main] DEBUG net.thucydides.core.steps.StepInterceptor - STEP DONE: I set GET commant api endpoints
  &amp#27;[32mGiven &amp#27;[0m&amp#27;[32mI set GET commant api endpoints&amp#27;[0m                                  &amp#27;[90m# starter.stepdefinition.User_RatingandComment_steps.setGetCommantApiEndpoints()&amp#27;[0m
10:14:59.436 [main] DEBUG net.thucydides.core.steps.StepInterceptor - STARTING STEP: User_RatingandComment_steps.sendGetCommantHttpRequest - I send GET commant HTTP request
10:14:59.438 [main] DEBUG net.thucydides.core.steps.StepInterceptor - STARTING STEP: GET_Commant.sendGetCommantHttpRequest - I set GET commant api endpoints
10:14:59.438 [main] DEBUG net.thucydides.core.steps.StepInterceptor - STEP DONE: I set GET commant api endpoints
10:14:59.438 [Finalizer] DEBUG org.apache.http.impl.conn.DefaultClientConnection - Connection 0.0.0.0:56493<->149.248.193.56:443 closed
10:14:59.440 [Finalizer] DEBUG org.apache.http.impl.conn.DefaultClientConnection - Connection 0.0.0.0:56492<->149.248.193.56:443 closed
10:14:59.440 [Finalizer] DEBUG org.apache.http.impl.conn.DefaultClientConnection - Connection 0.0.0.0:56490<->149.248.193.56:443 closed
10:14:59.440 [Finalizer] DEBUG org.apache.http.impl.conn.DefaultClientConnection - Connection 0.0.0.0:56489<->149.248.193.56:443 closed
10:14:59.440 [Finalizer] DEBUG org.apache.http.impl.conn.DefaultClientConnection - Connection 0.0.0.0:56488<->149.248.193.56:443 closed
10:14:59.445 [main] DEBUG org.apache.http.impl.conn.BasicClientConnectionManager - Get connection for route {s}->https://altashop-api.fly.dev:443
10:14:59.445 [main] DEBUG org.apache.http.impl.conn.DefaultClientConnectionOperator - Connecting to altashop-api.fly.dev:443
10:14:59.487 [main] DEBUG org.apache.http.client.protocol.RequestAddCookies - CookieSpec selected: ignoreCookies
10:14:59.487 [main] DEBUG org.apache.http.client.protocol.RequestAuthCache - Auth cache not set in the context
10:14:59.487 [main] DEBUG org.apache.http.client.protocol.RequestTargetAuthentication - Target auth state: UNCHALLENGED
10:14:59.487 [main] DEBUG org.apache.http.client.protocol.RequestProxyAuthentication - Proxy auth state: UNCHALLENGED
10:14:59.487 [main] DEBUG org.apache.http.impl.client.DefaultHttpClient - Attempt 1 to execute request
10:14:59.487 [main] DEBUG org.apache.http.impl.conn.DefaultClientConnection - Sending request: GET /api/products/2/comments HTTP/1.1
10:14:59.487 [main] DEBUG org.apache.http.wire -  >> "GET /api/products/2/comments HTTP/1.1[\r][\n]"
10:14:59.487 [main] DEBUG org.apache.http.wire -  >> "Accept: */*[\r][\n]"
10:14:59.487 [main] DEBUG org.apache.http.wire -  >> "Host: altashop-api.fly.dev[\r][\n]"
10:14:59.487 [main] DEBUG org.apache.http.wire -  >> "Connection: Keep-Alive[\r][\n]"
10:14:59.487 [main] DEBUG org.apache.http.wire -  >> "User-Agent: Apache-HttpClient/4.5.13 (Java/18.0.2.1)[\r][\n]"
10:14:59.487 [main] DEBUG org.apache.http.wire -  >> "Accept-Encoding: gzip,deflate[\r][\n]"
10:14:59.487 [main] DEBUG org.apache.http.wire -  >> "[\r][\n]"
10:14:59.487 [main] DEBUG org.apache.http.headers - >> GET /api/products/2/comments HTTP/1.1
10:14:59.487 [main] DEBUG org.apache.http.headers - >> Accept: */*
10:14:59.487 [main] DEBUG org.apache.http.headers - >> Host: altashop-api.fly.dev
10:14:59.487 [main] DEBUG org.apache.http.headers - >> Connection: Keep-Alive
10:14:59.487 [main] DEBUG org.apache.http.headers - >> User-Agent: Apache-HttpClient/4.5.13 (Java/18.0.2.1)
10:14:59.487 [main] DEBUG org.apache.http.headers - >> Accept-Encoding: gzip,deflate
10:14:59.515 [main] DEBUG org.apache.http.wire -  << "HTTP/1.1 200 OK[\r][\n]"
10:14:59.515 [main] DEBUG org.apache.http.wire -  << "content-type: application/json[\r][\n]"
10:14:59.515 [main] DEBUG org.apache.http.wire -  << "date: Wed, 31 May 2023 03:14:59 GMT[\r][\n]"
10:14:59.515 [main] DEBUG org.apache.http.wire -  << "transfer-encoding: chunked[\r][\n]"
10:14:59.515 [main] DEBUG org.apache.http.wire -  << "content-encoding: gzip[\r][\n]"
10:14:59.515 [main] DEBUG org.apache.http.wire -  << "server: Fly/fe06e9419 (2023-05-24)[\r][\n]"
10:14:59.515 [main] DEBUG org.apache.http.wire -  << "via: 1.1 fly.io[\r][\n]"
10:14:59.515 [main] DEBUG org.apache.http.wire -  << "fly-request-id: 01H1QWTD961RNSBTFW86E5VMQA-sin[\r][\n]"
10:14:59.515 [main] DEBUG org.apache.http.wire -  << "[\r][\n]"
10:14:59.515 [main] DEBUG org.apache.http.impl.conn.DefaultClientConnection - Receiving response: HTTP/1.1 200 OK
10:14:59.515 [main] DEBUG org.apache.http.headers - << HTTP/1.1 200 OK
10:14:59.515 [main] DEBUG org.apache.http.headers - << content-type: application/json
10:14:59.515 [main] DEBUG org.apache.http.headers - << date: Wed, 31 May 2023 03:14:59 GMT
10:14:59.515 [main] DEBUG org.apache.http.headers - << transfer-encoding: chunked
10:14:59.515 [main] DEBUG org.apache.http.headers - << content-encoding: gzip
10:14:59.515 [main] DEBUG org.apache.http.headers - << server: Fly/fe06e9419 (2023-05-24)
10:14:59.515 [main] DEBUG org.apache.http.headers - << via: 1.1 fly.io
10:14:59.515 [main] DEBUG org.apache.http.headers - << fly-request-id: 01H1QWTD961RNSBTFW86E5VMQA-sin
10:14:59.515 [main] DEBUG org.apache.http.impl.client.DefaultHttpClient - Connection can be kept alive indefinitely
10:14:59.516 [main] DEBUG io.restassured.internal.RestAssuredHttpBuilder - Parsing response as: application/json
10:14:59.516 [main] DEBUG org.apache.http.wire -  << "144[\r][\n]"
10:14:59.516 [main] DEBUG org.apache.http.wire -  << "[0x1f][0x8b][0x8][0x0][0x0][0x0][0x0][0x0][0x4][0xff][0xaa]VJI,IT[0xb2][0x8a][0xae]V[0xf2]tQ[0xb2]2443[0xb4][0xd4]Qr[0xce][0xcf]+I[0xcd]+Q[0xb2]R*[0xc9]HUHO[0xcc]M-VH,JUH/JM,Q[0xc8][0xcc]K[0xce])M[0xc9][0xcc]KWp/J[0xcc]S[0x8])-[0xca],[0xce][0xcd]W0WH*-Q(NL[0xc9][0xa9]Tp[0xf]1Q[0xc8],V[0xc8]-M[0xce]PHJ-)I-R[0xd2]Q[\n]"
10:14:59.516 [main] DEBUG org.apache.http.wire -  << "-N-R[0xb2][0xca]+[0xcd][0xc9][0xd1]Q[\n]"
10:14:59.516 [main] DEBUG org.apache.http.wire -  << "([0xca]O)M.[0x81]q[0x9d][0xf3]ss[0xc1][0x16][0x82]dku[0xe0][0x8e]12[0x18]L[0x8e]1[0x1c]L[0x8e]1[0x19]L[0x8e]1[0x1d]L[0x8e]1[0x1b]L[0x8e]1[0x1f]L[0x8e][0xb1][0x18]D[0x8e]1FqLpNeIFjQf[0x1e]y[0xe5][0x84][0xf1]`*[0xb4]L[0x6]S[0xa1]e2[0x98][\n]"
10:14:59.516 [main] DEBUG org.apache.http.wire -  << "-[0x93][0xc1]TN[0x98][0xc][0xa6]4c:[0x98][0xd2][0x8c])J[0x9a][0xf1][0xc8]/[0xca]KMQ[0x8]N-*[0x0]U[0xd1]d[0xd5][0xe3][0xa6]F[0xc8]%OHFi^JjQRfQ[\n]"
10:14:59.516 [main] DEBUG org.apache.http.wire -  << "y[0xd9][0xdd][0xd4][0x18][0xd9][0xb8][0x80][0xd2][0xec][0xf2][0xd2][0x94][0xf4][0xcc]T2[\r]C[0xa9]I[0x83][0x12][0xcb]R[0xf3][0x92]s[0x12][0xcb][0xc9]4[0xc]%[0x85]SX[0xaa][0x99][0xa2]T[0x1e][0x1e][0xa5]ii9[0xa9][0x5][0xa5]iid:[\r][0xa5][0xc0][0xa5][0xac]a[0x7][0x0][0x0][0x0][0xff][0xff]"
10:14:59.516 [main] DEBUG org.apache.http.wire -  << "[\r][\n]"
10:14:59.516 [main] DEBUG org.apache.http.wire -  << "CD[\r][\n]"
10:14:59.516 [main] DEBUG org.apache.http.wire -  << "[0xa2][0xb8]ag:[0x98]2[0x9f][0x19]J[0xe6][0xa3]8u[0x9a][0xa1]d[0x1f][\n]"
10:14:59.516 [main] DEBUG org.apache.http.wire -  << "S[0xa7][0x19]J[0xce][0xa1]4[\r][0x98][0xa1]d[0x1c][0xca]}[0x8a][0x92]u[0xc2][0x13]s[0xb]J[0x8b][0xc9]K[0x9c]f([0xf9][0xc6][0xbd][0xa8]2--3/%[0x9f][0xcc]n[0x83][0x19]J[0x13][0x90][0xc2][0x18]0G[0x89][0x1][0xc7][0xd2][0x12][0x85][0xd4][0xbc][0xcc]\[0x85][0xdc][0xcc][0xbc][0xcc][0xdc]D[0x85][0xb2][0xfc][0x9c][0xd2][0x82][0x92][0xc4]b[0x85][0x8c][0xcc]d[0x85][0xc4][0xd2][0x92][0xd4]\[0x85][0x92][0xd4][0xbc][0xd4][0x92][0xd2]"[0x85][0xfc][0x82][0x92][0xcc]|=[0xf2][0xc2][0xc3][0x1c]%[0xa2][0xfc]A&)[0x94][0xa5][0xe6]([0x14][0x96]f[0x16]+d[0x16][0x97][0xa4][0x82]X[0x89] [0xa2][0x18]D[0x90]k[0xb]J[0xfc]9[0xe6]e[0xe6]f*[0xa4][0x16][0x97]([0xe4][0xe7][0xe6]e[0x16][0x83][0xed]+J[0xcd]L[0xce]L[0xcd]K[0xc9],V[0xc8][0xcb][0xcc][0xc8][0xcc][0x81][0xf9][0xb7][0xa4]4[0x97]$;ck[0xb9][0x0][0x0][0x0][0x0][0xff][0xff]"
10:14:59.516 [main] DEBUG org.apache.http.wire -  << "[\r][\n]"
10:14:59.516 [main] DEBUG org.apache.http.wire -  << "A[\r][\n]"
10:14:59.516 [main] DEBUG org.apache.http.wire -  << "[0x3][0x0]p[0x15][0x7][0xfc]k[0xe][0x0][0x0]"
10:14:59.516 [main] DEBUG org.apache.http.wire -  << "[\r][\n]"
10:14:59.516 [main] DEBUG org.apache.http.wire -  << "0[\r][\n]"
10:14:59.516 [main] DEBUG org.apache.http.wire -  << "[\r][\n]"
10:14:59.516 [main] DEBUG io.restassured.internal.RestAssuredHttpBuilder - Parsed data to instance of: class org.apache.http.conn.EofSensorInputStream
10:14:59.516 [main] DEBUG org.apache.http.impl.conn.BasicClientConnectionManager - Releasing connection org.apache.http.impl.conn.ManagedClientConnectionImpl@66d73e2d
10:14:59.516 [main] DEBUG org.apache.http.impl.conn.BasicClientConnectionManager - Connection can be kept alive indefinitely
10:14:59.520 [main] DEBUG net.thucydides.core.steps.StepInterceptor - STEP DONE: I send GET commant HTTP request
  &amp#27;[32mWhen &amp#27;[0m&amp#27;[32mI send GET commant HTTP request&amp#27;[0m                                   &amp#27;[90m# starter.stepdefinition.User_RatingandComment_steps.sendGetCommantHttpRequest()&amp#27;[0m
10:14:59.525 [main] DEBUG net.thucydides.core.steps.StepInterceptor - STARTING STEP: User_produuct_steps.reciveValidHttpResponse - I receive valid HTTP response code 200
10:14:59.525 [main] DEBUG net.thucydides.core.steps.StepInterceptor - STEP DONE: I receive valid HTTP response code 200
  &amp#27;[32mThen &amp#27;[0m&amp#27;[32mI receive valid HTTP response code 200&amp#27;[0m                            &amp#27;[90m# starter.stepdefinition.User_produuct_steps.reciveValidHttpResponse()&amp#27;[0m
10:14:59.525 [main] INFO  - 
  _____   ___   ___   _____     ___     _     ___   ___   ___   ___  
 |_   _| | __| / __| |_   _|   | _ \   /_\   / __| / __| | __| |   \ 
   | |   | _|  \__ \   | |     |  _/  / _ \  \__ \ \__ \ | _|  | |) |
   |_|   |___| |___/   |_|     |_|   /_/ \_\ |___/ |___/ |___| |___/ 

GET - As an admin I have be able to see commant posts number 1
----------------------------------------------------------------------
]]></system-out>
  </testcase>
  <testcase name="GET - As an admin I shouldn&apos;t be able to see commant posts with invalid url" classname="Posts #2" time="0.085">
    <system-out><![CDATA[
Scenario: GET - As an admin I shouldn't be able to see commant posts with invalid url &amp#27;[90m# src/test/resources/features/User_RatingandComment.feature:50&amp#27;[0m
10:14:59.528 [main] DEBUG io.cucumber.core.plugin.SerenityReporter - Running feature from file:///C:/Users/Dimas%20Rizqi%20Suryana/Mini_Project2/src/test/resources/features/User_RatingandComment.feature
10:14:59.529 [main] INFO  - 
  _____   ___   ___   _____     ___   _____     _     ___   _____   ___   ___  
 |_   _| | __| / __| |_   _|   / __| |_   _|   /_\   | _ \ |_   _| | __| |   \ 
   | |   | _|  \__ \   | |     \__ \   | |    / _ \  |   /   | |   | _|  | |) |
   |_|   |___| |___/   |_|     |___/   |_|   /_/ \_\ |_|_\   |_|   |___| |___/ 

GET - As an admin I shouldn't be able to see commant posts with invalid url(posts;get---as-an-admin-i-shouldn-t-be-able-to-see-commant-posts-with-invalid-url)
--------------------------------------------------------------------------------
10:14:59.535 [main] DEBUG net.thucydides.core.steps.StepInterceptor - STARTING STEP: User_RatingandComment_steps.setInvalidGetCommantApiEndpoints - I set typo GET commant api endpoints
10:14:59.536 [main] DEBUG net.thucydides.core.steps.StepInterceptor - STEP DONE: I set typo GET commant api endpoints
  &amp#27;[32mGiven &amp#27;[0m&amp#27;[32mI set typo GET commant api endpoints&amp#27;[0m                                          &amp#27;[90m# starter.stepdefinition.User_RatingandComment_steps.setInvalidGetCommantApiEndpoints()&amp#27;[0m
10:14:59.539 [main] DEBUG net.thucydides.core.steps.StepInterceptor - STARTING STEP: User_produuct_steps.sendTypoGetHttpRequest - I send typo GET HTTP request
10:14:59.540 [main] DEBUG net.thucydides.core.steps.StepInterceptor - STARTING STEP: GET_Product.sendGetHttpRequest2 - I set typo GET api endpoints
10:14:59.540 [main] DEBUG net.thucydides.core.steps.StepInterceptor - STEP DONE: I set typo GET api endpoints
10:14:59.546 [main] DEBUG org.apache.http.impl.conn.BasicClientConnectionManager - Get connection for route {s}->https://altashop-api.fly.dev:443
10:14:59.546 [main] DEBUG org.apache.http.impl.conn.DefaultClientConnectionOperator - Connecting to altashop-api.fly.dev:443
10:14:59.586 [main] DEBUG org.apache.http.client.protocol.RequestAddCookies - CookieSpec selected: ignoreCookies
10:14:59.586 [main] DEBUG org.apache.http.client.protocol.RequestAuthCache - Auth cache not set in the context
10:14:59.586 [main] DEBUG org.apache.http.client.protocol.RequestTargetAuthentication - Target auth state: UNCHALLENGED
10:14:59.586 [main] DEBUG org.apache.http.client.protocol.RequestProxyAuthentication - Proxy auth state: UNCHALLENGED
10:14:59.586 [main] DEBUG org.apache.http.impl.client.DefaultHttpClient - Attempt 1 to execute request
10:14:59.586 [main] DEBUG org.apache.http.impl.conn.DefaultClientConnection - Sending request: GET /api/product HTTP/1.1
10:14:59.586 [main] DEBUG org.apache.http.wire -  >> "GET /api/product HTTP/1.1[\r][\n]"
10:14:59.586 [main] DEBUG org.apache.http.wire -  >> "Accept: */*[\r][\n]"
10:14:59.586 [main] DEBUG org.apache.http.wire -  >> "Host: altashop-api.fly.dev[\r][\n]"
10:14:59.586 [main] DEBUG org.apache.http.wire -  >> "Connection: Keep-Alive[\r][\n]"
10:14:59.586 [main] DEBUG org.apache.http.wire -  >> "User-Agent: Apache-HttpClient/4.5.13 (Java/18.0.2.1)[\r][\n]"
10:14:59.586 [main] DEBUG org.apache.http.wire -  >> "Accept-Encoding: gzip,deflate[\r][\n]"
10:14:59.586 [main] DEBUG org.apache.http.wire -  >> "[\r][\n]"
10:14:59.586 [main] DEBUG org.apache.http.headers - >> GET /api/product HTTP/1.1
10:14:59.586 [main] DEBUG org.apache.http.headers - >> Accept: */*
10:14:59.586 [main] DEBUG org.apache.http.headers - >> Host: altashop-api.fly.dev
10:14:59.586 [main] DEBUG org.apache.http.headers - >> Connection: Keep-Alive
10:14:59.586 [main] DEBUG org.apache.http.headers - >> User-Agent: Apache-HttpClient/4.5.13 (Java/18.0.2.1)
10:14:59.586 [main] DEBUG org.apache.http.headers - >> Accept-Encoding: gzip,deflate
10:14:59.604 [main] DEBUG org.apache.http.wire -  << "HTTP/1.1 404 Not Found[\r][\n]"
10:14:59.604 [main] DEBUG org.apache.http.wire -  << "date: Wed, 31 May 2023 03:14:59 GMT[\r][\n]"
10:14:59.604 [main] DEBUG org.apache.http.wire -  << "content-encoding: gzip[\r][\n]"
10:14:59.604 [main] DEBUG org.apache.http.wire -  << "content-type: text/plain; charset=utf-8[\r][\n]"
10:14:59.604 [main] DEBUG org.apache.http.wire -  << "transfer-encoding: chunked[\r][\n]"
10:14:59.605 [main] DEBUG org.apache.http.wire -  << "server: Fly/fe06e9419 (2023-05-24)[\r][\n]"
10:14:59.605 [main] DEBUG org.apache.http.wire -  << "via: 1.1 fly.io[\r][\n]"
10:14:59.605 [main] DEBUG org.apache.http.wire -  << "fly-request-id: 01H1QWTDC9WZMJJYGN5K1442FT-sin[\r][\n]"
10:14:59.605 [main] DEBUG org.apache.http.wire -  << "[\r][\n]"
10:14:59.605 [main] DEBUG org.apache.http.impl.conn.DefaultClientConnection - Receiving response: HTTP/1.1 404 Not Found
10:14:59.605 [main] DEBUG org.apache.http.headers - << HTTP/1.1 404 Not Found
10:14:59.605 [main] DEBUG org.apache.http.headers - << date: Wed, 31 May 2023 03:14:59 GMT
10:14:59.605 [main] DEBUG org.apache.http.headers - << content-encoding: gzip
10:14:59.605 [main] DEBUG org.apache.http.headers - << content-type: text/plain; charset=utf-8
10:14:59.605 [main] DEBUG org.apache.http.headers - << transfer-encoding: chunked
10:14:59.605 [main] DEBUG org.apache.http.headers - << server: Fly/fe06e9419 (2023-05-24)
10:14:59.605 [main] DEBUG org.apache.http.headers - << via: 1.1 fly.io
10:14:59.605 [main] DEBUG org.apache.http.headers - << fly-request-id: 01H1QWTDC9WZMJJYGN5K1442FT-sin
10:14:59.605 [main] DEBUG org.apache.http.impl.client.DefaultHttpClient - Connection can be kept alive indefinitely
10:14:59.605 [main] DEBUG io.restassured.internal.RestAssuredHttpBuilder - Parsing response as: text/plain; charset=utf-8
10:14:59.605 [main] DEBUG org.apache.http.wire -  << "1E[\r][\n]"
10:14:59.605 [main] DEBUG org.apache.http.wire -  << "[0x1f][0x8b][0x8][0x0][0x0][0x0][0x0][0x0][0x4][0xff][0xcb][0xcb]/QH[0xcb]/[0xcd]K[0xe1][0x2][0x0][0xd4]I[0xfa]r[\n]"
10:14:59.605 [main] DEBUG org.apache.http.wire -  << "[0x0][0x0][0x0]"
10:14:59.605 [main] DEBUG org.apache.http.wire -  << "[\r][\n]"
10:14:59.605 [main] DEBUG org.apache.http.wire -  << "0[\r][\n]"
10:14:59.605 [main] DEBUG org.apache.http.wire -  << "[\r][\n]"
10:14:59.605 [main] DEBUG io.restassured.internal.RestAssuredHttpBuilder - Parsed data to instance of: class org.apache.http.conn.EofSensorInputStream
10:14:59.606 [main] DEBUG org.apache.http.impl.conn.BasicClientConnectionManager - Releasing connection org.apache.http.impl.conn.ManagedClientConnectionImpl@121c1a08
10:14:59.606 [main] DEBUG org.apache.http.impl.conn.BasicClientConnectionManager - Connection can be kept alive indefinitely
10:14:59.606 [main] DEBUG net.thucydides.core.steps.StepInterceptor - STEP DONE: I send typo GET HTTP request
  &amp#27;[32mWhen &amp#27;[0m&amp#27;[32mI send typo GET HTTP request&amp#27;[0m                                                   &amp#27;[90m# starter.stepdefinition.User_produuct_steps.sendTypoGetHttpRequest()&amp#27;[0m
10:14:59.608 [main] DEBUG net.thucydides.core.steps.StepInterceptor - STARTING STEP: User_produuct_steps.reciveInvalidHttpResponse - I receive invalid HTTP response code 404 Not Found
10:14:59.608 [main] DEBUG net.thucydides.core.steps.StepInterceptor - STEP DONE: I receive invalid HTTP response code 404 Not Found
  &amp#27;[32mThen &amp#27;[0m&amp#27;[32mI receive invalid HTTP response code 404 Not Found&amp#27;[0m                             &amp#27;[90m# starter.stepdefinition.User_produuct_steps.reciveInvalidHttpResponse()&amp#27;[0m
10:14:59.611 [main] DEBUG net.thucydides.core.steps.StepInterceptor - STARTING STEP: User_produuct_steps.reciveNothing - I receive nothing from the page
10:14:59.611 [main] DEBUG net.thucydides.core.steps.StepInterceptor - STEP DONE: I receive nothing from the page
  &amp#27;[32mAnd &amp#27;[0m&amp#27;[32mI receive nothing from the page&amp#27;[0m                                                 &amp#27;[90m# starter.stepdefinition.User_produuct_steps.reciveNothing()&amp#27;[0m
10:14:59.612 [main] INFO  - 
  _____   ___   ___   _____     ___     _     ___   ___   ___   ___  
 |_   _| | __| / __| |_   _|   | _ \   /_\   / __| / __| | __| |   \ 
   | |   | _|  \__ \   | |     |  _/  / _ \  \__ \ \__ \ | _|  | |) |
   |_|   |___| |___/   |_|     |_|   /_/ \_\ |___/ |___/ |___| |___/ 

GET - As an admin I shouldn't be able to see commant posts with invalid url
----------------------------------------------------------------------
]]></system-out>
  </testcase>
  <testcase name="POST - As an admin I have be able to create new user account" classname="Posts #3" time="0.019">
    <failure type="java.lang.AssertionError"><![CDATA[java.lang.AssertionError: 
1 expectation failed.
Expected status code <200> but was <404>.

]]></failure>
    <system-out><![CDATA[10:14:59.613 [main] DEBUG io.cucumber.core.plugin.SerenityReporter - Running feature from file:///C:/Users/Dimas%20Rizqi%20Suryana/Mini_Project2/src/test/resources/features/User_Register.feature
10:14:59.613 [main] DEBUG net.thucydides.core.steps.StepEventBus - Test suite started for story net.thucydides.core.model.Story@ca641f2c
10:14:59.614 [main] INFO  - Test Suite Started: Posts

Scenario: POST - As an admin I have be able to create new user account &amp#27;[90m# src/test/resources/features/User_Register.feature:7&amp#27;[0m
10:14:59.616 [main] DEBUG io.cucumber.core.plugin.SerenityReporter - Running feature from file:///C:/Users/Dimas%20Rizqi%20Suryana/Mini_Project2/src/test/resources/features/User_Register.feature
10:14:59.617 [main] INFO  - 
  _____   ___   ___   _____     ___   _____     _     ___   _____   ___   ___  
 |_   _| | __| / __| |_   _|   / __| |_   _|   /_\   | _ \ |_   _| | __| |   \ 
   | |   | _|  \__ \   | |     \__ \   | |    / _ \  |   /   | |   | _|  | |) |
   |_|   |___| |___/   |_|     |___/   |_|   /_/ \_\ |_|_\   |_|   |___| |___/ 

POST - As an admin I have be able to create new user account(posts;post---as-an-admin-i-have-be-able-to-create-new-user-account)
--------------------------------------------------------------------------------
  &amp#27;[32mGiven &amp#27;[0m&amp#27;[32mI set POST Register api endpoints&amp#27;[0m                              &amp#27;[90m# starter.stepdefinition.User_Register_steps.setPostRegisterApiEndpoints()&amp#27;[0m
  &amp#27;[32mWhen &amp#27;[0m&amp#27;[32mI send POST Register HTTP request&amp#27;[0m                               &amp#27;[90m# starter.stepdefinition.User_Register_steps.sendPostRegisterHttpRequest()&amp#27;[0m
10:14:59.627 [main] DEBUG net.thucydides.core.steps.StepInterceptor - STARTING STEP: User_produuct_steps.reciveValidHttp201 - I receive valid HTTP response code 201
  &amp#27;[31mThen &amp#27;[0m&amp#27;[31mI receive valid HTTP response code 201&amp#27;[0m                          &amp#27;[90m# starter.stepdefinition.User_produuct_steps.reciveValidHttp201()&amp#27;[0m
      &amp#27;[31mjava.lang.AssertionError: 1 expectation failed.
Expected status code <200> but was <404>.

	at java.base/jdk.internal.reflect.DirectConstructorHandleAccessor.newInstance(DirectConstructorHandleAccessor.java:67)
	at java.base/java.lang.reflect.Constructor.newInstanceWithCaller(Constructor.java:499)
	at java.base/java.lang.reflect.Constructor.newInstance(Constructor.java:483)
	at org.codehaus.groovy.reflection.CachedConstructor.invoke(CachedConstructor.java:73)
	at org.codehaus.groovy.runtime.callsite.ConstructorSite$ConstructorSiteNoUnwrapNoCoerce.callConstructor(ConstructorSite.java:108)
	at org.codehaus.groovy.runtime.callsite.AbstractCallSite.callConstructor(AbstractCallSite.java:277)
	at io.restassured.internal.ResponseSpecificationImpl$HamcrestAssertionClosure.validate(ResponseSpecificationImpl.groovy:512)
	at io.restassured.internal.ResponseSpecificationImpl$HamcrestAssertionClosure$validate$1.call(Unknown Source)
	at io.restassured.internal.ResponseSpecificationImpl.validateResponseIfRequired(ResponseSpecificationImpl.groovy:696)
	at io.restassured.internal.ResponseSpecificationImpl.this$2$validateResponseIfRequired(ResponseSpecificationImpl.groovy)
	at java.base/jdk.internal.reflect.DirectMethodHandleAccessor.invoke(DirectMethodHandleAccessor.java:104)
	at java.base/java.lang.reflect.Method.invoke(Method.java:577)
	at org.codehaus.groovy.runtime.callsite.PlainObjectMetaMethodSite.doInvoke(PlainObjectMetaMethodSite.java:43)
	at org.codehaus.groovy.runtime.callsite.PogoMetaMethodSite$PogoCachedMethodSiteNoUnwrapNoCoerce.invoke(PogoMetaMethodSite.java:198)
	at org.codehaus.groovy.runtime.callsite.PogoMetaMethodSite.callCurrent(PogoMetaMethodSite.java:62)
	at org.codehaus.groovy.runtime.callsite.AbstractCallSite.callCurrent(AbstractCallSite.java:185)
	at io.restassured.internal.ResponseSpecificationImpl.statusCode(ResponseSpecificationImpl.groovy:135)
	at io.restassured.specification.ResponseSpecification$statusCode$0.callCurrent(Unknown Source)
	at io.restassured.internal.ResponseSpecificationImpl.statusCode(ResponseSpecificationImpl.groovy:143)
	at io.restassured.internal.ValidatableResponseOptionsImpl.statusCode(ValidatableResponseOptionsImpl.java:89)
	at minpro@1.0-SNAPSHOT/starter.user.POST_Product.lambda$reciveValidHttpResponse201$0(POST_Product.java:33)
	at net.serenitybdd.rest.SerenityRest.restAssuredThat(SerenityRest.java:626)
	at minpro@1.0-SNAPSHOT/starter.user.POST_Product.reciveValidHttpResponse201(POST_Product.java:33)
	at minpro@1.0-SNAPSHOT/starter.user.POST_Product$ByteBuddy$fl9S0XuB.reciveValidHttpResponse201$accessor$vHUDPAVA(Unknown Source)
	at java.base/jdk.internal.reflect.DirectMethodHandleAccessor.invoke(DirectMethodHandleAccessor.java:104)
	at java.base/java.lang.reflect.Method.invoke(Method.java:577)
	at net.thucydides.core.steps.StepInterceptor.invokeMethod(StepInterceptor.java:518)
	at net.thucydides.core.steps.StepInterceptor.executeTestStepMethod(StepInterceptor.java:498)
	at net.thucydides.core.steps.StepInterceptor.runTestStep(StepInterceptor.java:472)
	at net.thucydides.core.steps.StepInterceptor.runOrSkipMethod(StepInterceptor.java:211)
	at net.thucydides.core.steps.StepInterceptor.testStepResult(StepInterceptor.java:198)
	at net.thucydides.core.steps.StepInterceptor.intercept(StepInterceptor.java:86)
	at net.thucydides.core.steps.ProxyConfiguration$InterceptorDispatcher.intercept(ProxyConfiguration.java:51)
	at minpro@1.0-SNAPSHOT/starter.user.POST_Product$ByteBuddy$fl9S0XuB.reciveValidHttpResponse201(Unknown Source)
	at minpro@1.0-SNAPSHOT/starter.stepdefinition.User_produuct_steps.reciveValidHttp201(User_produuct_steps.java:78)
	at ✽.I receive valid HTTP response code 201(file:///C:/Users/Dimas%20Rizqi%20Suryana/Mini_Project2/src/test/resources/features/User_Register.feature:10)
&amp#27;[0m
10:14:59.632 [main] ERROR  - 
  _____   ___   ___   _____     ___     _     ___   _      ___   ___  
 |_   _| | __| / __| |_   _|   | __|   /_\   |_ _| | |    | __| |   \ 
   | |   | _|  \__ \   | |     | _|   / _ \   | |  | |__  | _|  | |) |
   |_|   |___| |___/   |_|     |_|   /_/ \_\ |___| |____| |___| |___/ 

POST - As an admin I have be able to create new user account
-----------------------------------------------------------------------
10:14:59.632 [main] DEBUG  - RELATED ISSUES: 
10:14:59.632 [main] ERROR  -     Test failed at step: I receive valid HTTP response code 201
10:14:59.632 [main] ERROR  -     1 expectation failed.Expected status code <200> but was <404>.
]]></system-out>
  </testcase>
  <testcase name="POST - As an admin I shouldn&apos;t be able to create new user account posts with invalid url" classname="Posts #3" time="0.116">
    <system-out><![CDATA[
Scenario: POST - As an admin I shouldn't be able to create new user account posts with invalid url &amp#27;[90m# src/test/resources/features/User_Register.feature:12&amp#27;[0m
10:14:59.637 [main] DEBUG io.cucumber.core.plugin.SerenityReporter - Running feature from file:///C:/Users/Dimas%20Rizqi%20Suryana/Mini_Project2/src/test/resources/features/User_Register.feature
10:14:59.638 [main] INFO  - 
  _____   ___   ___   _____     ___   _____     _     ___   _____   ___   ___  
 |_   _| | __| / __| |_   _|   / __| |_   _|   /_\   | _ \ |_   _| | __| |   \ 
   | |   | _|  \__ \   | |     \__ \   | |    / _ \  |   /   | |   | _|  | |) |
   |_|   |___| |___/   |_|     |___/   |_|   /_/ \_\ |_|_\   |_|   |___| |___/ 

POST - As an admin I shouldn't be able to create new user account posts with invalid url(posts;post---as-an-admin-i-shouldn-t-be-able-to-create-new-user-account-posts-with-invalid-url)
--------------------------------------------------------------------------------
  &amp#27;[32mGiven &amp#27;[0m&amp#27;[32mI set typo POST register api endpoints&amp#27;[0m                                                     &amp#27;[90m# starter.stepdefinition.User_Register_steps.setInvalidPostRegisterApiEndpoints()&amp#27;[0m
10:14:59.647 [main] DEBUG net.thucydides.core.steps.StepInterceptor - STARTING STEP: User_produuct_steps.sendPostInvalidHttpRequest - I send typo POST HTTP request
10:14:59.648 [main] DEBUG net.thucydides.core.steps.StepInterceptor - STARTING STEP: POST_Product.sendInvalidPostHttpRequest - I set typo POST api endpoints
10:14:59.648 [main] DEBUG net.thucydides.core.steps.StepInterceptor - STEP DONE: I set typo POST api endpoints
10:14:59.655 [main] DEBUG org.apache.http.impl.conn.BasicClientConnectionManager - Get connection for route {s}->https://altashop-api.fly.dev:443
10:14:59.655 [main] DEBUG org.apache.http.impl.conn.DefaultClientConnectionOperator - Connecting to altashop-api.fly.dev:443
10:14:59.701 [main] DEBUG org.apache.http.client.protocol.RequestAddCookies - CookieSpec selected: ignoreCookies
10:14:59.702 [main] DEBUG org.apache.http.client.protocol.RequestAuthCache - Auth cache not set in the context
10:14:59.702 [main] DEBUG org.apache.http.client.protocol.RequestTargetAuthentication - Target auth state: UNCHALLENGED
10:14:59.702 [main] DEBUG org.apache.http.client.protocol.RequestProxyAuthentication - Proxy auth state: UNCHALLENGED
10:14:59.702 [main] DEBUG org.apache.http.impl.client.DefaultHttpClient - Attempt 1 to execute request
10:14:59.702 [main] DEBUG org.apache.http.impl.conn.DefaultClientConnection - Sending request: GET /api/product HTTP/1.1
10:14:59.702 [main] DEBUG org.apache.http.wire -  >> "GET /api/product HTTP/1.1[\r][\n]"
10:14:59.702 [main] DEBUG org.apache.http.wire -  >> "Accept: */*[\r][\n]"
10:14:59.702 [main] DEBUG org.apache.http.wire -  >> "Host: altashop-api.fly.dev[\r][\n]"
10:14:59.702 [main] DEBUG org.apache.http.wire -  >> "Connection: Keep-Alive[\r][\n]"
10:14:59.702 [main] DEBUG org.apache.http.wire -  >> "User-Agent: Apache-HttpClient/4.5.13 (Java/18.0.2.1)[\r][\n]"
10:14:59.702 [main] DEBUG org.apache.http.wire -  >> "Accept-Encoding: gzip,deflate[\r][\n]"
10:14:59.702 [main] DEBUG org.apache.http.wire -  >> "[\r][\n]"
10:14:59.702 [main] DEBUG org.apache.http.headers - >> GET /api/product HTTP/1.1
10:14:59.702 [main] DEBUG org.apache.http.headers - >> Accept: */*
10:14:59.702 [main] DEBUG org.apache.http.headers - >> Host: altashop-api.fly.dev
10:14:59.702 [main] DEBUG org.apache.http.headers - >> Connection: Keep-Alive
10:14:59.702 [main] DEBUG org.apache.http.headers - >> User-Agent: Apache-HttpClient/4.5.13 (Java/18.0.2.1)
10:14:59.702 [main] DEBUG org.apache.http.headers - >> Accept-Encoding: gzip,deflate
10:14:59.743 [main] DEBUG org.apache.http.wire -  << "HTTP/1.1 404 Not Found[\r][\n]"
10:14:59.744 [main] DEBUG org.apache.http.wire -  << "date: Wed, 31 May 2023 03:14:59 GMT[\r][\n]"
10:14:59.744 [main] DEBUG org.apache.http.wire -  << "content-encoding: gzip[\r][\n]"
10:14:59.744 [main] DEBUG org.apache.http.wire -  << "content-type: text/plain; charset=utf-8[\r][\n]"
10:14:59.744 [main] DEBUG org.apache.http.wire -  << "transfer-encoding: chunked[\r][\n]"
10:14:59.744 [main] DEBUG org.apache.http.wire -  << "server: Fly/fe06e9419 (2023-05-24)[\r][\n]"
10:14:59.744 [main] DEBUG org.apache.http.wire -  << "via: 1.1 fly.io[\r][\n]"
10:14:59.744 [main] DEBUG org.apache.http.wire -  << "fly-request-id: 01H1QWTDGEDADW2RY38PTJSNVF-sin[\r][\n]"
10:14:59.744 [main] DEBUG org.apache.http.wire -  << "[\r][\n]"
10:14:59.744 [main] DEBUG org.apache.http.impl.conn.DefaultClientConnection - Receiving response: HTTP/1.1 404 Not Found
10:14:59.744 [main] DEBUG org.apache.http.headers - << HTTP/1.1 404 Not Found
10:14:59.744 [main] DEBUG org.apache.http.headers - << date: Wed, 31 May 2023 03:14:59 GMT
10:14:59.744 [main] DEBUG org.apache.http.headers - << content-encoding: gzip
10:14:59.744 [main] DEBUG org.apache.http.headers - << content-type: text/plain; charset=utf-8
10:14:59.744 [main] DEBUG org.apache.http.headers - << transfer-encoding: chunked
10:14:59.744 [main] DEBUG org.apache.http.headers - << server: Fly/fe06e9419 (2023-05-24)
10:14:59.744 [main] DEBUG org.apache.http.headers - << via: 1.1 fly.io
10:14:59.744 [main] DEBUG org.apache.http.headers - << fly-request-id: 01H1QWTDGEDADW2RY38PTJSNVF-sin
10:14:59.744 [main] DEBUG org.apache.http.impl.client.DefaultHttpClient - Connection can be kept alive indefinitely
10:14:59.744 [main] DEBUG io.restassured.internal.RestAssuredHttpBuilder - Parsing response as: text/plain; charset=utf-8
10:14:59.744 [main] DEBUG org.apache.http.wire -  << "1E[\r][\n]"
10:14:59.744 [main] DEBUG org.apache.http.wire -  << "[0x1f][0x8b][0x8][0x0][0x0][0x0][0x0][0x0][0x4][0xff][0xcb][0xcb]/QH[0xcb]/[0xcd]K[0xe1][0x2][0x0][0xd4]I[0xfa]r[\n]"
10:14:59.744 [main] DEBUG org.apache.http.wire -  << "[0x0][0x0][0x0]"
10:14:59.744 [main] DEBUG org.apache.http.wire -  << "[\r][\n]"
10:14:59.744 [main] DEBUG org.apache.http.wire -  << "0[\r][\n]"
10:14:59.744 [main] DEBUG org.apache.http.wire -  << "[\r][\n]"
10:14:59.745 [main] DEBUG io.restassured.internal.RestAssuredHttpBuilder - Parsed data to instance of: class org.apache.http.conn.EofSensorInputStream
10:14:59.745 [main] DEBUG org.apache.http.impl.conn.BasicClientConnectionManager - Releasing connection org.apache.http.impl.conn.ManagedClientConnectionImpl@75c30a4f
10:14:59.745 [main] DEBUG org.apache.http.impl.conn.BasicClientConnectionManager - Connection can be kept alive indefinitely
10:14:59.745 [main] DEBUG net.thucydides.core.steps.StepInterceptor - STEP DONE: I send typo POST HTTP request
  &amp#27;[32mWhen &amp#27;[0m&amp#27;[32mI send typo POST HTTP request&amp#27;[0m                                                               &amp#27;[90m# starter.stepdefinition.User_produuct_steps.sendPostInvalidHttpRequest()&amp#27;[0m
10:14:59.747 [main] DEBUG net.thucydides.core.steps.StepInterceptor - STARTING STEP: User_produuct_steps.reciveInvalidHttpResponse - I receive invalid HTTP response code 404 Not Found
10:14:59.747 [main] DEBUG net.thucydides.core.steps.StepInterceptor - STEP DONE: I receive invalid HTTP response code 404 Not Found
  &amp#27;[32mThen &amp#27;[0m&amp#27;[32mI receive invalid HTTP response code 404 Not Found&amp#27;[0m                                          &amp#27;[90m# starter.stepdefinition.User_produuct_steps.reciveInvalidHttpResponse()&amp#27;[0m
10:14:59.749 [main] DEBUG net.thucydides.core.steps.StepInterceptor - STARTING STEP: User_produuct_steps.reciveNothing - I receive nothing from the page
10:14:59.749 [main] DEBUG net.thucydides.core.steps.StepInterceptor - STEP DONE: I receive nothing from the page
  &amp#27;[32mAnd &amp#27;[0m&amp#27;[32mI receive nothing from the page&amp#27;[0m                                                              &amp#27;[90m# starter.stepdefinition.User_produuct_steps.reciveNothing()&amp#27;[0m
10:14:59.750 [main] INFO  - 
  _____   ___   ___   _____     ___     _     ___   ___   ___   ___  
 |_   _| | __| / __| |_   _|   | _ \   /_\   / __| / __| | __| |   \ 
   | |   | _|  \__ \   | |     |  _/  / _ \  \__ \ \__ \ | _|  | |) |
   |_|   |___| |___/   |_|     |_|   /_/ \_\ |___/ |___/ |___| |___/ 

POST - As an admin I shouldn't be able to create new user account posts with invalid url
----------------------------------------------------------------------
]]></system-out>
  </testcase>
  <testcase name="GET - As an admin I have be able to see posts number 1" classname="Posts #4" time="0.253">
    <system-out><![CDATA[10:14:59.751 [main] DEBUG io.cucumber.core.plugin.SerenityReporter - Running feature from file:///C:/Users/Dimas%20Rizqi%20Suryana/Mini_Project2/src/test/resources/features/User_product.feature
10:14:59.751 [main] DEBUG net.thucydides.core.steps.StepEventBus - Test suite started for story net.thucydides.core.model.Story@b5097730
10:14:59.751 [main] INFO  - Test Suite Started: Posts

Scenario: GET - As an admin I have be able to see posts number 1 &amp#27;[90m# src/test/resources/features/User_product.feature:7&amp#27;[0m
10:14:59.754 [main] DEBUG io.cucumber.core.plugin.SerenityReporter - Running feature from file:///C:/Users/Dimas%20Rizqi%20Suryana/Mini_Project2/src/test/resources/features/User_product.feature
10:14:59.755 [main] INFO  - 
  _____   ___   ___   _____     ___   _____     _     ___   _____   ___   ___  
 |_   _| | __| / __| |_   _|   / __| |_   _|   /_\   | _ \ |_   _| | __| |   \ 
   | |   | _|  \__ \   | |     \__ \   | |    / _ \  |   /   | |   | _|  | |) |
   |_|   |___| |___/   |_|     |___/   |_|   /_/ \_\ |_|_\   |_|   |___| |___/ 

GET - As an admin I have be able to see posts number 1(posts;get---as-an-admin-i-have-be-able-to-see-posts-number-1)
--------------------------------------------------------------------------------
10:14:59.761 [main] DEBUG net.thucydides.core.steps.StepInterceptor - STARTING STEP: User_produuct_steps.setGetApiEndpoints - I set GET api endpoints
10:14:59.761 [main] DEBUG net.thucydides.core.steps.StepInterceptor - STEP DONE: I set GET api endpoints
  &amp#27;[32mGiven &amp#27;[0m&amp#27;[32mI set GET api endpoints&amp#27;[0m                                  &amp#27;[90m# starter.stepdefinition.User_produuct_steps.setGetApiEndpoints()&amp#27;[0m
10:14:59.762 [main] DEBUG net.thucydides.core.steps.StepInterceptor - STARTING STEP: User_produuct_steps.sendGetHttpRequest - I send GET HTTP request
10:14:59.764 [main] DEBUG net.thucydides.core.steps.StepInterceptor - STARTING STEP: GET_Product.setGetHttpRequest - I set GET api endpoints
10:14:59.764 [main] DEBUG net.thucydides.core.steps.StepInterceptor - STEP DONE: I set GET api endpoints
10:14:59.770 [main] DEBUG org.apache.http.impl.conn.BasicClientConnectionManager - Get connection for route {s}->https://altashop-api.fly.dev:443
10:14:59.770 [main] DEBUG org.apache.http.impl.conn.DefaultClientConnectionOperator - Connecting to altashop-api.fly.dev:443
10:14:59.821 [main] DEBUG org.apache.http.client.protocol.RequestAddCookies - CookieSpec selected: ignoreCookies
10:14:59.821 [main] DEBUG org.apache.http.client.protocol.RequestAuthCache - Auth cache not set in the context
10:14:59.821 [main] DEBUG org.apache.http.client.protocol.RequestTargetAuthentication - Target auth state: UNCHALLENGED
10:14:59.821 [main] DEBUG org.apache.http.client.protocol.RequestProxyAuthentication - Proxy auth state: UNCHALLENGED
10:14:59.821 [main] DEBUG org.apache.http.impl.client.DefaultHttpClient - Attempt 1 to execute request
10:14:59.821 [main] DEBUG org.apache.http.impl.conn.DefaultClientConnection - Sending request: GET /api/products HTTP/1.1
10:14:59.821 [main] DEBUG org.apache.http.wire -  >> "GET /api/products HTTP/1.1[\r][\n]"
10:14:59.821 [main] DEBUG org.apache.http.wire -  >> "Accept: */*[\r][\n]"
10:14:59.821 [main] DEBUG org.apache.http.wire -  >> "Host: altashop-api.fly.dev[\r][\n]"
10:14:59.821 [main] DEBUG org.apache.http.wire -  >> "Connection: Keep-Alive[\r][\n]"
10:14:59.821 [main] DEBUG org.apache.http.wire -  >> "User-Agent: Apache-HttpClient/4.5.13 (Java/18.0.2.1)[\r][\n]"
10:14:59.821 [main] DEBUG org.apache.http.wire -  >> "Accept-Encoding: gzip,deflate[\r][\n]"
10:14:59.821 [main] DEBUG org.apache.http.wire -  >> "[\r][\n]"
10:14:59.821 [main] DEBUG org.apache.http.headers - >> GET /api/products HTTP/1.1
10:14:59.821 [main] DEBUG org.apache.http.headers - >> Accept: */*
10:14:59.821 [main] DEBUG org.apache.http.headers - >> Host: altashop-api.fly.dev
10:14:59.821 [main] DEBUG org.apache.http.headers - >> Connection: Keep-Alive
10:14:59.821 [main] DEBUG org.apache.http.headers - >> User-Agent: Apache-HttpClient/4.5.13 (Java/18.0.2.1)
10:14:59.821 [main] DEBUG org.apache.http.headers - >> Accept-Encoding: gzip,deflate
10:14:59.984 [main] DEBUG org.apache.http.wire -  << "HTTP/1.1 200 OK[\r][\n]"
10:14:59.984 [main] DEBUG org.apache.http.wire -  << "content-type: application/json[\r][\n]"
10:14:59.984 [main] DEBUG org.apache.http.wire -  << "date: Wed, 31 May 2023 03:14:59 GMT[\r][\n]"
10:14:59.984 [main] DEBUG org.apache.http.wire -  << "transfer-encoding: chunked[\r][\n]"
10:14:59.984 [main] DEBUG org.apache.http.wire -  << "content-encoding: gzip[\r][\n]"
10:14:59.984 [main] DEBUG org.apache.http.wire -  << "server: Fly/fe06e9419 (2023-05-24)[\r][\n]"
10:14:59.984 [main] DEBUG org.apache.http.wire -  << "via: 1.1 fly.io[\r][\n]"
10:14:59.984 [main] DEBUG org.apache.http.wire -  << "fly-request-id: 01H1QWTDKNPP9MTXNPAHAV0R5G-sin[\r][\n]"
10:14:59.984 [main] DEBUG org.apache.http.wire -  << "[\r][\n]"
10:14:59.984 [main] DEBUG org.apache.http.impl.conn.DefaultClientConnection - Receiving response: HTTP/1.1 200 OK
10:14:59.984 [main] DEBUG org.apache.http.headers - << HTTP/1.1 200 OK
10:14:59.984 [main] DEBUG org.apache.http.headers - << content-type: application/json
10:14:59.984 [main] DEBUG org.apache.http.headers - << date: Wed, 31 May 2023 03:14:59 GMT
10:14:59.984 [main] DEBUG org.apache.http.headers - << transfer-encoding: chunked
10:14:59.984 [main] DEBUG org.apache.http.headers - << content-encoding: gzip
10:14:59.984 [main] DEBUG org.apache.http.headers - << server: Fly/fe06e9419 (2023-05-24)
10:14:59.984 [main] DEBUG org.apache.http.headers - << via: 1.1 fly.io
10:14:59.984 [main] DEBUG org.apache.http.headers - << fly-request-id: 01H1QWTDKNPP9MTXNPAHAV0R5G-sin
10:14:59.985 [main] DEBUG org.apache.http.impl.client.DefaultHttpClient - Connection can be kept alive indefinitely
10:14:59.985 [main] DEBUG io.restassured.internal.RestAssuredHttpBuilder - Parsing response as: application/json
10:14:59.985 [main] DEBUG org.apache.http.wire -  << "275[\r][\n]"
10:14:59.985 [main] DEBUG org.apache.http.wire -  << "[0x1f][0x8b][0x8][0x0][0x0][0x0][0x0][0x0][0x4][0xff][0xaa]VJI,IT[0xb2][0x8a][0xae]V[0xf2]tQ[0xb2][0xb2]054[0xb4][0xd0]Q[0xf2]K[0xcc]MU[0xb2]R[0x8a]p[0xf2][0x8f]0T[0xd2]QrI-N.[0xca],([0xc9][0xcc][0xcf]S[0xb2]Rr[0xcb]/RHO[0xcc][0xcd][0xcc]KW[0xd2]Q[\n]"
10:14:59.985 [main] DEBUG org.apache.http.wire -  << "([0xca]LNU[0xb2]2[0xb1][0xb4][0xd4]Q[\n]"
10:14:59.985 [main] DEBUG org.apache.http.wire -  << "J,[0xc9][0xcc]K/V[0xb2]2[0xd1]QrN,IM[0xcf]/[0xca]L-V[0xb2][0x8a][0x8e][0xad][0xd5][0x81][0x1b]od@[[0xe3][0x8d](6[0xde][0x0][0x9f][0xeb]Mhk[0xbc][0x19][0xc5][0xc6][0x1b][0xe1]q[0xbd]1[0xe5]a[0x8f]/p[0x8c]i[0x1b][0xf6][0xc6][0x88][0xb0][0xf][0xce][0xcf][0xab]T[0x8][0x8]6[0xc5]H[0x9b][0x5]9[0x89][0x95][\n]"
10:14:59.985 [main] DEBUG org.apache.http.wire -  << "[0x19][0x89][0xc5][\n]"
10:14:59.985 [main] DEBUG org.apache.http.wire -  << "y[0xf9][\n]"
10:14:59.985 [main] DEBUG org.apache.http.wire -  << "9[0x99][0xb9][0x99]%[0xc5][0x88]4jDt[0x1a]56[0xa7]8[0x1a][0xf0][0x86][0x93]%[0xdc]x*x[0x4][0x9f]M&[0x88][0x18][0xa1][0xb5]M[0xa6]p?[0x91][j[0xe0][0xf5][0x8]mc[0xc4][0x4][0x11]#[0xb4]p[0xbd][0xa9]!<pr[0xf2][0xd3]3KR[0x93]3[0x14][0xd2][0x8d][0xcc]0R/rZ[0xb5]@*O[0xf1][0x85][0x8c][0xa9]1[0xdc]l[0x9c]Q[0x8c]l.r9[0x8d][0xd7]\[0xca]#[0x14]_5`J(B[0xc9]r3m[0xa3][0xd1][0xc][0x11][0x8d][0xd8]S[0x9]9n6C[0xc4][0x1f]vC[0x9]W[0xb7][0xf8][0xa2][0xd1][0x8c][0xf2]h[0xc4]k<[0xa1]h[0xa4][0xd0][0xf5][0x88][0x8][0xc5][0x99][0xb8][0xe1]E>[0xfe][0xf2][0x1e][0x9f]/[0xcc]i[/[0x9a]#JaZD[0xb1]9U[0xeb]E[0xbc][0xe1]Dy[0xf3][0x4][0xaf][0xf1][0x94][0xb7]<[0xf1][0x19]oA[0xdb]X[0xb6] [0x14][0xcb][0xe4][0x94][0xe][0x16][0xa4][0xc4]-[0xf9][0x19][0xc0][0x2]QJ[0xd0]2[0x9f]Y [0xd2][0xf]M[0xad]!T(!b[0x2][0xb5][0xdf][0x82]7[0xf5][0x10]J[0x9c][0xe4][0x18]j[0x89][0xa8]Q[0x8][0x7][0x8][0xc1]&->[0xe7]["[0x12][0x12][0xf6]2[0x88],[0xe7]#[0x92][\r]!CQ[0x1b][0xdf]x]J[0x8b][0xd8][0xb3][0xa4]I[0xec][0x91]R;Q[0x12]{F[0x6][0x84][0x8a].2b[0xcf][0xc8][0x0][0x91][0xf8][0x8][0xc5][0x1e][0xd1][0xd9][0xc4][0xc8][0x0]Q[\n]"
10:14:59.985 [main] DEBUG org.apache.http.wire -  << "[0xfa]f[0xe6]e*[0x4][0xe7]''[0xa7][0x16])[0x18]c[0xb4]u[0x93][0xf3][0x93][0x12][0x15][0x92][0x8b]R[0x13]KR[0x15][\n]"
10:14:59.985 [main] DEBUG org.apache.http.wire -  << "[0x8a][0xf2]SJ[0x93]K[0xc0][0xaa][0xa0][0x3][\n]"
10:14:59.985 [main] DEBUG org.apache.http.wire -  << "[0xe6] /[0xc3][0x7][0x14][0xf0][0xa4][0x17]#[0x3]D[0x3][0x8a][0x8a]6[0x1a][0xe3][0xee]F[0x1b][0x19][0xd0] /[0x19][0x19][0x10][0xca]K[0x14][0xb5][0xa4][0x8c][0xc]h[0x90][0xab][0x8c][0xc][0x10][0xb9][0x8a][0xb6][0xc5][0x97][0x91]!"[0x3][0xd0][0xda]&Dr[0xc2][0x9e]+([0x8b][0x7]CD4[0x13][0xf6][0x8][0xd9][0x15][0xba][0x91]!]jZ#CD[0xaa][\n]"
10:14:59.985 [main] DEBUG org.apache.http.wire -  << "[0x80][0xe6]a[0xf7][0xd4]<[0x85]([0x8c][0xdc][0xee][0x99][0x97][0x9][0xc9][0xe5][0xd9][\n]"
10:14:59.985 [main] DEBUG org.apache.http.wire -  << "I[0x89]E[0xa5]`[0x15]Xs:[0xbe]|[0x87]42Id[0xd8][0x1][0x0][0x0][0x0][0xff][0xff]"
10:14:59.985 [main] DEBUG org.apache.http.wire -  << "[\r][\n]"
10:14:59.985 [main] DEBUG org.apache.http.wire -  << "24A[\r][\n]"
10:14:59.985 [main] DEBUG org.apache.http.wire -  << "[0xc2]9[0xfa][0x83][0xaf]@1$[0xa5]X'?[0x8a][0x90][0x6]B[0xfd]R[0xcb][0x15][0xa0][0xe1][0x87][0x11]r9[0x89][0xa5]y[0xc9][0x19][0x99]y[0xe9][\n]"
10:14:59.985 [main] DEBUG org.apache.http.wire -  << "%[0xf9][0xb9][0xf9]EE[0xf9][0xe5]He=[0xd1][0x85][0xa4][0x11][0xf1]e=[0xd1]5[0xb5][0x91][0x11]"[0xab][0xd0][0xc1][0x7][0x88]B[0x97][0x96][0x91]o[0x84][0xc8][0x9f][0xd8][0xb3]?"[0xf4]I[0x8](D6[0xa1][0xa9][0xdb]I)[0x8e])H[0xb8][0xf4][0xc9][0x1f]H[0x83][0xd5][0xc1]9[0xa9][0xa9][0xd9][\n]"
10:14:59.985 [main] DEBUG org.apache.http.wire -  << "[0xc1]%[0xa9][0xa9]9[\n]"
10:14:59.985 [main] DEBUG org.apache.http.wire -  << "N[0x89][0xa0]i[0x7][0xd4][0x19][0x89][0xb0][0xd4][0x1c][0x85][0xbc][0xcc][0xe2]L[0x85][0xdc][0xc4][0x8a][0xcc][0xdc]T[0x85][0xd4][0x12][0x85][0x8c][0xc4][0xa2][0xd2]\[0x10][0xa3]$5[0xb7] [0xbf](3[0xa9][0xb4]X[0xf][0x11]u[0x86]Dg[0x1c]c[0xe2]3[0xe][0xf1][0x8d]$[0x82][0x3][0xe5][0x8][0x97][0x92]`("7[0xc2][0x12][0x99]BpNf.F[0x89][0x2][0x1f]0[0xa1][0xa8]I[0x8a]e4[0x9e][0xa6][0xd6]![0xf2]%[0xed][0xcb][0x1a]cRjO[0xca]B[0x91][0x94][0x92][0x81]2[0x9b]H)[0x1c]([0xb3][0x9]Q>[0x10]*B[0x89]O[0xdd]&[0x88][0x6]`Ij1h[0x9e][0x11][0xd2][0x9e]H.[0xc1]H[0xdf]%[0x19][0x99][0xc5][\n]"
10:14:59.985 [main] DEBUG org.apache.http.wire -  << "[0x99][0xc5][\n]"
10:14:59.985 [main] DEBUG org.apache.http.wire -  << "%[0x19][0x88][0x9e]E[\n]"
10:14:59.985 [main] DEBUG org.apache.http.wire -  << "[0xd2][0xc]&|[0xd2][0xd2][0xd0][0xc0][0x0]o9[0x0][0x99][0xb3]4[0xb2]4F[0x1a]as[0x87]M|[0xa2][0x96]@[0x88]F[0xa1]BAiQA~qj[0xb1][0x12]l[0xd2][0x13]d[0x0]"[0xf5][0x92]b[0x0][0xd2][0xbc][0xa9][0x91][0x9][0xa2] [0xa2]Z[0x0][0x18][0xe0][0x99]c[0x18]\[0x9e]G[0xf4]*[0x9]y[0x1e]Qt[0x82][0xa2]w[0xc8]x[0x10]Qx[0x13][0xf2] [0xd5][0x92]7J[0xea]B[0xb4][0xae][0xa8]j?[\r][0xc3][0x1f][0xc5][0xf9][0x88][0x2][0x9b][0xaa][0xce][0x1f]:[0x19][0x4]Q[0xba][0xd3],[0x0]L[0xd1][0x86]D[0x6]W[0x9][0x81][0xa8]th[0x16][0x0][0xe8][0x9d][0xc6]A[0x15][0x0][0xa6]#[0xbd][0x82]D[0x9a]d[0x1f][0xa1])[0x80][0xf8]J[0x92]ju[0xc8][0xe0][0xca][0x2][0x3]P[0x89][0xe][0xae][0x0][0xa0]Q->d[0xaa]ASD;{[0x84][0x96][0x1][0x88][0x86][0x10]l[0x10][0x0][0xa3][0x4][0xef][0xff][0x93]?[0x4][0x84][0xb4]z[0x87][0xb0]5[0x14]u&[0xcd][0x10][0xd5][0x1a][0xad]mBt[0xb0][0x8][0xdb]D~[0xd0][0x99]!Ji[0xc2][0xd6]P[0x16]t[0x88][0xe2][0x10]{?[0x1c][0xd1]iEt[0x9a][0x88][0xef][0x91]#[0xad],[0xa2][0xfd][0x88][0x8c][0x19]"][0x8f][0xcc][0x8c]m[0x86][0x18]([0xa2]Z[0x0][0xc][0x99]b[0xdd][0x8c][0xf8][0xde][\r]"%[0xf][0xa5][0xee][0xbf][0xd9][0x0][0xf4]^[0x90][0xfb][0xcf]H[0xb][0xe0][0xa8][0x96][0xba]h[0x1c][0xfe]([0xce]G[0x94][0xa9]Tu[0xfe][0x90][0xc9] H[0x3][0x94]4[0xb][0x80]A[0xdd][0xfd]7[0x1f][0xe9][\r]?[0xf3][0x91]^A[0x9a]c[0xab] [0x1][0x0][0x0][0x0][0xff][0xff]"
10:14:59.985 [main] DEBUG org.apache.http.wire -  << "[\r][\n]"
10:14:59.985 [main] DEBUG org.apache.http.wire -  << "672[\r][\n]"
10:14:59.985 [main] DEBUG org.apache.http.wire -  << "[0x2]/+[0xc2]h[0x0][0xf][0xcf][0xde][0xaf]9[0xf1][0x95][0xe4]0[\r][0x80][0x1][0xa8]D[0x7]U[0xf7][0x1f]i[0x81]3[0xcd]j[0x81]A=[0x6]j[0x81][0xe8][0xc2][0xd1],[0x0][0x6]u5Hp[\r]:e]>[0x92]V[0xa3]S[0xd4]w[0xb5]@[0x94][0xe6][0xd8][0xfb][0xae][0x88]v>[0xf1]=V[0xb]D[0x9][0xe9][0x96][0x98]W[0x92]X\[0x92][0x99][0xac][0xe0]T[0x94][0x9f]W[0x95][0xaa][0x10][0x9e][0x98][0x93][0x93][0x8a]9[0x97][0xec][0x9f][0x96][0x96][0x99][0x9c][0x99][0xa8][0x90][0x92][0x9f][0x93]_[0x94][0xaa]P[0x94][0x9a]\Z[0x9c][0x98][0x97][0x92][0x98][0xaa][0x90][0x96][0x98][0x9c]Z[0x94]J[0xd6][0x9a][0x12][0xb]DA[0xe5]Z[0x94][0x9e][0x9f][0x97][0x9f][0x9b][0x99][0xac][0xe0][0x93][0x99][0x97][0x9a][0x87][0xcb][0x19][0x81][0xa5][0x99][0x89][\n]"
10:14:59.985 [main] DEBUG org.apache.http.wire -  << "[0xc5][0xa9])[\n]"
10:14:59.985 [main] DEBUG org.apache.http.wire -  << "[0xa9][0xf9][0xc5][\n]"
10:14:59.985 [main] DEBUG org.apache.http.wire -  << "[0xa9]y[0x99][0xb9][\n]"
10:14:59.985 [main] DEBUG org.apache.http.wire -  << "[0x89][0xa5]%[0xa9][0xb9][\n]"
10:14:59.985 [main] DEBUG org.apache.http.wire -  << "E[0x89][0xa0]=[0xb9][0xe4][0xb9][0xc2][0x12]1[0xb2][0x12]T[\n]"
10:14:59.985 [main] DEBUG org.apache.http.wire -  << "[0xe][\n]"
10:14:59.985 [main] DEBUG org.apache.http.wire -  << "[0x9f][0xd4][0xc4][0x92][0x8c][0xd4]"[0xac]Kl[0x82]R[0xb][0x8a]R3R[0xf3]RR[0x8b]2K@[0xb6]+$[0x96][0x14][0x96][0xa6]*[0xa4][0x96][0xe6]*[0x14][0xa5][0x16][0xa4][0xe6][0xe4]$[0x96]([0x94]e[0x96]$[0xa6]*[0x94][0xe6][0xa5][0x90][0xe9]"D[0xf6]E[0xc4][0x8f]obQRN[0xaa][0x82]wjeR~bQ[\n]"
10:14:59.985 [main] DEBUG org.apache.http.wire -  << "Fe[0xee][0x92][0x9a][0x94]Y[0x92]Y[0xac][0x90]X\[0x90]Z[0x94][0x99]_[0x94]Z[0xc]Z[0xf5][0x93][0x9b][0x8]a[0x16][0xa7][0xa6][0x90][0x15]E[0x96][0x88][0x1e][0x85]k^~Qn~i[0xb1]BPiRRj[0x91]BxbIr[0x6][0x86]3|[0x13][0xd3][0xf3]2[0x15][0x12]s2[0xb]K3S[0xc0][0xe1][0x93][0x91][0x99][0x8c][0x9c]^[0x8a]R[0xb]JS2!i'[0xb5][0xa2] '391)_!?%[0xb3][0x84]<[0x7]"[0x6]w[0xf0][0xf]#[0x95]g[0x96]d(d[0xa5][0x16]#[0xb6][0xc4]"[0xb2][0x8e]1[0xca][0x8e]X[0xf4][0xa2][0x1d][0xb9][0x87][0x85][0xb4]}[0x0][0x9a]X[0xc2][0xf3][0xf3][0xb1]/[0xc6][\n]"
10:14:59.985 [main] DEBUG org.apache.http.wire -  << ",[0xcd][0x84][0xae][0xbe][0x2]%[0x4]([0xb3][0xb0]4_![0xb5][0x98]L[0xaf]"[0xda][0xf6][0xf8][0xbd]J[0xd4][0xbe]_[0xbc][0xbe]D[0x14][0x10][0xb4][0xb5][0xc9][0x18]i[0xed]}pnbN[0x8e]B@[0xe][0xb4]8[0xca]/)[0xc9]I[0xc5]H^a[0xf9]9[0xa5][0x5]%[0x89][0xa0]<_[0x9c]Y[0xa2][0x90][0x99][0x93][0x93][0xaf][0x0][\n]"
10:14:59.985 [main] DEBUG org.apache.http.wire -  << "SH[0xb9][0x94][0xab][0x90][0x93][0x99][0x94]Z[0x4][0x12][0xca],V(J[0xcd]%'I[0x19]#-[0xdd][0x87][0xb8][0x9]R$9g$f[0x16]a8[0xc8][0xb5]D[0xa1] [0xb5][0xa8][0xb8][0x0]T:[0x82][0xb2]_j[0x89]B>[0xb8][0xac][0x4]e[0xc5][0x12][0x98]{`B[0xe4][0xb9][0x7])[0x89]#-[0x0][0xc]IL[0xc2][0x12]@[0xce][0xa5][0xb9][\n]"
10:14:59.985 [main] DEBUG org.apache.http.wire -  << "[0x85][0xa5][0x99][0xc5][\n]"
10:14:59.985 [main] DEBUG org.apache.http.wire -  << ")[0xa9]9[0xa9]y[0x99]%[0x99][\n]"
10:14:59.985 [main] DEBUG org.apache.http.wire -  << "%[0xa9]y[0xa9]%[0xa5]E8[0xad][0xc6][0xb3];[0xd5][0x18]i[0x85][0xbf]g^rQjJ&[0xa8][0xc][\n]"
10:14:59.985 [main] DEBUG org.apache.http.wire -  << "H,H-Rp[0xce][0xcf]-(-I[0xc5][0x1a]$[0xc9][0xf9]y[0xc5][0xa9][0x85][0xa5][0xa5]y%[0xa5]E[\n]"
10:14:59.985 [main] DEBUG org.apache.http.wire -  << "[0xe0]%[0x88]8[0xad][0xc7][0x93][0xe][0x8d][0x91][0xf6][0x2]@c[0x2]Z2{[0xe7]e[0xa6]a&[0xe][0xd7][0x12][0x85][0xbc][0xfc]<[0x85][0xb2][0xd4][0x9c][0xcc][0x12][0x85]R[0xb2]2[0x99][0xb1][0x1][0xa2][0xff][0x8][0xb1][0x12][0x9c][0xbf][0xb1][0xc7]}[0x8]$dA[0x85]W[0xbe]B*x[0xa1]%[0xa8][0xd4]K[0xcd]U[0xc8]IL[0x2]U[0x93]y[0x99][0x19][0x99]9[0xe4][0xf9][0x1c]Q[0xef][0xfb][0xa6][0xa6]d[0xe6]'[0x17][0xa5]*8[0xe7][0x97][0x94][0xe4][0xe7])`w[0x8b]_~[0x9e]BJirfni[0xb1]B[0x19][0xa8]nJ[0x4][0xa5][0xc6][0xcc][0xbc][0xb2][0xd4][0xbc][0x92]|[0xf2][0xea]gc[0xa4]m[\r][0xee][0xf9]E[0xe9][0xa9][0xa0][0xc2]?83'[0x1b][0x94]IK0[0x83][0xdf][0x19][0x12][0xe9][0x89][0xa0]8[0x87]W[0x85][0xe0][0x8c][0x9]Zu[0xaa]P[0x6][0xcb][0xba]([0x19][0x86][0xbc][0xd0]A4[0x1c][0x82]+[0xf3]R[0x8b][0xd2]3[0xc1][0xf5][0xb6]s>([0x8d][0x96][0xe0]l[0xc4][0x4][0x14][0xe5][0x97]e[0xa6][0xa4][0xe6][0x95]([0x94][0xe6][0xe4]$[0xe6]*$[0xa5]&[0x96]$[0x92]UE[0x1b]#[0xed][0xc3][0x80][0xd7][0x8b][0x4][0xb2][0x85][0x1b][0xb8][0xa1][0xa4][0x90][0x97][0x9f][0x94]Y[0xc]*[0xb3][0xc8][0xf2][0xb9]![0xa2]i[0x80][0x94]![0xdd][0x8b][0x12][0xf3]2KR[0x15][0x9c][0xb0][0x17][0x9a]A[0xa9][0xa0]5[0xc0][0x85][0xa0][0xb6]SfI"[0xb8][0xb5][0x92]_[0x8c][0x12][0xb][\n]"
10:14:59.985 [main] DEBUG org.apache.http.wire -  << "[0x89][0xc9][0xe0][0x6]]Ifi.[0xb4][0x8d]G[0xd6]2acCD{[0xc1][0xa5][0xb4]([0x11]TZ[0x84][0xe7][0xe7][0xa7][0xa4][0xe6][0xe1]v[0x1b]xurri[0xae]B[0x1e](V[0xc8][0xb][0x15]D[0x9][0x19][0x10]l[0x82]QF[0x17][0x14][0x9b][0x80]w[ U[0xf8][0xf8][0x17]<"[0xd5][0xf8][0xc6][0x86][0x88][0xb9]d[0x1a][0xd7][0x85]$m[0x89][0xa1][0xa4]WaL[0x9f]]1[0xc6]H[0xbb]b`AG[0xc3][0xa5][0xd1][0xc6]H[0xdb]b[0xb0][0xf7][0x95]([0xea][0xf4][0x19]#[0xed]S[0xc1]n<"y[0x11][0xdd][0x15]3&[0xb8][0x1f][0x85]B7#2[0x6][0x15][0xdd]LJ[0x8e] {[0x82][0xd8][0x18]i[0x7][\n]"
10:14:59.985 [main] DEBUG org.apache.http.wire -  << ",[0xf5]`[0xe6][0xec][0x1c]b[0x8f][0xb9][0xc1][0xd7][0xcc]0B[0xd4][0xf9]NE[0x89][0xc9][0xa9][0xd8]:[0xc0][0xbe][0x89])[0xa9][\n]"
10:14:59.985 [main] DEBUG org.apache.http.wire -  << "[0xf9]i[\n]"
10:14:59.985 [main] DEBUG org.apache.http.wire -  << "[0x19][0x99][0xe9][0x19][\n]"
10:14:59.985 [main] DEBUG org.apache.http.wire -  << "[0x85][0xa5][0x89]9[0x99]%[0x95][\n]"
10:14:59.985 [main] DEBUG org.apache.http.wire -  << "[0x5][0xa9][0x89]E9[0xc8]{[0xab]@i[0x84][0x98][0xcd][0x9a][0xc6]F[0x88][0x16]6[0xdd][0xac]DT[0x9a]8[0xad]D$a#[0xa2][0xbd][0x82][0xb4]?[0x5][0xa7][0xb9][0x8e]N[0xce].d[0x99][0x8d][0xa8][0xee][0xa8]b6l[0x98][0xd2][0x14]i[0x1a][0xd9]199[0xb5][0xb8][0x18]rD[0x17][0xfa][0x11]_%[0xf9][\n]"
10:14:59.985 [main] DEBUG org.apache.http.wire -  << "[0xa9]y[0x19][0x89]y[0xc9][0xa9][\n]"
10:14:59.985 [main] DEBUG org.apache.http.wire -  << "[0x89][0x5][0xa0][0xd8][0x6]1[0x95]j[0x91][0xeb][0x7][0xa4]=,[0x83][0xd6][0x89][0x88][0xc][0xeb][0x93][0x99][0x9e]QR[0x9e][\n]"
10:14:59.985 [main] DEBUG org.apache.http.wire -  << ""[0x15][0xa0]#[\n]"
10:14:59.986 [main] DEBUG org.apache.http.wire -  << "[0xce][0x89]X[0x9a][0xf0][0x15][0xc9][0xa9][0x5]%[0xa5]E[0x99][\n]"
10:14:59.986 [main] DEBUG org.apache.http.wire -  << "[0xd0][0x6]Cn~[0xe]h[0xb7]Ab[0xaa]Bfi[0x11]xc[0x11][0xbc]9[0x87][0xdc][0xc9][0x2][0x8d][0xa5][0x10][0x95][0xfe][0x8d][0x11]}Y[0xa4][0xf6]-[0xb4][0xf9][0xe6][0x91][0x88]9[0x0][0x15][0x9c][0x99][0x9b][0x9][0x1a]T[0x80][0x8c][0xb4][0x80][[0x95][\n]"
10:14:59.986 [main] DEBUG org.apache.http.wire -  << "[0x99][0x5][0xc5][0x89][0xb9]P2[0xb9][0xb4] 3%[0x13][0xd4]3[0x4][0x8f][0xf]![0x6][0xa8][0x90][0x1a][0x14][0xc4][0xf6][0xf2][0x8d][0x91][0xf6][0xbd]@{[0xf9][0xf0][0xa6]%[0xd6]mW[0xb0][0x96]-[0xa8][0xcf][0x9][0x1a][0x2]J[0xcd]K)-[0x6][0xbb][0xa3][0xb0]4S![0xb9][0x14]9[0x88]@C[0x93][0xc4][0x5][0x11][0xa2][0xb][0x0][0xd9][0xf7][0x5]mH[0xe1][0x1c][0x1][\n]"
10:14:59.986 [main] DEBUG org.apache.http.wire -  << "-Q[0xc8][0xcd][0xcc][0xcb][0xcc]M[0x4][0x8d][0xc9]e[0xe6]d[0x16]+@[0xbb]a[0xe0][0x16]9[0xa8]?[0x96][0xa9][0x90][0x92][0x99][0x9e][0x97]Y\[0x9c][0x99][0x9b][0x8f][0xdc][0xbe]33AZ[0x9f][0x8e][0xaf]?h[0x8c]([0xb6]P[0x1b][0xde][0xe0][0x9e][0x9][0xf6][0x11]!?[0xd0][0x86][0xb4][0xa2][0xd4][0xcc][0xe4][0xcc][0xd4][0xbc][0x14][0xd0][0x8e][0x94][0x82][0xe2]D[0x85][0xc4][0xbc][0xcc][0xdc]L[0xe4][0xa8]1Cr[0x1][0xbe][0xb2][0xda][0x18]Q[0x8a]9[0xa6][0x16][0xe5][0xa7]T[0xe6]%[0x82]F[\r][0xa1][0xa3][0x97][0xee]9[0xf9]e[0xa9][0xa0][0x2][0x19]uW[\n]"
10:14:59.986 [main] DEBUG org.apache.http.wire -  << "r[0xcf]$%3[0xb9]$[0x11]6`[0x88]<0[0x5][0xdd]3[0x7][0xda]?[0x87][0xe4]0##"[0x1d][0x86][0xb4]1[0x7]5h[\n]"
10:14:59.986 [main] DEBUG org.apache.http.wire -  << "[0xc0][0x9d]e[0xac][0x83][0x7][0xc1][0xa9])[\n]"
10:14:59.986 [main] DEBUG org.apache.http.wire -  << "[0x89])[0x99][0x5][0x99][0xc5][0xc9][0x99][0xa0]^;d<#/[0xb1][0xa4][0xb4][0x18]}[0xf4][0x10]t2[0x17]Q[0xc9][0x6]i[0xc][0x8d][0xab]M[0xa4]C[0xd5][0xb0]7.(k[0xbb][0x98] J-[0xec][0xc6]#*[0x14][0xe2][0xdb][&[0x88]r[0x7][0xbb][0xa1][0x14][0xba][0x19][0x91]g[0xb1][0x1b]O[0x96][0x9b][0x11][0x99][0xe][0xbb][0xa1][0x94][0xb9][0x19]i[0xc1]<v[0xe3][0x89]wsl-[0x17][0x0][0x0][0x0][0xff][0xff]"
10:14:59.986 [main] DEBUG org.apache.http.wire -  << "[\r][\n]"
10:14:59.986 [main] DEBUG org.apache.http.wire -  << "A[\r][\n]"
10:14:59.986 [main] DEBUG org.apache.http.wire -  << "[0x3][0x0][0x92]3[0xf7][0x97]HS[0x0][0x0]"
10:14:59.986 [main] DEBUG org.apache.http.wire -  << "[\r][\n]"
10:14:59.986 [main] DEBUG org.apache.http.wire -  << "0[\r][\n]"
10:14:59.986 [main] DEBUG org.apache.http.wire -  << "[\r][\n]"
10:14:59.986 [main] DEBUG io.restassured.internal.RestAssuredHttpBuilder - Parsed data to instance of: class org.apache.http.conn.EofSensorInputStream
10:14:59.987 [main] DEBUG org.apache.http.impl.conn.BasicClientConnectionManager - Releasing connection org.apache.http.impl.conn.ManagedClientConnectionImpl@44cab872
10:14:59.987 [main] DEBUG org.apache.http.impl.conn.BasicClientConnectionManager - Connection can be kept alive indefinitely
10:14:59.995 [Finalizer] DEBUG org.apache.http.impl.conn.DefaultClientConnection - Connection 0.0.0.0:56495<->149.248.193.56:443 closed
10:14:59.995 [Finalizer] DEBUG org.apache.http.impl.conn.DefaultClientConnection - Connection 0.0.0.0:56494<->149.248.193.56:443 closed
10:14:59.996 [Finalizer] DEBUG org.apache.http.impl.conn.DefaultClientConnection - Connection 0.0.0.0:56496<->149.248.193.56:443 closed
10:15:00.001 [main] DEBUG net.thucydides.core.steps.StepInterceptor - STEP DONE: I send GET HTTP request
  &amp#27;[32mWhen &amp#27;[0m&amp#27;[32mI send GET HTTP request&amp#27;[0m                                   &amp#27;[90m# starter.stepdefinition.User_produuct_steps.sendGetHttpRequest()&amp#27;[0m
10:15:00.003 [main] DEBUG net.thucydides.core.steps.StepInterceptor - STARTING STEP: User_produuct_steps.reciveValidHttpResponse - I receive valid HTTP response code 200
10:15:00.003 [main] DEBUG net.thucydides.core.steps.StepInterceptor - STEP DONE: I receive valid HTTP response code 200
  &amp#27;[32mThen &amp#27;[0m&amp#27;[32mI receive valid HTTP response code 200&amp#27;[0m                    &amp#27;[90m# starter.stepdefinition.User_produuct_steps.reciveValidHttpResponse()&amp#27;[0m
10:15:00.004 [main] INFO  - 
  _____   ___   ___   _____     ___     _     ___   ___   ___   ___  
 |_   _| | __| / __| |_   _|   | _ \   /_\   / __| / __| | __| |   \ 
   | |   | _|  \__ \   | |     |  _/  / _ \  \__ \ \__ \ | _|  | |) |
   |_|   |___| |___/   |_|     |_|   /_/ \_\ |___/ |___/ |___| |___/ 

GET - As an admin I have be able to see posts number 1
----------------------------------------------------------------------
]]></system-out>
  </testcase>
  <testcase name="GET - As an admin I shouldn&apos;t be able to see posts with invalid url" classname="Posts #4" time="0.149">
    <system-out><![CDATA[
Scenario: GET - As an admin I shouldn't be able to see posts with invalid url &amp#27;[90m# src/test/resources/features/User_product.feature:13&amp#27;[0m
10:15:00.009 [main] DEBUG io.cucumber.core.plugin.SerenityReporter - Running feature from file:///C:/Users/Dimas%20Rizqi%20Suryana/Mini_Project2/src/test/resources/features/User_product.feature
10:15:00.010 [main] INFO  - 
  _____   ___   ___   _____     ___   _____     _     ___   _____   ___   ___  
 |_   _| | __| / __| |_   _|   / __| |_   _|   /_\   | _ \ |_   _| | __| |   \ 
   | |   | _|  \__ \   | |     \__ \   | |    / _ \  |   /   | |   | _|  | |) |
   |_|   |___| |___/   |_|     |___/   |_|   /_/ \_\ |_|_\   |_|   |___| |___/ 

GET - As an admin I shouldn't be able to see posts with invalid url(posts;get---as-an-admin-i-shouldn-t-be-able-to-see-posts-with-invalid-url)
--------------------------------------------------------------------------------
10:15:00.018 [main] DEBUG net.thucydides.core.steps.StepInterceptor - STARTING STEP: User_produuct_steps.setTypoGetHttpEndpoints - I set typo GET api endpoints
10:15:00.018 [main] DEBUG net.thucydides.core.steps.StepInterceptor - STEP DONE: I set typo GET api endpoints
  &amp#27;[32mGiven &amp#27;[0m&amp#27;[32mI set typo GET api endpoints&amp#27;[0m                                          &amp#27;[90m# starter.stepdefinition.User_produuct_steps.setTypoGetHttpEndpoints()&amp#27;[0m
10:15:00.020 [main] DEBUG net.thucydides.core.steps.StepInterceptor - STARTING STEP: User_produuct_steps.sendTypoGetHttpRequest - I send typo GET HTTP request
10:15:00.021 [main] DEBUG net.thucydides.core.steps.StepInterceptor - STARTING STEP: GET_Product.sendGetHttpRequest2 - I set typo GET api endpoints
10:15:00.022 [main] DEBUG net.thucydides.core.steps.StepInterceptor - STEP DONE: I set typo GET api endpoints
10:15:00.030 [main] DEBUG org.apache.http.impl.conn.BasicClientConnectionManager - Get connection for route {s}->https://altashop-api.fly.dev:443
10:15:00.030 [main] DEBUG org.apache.http.impl.conn.DefaultClientConnectionOperator - Connecting to altashop-api.fly.dev:443
10:15:00.123 [main] DEBUG org.apache.http.client.protocol.RequestAddCookies - CookieSpec selected: ignoreCookies
10:15:00.123 [main] DEBUG org.apache.http.client.protocol.RequestAuthCache - Auth cache not set in the context
10:15:00.123 [main] DEBUG org.apache.http.client.protocol.RequestTargetAuthentication - Target auth state: UNCHALLENGED
10:15:00.123 [main] DEBUG org.apache.http.client.protocol.RequestProxyAuthentication - Proxy auth state: UNCHALLENGED
10:15:00.123 [main] DEBUG org.apache.http.impl.client.DefaultHttpClient - Attempt 1 to execute request
10:15:00.123 [main] DEBUG org.apache.http.impl.conn.DefaultClientConnection - Sending request: GET /api/product HTTP/1.1
10:15:00.123 [main] DEBUG org.apache.http.wire -  >> "GET /api/product HTTP/1.1[\r][\n]"
10:15:00.123 [main] DEBUG org.apache.http.wire -  >> "Accept: */*[\r][\n]"
10:15:00.123 [main] DEBUG org.apache.http.wire -  >> "Host: altashop-api.fly.dev[\r][\n]"
10:15:00.123 [main] DEBUG org.apache.http.wire -  >> "Connection: Keep-Alive[\r][\n]"
10:15:00.123 [main] DEBUG org.apache.http.wire -  >> "User-Agent: Apache-HttpClient/4.5.13 (Java/18.0.2.1)[\r][\n]"
10:15:00.123 [main] DEBUG org.apache.http.wire -  >> "Accept-Encoding: gzip,deflate[\r][\n]"
10:15:00.123 [main] DEBUG org.apache.http.wire -  >> "[\r][\n]"
10:15:00.123 [main] DEBUG org.apache.http.headers - >> GET /api/product HTTP/1.1
10:15:00.123 [main] DEBUG org.apache.http.headers - >> Accept: */*
10:15:00.123 [main] DEBUG org.apache.http.headers - >> Host: altashop-api.fly.dev
10:15:00.123 [main] DEBUG org.apache.http.headers - >> Connection: Keep-Alive
10:15:00.123 [main] DEBUG org.apache.http.headers - >> User-Agent: Apache-HttpClient/4.5.13 (Java/18.0.2.1)
10:15:00.123 [main] DEBUG org.apache.http.headers - >> Accept-Encoding: gzip,deflate
10:15:00.146 [main] DEBUG org.apache.http.wire -  << "HTTP/1.1 404 Not Found[\r][\n]"
10:15:00.146 [main] DEBUG org.apache.http.wire -  << "date: Wed, 31 May 2023 03:15:00 GMT[\r][\n]"
10:15:00.146 [main] DEBUG org.apache.http.wire -  << "content-encoding: gzip[\r][\n]"
10:15:00.146 [main] DEBUG org.apache.http.wire -  << "content-type: text/plain; charset=utf-8[\r][\n]"
10:15:00.146 [main] DEBUG org.apache.http.wire -  << "transfer-encoding: chunked[\r][\n]"
10:15:00.146 [main] DEBUG org.apache.http.wire -  << "server: Fly/fe06e9419 (2023-05-24)[\r][\n]"
10:15:00.146 [main] DEBUG org.apache.http.wire -  << "via: 1.1 fly.io[\r][\n]"
10:15:00.146 [main] DEBUG org.apache.http.wire -  << "fly-request-id: 01H1QWTDX25235FBXYGEJT6H6F-sin[\r][\n]"
10:15:00.146 [main] DEBUG org.apache.http.wire -  << "[\r][\n]"
10:15:00.146 [main] DEBUG org.apache.http.impl.conn.DefaultClientConnection - Receiving response: HTTP/1.1 404 Not Found
10:15:00.146 [main] DEBUG org.apache.http.headers - << HTTP/1.1 404 Not Found
10:15:00.146 [main] DEBUG org.apache.http.headers - << date: Wed, 31 May 2023 03:15:00 GMT
10:15:00.146 [main] DEBUG org.apache.http.headers - << content-encoding: gzip
10:15:00.146 [main] DEBUG org.apache.http.headers - << content-type: text/plain; charset=utf-8
10:15:00.146 [main] DEBUG org.apache.http.headers - << transfer-encoding: chunked
10:15:00.146 [main] DEBUG org.apache.http.headers - << server: Fly/fe06e9419 (2023-05-24)
10:15:00.146 [main] DEBUG org.apache.http.headers - << via: 1.1 fly.io
10:15:00.146 [main] DEBUG org.apache.http.headers - << fly-request-id: 01H1QWTDX25235FBXYGEJT6H6F-sin
10:15:00.146 [main] DEBUG org.apache.http.impl.client.DefaultHttpClient - Connection can be kept alive indefinitely
10:15:00.146 [main] DEBUG io.restassured.internal.RestAssuredHttpBuilder - Parsing response as: text/plain; charset=utf-8
10:15:00.146 [main] DEBUG org.apache.http.wire -  << "1E[\r][\n]"
10:15:00.146 [main] DEBUG org.apache.http.wire -  << "[0x1f][0x8b][0x8][0x0][0x0][0x0][0x0][0x0][0x4][0xff][0xcb][0xcb]/QH[0xcb]/[0xcd]K[0xe1][0x2][0x0][0xd4]I[0xfa]r[\n]"
10:15:00.146 [main] DEBUG org.apache.http.wire -  << "[0x0][0x0][0x0]"
10:15:00.146 [main] DEBUG org.apache.http.wire -  << "[\r][\n]"
10:15:00.146 [main] DEBUG org.apache.http.wire -  << "0[\r][\n]"
10:15:00.146 [main] DEBUG org.apache.http.wire -  << "[\r][\n]"
10:15:00.146 [main] DEBUG io.restassured.internal.RestAssuredHttpBuilder - Parsed data to instance of: class org.apache.http.conn.EofSensorInputStream
10:15:00.148 [main] DEBUG org.apache.http.impl.conn.BasicClientConnectionManager - Releasing connection org.apache.http.impl.conn.ManagedClientConnectionImpl@2ded31cc
10:15:00.148 [main] DEBUG org.apache.http.impl.conn.BasicClientConnectionManager - Connection can be kept alive indefinitely
10:15:00.149 [main] DEBUG net.thucydides.core.steps.StepInterceptor - STEP DONE: I send typo GET HTTP request
  &amp#27;[32mWhen &amp#27;[0m&amp#27;[32mI send typo GET HTTP request&amp#27;[0m                                           &amp#27;[90m# starter.stepdefinition.User_produuct_steps.sendTypoGetHttpRequest()&amp#27;[0m
10:15:00.151 [main] DEBUG net.thucydides.core.steps.StepInterceptor - STARTING STEP: User_produuct_steps.reciveInvalidHttpResponse - I receive invalid HTTP response code 404 Not Found
10:15:00.151 [main] DEBUG net.thucydides.core.steps.StepInterceptor - STEP DONE: I receive invalid HTTP response code 404 Not Found
  &amp#27;[32mThen &amp#27;[0m&amp#27;[32mI receive invalid HTTP response code 404 Not Found&amp#27;[0m                     &amp#27;[90m# starter.stepdefinition.User_produuct_steps.reciveInvalidHttpResponse()&amp#27;[0m
10:15:00.153 [main] DEBUG net.thucydides.core.steps.StepInterceptor - STARTING STEP: User_produuct_steps.reciveNothing - I receive nothing from the page
10:15:00.153 [main] DEBUG net.thucydides.core.steps.StepInterceptor - STEP DONE: I receive nothing from the page
  &amp#27;[32mAnd &amp#27;[0m&amp#27;[32mI receive nothing from the page&amp#27;[0m                                         &amp#27;[90m# starter.stepdefinition.User_produuct_steps.reciveNothing()&amp#27;[0m
10:15:00.154 [main] INFO  - 
  _____   ___   ___   _____     ___     _     ___   ___   ___   ___  
 |_   _| | __| / __| |_   _|   | _ \   /_\   / __| / __| | __| |   \ 
   | |   | _|  \__ \   | |     |  _/  / _ \  \__ \ \__ \ | _|  | |) |
   |_|   |___| |___/   |_|     |_|   /_/ \_\ |___/ |___/ |___| |___/ 

GET - As an admin I shouldn't be able to see posts with invalid url
----------------------------------------------------------------------
]]></system-out>
  </testcase>
  <testcase name="POST - As an admin I have be able to create new posts" classname="Posts #4" time="0.259">
    <system-out><![CDATA[
Scenario: POST - As an admin I have be able to create new posts &amp#27;[90m# src/test/resources/features/User_product.feature:19&amp#27;[0m
10:15:00.157 [main] DEBUG io.cucumber.core.plugin.SerenityReporter - Running feature from file:///C:/Users/Dimas%20Rizqi%20Suryana/Mini_Project2/src/test/resources/features/User_product.feature
10:15:00.158 [main] INFO  - 
  _____   ___   ___   _____     ___   _____     _     ___   _____   ___   ___  
 |_   _| | __| / __| |_   _|   / __| |_   _|   /_\   | _ \ |_   _| | __| |   \ 
   | |   | _|  \__ \   | |     \__ \   | |    / _ \  |   /   | |   | _|  | |) |
   |_|   |___| |___/   |_|     |___/   |_|   /_/ \_\ |_|_\   |_|   |___| |___/ 

POST - As an admin I have be able to create new posts(posts;post---as-an-admin-i-have-be-able-to-create-new-posts)
--------------------------------------------------------------------------------
10:15:00.170 [main] DEBUG net.thucydides.core.steps.StepInterceptor - STARTING STEP: User_produuct_steps.setPostApiEndpoints - I set POST api endpoints
10:15:00.170 [main] DEBUG net.thucydides.core.steps.StepInterceptor - STEP DONE: I set POST api endpoints
  &amp#27;[32mGiven &amp#27;[0m&amp#27;[32mI set POST api endpoints&amp#27;[0m                                &amp#27;[90m# starter.stepdefinition.User_produuct_steps.setPostApiEndpoints()&amp#27;[0m
10:15:00.174 [main] DEBUG net.thucydides.core.steps.StepInterceptor - STARTING STEP: User_produuct_steps.sendPostHttpRequest - I send POST HTTP request
10:15:00.176 [main] DEBUG net.thucydides.core.steps.StepInterceptor - STARTING STEP: POST_Product.sendPostHttpRequest - I set POST api endpoints
10:15:00.177 [main] DEBUG net.thucydides.core.steps.StepInterceptor - STEP DONE: I set POST api endpoints
10:15:00.188 [main] DEBUG org.apache.http.impl.conn.BasicClientConnectionManager - Get connection for route {s}->https://altashop-api.fly.dev:443
10:15:00.188 [main] DEBUG org.apache.http.impl.conn.DefaultClientConnectionOperator - Connecting to altashop-api.fly.dev:443
10:15:00.250 [main] DEBUG org.apache.http.client.protocol.RequestAddCookies - CookieSpec selected: ignoreCookies
10:15:00.250 [main] DEBUG org.apache.http.client.protocol.RequestAuthCache - Auth cache not set in the context
10:15:00.250 [main] DEBUG org.apache.http.client.protocol.RequestTargetAuthentication - Target auth state: UNCHALLENGED
10:15:00.250 [main] DEBUG org.apache.http.client.protocol.RequestProxyAuthentication - Proxy auth state: UNCHALLENGED
10:15:00.250 [main] DEBUG org.apache.http.impl.client.DefaultHttpClient - Attempt 1 to execute request
10:15:00.250 [main] DEBUG org.apache.http.impl.conn.DefaultClientConnection - Sending request: POST /api/products HTTP/1.1
10:15:00.250 [main] DEBUG org.apache.http.wire -  >> "POST /api/products HTTP/1.1[\r][\n]"
10:15:00.250 [main] DEBUG org.apache.http.wire -  >> "Conten-Type: aplication/json[\r][\n]"
10:15:00.250 [main] DEBUG org.apache.http.wire -  >> "Accept: */*[\r][\n]"
10:15:00.250 [main] DEBUG org.apache.http.wire -  >> "Content-Type: text/plain; charset=ISO-8859-1[\r][\n]"
10:15:00.250 [main] DEBUG org.apache.http.wire -  >> "Content-Length: 71[\r][\n]"
10:15:00.250 [main] DEBUG org.apache.http.wire -  >> "Host: altashop-api.fly.dev[\r][\n]"
10:15:00.250 [main] DEBUG org.apache.http.wire -  >> "Connection: Keep-Alive[\r][\n]"
10:15:00.250 [main] DEBUG org.apache.http.wire -  >> "User-Agent: Apache-HttpClient/4.5.13 (Java/18.0.2.1)[\r][\n]"
10:15:00.250 [main] DEBUG org.apache.http.wire -  >> "Accept-Encoding: gzip,deflate[\r][\n]"
10:15:00.250 [main] DEBUG org.apache.http.wire -  >> "[\r][\n]"
10:15:00.250 [main] DEBUG org.apache.http.headers - >> POST /api/products HTTP/1.1
10:15:00.250 [main] DEBUG org.apache.http.headers - >> Conten-Type: aplication/json
10:15:00.250 [main] DEBUG org.apache.http.headers - >> Accept: */*
10:15:00.250 [main] DEBUG org.apache.http.headers - >> Content-Type: text/plain; charset=ISO-8859-1
10:15:00.250 [main] DEBUG org.apache.http.headers - >> Content-Length: 71
10:15:00.250 [main] DEBUG org.apache.http.headers - >> Host: altashop-api.fly.dev
10:15:00.250 [main] DEBUG org.apache.http.headers - >> Connection: Keep-Alive
10:15:00.250 [main] DEBUG org.apache.http.headers - >> User-Agent: Apache-HttpClient/4.5.13 (Java/18.0.2.1)
10:15:00.250 [main] DEBUG org.apache.http.headers - >> Accept-Encoding: gzip,deflate
10:15:00.250 [main] DEBUG org.apache.http.wire -  >> "{"price":399,"name":"Sony PS5","description":"play with jess no limit"}"
10:15:00.318 [main] DEBUG org.apache.http.wire -  << "HTTP/1.1 200 OK[\r][\n]"
10:15:00.318 [main] DEBUG org.apache.http.wire -  << "content-type: application/json[\r][\n]"
10:15:00.318 [main] DEBUG org.apache.http.wire -  << "date: Wed, 31 May 2023 03:15:00 GMT[\r][\n]"
10:15:00.318 [main] DEBUG org.apache.http.wire -  << "content-encoding: gzip[\r][\n]"
10:15:00.318 [main] DEBUG org.apache.http.wire -  << "transfer-encoding: chunked[\r][\n]"
10:15:00.318 [main] DEBUG org.apache.http.wire -  << "server: Fly/fe06e9419 (2023-05-24)[\r][\n]"
10:15:00.318 [main] DEBUG org.apache.http.wire -  << "via: 1.1 fly.io[\r][\n]"
10:15:00.318 [main] DEBUG org.apache.http.wire -  << "fly-request-id: 01H1QWTE1E50EHCXXKBGSXAMNP-sin[\r][\n]"
10:15:00.318 [main] DEBUG org.apache.http.wire -  << "[\r][\n]"
10:15:00.318 [main] DEBUG org.apache.http.impl.conn.DefaultClientConnection - Receiving response: HTTP/1.1 200 OK
10:15:00.318 [main] DEBUG org.apache.http.headers - << HTTP/1.1 200 OK
10:15:00.318 [main] DEBUG org.apache.http.headers - << content-type: application/json
10:15:00.318 [main] DEBUG org.apache.http.headers - << date: Wed, 31 May 2023 03:15:00 GMT
10:15:00.318 [main] DEBUG org.apache.http.headers - << content-encoding: gzip
10:15:00.318 [main] DEBUG org.apache.http.headers - << transfer-encoding: chunked
10:15:00.318 [main] DEBUG org.apache.http.headers - << server: Fly/fe06e9419 (2023-05-24)
10:15:00.318 [main] DEBUG org.apache.http.headers - << via: 1.1 fly.io
10:15:00.318 [main] DEBUG org.apache.http.headers - << fly-request-id: 01H1QWTE1E50EHCXXKBGSXAMNP-sin
10:15:00.318 [main] DEBUG org.apache.http.impl.client.DefaultHttpClient - Connection can be kept alive indefinitely
10:15:00.319 [main] DEBUG io.restassured.internal.RestAssuredHttpBuilder - Parsing response as: application/json
10:15:00.319 [main] DEBUG org.apache.http.wire -  << "8C[\r][\n]"
10:15:00.319 [main] DEBUG org.apache.http.wire -  << "[0x1f][0x8b][0x8][0x0][0x0][0x0][0x0][0x0][0x4][0xff][0xab]VJI,IT[0xb2][0xaa]V[0xf2]tQ[0xb2][0xb2]0565[0xd4]Q[0xf2]K[0xcc]MU[0xb2]R[\n]"
10:15:00.319 [main] DEBUG org.apache.http.wire -  << "[0xce][0xcf][0xab]T[0x8][0x8]6U[0xd2]QrI-N.[0xca],([0xc9][0xcc][0xcf]S[0xb2]R*[0xc8]I[0xac]T([0xcf],[0xc9]P[0xc8]J-.V[0xc8][0xcb]W[0xc8][0xc9][0xcc][0xcd],Q[0xd2]Q[\n]"
10:15:00.319 [main] DEBUG org.apache.http.wire -  << "([0xca]LNU[0xb2]2[0xb6][0xb4][0xd4]Q[\n]"
10:15:00.319 [main] DEBUG org.apache.http.wire -  << "J,[0xc9][0xcc]K/V[0xb2]2[0xd0]QrN,IM[0xcf]/[0xca]L-V[0xb2][0x8a][0x8e][0xad][0xad][0xe5][0x2][0x0][0xdf]/^[0xc6]x[0x0][0x0][0x0]"
10:15:00.319 [main] DEBUG org.apache.http.wire -  << "[\r][\n]"
10:15:00.319 [main] DEBUG org.apache.http.wire -  << "0[\r][\n]"
10:15:00.319 [main] DEBUG org.apache.http.wire -  << "[\r][\n]"
10:15:00.319 [main] DEBUG io.restassured.internal.RestAssuredHttpBuilder - Parsed data to instance of: class org.apache.http.conn.EofSensorInputStream
10:15:00.320 [main] DEBUG org.apache.http.impl.conn.BasicClientConnectionManager - Releasing connection org.apache.http.impl.conn.ManagedClientConnectionImpl@3c98eaa9
10:15:00.320 [main] DEBUG org.apache.http.impl.conn.BasicClientConnectionManager - Connection can be kept alive indefinitely
10:15:00.321 [main] DEBUG net.thucydides.core.steps.StepInterceptor - STEP DONE: I send POST HTTP request
  &amp#27;[32mWhen &amp#27;[0m&amp#27;[32mI send POST HTTP request&amp#27;[0m                                 &amp#27;[90m# starter.stepdefinition.User_produuct_steps.sendPostHttpRequest()&amp#27;[0m
10:15:00.322 [main] DEBUG net.thucydides.core.steps.StepInterceptor - STARTING STEP: User_produuct_steps.reciveValidHttp201 - I receive valid HTTP response code 201
10:15:00.322 [main] DEBUG net.thucydides.core.steps.StepInterceptor - STEP DONE: I receive valid HTTP response code 201
  &amp#27;[32mThen &amp#27;[0m&amp#27;[32mI receive valid HTTP response code 201&amp#27;[0m                   &amp#27;[90m# starter.stepdefinition.User_produuct_steps.reciveValidHttp201()&amp#27;[0m
10:15:00.324 [main] DEBUG net.thucydides.core.steps.StepInterceptor - STARTING STEP: User_produuct_steps.reciveValidDataNewUser - I receive valid data for new posts
10:15:00.412 [main] DEBUG net.thucydides.core.steps.StepInterceptor - STEP DONE: I receive valid data for new posts
  &amp#27;[32mAnd &amp#27;[0m&amp#27;[32mI receive valid data for new posts&amp#27;[0m                        &amp#27;[90m# starter.stepdefinition.User_produuct_steps.reciveValidDataNewUser()&amp#27;[0m
10:15:00.413 [main] INFO  - 
  _____   ___   ___   _____     ___     _     ___   ___   ___   ___  
 |_   _| | __| / __| |_   _|   | _ \   /_\   / __| / __| | __| |   \ 
   | |   | _|  \__ \   | |     |  _/  / _ \  \__ \ \__ \ | _|  | |) |
   |_|   |___| |___/   |_|     |_|   /_/ \_\ |___/ |___/ |___| |___/ 

POST - As an admin I have be able to create new posts
----------------------------------------------------------------------
]]></system-out>
  </testcase>
  <testcase name="POST - As an admin I shouldn&apos;t be able to create new posts with invalid url" classname="Posts #4" time="0.09">
    <system-out><![CDATA[
Scenario: POST - As an admin I shouldn't be able to create new posts with invalid url &amp#27;[90m# src/test/resources/features/User_product.feature:25&amp#27;[0m
10:15:00.417 [main] DEBUG io.cucumber.core.plugin.SerenityReporter - Running feature from file:///C:/Users/Dimas%20Rizqi%20Suryana/Mini_Project2/src/test/resources/features/User_product.feature
10:15:00.418 [main] INFO  - 
  _____   ___   ___   _____     ___   _____     _     ___   _____   ___   ___  
 |_   _| | __| / __| |_   _|   / __| |_   _|   /_\   | _ \ |_   _| | __| |   \ 
   | |   | _|  \__ \   | |     \__ \   | |    / _ \  |   /   | |   | _|  | |) |
   |_|   |___| |___/   |_|     |___/   |_|   /_/ \_\ |_|_\   |_|   |___| |___/ 

POST - As an admin I shouldn't be able to create new posts with invalid url(posts;post---as-an-admin-i-shouldn-t-be-able-to-create-new-posts-with-invalid-url)
--------------------------------------------------------------------------------
10:15:00.424 [main] DEBUG net.thucydides.core.steps.StepInterceptor - STARTING STEP: User_produuct_steps.setTypoPostApiEndpoints - I set typo POST api endpoints
10:15:00.424 [main] DEBUG net.thucydides.core.steps.StepInterceptor - STEP DONE: I set typo POST api endpoints
  &amp#27;[32mGiven &amp#27;[0m&amp#27;[32mI set typo POST api endpoints&amp#27;[0m                                                 &amp#27;[90m# starter.stepdefinition.User_produuct_steps.setTypoPostApiEndpoints()&amp#27;[0m
10:15:00.425 [main] DEBUG net.thucydides.core.steps.StepInterceptor - STARTING STEP: User_produuct_steps.sendPostInvalidHttpRequest - I send typo POST HTTP request
10:15:00.426 [main] DEBUG net.thucydides.core.steps.StepInterceptor - STARTING STEP: POST_Product.sendInvalidPostHttpRequest - I set typo POST api endpoints
10:15:00.426 [main] DEBUG net.thucydides.core.steps.StepInterceptor - STEP DONE: I set typo POST api endpoints
10:15:00.432 [main] DEBUG org.apache.http.impl.conn.BasicClientConnectionManager - Get connection for route {s}->https://altashop-api.fly.dev:443
10:15:00.432 [main] DEBUG org.apache.http.impl.conn.DefaultClientConnectionOperator - Connecting to altashop-api.fly.dev:443
10:15:00.475 [main] DEBUG org.apache.http.client.protocol.RequestAddCookies - CookieSpec selected: ignoreCookies
10:15:00.476 [main] DEBUG org.apache.http.client.protocol.RequestAuthCache - Auth cache not set in the context
10:15:00.476 [main] DEBUG org.apache.http.client.protocol.RequestTargetAuthentication - Target auth state: UNCHALLENGED
10:15:00.476 [main] DEBUG org.apache.http.client.protocol.RequestProxyAuthentication - Proxy auth state: UNCHALLENGED
10:15:00.476 [main] DEBUG org.apache.http.impl.client.DefaultHttpClient - Attempt 1 to execute request
10:15:00.476 [main] DEBUG org.apache.http.impl.conn.DefaultClientConnection - Sending request: GET /api/product HTTP/1.1
10:15:00.476 [main] DEBUG org.apache.http.wire -  >> "GET /api/product HTTP/1.1[\r][\n]"
10:15:00.476 [main] DEBUG org.apache.http.wire -  >> "Accept: */*[\r][\n]"
10:15:00.476 [main] DEBUG org.apache.http.wire -  >> "Host: altashop-api.fly.dev[\r][\n]"
10:15:00.476 [main] DEBUG org.apache.http.wire -  >> "Connection: Keep-Alive[\r][\n]"
10:15:00.476 [main] DEBUG org.apache.http.wire -  >> "User-Agent: Apache-HttpClient/4.5.13 (Java/18.0.2.1)[\r][\n]"
10:15:00.476 [main] DEBUG org.apache.http.wire -  >> "Accept-Encoding: gzip,deflate[\r][\n]"
10:15:00.476 [main] DEBUG org.apache.http.wire -  >> "[\r][\n]"
10:15:00.476 [main] DEBUG org.apache.http.headers - >> GET /api/product HTTP/1.1
10:15:00.476 [main] DEBUG org.apache.http.headers - >> Accept: */*
10:15:00.476 [main] DEBUG org.apache.http.headers - >> Host: altashop-api.fly.dev
10:15:00.476 [main] DEBUG org.apache.http.headers - >> Connection: Keep-Alive
10:15:00.476 [main] DEBUG org.apache.http.headers - >> User-Agent: Apache-HttpClient/4.5.13 (Java/18.0.2.1)
10:15:00.476 [main] DEBUG org.apache.http.headers - >> Accept-Encoding: gzip,deflate
10:15:00.495 [main] DEBUG org.apache.http.wire -  << "HTTP/1.1 404 Not Found[\r][\n]"
10:15:00.495 [main] DEBUG org.apache.http.wire -  << "date: Wed, 31 May 2023 03:15:00 GMT[\r][\n]"
10:15:00.495 [main] DEBUG org.apache.http.wire -  << "content-encoding: gzip[\r][\n]"
10:15:00.495 [main] DEBUG org.apache.http.wire -  << "content-type: text/plain; charset=utf-8[\r][\n]"
10:15:00.495 [main] DEBUG org.apache.http.wire -  << "transfer-encoding: chunked[\r][\n]"
10:15:00.495 [main] DEBUG org.apache.http.wire -  << "server: Fly/fe06e9419 (2023-05-24)[\r][\n]"
10:15:00.495 [main] DEBUG org.apache.http.wire -  << "via: 1.1 fly.io[\r][\n]"
10:15:00.495 [main] DEBUG org.apache.http.wire -  << "fly-request-id: 01H1QWTE811TGDBBX58JGVXYHH-sin[\r][\n]"
10:15:00.495 [main] DEBUG org.apache.http.wire -  << "[\r][\n]"
10:15:00.495 [main] DEBUG org.apache.http.impl.conn.DefaultClientConnection - Receiving response: HTTP/1.1 404 Not Found
10:15:00.495 [main] DEBUG org.apache.http.headers - << HTTP/1.1 404 Not Found
10:15:00.495 [main] DEBUG org.apache.http.headers - << date: Wed, 31 May 2023 03:15:00 GMT
10:15:00.495 [main] DEBUG org.apache.http.headers - << content-encoding: gzip
10:15:00.495 [main] DEBUG org.apache.http.headers - << content-type: text/plain; charset=utf-8
10:15:00.495 [main] DEBUG org.apache.http.headers - << transfer-encoding: chunked
10:15:00.495 [main] DEBUG org.apache.http.headers - << server: Fly/fe06e9419 (2023-05-24)
10:15:00.495 [main] DEBUG org.apache.http.headers - << via: 1.1 fly.io
10:15:00.495 [main] DEBUG org.apache.http.headers - << fly-request-id: 01H1QWTE811TGDBBX58JGVXYHH-sin
10:15:00.495 [main] DEBUG org.apache.http.impl.client.DefaultHttpClient - Connection can be kept alive indefinitely
10:15:00.495 [main] DEBUG io.restassured.internal.RestAssuredHttpBuilder - Parsing response as: text/plain; charset=utf-8
10:15:00.495 [main] DEBUG org.apache.http.wire -  << "1E[\r][\n]"
10:15:00.495 [main] DEBUG org.apache.http.wire -  << "[0x1f][0x8b][0x8][0x0][0x0][0x0][0x0][0x0][0x4][0xff][0xcb][0xcb]/QH[0xcb]/[0xcd]K[0xe1][0x2][0x0][0xd4]I[0xfa]r[\n]"
10:15:00.495 [main] DEBUG org.apache.http.wire -  << "[0x0][0x0][0x0]"
10:15:00.495 [main] DEBUG org.apache.http.wire -  << "[\r][\n]"
10:15:00.496 [main] DEBUG org.apache.http.wire -  << "0[\r][\n]"
10:15:00.496 [main] DEBUG org.apache.http.wire -  << "[\r][\n]"
10:15:00.496 [main] DEBUG io.restassured.internal.RestAssuredHttpBuilder - Parsed data to instance of: class org.apache.http.conn.EofSensorInputStream
10:15:00.497 [main] DEBUG org.apache.http.impl.conn.BasicClientConnectionManager - Releasing connection org.apache.http.impl.conn.ManagedClientConnectionImpl@3031d9e9
10:15:00.497 [main] DEBUG org.apache.http.impl.conn.BasicClientConnectionManager - Connection can be kept alive indefinitely
10:15:00.497 [main] DEBUG net.thucydides.core.steps.StepInterceptor - STEP DONE: I send typo POST HTTP request
  &amp#27;[32mWhen &amp#27;[0m&amp#27;[32mI send typo POST HTTP request&amp#27;[0m                                                  &amp#27;[90m# starter.stepdefinition.User_produuct_steps.sendPostInvalidHttpRequest()&amp#27;[0m
10:15:00.500 [main] DEBUG net.thucydides.core.steps.StepInterceptor - STARTING STEP: User_produuct_steps.reciveInvalidHttpResponse - I receive invalid HTTP response code 404 Not Found
10:15:00.501 [main] DEBUG net.thucydides.core.steps.StepInterceptor - STEP DONE: I receive invalid HTTP response code 404 Not Found
  &amp#27;[32mThen &amp#27;[0m&amp#27;[32mI receive invalid HTTP response code 404 Not Found&amp#27;[0m                             &amp#27;[90m# starter.stepdefinition.User_produuct_steps.reciveInvalidHttpResponse()&amp#27;[0m
10:15:00.503 [main] DEBUG net.thucydides.core.steps.StepInterceptor - STARTING STEP: User_produuct_steps.reciveNothing - I receive nothing from the page
10:15:00.503 [main] DEBUG net.thucydides.core.steps.StepInterceptor - STEP DONE: I receive nothing from the page
  &amp#27;[32mAnd &amp#27;[0m&amp#27;[32mI receive nothing from the page&amp#27;[0m                                                 &amp#27;[90m# starter.stepdefinition.User_produuct_steps.reciveNothing()&amp#27;[0m
10:15:00.503 [main] INFO  - 
  _____   ___   ___   _____     ___     _     ___   ___   ___   ___  
 |_   _| | __| / __| |_   _|   | _ \   /_\   / __| / __| | __| |   \ 
   | |   | _|  \__ \   | |     |  _/  / _ \  \__ \ \__ \ | _|  | |) |
   |_|   |___| |___/   |_|     |_|   /_/ \_\ |___/ |___/ |___| |___/ 

POST - As an admin I shouldn't be able to create new posts with invalid url
----------------------------------------------------------------------
]]></system-out>
  </testcase>
  <testcase name="DELETE - As admin I have be able to delete existing posts" classname="Posts #4" time="0.115">
    <system-out><![CDATA[
Scenario: DELETE - As admin I have be able to delete existing posts &amp#27;[90m# src/test/resources/features/User_product.feature:31&amp#27;[0m
10:15:00.507 [main] DEBUG io.cucumber.core.plugin.SerenityReporter - Running feature from file:///C:/Users/Dimas%20Rizqi%20Suryana/Mini_Project2/src/test/resources/features/User_product.feature
10:15:00.508 [main] INFO  - 
  _____   ___   ___   _____     ___   _____     _     ___   _____   ___   ___  
 |_   _| | __| / __| |_   _|   / __| |_   _|   /_\   | _ \ |_   _| | __| |   \ 
   | |   | _|  \__ \   | |     \__ \   | |    / _ \  |   /   | |   | _|  | |) |
   |_|   |___| |___/   |_|     |___/   |_|   /_/ \_\ |_|_\   |_|   |___| |___/ 

DELETE - As admin I have be able to delete existing posts(posts;delete---as-admin-i-have-be-able-to-delete-existing-posts)
--------------------------------------------------------------------------------
10:15:00.520 [main] DEBUG net.thucydides.core.steps.StepInterceptor - STARTING STEP: User_produuct_steps.setDeleteApiEndpoints - I set DELETE api endpoints
10:15:00.521 [main] DEBUG net.thucydides.core.steps.StepInterceptor - STEP DONE: I set DELETE api endpoints
  &amp#27;[32mGiven &amp#27;[0m&amp#27;[32mI set DELETE api endpoints&amp#27;[0m                                  &amp#27;[90m# starter.stepdefinition.User_produuct_steps.setDeleteApiEndpoints()&amp#27;[0m
10:15:00.526 [main] DEBUG net.thucydides.core.steps.StepInterceptor - STARTING STEP: User_produuct_steps.sendDeleteHttpRequest - I send DELETE HTTP request
10:15:00.527 [main] DEBUG net.thucydides.core.steps.StepInterceptor - STARTING STEP: DELETE_Product.sendDeleteHttpRequest - I set DELETE api endpoints
10:15:00.527 [main] DEBUG net.thucydides.core.steps.StepInterceptor - STEP DONE: I set DELETE api endpoints
10:15:00.540 [main] DEBUG org.apache.http.impl.conn.BasicClientConnectionManager - Get connection for route {s}->https://altashop-api.fly.dev:443
10:15:00.541 [main] DEBUG org.apache.http.impl.conn.DefaultClientConnectionOperator - Connecting to altashop-api.fly.dev:443
10:15:00.590 [main] DEBUG org.apache.http.client.protocol.RequestAddCookies - CookieSpec selected: ignoreCookies
10:15:00.590 [main] DEBUG org.apache.http.client.protocol.RequestAuthCache - Auth cache not set in the context
10:15:00.590 [main] DEBUG org.apache.http.client.protocol.RequestTargetAuthentication - Target auth state: UNCHALLENGED
10:15:00.590 [main] DEBUG org.apache.http.client.protocol.RequestProxyAuthentication - Proxy auth state: UNCHALLENGED
10:15:00.590 [main] DEBUG org.apache.http.impl.client.DefaultHttpClient - Attempt 1 to execute request
10:15:00.590 [main] DEBUG org.apache.http.impl.conn.DefaultClientConnection - Sending request: DELETE /api/products/1 HTTP/1.1
10:15:00.590 [main] DEBUG org.apache.http.wire -  >> "DELETE /api/products/1 HTTP/1.1[\r][\n]"
10:15:00.590 [main] DEBUG org.apache.http.wire -  >> "Accept: */*[\r][\n]"
10:15:00.590 [main] DEBUG org.apache.http.wire -  >> "Host: altashop-api.fly.dev[\r][\n]"
10:15:00.590 [main] DEBUG org.apache.http.wire -  >> "Connection: Keep-Alive[\r][\n]"
10:15:00.590 [main] DEBUG org.apache.http.wire -  >> "User-Agent: Apache-HttpClient/4.5.13 (Java/18.0.2.1)[\r][\n]"
10:15:00.590 [main] DEBUG org.apache.http.wire -  >> "Accept-Encoding: gzip,deflate[\r][\n]"
10:15:00.590 [main] DEBUG org.apache.http.wire -  >> "[\r][\n]"
10:15:00.590 [main] DEBUG org.apache.http.headers - >> DELETE /api/products/1 HTTP/1.1
10:15:00.590 [main] DEBUG org.apache.http.headers - >> Accept: */*
10:15:00.590 [main] DEBUG org.apache.http.headers - >> Host: altashop-api.fly.dev
10:15:00.590 [main] DEBUG org.apache.http.headers - >> Connection: Keep-Alive
10:15:00.590 [main] DEBUG org.apache.http.headers - >> User-Agent: Apache-HttpClient/4.5.13 (Java/18.0.2.1)
10:15:00.590 [main] DEBUG org.apache.http.headers - >> Accept-Encoding: gzip,deflate
10:15:00.614 [main] DEBUG org.apache.http.wire -  << "HTTP/1.1 200 OK[\r][\n]"
10:15:00.614 [main] DEBUG org.apache.http.wire -  << "content-type: application/json[\r][\n]"
10:15:00.614 [main] DEBUG org.apache.http.wire -  << "date: Wed, 31 May 2023 03:15:00 GMT[\r][\n]"
10:15:00.614 [main] DEBUG org.apache.http.wire -  << "content-encoding: gzip[\r][\n]"
10:15:00.614 [main] DEBUG org.apache.http.wire -  << "transfer-encoding: chunked[\r][\n]"
10:15:00.614 [main] DEBUG org.apache.http.wire -  << "server: Fly/fe06e9419 (2023-05-24)[\r][\n]"
10:15:00.614 [main] DEBUG org.apache.http.wire -  << "via: 1.1 fly.io[\r][\n]"
10:15:00.614 [main] DEBUG org.apache.http.wire -  << "fly-request-id: 01H1QWTEBNM0EHTY6Y8DEKAQ1M-sin[\r][\n]"
10:15:00.614 [main] DEBUG org.apache.http.wire -  << "[\r][\n]"
10:15:00.614 [main] DEBUG org.apache.http.impl.conn.DefaultClientConnection - Receiving response: HTTP/1.1 200 OK
10:15:00.614 [main] DEBUG org.apache.http.headers - << HTTP/1.1 200 OK
10:15:00.614 [main] DEBUG org.apache.http.headers - << content-type: application/json
10:15:00.614 [main] DEBUG org.apache.http.headers - << date: Wed, 31 May 2023 03:15:00 GMT
10:15:00.614 [main] DEBUG org.apache.http.headers - << content-encoding: gzip
10:15:00.614 [main] DEBUG org.apache.http.headers - << transfer-encoding: chunked
10:15:00.614 [main] DEBUG org.apache.http.headers - << server: Fly/fe06e9419 (2023-05-24)
10:15:00.614 [main] DEBUG org.apache.http.headers - << via: 1.1 fly.io
10:15:00.614 [main] DEBUG org.apache.http.headers - << fly-request-id: 01H1QWTEBNM0EHTY6Y8DEKAQ1M-sin
10:15:00.614 [main] DEBUG org.apache.http.impl.client.DefaultHttpClient - Connection can be kept alive indefinitely
10:15:00.614 [main] DEBUG io.restassured.internal.RestAssuredHttpBuilder - Parsing response as: application/json
10:15:00.614 [main] DEBUG org.apache.http.wire -  << "22[\r][\n]"
10:15:00.614 [main] DEBUG org.apache.http.wire -  << "[0x1f][0x8b][0x8][0x0][0x0][0x0][0x0][0x0][0x4][0xff][0xab]VJI,IT[0xb2][0xca]+[0xcd][0xc9][0xa9][0xe5][0x2][0x0][0xa3][0xab][0x8f]W[0xe][0x0][0x0][0x0]"
10:15:00.614 [main] DEBUG org.apache.http.wire -  << "[\r][\n]"
10:15:00.614 [main] DEBUG org.apache.http.wire -  << "0[\r][\n]"
10:15:00.614 [main] DEBUG org.apache.http.wire -  << "[\r][\n]"
10:15:00.614 [main] DEBUG io.restassured.internal.RestAssuredHttpBuilder - Parsed data to instance of: class org.apache.http.conn.EofSensorInputStream
10:15:00.615 [main] DEBUG org.apache.http.impl.conn.BasicClientConnectionManager - Releasing connection org.apache.http.impl.conn.ManagedClientConnectionImpl@29682244
10:15:00.615 [main] DEBUG org.apache.http.impl.conn.BasicClientConnectionManager - Connection can be kept alive indefinitely
10:15:00.615 [main] DEBUG net.thucydides.core.steps.StepInterceptor - STEP DONE: I send DELETE HTTP request
  &amp#27;[32mWhen &amp#27;[0m&amp#27;[32mI send DELETE HTTP request&amp#27;[0m                                   &amp#27;[90m# starter.stepdefinition.User_produuct_steps.sendDeleteHttpRequest()&amp#27;[0m
10:15:00.618 [main] DEBUG net.thucydides.core.steps.StepInterceptor - STARTING STEP: User_produuct_steps.reciveValidHttpResponse - I receive valid HTTP response code 200
10:15:00.618 [main] DEBUG net.thucydides.core.steps.StepInterceptor - STEP DONE: I receive valid HTTP response code 200
  &amp#27;[32mThen &amp#27;[0m&amp#27;[32mI receive valid HTTP response code 200&amp#27;[0m                       &amp#27;[90m# starter.stepdefinition.User_produuct_steps.reciveValidHttpResponse()&amp#27;[0m
10:15:00.619 [main] INFO  - 
  _____   ___   ___   _____     ___     _     ___   ___   ___   ___  
 |_   _| | __| / __| |_   _|   | _ \   /_\   / __| / __| | __| |   \ 
   | |   | _|  \__ \   | |     |  _/  / _ \  \__ \ \__ \ | _|  | |) |
   |_|   |___| |___/   |_|     |_|   /_/ \_\ |___/ |___/ |___| |___/ 

DELETE - As admin I have be able to delete existing posts
----------------------------------------------------------------------
]]></system-out>
  </testcase>
  <testcase name="DELETE - As admin I shouldn&apos;t be able to delete without input which posts" classname="Posts #4" time="0.092">
    <system-out><![CDATA[
Scenario: DELETE - As admin I shouldn't be able to delete without input which posts &amp#27;[90m# src/test/resources/features/User_product.feature:36&amp#27;[0m
10:15:00.623 [main] DEBUG io.cucumber.core.plugin.SerenityReporter - Running feature from file:///C:/Users/Dimas%20Rizqi%20Suryana/Mini_Project2/src/test/resources/features/User_product.feature
10:15:00.623 [main] INFO  - 
  _____   ___   ___   _____     ___   _____     _     ___   _____   ___   ___  
 |_   _| | __| / __| |_   _|   / __| |_   _|   /_\   | _ \ |_   _| | __| |   \ 
   | |   | _|  \__ \   | |     \__ \   | |    / _ \  |   /   | |   | _|  | |) |
   |_|   |___| |___/   |_|     |___/   |_|   /_/ \_\ |_|_\   |_|   |___| |___/ 

DELETE - As admin I shouldn't be able to delete without input which posts(posts;delete---as-admin-i-shouldn-t-be-able-to-delete-without-input-which-posts)
--------------------------------------------------------------------------------
10:15:00.629 [main] DEBUG net.thucydides.core.steps.StepInterceptor - STARTING STEP: User_produuct_steps.setInvalidDeleteApiEndpoints - I set DELETE to invalid api endpoints
10:15:00.629 [main] DEBUG net.thucydides.core.steps.StepInterceptor - STEP DONE: I set DELETE to invalid api endpoints
  &amp#27;[32mGiven &amp#27;[0m&amp#27;[32mI set DELETE to invalid api endpoints&amp#27;[0m                                       &amp#27;[90m# starter.stepdefinition.User_produuct_steps.setInvalidDeleteApiEndpoints()&amp#27;[0m
10:15:00.630 [main] DEBUG net.thucydides.core.steps.StepInterceptor - STARTING STEP: User_produuct_steps.sendInvalidDeleteHttpRequest - I send DELETE Invalid HTTP request
10:15:00.631 [main] DEBUG net.thucydides.core.steps.StepInterceptor - STARTING STEP: DELETE_Product.sendInvalidDeleteHttpRequest - I set DELETE to invalid api endpoints
10:15:00.631 [main] DEBUG net.thucydides.core.steps.StepInterceptor - STEP DONE: I set DELETE to invalid api endpoints
10:15:00.637 [main] DEBUG org.apache.http.impl.conn.BasicClientConnectionManager - Get connection for route {s}->https://altashop-api.fly.dev:443
10:15:00.637 [main] DEBUG org.apache.http.impl.conn.DefaultClientConnectionOperator - Connecting to altashop-api.fly.dev:443
10:15:00.679 [main] DEBUG org.apache.http.client.protocol.RequestAddCookies - CookieSpec selected: ignoreCookies
10:15:00.679 [main] DEBUG org.apache.http.client.protocol.RequestAuthCache - Auth cache not set in the context
10:15:00.679 [main] DEBUG org.apache.http.client.protocol.RequestTargetAuthentication - Target auth state: UNCHALLENGED
10:15:00.679 [main] DEBUG org.apache.http.client.protocol.RequestProxyAuthentication - Proxy auth state: UNCHALLENGED
10:15:00.679 [main] DEBUG org.apache.http.impl.client.DefaultHttpClient - Attempt 1 to execute request
10:15:00.679 [main] DEBUG org.apache.http.impl.conn.DefaultClientConnection - Sending request: DELETE /api/products HTTP/1.1
10:15:00.679 [main] DEBUG org.apache.http.wire -  >> "DELETE /api/products HTTP/1.1[\r][\n]"
10:15:00.679 [main] DEBUG org.apache.http.wire -  >> "Accept: */*[\r][\n]"
10:15:00.679 [main] DEBUG org.apache.http.wire -  >> "Host: altashop-api.fly.dev[\r][\n]"
10:15:00.679 [main] DEBUG org.apache.http.wire -  >> "Connection: Keep-Alive[\r][\n]"
10:15:00.679 [main] DEBUG org.apache.http.wire -  >> "User-Agent: Apache-HttpClient/4.5.13 (Java/18.0.2.1)[\r][\n]"
10:15:00.679 [main] DEBUG org.apache.http.wire -  >> "Accept-Encoding: gzip,deflate[\r][\n]"
10:15:00.679 [main] DEBUG org.apache.http.wire -  >> "[\r][\n]"
10:15:00.679 [main] DEBUG org.apache.http.headers - >> DELETE /api/products HTTP/1.1
10:15:00.679 [main] DEBUG org.apache.http.headers - >> Accept: */*
10:15:00.679 [main] DEBUG org.apache.http.headers - >> Host: altashop-api.fly.dev
10:15:00.679 [main] DEBUG org.apache.http.headers - >> Connection: Keep-Alive
10:15:00.679 [main] DEBUG org.apache.http.headers - >> User-Agent: Apache-HttpClient/4.5.13 (Java/18.0.2.1)
10:15:00.679 [main] DEBUG org.apache.http.headers - >> Accept-Encoding: gzip,deflate
10:15:00.702 [main] DEBUG org.apache.http.wire -  << "HTTP/1.1 405 Method Not Allowed[\r][\n]"
10:15:00.702 [main] DEBUG org.apache.http.wire -  << "date: Wed, 31 May 2023 03:15:00 GMT[\r][\n]"
10:15:00.702 [main] DEBUG org.apache.http.wire -  << "content-encoding: gzip[\r][\n]"
10:15:00.702 [main] DEBUG org.apache.http.wire -  << "content-type: text/plain; charset=utf-8[\r][\n]"
10:15:00.702 [main] DEBUG org.apache.http.wire -  << "transfer-encoding: chunked[\r][\n]"
10:15:00.702 [main] DEBUG org.apache.http.wire -  << "server: Fly/fe06e9419 (2023-05-24)[\r][\n]"
10:15:00.702 [main] DEBUG org.apache.http.wire -  << "via: 1.1 fly.io[\r][\n]"
10:15:00.702 [main] DEBUG org.apache.http.wire -  << "fly-request-id: 01H1QWTEEE8WBJ6BZZG2DJ1N7Q-sin[\r][\n]"
10:15:00.702 [main] DEBUG org.apache.http.wire -  << "[\r][\n]"
10:15:00.702 [main] DEBUG org.apache.http.impl.conn.DefaultClientConnection - Receiving response: HTTP/1.1 405 Method Not Allowed
10:15:00.702 [main] DEBUG org.apache.http.headers - << HTTP/1.1 405 Method Not Allowed
10:15:00.702 [main] DEBUG org.apache.http.headers - << date: Wed, 31 May 2023 03:15:00 GMT
10:15:00.702 [main] DEBUG org.apache.http.headers - << content-encoding: gzip
10:15:00.702 [main] DEBUG org.apache.http.headers - << content-type: text/plain; charset=utf-8
10:15:00.702 [main] DEBUG org.apache.http.headers - << transfer-encoding: chunked
10:15:00.702 [main] DEBUG org.apache.http.headers - << server: Fly/fe06e9419 (2023-05-24)
10:15:00.702 [main] DEBUG org.apache.http.headers - << via: 1.1 fly.io
10:15:00.702 [main] DEBUG org.apache.http.headers - << fly-request-id: 01H1QWTEEE8WBJ6BZZG2DJ1N7Q-sin
10:15:00.703 [main] DEBUG org.apache.http.impl.client.DefaultHttpClient - Connection can be kept alive indefinitely
10:15:00.703 [main] DEBUG io.restassured.internal.RestAssuredHttpBuilder - Parsing response as: text/plain; charset=utf-8
10:15:00.703 [main] DEBUG org.apache.http.wire -  << "27[\r][\n]"
10:15:00.703 [main] DEBUG org.apache.http.wire -  << "[0x1f][0x8b][0x8][0x0][0x0][0x0][0x0][0x0][0x4][0xff][0xcb]M-[0xc9][0xc8]OQ[0xc8][0xcb]/QH[0xcc][0xc9][0xc9]/OM[0xe1][0x2][0x0][0xe5]Yf[0xfa][0x13][0x0][0x0][0x0]"
10:15:00.703 [main] DEBUG org.apache.http.wire -  << "[\r][\n]"
10:15:00.703 [main] DEBUG org.apache.http.wire -  << "0[\r][\n]"
10:15:00.703 [main] DEBUG org.apache.http.wire -  << "[\r][\n]"
10:15:00.703 [main] DEBUG io.restassured.internal.RestAssuredHttpBuilder - Parsed data to instance of: class org.apache.http.conn.EofSensorInputStream
10:15:00.704 [main] DEBUG org.apache.http.impl.conn.BasicClientConnectionManager - Releasing connection org.apache.http.impl.conn.ManagedClientConnectionImpl@22f1a340
10:15:00.704 [main] DEBUG org.apache.http.impl.conn.BasicClientConnectionManager - Connection can be kept alive indefinitely
10:15:00.705 [main] DEBUG net.thucydides.core.steps.StepInterceptor - STEP DONE: I send DELETE Invalid HTTP request
  &amp#27;[32mWhen &amp#27;[0m&amp#27;[32mI send DELETE Invalid HTTP request&amp#27;[0m                                           &amp#27;[90m# starter.stepdefinition.User_produuct_steps.sendInvalidDeleteHttpRequest()&amp#27;[0m
  &amp#27;[32mThen &amp#27;[0m&amp#27;[32mI receive invalid HTTP response code 405 Not Found&amp#27;[0m                           &amp#27;[90m# starter.stepdefinition.User_produuct_steps.reciveInvalidHttpResponseCode405()&amp#27;[0m
10:15:00.710 [main] DEBUG net.thucydides.core.steps.StepInterceptor - STARTING STEP: User_produuct_steps.reciveNothing - I receive nothing from the page
10:15:00.710 [main] DEBUG net.thucydides.core.steps.StepInterceptor - STEP DONE: I receive nothing from the page
  &amp#27;[32mAnd &amp#27;[0m&amp#27;[32mI receive nothing from the page&amp#27;[0m                                               &amp#27;[90m# starter.stepdefinition.User_produuct_steps.reciveNothing()&amp#27;[0m
10:15:00.711 [main] INFO  - 
  _____   ___   ___   _____     ___     _     ___   ___   ___   ___  
 |_   _| | __| / __| |_   _|   | _ \   /_\   / __| / __| | __| |   \ 
   | |   | _|  \__ \   | |     |  _/  / _ \  \__ \ \__ \ | _|  | |) |
   |_|   |___| |___/   |_|     |_|   /_/ \_\ |___/ |___/ |___| |___/ 

DELETE - As admin I shouldn't be able to delete without input which posts
----------------------------------------------------------------------
]]></system-out>
  </testcase>
</testsuite>